[INFO][abstract_initial_design.py:87] Reducing the number of initial configurations from 60 to 18 (max_ratio == 0.25).
[INFO][abstract_initial_design.py:139] Using 18 initial design configurations and 0 additional configurations.
[INFO][abstract_intensifier.py:307] Using only one seed for deterministic scenario.
1402.1708417162
1211.6849842424
1321.9223356707998
1152.6671434314999
1266.9705757599
[INFO][abstract_intensifier.py:517] Added config 26fdc2 as new incumbent because there are no incumbents yet.
1394.0723608378
1233.7947249161
1345.6412923451
1211.4544963304
1330.7338794556
1420.6881750216
1160.8315401021
1344.1560205791
1195.69866652
1277.4099025712999
1422.5036910281
1197.1610922474001
1321.5184217724002
1216.4588663766
1304.8384162967
1387.170320843
1240.9791757461
1345.152679131
1196.6846845487
1332.8488992691
1313.4674380693
1264.7668350877
1283.0900501438
1164.4602611291
1470.0097091472999
1496.5601456864001
1293.4384311923
1404.2604512972998
1288.0060680395
1358.2715951776
1365.2378298182002
1262.3654058531001
1306.8092889727
1138.242448915
1281.9575434176
[INFO][abstract_intensifier.py:596] Added config 6ea0da and rejected config 26fdc2 as incumbent because it is not better than the incumbents on 1 instances: 
1453.0091206911002
1254.2421511511002
1377.6736662475
1178.6691448367
1287.2775678712
1400.7298045763
1253.992949836
1347.2153198812
1175.3346952744
1332.7962707109
1376.7493385238001
1184.4955091467
1327.7767608348
1152.4157756855002
1292.6963513531
[INFO][abstract_intensifier.py:596] Added config 1f00ce and rejected config 6ea0da as incumbent because it is not better than the incumbents on 1 instances: 
1414.0502049087
1211.52890035
1332.4354773562
1180.9828111041002
1313.1423420548997
1427.6320083698001
1222.3279859934
1367.7414732813
1128.3092048448
1311.0812482274
1446.7830341492
1232.8258694682
1381.8747686407
1218.2804553792
1296.2077442372001
1362.5182616258999
1211.8328036789999
1358.1118622442
1207.0925052003
1285.6533998043
1357.7729039894
1186.1212870779
1295.2256181464
1129.5120574859002
1292.1442642866
[INFO][abstract_intensifier.py:596] Added config e66913 and rejected config 1f00ce as incumbent because it is not better than the incumbents on 1 instances: 
1426.6240587958
1234.6888915229001
1397.2524406443
1178.37074977
1353.8304404821001
1386.7357678567
1206.4154494260001
1347.1102704712
1170.4792716606
1249.7004941554
1438.1621066614002
1212.0014926721
1383.3502364492
1176.2154166415
1364.8036375509
1442.7072426904
1240.6329660328
1363.1224647895
1155.1218593298
1327.2473739373
1451.6704800927998
1233.6326962968
1377.3254869306
1163.6929295503
1339.7267973366
1420.9648769323999
1257.2806465883
1377.9673942401
1187.9041794849
1337.3336199456999
1453.1683335608
1195.0888920488
1300.0423625499
1175.931500915
1319.0820920091999
1474.6304647261
1315.0379437058
1443.8693506538998
1260.0341205416998
1338.3366410862
1403.2619158424
1239.7951869878998
1353.9637083283
1244.3572295427998
1312.6878096967
1414.7403155734
1213.0696602496
1372.7898863583
1173.0068758462
1343.1867595237
1380.0803479354
1194.9661251596
1341.8430528254
1200.3934823081001
1307.1443212498
1388.063193251
1217.6870231681
1353.4109255738
1159.03741366
1319.4200618318998
1398.2543817934002
1241.5908156256
1359.0582429191
1156.1468062296
1301.6768338226998
1402.2158241365
1185.7656990146002
1352.6131043276
1146.4165456331
1299.0212577679
1380.2378511085
1212.3001477752
1333.2899673224001
1149.0994348492
1313.1469092005
1402.9416579602998
1203.7489947409
1363.4000960608
1215.7863732883
1331.8903583192
1406.8854158022002
1236.0504449568998
1317.0482920628
1220.9044540902
1383.9163441297
1333.5336501169
1275.4543854959002
1339.4318822765
1141.7070907455
1383.6326923132
1396.8456300344
1194.4409984244
1307.1160758815
1110.8098475739
1237.9498151588
[INFO][abstract_intensifier.py:596] Added config 2d8dba and rejected config e66913 as incumbent because it is not better than the incumbents on 1 instances: 
1354.7953189250002
1180.0333362546
1314.2325754394
1210.2613875325
1296.9618911411
1404.9209390439
1205.4461459579
1312.1132082964
1165.9250739239
1263.996955668
1340.8675543816998
1172.4065703344
1335.6927214644998
1215.526089217
1282.0751534995
1397.7506739879
1185.8925250872999
1339.1453695381
1176.1474266048
1301.0985450483
1383.9783900583
1229.9407693903
1320.5296330936999
1150.5370558911
1293.1772966401
1374.9704492761002
1189.3192017132
1331.1021455641999
1204.9786094393
1295.2276523965
1383.9205286484998
1185.2148659204
1324.8209167778
1204.9419710791
1295.3938138044
1389.7100673361
1230.9367241659
1358.6150080779998
1185.5754387312
1276.8650626808
1396.8456300344
1194.4409984244
1307.1160758815
1110.8098475739
1237.9498151588
1473.4478573561
1260.782228972
1406.1566348904
1175.7465600597
1369.0518705093
1385.2812243008002
1188.3883368116
1344.2268589911
1154.4700041133
1247.6323155772
1366.204354149
1218.2783467734998
1326.8790310847999
1203.2577988434
1271.0446275
1377.0427031419001
1136.4288516015
1348.2005080206
1147.9406465235998
1278.382543251
1390.1838579794
1232.5642744514998
1309.1874586313
1165.0323595739999
1302.2348635596002
1460.5106736103999
1273.0158752458
1425.5425288567
1195.538644533
1339.8489295916002
[INFO][smbo.py:327] Finished 50 trials.
1378.7125810704001
1250.365636608
1332.1567031588
1176.6241894137997
1466.6775960003997
1377.2907778144
1186.7118571213
1327.5979957436998
1124.7539263446001
1254.2007065671999
1377.2907778144
1186.7118571213
1327.5979957436998
1124.7539263446001
1254.2007065671999
1383.5728726338
1216.3259544581001
1322.0308402455
1104.4039218858002
1282.8049895873999
1379.0972914224
1192.1878612148998
1332.1977129805
1133.3552889418002
1324.9918750414001
1417.0532505820001
1205.7925179293
1379.5682415861
1160.7914721476
1337.7636264506
1386.3288908255
1217.1873379937
1323.8796083795
1121.7470953473
1277.1957983899
1392.0799923804
1215.1054353427
1336.7501814707002
1109.4134441946
1281.8877817797
1433.3169604974
1220.18428495
1375.6664330249
1151.9573019385
1385.8483829733
1403.7429567989998
1194.6350452493998
1311.7820278103
1103.6964722684
1245.219865304
1488.5818272196
1233.8859034971001
1386.3024173986
1157.9051313278
1303.584763106
1387.5881506983
1191.8783271877
1337.2690800517998
1209.7670864636002
1289.4213249120999
1387.5881506983
1191.8783271877
1337.2690800517998
1209.7670864636002
1289.4213249120999
1427.7611366333
1210.3389325956
1351.2822562214
1159.7570605161
1309.9253651417998
1396.828687783
1177.3496053034
1332.5084274459
1138.825861907
1261.1480242753998
1396.828687783
1177.3496053034
1332.5084274459
1138.825861907
1261.1480242753998
1396.8456300344
1194.4409984244
1307.1160758815
1110.8098475739
1237.9498151588
1386.5430999361997
1247.0616657611
1306.4329277178
1184.3792440364
1312.1805017739998
1396.8456300344
1194.4409984244
1307.1160758815
1110.8098475739
1237.9498151588
1384.6990476303
1241.7242569358
1301.5248763044
1102.2288298379
1256.6280710530002
1401.0007711085
1237.1920441944
1318.2382754112
1100.9389229596
1255.918675219
1356.6711188058002
1198.4727253868
1316.5438616934
1179.7285320322999
1269.3876846945
1396.8456300344
1194.4409984244
1307.1160758815
1110.8098475739
1237.9498151588
1396.8456300344
1194.4409984244
1307.1160758815
1110.8098475739
1237.9498151588
1433.0848710313
1198.3223006548
1326.8919820897
1137.3670336913
1320.6549793747
[INFO][smbo.py:335] Configuration budget is exhausted:
[INFO][smbo.py:336] --- Remaining wallclock time: inf
[INFO][smbo.py:337] --- Remaining cpu time: inf
[INFO][smbo.py:338] --- Remaining trials: 0
