[INFO][abstract_initial_design.py:87] Reducing the number of initial configurations from 60 to 18 (max_ratio == 0.25).
[INFO][abstract_initial_design.py:139] Using 18 initial design configurations and 0 additional configurations.
[INFO][abstract_intensifier.py:307] Using only one seed for deterministic scenario.
1400.7707391082
1231.8506099423
1313.0012230341
1121.3534097667
1327.9663282571998
[INFO][abstract_intensifier.py:517] Added config 26fdc2 as new incumbent because there are no incumbents yet.
1445.1297700455
1196.352232914
1353.3535195891
1150.7468599567999
1340.6322819877
1416.1473084688998
1227.0173816654
1335.4094368188
1245.8402168754
1360.7740583648
1412.3450010756
1222.4391284764001
1322.8594453386
1190.7961207867002
1354.3841573659001
1441.2916232055
1268.6372926602
1338.6164125122
1152.0846988288
1356.9589087045001
1403.1294037152
1354.7858330986
1265.689254294
1216.7691029205
1298.7891177204
1566.0344691404002
1305.2700891893
1393.1672497710001
1230.2468112565998
1424.2749838562
1435.005224586
1255.4154081057
1257.7194338048998
1150.5214810182001
1310.2790410646
1429.4269757275997
1272.3503881781003
1338.4111437961
1214.0467246092999
1360.6532235041
1436.3666811489
1253.1397816776998
1271.9962008406999
1136.7734987966
1336.7391076435
1396.131121672
1250.5591496236
1335.8215977967
1191.8570147965
1333.5378075539002
1438.9703022974002
1318.4773821097
1269.1964684304
1211.7516468256
1385.7939498915
1411.6996713986
1247.6049760455999
1351.2252437959
1144.7506336903
1336.2054036621998
1468.6913786809
1194.8240218158999
1342.2682708671
1274.2820078331
1391.1208219481
1422.8856608329
1253.1167484846
1279.7709650105999
1171.2027937011999
1339.7323751149002
1406.719614016
1212.4897744972
1330.0307757760002
1166.0273089138
1302.2472118276
1437.2017448476
1274.6047118661
1361.7912408562997
1161.6977569213
1376.0802642721999
1446.7258848628
1194.4713616364002
1321.0157891937001
1164.2416713334
1362.7624777755
1425.8894173168
1210.4290979506
1297.8986172025002
1196.6174938960999
1297.0492176475
1406.9753998657
1229.1632549757
1290.284441976
1136.8789824308
1313.664735447
[INFO][abstract_intensifier.py:596] Added config 3e996d and rejected config 26fdc2 as incumbent because it is not better than the incumbents on 1 instances: 
1416.3331043069998
1204.9398950378
1282.0745742466002
1208.7014070680002
1306.0612520968998
1446.2392206391
1222.2045773803
1307.6586520962
1176.3488366078
1307.3996311736
1480.1922514424
1174.6337407488
1307.5221320787
1167.6343127789
1307.9847362204
1471.7608987469998
1270.7454693383
1366.3321185541
1191.0000411796
1406.2946721982003
1411.0534566333
1277.1560155918
1314.9429821165
1153.7663995867001
1358.0503777263998
1382.5818371185
1226.7958843866
1327.9255427613998
1176.5702452189998
1318.1450129172
1443.2832363443
1200.1063976561
1293.2952027400001
1178.6326607746
1323.7944910329
1437.6671333227998
1198.1522797930002
1299.6022853074
1186.5522839395999
1331.9968467067
1489.4773649091
1280.2142042445
1370.0917882468002
1262.3881447016001
1384.3899391208
1470.2185232205998
1215.5029114845
1313.5834167681
1192.7597124099002
1322.9683350629
1403.1366157392
1226.0752246811
1315.1856953436
1166.2869056034
1308.7749160702
1443.5204177386
1226.2016374746
1287.2074711803002
1124.1675021439
1317.3787828422999
1416.233762518
1288.0973163518
1340.6618565687
1165.7864262712
1304.9607759749
1388.3059484438
1282.7045242317
1387.9400949390997
1189.1222864982
1368.6145493941
1427.1232723436
1333.5494173920001
1341.6859890659998
1290.1206579839
3075.0623504781997
1425.6985605108998
1312.1745722236
1333.6112051179998
1297.5769422404
3054.7775131514
1427.1232723436
1333.5494173920001
1341.6859890659998
1290.1206579839
3075.0623504781997
1427.1232723436
1333.5494173920001
1341.6859890659998
1290.1206579839
3075.0623504781997
1427.1232723436
1333.5494173920001
1341.6859890659998
1290.1206579839
3075.0623504781997
1414.0417724262998
1234.8483622395
1293.5836745555
1132.7957930365
1309.8360941320002
1427.1232723436
1333.5494173920001
1341.6859890659998
1290.1206579839
3075.0623504781997
1609.7919557684
1306.2135509875
1291.7808171729998
1277.8246868995
1352.7722334533
1413.0082104219998
1215.0102964196
1314.259301249
1122.4761687197001
1281.5248813522999
[INFO][abstract_intensifier.py:596] Added config abfac1 and rejected config 3e996d as incumbent because it is not better than the incumbents on 1 instances: 
1393.8922212439
1209.5470624583
1326.8982534394
1165.4679173613
1289.334457732
1435.6548320487
1274.4977672653
1354.4408855896
1172.0707631137
1361.1756980402001
1414.8260197556
1234.0501566286998
1313.9610659196
1197.0115455757
1294.8692453744
1412.7345436611
1220.5266308294
1310.9219678174
1193.1443485183
1296.0526455693
1418.1870132967
1243.9389257017
1340.0951160574
1179.7467904501
1343.8307867912
1389.3761287756001
1210.2329181768
1308.3428504762
1093.3520500516
1297.2367106318002
[INFO][abstract_intensifier.py:596] Added config d1de2c and rejected config abfac1 as incumbent because it is not better than the incumbents on 1 instances: 
1454.1672698841999
1257.3091018654
1349.1789097164
1156.1419635160998
1384.6547697211
[INFO][smbo.py:327] Finished 50 trials.
1423.6294149123
1249.4323009446
1294.6112300802
1233.047396046
1356.7564749614
1386.0540478919997
1344.8891039318
1338.3632853351
1253.126265927
1322.2608622623002
1400.3973357741
1222.8537575345
1321.5597622818
1154.9214762589
1308.309663448
1407.4737276893998
1239.3042359224
1338.6011375592002
1126.2679142958
1339.613286705
1426.3124494144
1229.2153547620999
1340.2097103320998
1227.4437899281002
1360.0240175853
1424.3730543596998
1270.3743534106002
1334.3609546272
1174.0601258110999
1330.0448564239
1405.8976839150998
1249.2210992624998
1319.2126588840001
1162.0172138978
1334.3420706799
1406.6733018234
1245.7772302167
1314.3929346246
1169.6689738364998
1344.5057836902001
1443.5003056524001
1295.6106598464999
1317.6886202467
1164.0429192212998
1343.4981265017
1425.4899699383
1229.3657299728
1296.5347015350999
1130.6962460084
1303.4540554322002
1425.3492347077
1320.4089827130001
1276.7713831093001
1205.1549480652
1355.6955332142
1414.8982283049
1225.9121147568999
1299.5540509546
1153.5801827936998
1308.1963215595001
1418.1628720284
1226.3068728862
1298.0791300889
1153.5769065516
1306.4405873264
1425.4899699383
1229.3657299728
1296.5347015350999
1130.6962460084
1303.4540554322002
1414.8982283049
1225.9121147568999
1299.5540509546
1153.5801827936998
1308.1963215595001
1425.4899699383
1229.3657299728
1296.5347015350999
1130.6962460084
1303.4540554322002
1407.6772844497
1237.4571595514
1294.1863929888
1179.5871198585
1337.2743080271
1413.4014503372
1187.7223955143
1281.8497249517
1192.0933778738
1331.6638984236001
1396.8948862413
1229.4088838692
1310.9409075807998
1160.6214467976
1312.856999927
1396.8948862413
1229.4088838692
1310.9409075807998
1160.6214467976
1312.856999927
1398.3938357193001
1225.1072692755
1310.4776916501
1137.0522730458
1313.0921260491
1407.6772844497
1237.4571595514
1294.1863929888
1179.5871198585
1337.2743080271
1419.1022554069
1229.4688819627
1302.3510136167001
1133.1350748277
1325.3915277044002
1423.5046721668
1195.4645007925
1299.5435063974
1132.3635576928
1318.5736150911998
1422.0169798449
1261.3867358963
1322.0989625024
1116.5263161536
1351.1179373994
[INFO][smbo.py:335] Configuration budget is exhausted:
[INFO][smbo.py:336] --- Remaining wallclock time: inf
[INFO][smbo.py:337] --- Remaining cpu time: inf
[INFO][smbo.py:338] --- Remaining trials: 0
