[INFO][abstract_initial_design.py:87] Reducing the number of initial configurations from 60 to 18 (max_ratio == 0.25).
[INFO][abstract_initial_design.py:139] Using 18 initial design configurations and 0 additional configurations.
[INFO][abstract_intensifier.py:307] Using only one seed for deterministic scenario.
1378.5836392355
1278.7192665665
1373.1279393251
1227.3678987192002
1302.5494874727
[INFO][abstract_intensifier.py:517] Added config 26fdc2 as new incumbent because there are no incumbents yet.
1390.2130946790999
1284.6724360781
1364.6570587013998
1247.8635067318
1360.9587008130002
1429.8374211200003
1293.8704211825998
1346.4577280637
1262.9533430305
1391.4542554266
1430.4898517541
1272.011249098
1374.6997218093002
1199.8500217077
1336.9052511491
1436.560930436
1267.5803164519998
1405.8607651930997
1266.154729247
1327.8080273328999
1475.7216976488999
1325.1196550401
1371.9687953606
1175.7404565002
1384.2688721229001
1478.6812619137
1310.5877112989
1437.9997122515001
1250.9779627806
1407.9734170387
1450.7823127156998
1335.5974022925998
1345.5805969037
1232.4936464395
1328.9509378239
1456.2321864131
1282.7126130039
1368.3061842998
1225.4527077883
1354.3542627593
1454.6178651845999
1288.0202505101997
1340.0874932133001
1189.6437713177
1340.1952402804
1374.6033825112
1191.0864285529
1389.6049584464
1257.2910824495998
1303.2227033437
[INFO][abstract_intensifier.py:596] Added config 1f00ce and rejected config 26fdc2 as incumbent because it is not better than the incumbents on 1 instances: 
1444.902881466
1336.1418321320998
1445.1196524626998
1252.0935887793
1360.2819779116
1442.4310602634
1306.7165789218
1346.0880537419
1252.2617231496
1281.4798505896997
1420.2285062624
1284.7362231327
1391.8962958957
1263.2693004665998
1313.4086888245001
1479.6299579467
1270.0596878263
1338.9863377755
1208.9241518384
1303.4113715541
1362.7369063524002
1248.0438221471
1326.0892805845
1228.1411778881998
1316.9545811425
[INFO][abstract_intensifier.py:596] Added config e66913 and rejected config 1f00ce as incumbent because it is not better than the incumbents on 1 instances: 
1371.7372516833002
1243.3893587462
1349.0831452219
1239.6049110514
1366.1546130514
1438.6552985795001
1218.5731094512998
1334.5527695995002
1191.3629910852999
1336.7375887041999
1393.5092852559
1246.2475312616998
1372.7241246612002
1249.5055804055
1274.9557618642998
1414.6169486618
1221.7941462332
1294.0078800969
1185.6103566869
1333.0784823910003
[INFO][abstract_intensifier.py:596] Added config 8ccc5e and rejected config e66913 as incumbent because it is not better than the incumbents on 1 instances: 
1393.7401595089
1213.1022284360001
1369.9252874377
1243.8509799934
1324.2674769861
1368.3743244655002
1236.5268972418999
1360.8979409356
1209.5466782039998
1310.3569907248
1371.7459653189999
1315.9762782737998
1343.0670379712
1199.7751354516
1349.5486933475
1437.2017188894001
1253.2195381847
1382.3902500069998
1298.3216186814
1399.9385479684
1436.1257595487
1282.3579532443
1359.0813578011
1269.2877419016
1301.600642851
1359.3547322603
1276.0591239645
1326.2728496883
1175.9949239542
1316.0337809011
1431.5543455844002
1236.3093546423001
1362.2141468948
1220.4454815557
1352.5845381689
1435.1803312315
1180.1617461471
1371.6382540898999
1209.5174358887
1342.1783702633
1437.4600171762
1268.461715587
1356.3789302720998
1221.4503450758
1361.3241462565002
1435.6413824096003
1179.938864375
1371.3640556414998
1203.3825599953
1343.2130200529
1401.6898490908002
1205.3935117209999
1356.9950584536
1219.9695398724
1326.7407189733
1401.6898490908002
1205.3935117209999
1356.9950584536
1219.9695398724
1326.7407189733
1502.2895060627998
1219.4358920426998
1339.3580479478999
1237.8143126091
1348.4056011281
1531.0442924544
1300.8889207006
1399.1775185724998
1290.2359066718
1328.6516250971001
1410.167089457
1308.834006269
1377.2301525980001
1250.2466732751
1373.6762990865998
1390.6701891434
1255.1641459669
1352.2692166307
1280.2354796818
1349.3850186134
1442.5795519414
1268.7370651327
1402.5273919001002
1231.7632234932998
1343.276095268
1343.8149585798
1257.9188381553
1309.2929575964
1247.9203751435
1342.6400867471
1410.167089457
1308.834006269
1377.2301525980001
1250.2466732751
1373.6762990865998
1372.9937861839
1238.7950938093
1352.4486375771
1192.7219191279
1334.9660573887
1416.3131065728
1271.6099280234998
1337.1747733401999
1270.5402343173
1313.7725622023
1398.8589194961
1311.4874002164997
1401.6497746731
1263.5495742447
1357.1224347503999
1414.6169486618
1221.7941462332
1294.0078800969
1185.6103566869
1333.0784823910003
1342.4696250419997
1213.5625458709
1325.8286274764
1228.3470959058
1303.9700427455
[INFO][abstract_intensifier.py:596] Added config 53e954 and rejected config 8ccc5e as incumbent because it is not better than the incumbents on 1 instances: 
1457.2022986245001
1283.8174588156
1386.6645678577
1282.5835547426
1383.7770016744
1345.5446643362
1221.7360455445
1306.2998731148
1175.4513638197
1331.9353256407
[INFO][abstract_intensifier.py:596] Added config b60741 and rejected config 53e954 as incumbent because it is not better than the incumbents on 1 instances: 
1372.8514112511998
1304.5269508603
1317.1344252268
1168.2468004085001
1333.3160321914002
1459.7046179161998
1255.0765768975998
1384.6679679553
1239.3821641954
1327.7986783956
1402.5390331146
1269.1050263915
1366.325983937
1166.2180753474
1342.5718905306
1460.7340490268
1295.6891507528
1397.0775840704998
1279.5866144664
1366.0639556845
[INFO][smbo.py:327] Finished 50 trials.
1405.7054602465
1301.7237302927
1358.0364301916002
1183.1827546656998
1360.5437862522
1335.1933343093
1214.8581854077001
1304.2902862162
1183.9317931109
1335.1743503481
[INFO][abstract_intensifier.py:596] Added config fb3894 and rejected config b60741 as incumbent because it is not better than the incumbents on 1 instances: 
1321.7056039758
1196.1866299414
1309.5473299975001
1133.7977188162
1328.7027428224
[INFO][abstract_intensifier.py:596] Added config 509ea3 and rejected config fb3894 as incumbent because it is not better than the incumbents on 1 instances: 
1300.7646503250999
1166.8744937362
1299.0667143311
1157.3513086864
1288.549725234
[INFO][abstract_intensifier.py:596] Added config 9eb580 and rejected config 509ea3 as incumbent because it is not better than the incumbents on 1 instances: 
1331.4354385443
1199.1648648926
1309.2248275321
1163.2943952419998
1306.0309062762
1426.1268543328001
1305.8131540352001
1360.4976552082999
1266.712127756
1299.9914490654
1331.419901313
1217.2108420348
1303.446404988
1198.3424418896
1333.2701406688
1372.1024246017
1181.5431641161001
1319.2525147765
1196.8977023524
1312.6585011292
1425.0825146916
1300.4446109501
1376.5096084292
1279.4687775616999
1318.5720704619998
1377.7404653383
1202.3984218163
1348.1156348457
1134.2408893642
1302.1851882621002
1442.2567839468
1334.4175880067
1407.7450288606
1282.6164041175002
1344.274756514
1370.6746833020002
1205.2609879396998
1349.521414034
1165.8802312926
1301.5534806662
1374.6046663388001
1198.3498319772
1348.5949347454002
1124.0935980287
1300.2315426688
1410.9544752831
1224.7026590886999
1335.1167533808
1228.4652037097999
1328.6076536756
1384.1063151197
1226.0506014426999
1318.7440216863
1240.7583841452001
1300.4890945928
1411.4778768347
1232.6034357609
1420.0964081507
1191.5555361871998
1323.5995653111
1300.7646503250999
1166.8744937362
1299.0667143311
1157.3513086864
1288.549725234
1407.8899446072
1308.0441762072
1342.9669291894002
1222.3985947526999
1359.2790848263
1300.7646503250999
1166.8744937362
1299.0667143311
1157.3513086864
1288.549725234
1406.8055104955001
1230.0422596013
1332.4368361535
1182.8225808855
1351.7857657065001
1416.8049615103
1230.1059717718
1342.4649579294
1190.7750726566
1347.9849132064
1406.8055104955001
1230.0422596013
1332.4368361535
1182.8225808855
1351.7857657065001
1406.8055104955001
1230.0422596013
1332.4368361535
1182.8225808855
1351.7857657065001
1309.0804963005999
1199.4305678073001
1317.9734659892001
1160.7778880399
1329.4720066797
1386.7589663386
1221.7082694253
1326.0667314451
1231.2592115855
1341.3271308228
[INFO][smbo.py:335] Configuration budget is exhausted:
[INFO][smbo.py:336] --- Remaining wallclock time: inf
[INFO][smbo.py:337] --- Remaining cpu time: inf
[INFO][smbo.py:338] --- Remaining trials: 0
