[INFO][abstract_initial_design.py:87] Reducing the number of initial configurations from 60 to 18 (max_ratio == 0.25).
[INFO][abstract_initial_design.py:139] Using 18 initial design configurations and 0 additional configurations.
[INFO][abstract_intensifier.py:307] Using only one seed for deterministic scenario.
2655.2664867542
2421.2177650807
2252.9466110006
2284.9693352904
2513.6247478562
[INFO][abstract_intensifier.py:517] Added config 26fdc2 as new incumbent because there are no incumbents yet.
2596.4504774357997
2441.5720966372
2266.6941548749
2295.2517435766
2529.3078033184997
2635.8250011234004
2455.5455455431
2278.7998209572
2296.1534575479
2645.7898505606
2559.4690378324003
2403.6399631985005
2254.9471601077003
2288.234525769
2536.4546577958004
[INFO][abstract_intensifier.py:596] Added config 71b0a5 and rejected config 26fdc2 as incumbent because it is not better than the incumbents on 1 instances: 
2578.2125098038
2418.2825537948997
2254.270928901
2287.9444029621
2522.6038203815
3342.9309619621
2574.9678628838
2351.6335814848
2619.9318904471
5887.0206600582
2616.0508417065003
2428.5858413808
2255.2070390831
2298.1567849040002
5403.8754343978
2934.7777913152
2410.76291213
2279.6767463814
2293.6990821474
3678.609452323
2590.8982118754
2434.6507186896
2251.8207283037
2297.5693599235
2545.9235983924
2681.4779143855
2645.3729346311
2280.8430502727997
2309.9993145076
3407.0741899557
2603.4844797632
2443.1440918647995
2264.5587322776
2290.2251651007
2514.4704140351
2714.9622235353
2811.7523034081
2338.9405642307
2341.7195509844996
2572.9582373999
2596.9595341651
2424.9936362442
2262.9115959766
2292.2271779356997
2520.6547837158
2562.1413714763003
2471.5338244962995
2577.2278849283
2324.7420481277
2522.1663831979
2574.3225863857997
2469.5543963182
2250.4570627271996
2316.9700657992003
2534.3663608035
2616.9634571762
2424.4225688968
2260.3879288505
2291.3615695654
2518.1215389313
2575.8807323276997
2404.6884149677
2252.3058278403996
2316.0982986497997
2516.4719884913
2555.9308680506
2385.4504712667003
2261.9077109113005
2299.2072955523
2633.2328685061
2577.1141691719004
2418.045787657
2259.3340467521
2288.7168247380996
2516.4289928161998
2577.1126728564
2415.9885489802
2261.0830689119
2288.5913800508997
2516.4283330701
2617.9067160479
2432.3317098726
2269.0612056133
2281.8770440527996
2503.9934933186
2594.7095358293
2431.8404703800998
2268.8651518191
2281.8776416318997
2501.4043372830997
2688.4942573904
2450.4527178175
2303.3481129623
2287.5910772612
2579.6353541753997
2626.9547940335997
2691.790733508
2362.4666566873
2350.966290364
2802.068126245
2577.3118044887997
2426.3804810258002
2247.5203420283
2304.7137062489
2526.8294926035
2577.1126728564
2415.9885489802
2261.0830689119
2288.5913800508997
2516.4283330701
2692.9605036283997
2606.2201738781
2322.6044414179
2299.7398774849
2535.4009360575
2670.6695257254
2599.3200778973
2280.0854932969005
2305.9231619407
2519.0613576675
2591.6633860003003
2395.931300048
2264.4336943052
2293.7910514231
2525.8432727018
2670.5649220608
2599.5172718444996
2281.1880770051
2308.0612237849
2526.3895509131003
2659.0444857110997
2599.2964711771
2321.2893697458
2313.4424092983
2553.8414290708
2600.7737659893
2447.5835817817
2252.2574329917
2297.6811988561994
2577.1146206435
2601.4911500544995
2465.3738620223003
2260.9964148167
2293.3939190751
2518.7159562174
3176.4672822018
2940.1193797787
2683.1693380627003
2836.161423728
3880.0921957976
2579.0139675115997
2402.2456117805
2246.6719768304
2291.6963059363
2515.7366978889
[INFO][abstract_intensifier.py:596] Added config c590c9 and rejected config 71b0a5 as incumbent because it is not better than the incumbents on 1 instances: 
2552.8664918678
2442.9397223113
2258.9348639073
2288.1155217832
2505.7672874525997
2532.8248701662
2424.4942725036
2255.4475100395002
2293.6571376860998
2522.2442488921997
[INFO][abstract_intensifier.py:596] Added config 939bec and rejected config c590c9 as incumbent because it is not better than the incumbents on 1 instances: 
2573.3872275165995
2416.2804605852
2257.2609818135
2283.0728855268
2533.8335866656
2589.0264121734
2436.3278768498003
2273.5531251165003
2311.895224879
2528.6720376726
2629.0575057844
2430.3904615377
2257.2638716983
2284.8897312781
2508.6473222143
2555.0834334133997
2424.1329399359
2258.8336811834997
2295.1659726063
2522.9602786388
2558.5373663939
2422.0113369755
2286.0423643995
2295.5064994789
2508.339660485
2602.0646298091
2417.4357925358
2272.9950665697997
2288.7437667876
2549.0694968058997
2596.9678942052997
2433.1332663865
2274.2592665946
2286.0941820494
2549.0696217398
2597.453418432
2408.0738848889996
2257.1742381987
2302.4512630496
2525.0530356681
2563.0352756047
2429.2434411762997
2262.6922756248
2292.5177564874
2525.2639311365
2560.6201440145996
2425.4769998534
2257.6407701809003
2299.4902941001
2512.7942537952
2581.066148095
2406.9280047665
2259.410957053
2279.723415498
2521.712394037
2557.9169194503997
2427.6507509785
2263.1014694797
2281.0417130354
2512.7975018545
2698.8612652529
2684.2060614909997
2383.2573473529
2345.7758450567
4307.734823345099
[INFO][smbo.py:327] Finished 50 trials.
2556.9045535011
2437.62353883
2257.2308225196
2285.6222031301
2510.8470444525
2564.610099763
2408.7437525937003
2270.7941334861
2287.9049151799
2511.9134502331
2564.610099763
2408.7437525937003
2270.7941334861
2287.9049151799
2511.9134502331
2574.2714691204
2401.9171486370997
2239.3946294406
2282.1027095631
2517.5982362457
[INFO][abstract_intensifier.py:596] Added config 12d926 and rejected config 939bec as incumbent because it is not better than the incumbents on 1 instances: 
2583.7930435643
2430.4007452234
2257.7604140817
2287.8217736788
2508.760690952
2574.2714691204
2401.9171486370997
2239.3946294406
2282.1027095631
2517.5982362457
2582.8788505718
2421.3912749983
2303.7617331626
2286.6124788265997
2505.0532150554
2578.4851377463
2396.9118028719
2252.8378552519
2307.3957773401
2577.7654078991
2574.2714691204
2401.9171486370997
2239.3946294406
2282.1027095631
2517.5982362457
2829.6555288294
3137.9651602824
2326.8331393331
2323.7310116683
2596.5413321194
2605.0976471116996
2419.8072104113
2245.1313315407997
2301.168678322
2522.0876076889
2604.6603911944003
2419.5720283938
2249.9691976635
2301.1155953277
2522.2876903404
2604.6603911944003
2419.5720283938
2249.9691976635
2301.1155953277
2522.2876903404
2605.0976471116996
2419.8072104113
2245.1313315407997
2301.168678322
2522.0876076889
2563.8101824871
2415.4883344101
2284.9056191757004
2287.25948331
2515.7370408592997
2591.904807903
2401.5249995297
2239.03137402
2284.7404417082
2518.3184806138
3259.8088637721003
2635.2787357583998
2368.4709986421
2806.5640226376
3531.969802697
2583.9865020876
2420.9783553715997
2262.3553398359
2289.1683948346
2513.7110061748
2577.9301604765997
2423.9053333085
2241.4161954376
2288.8483061645
2507.4603747029996
2545.8010020556
2437.7378828169
2260.1020882993
2292.7539763014
2507.2898627253
2563.2123115679997
2395.3774524036
2249.1939996899
2299.2373547468
2525.3279146418
2538.1310138511
2450.2657950212
2262.8545321809
2294.7411902565
2515.4760055076
2583.9865020876
2420.9783553715997
2262.3553398359
2289.1683948346
2513.7110061748
2555.4490244438
2426.1644023647
2283.5220786497002
2294.8394243625
2527.0526919872
2654.4703612896
2446.1037243437
2271.7830588246
2308.678092495
2540.6950653362
[INFO][smbo.py:335] Configuration budget is exhausted:
[INFO][smbo.py:336] --- Remaining wallclock time: inf
[INFO][smbo.py:337] --- Remaining cpu time: inf
[INFO][smbo.py:338] --- Remaining trials: 0
