[INFO][abstract_initial_design.py:87] Reducing the number of initial configurations from 60 to 18 (max_ratio == 0.25).
[INFO][abstract_initial_design.py:139] Using 18 initial design configurations and 0 additional configurations.
[INFO][abstract_intensifier.py:307] Using only one seed for deterministic scenario.
1378.284691633
4510.1740559182
3726.7298484076996
1413.0868074645
1668.7979238029
[INFO][abstract_intensifier.py:517] Added config 26fdc2 as new incumbent because there are no incumbents yet.
1253.2885832661
3697.3077771413996
3835.6144643493
1229.7546384464
1177.5427553555
[INFO][abstract_intensifier.py:596] Added config 8a205f and rejected config 26fdc2 as incumbent because it is not better than the incumbents on 1 instances: 
1515.2881164275
3970.8478308492
3122.1206046443
1270.6288407352
1345.9392741770998
1322.3150891855
3734.7806397867
3788.6589247042994
1285.7399107352999
1171.7733142813
1282.8263660132
3893.1771952854997
4033.1331483339995
1223.5158093285
1174.5505107628999
2004.9938385931998
3932.8063476986
4132.302180150799
1492.6473648406
1616.5094530033
1360.7006538566
3374.8680917515003
4881.651710244199
1460.0165358996
1480.8478923146
1800.8205816109999
3640.0657625743997
4072.6201648955
1559.9950498565
1442.9479437461
1387.7174540989
3526.2334711943
3577.1149145335994
1161.483492288
1198.1572526955001
[INFO][abstract_intensifier.py:596] Added config b7ad6c and rejected config 8a205f as incumbent because it is not better than the incumbents on 1 instances: 
1479.1294156917002
4021.4622324660004
3920.1578893835003
1379.9439630232
1431.3457267872
1356.3060696961002
4197.9926004671
4332.8762515007
1271.3390443864
1274.6237432574
1480.5276047113998
3077.0846035926006
3836.5186209853996
1576.6972091492999
1568.4722629857997
1253.7081257488
3847.0013344264003
3730.5988485570997
1172.0700660645002
1150.8206552235
1370.6004525093
3857.1025846074995
4874.894417729601
1415.9204891301001
1546.5316896014
1466.2412771896002
4363.8597182725
3681.173449307
1380.8131149052
1234.3915966801999
1391.3366955689
3785.3572600799002
3833.7405094647
1311.9089705149
1304.2316479907
1422.4394698384
4092.980138203
4062.9764413798994
1272.3135873763001
1272.9648137806998
1253.352833639
3614.1576741063996
3629.7521451787998
1256.2004882888
1312.0446947342
1373.1399027588
3794.3760135070997
3539.9287759252998
1240.8605619495002
1291.3358419296
1366.7447240097
3750.7700373166
3409.6849866516995
1450.128812002
1351.4916887942
1408.5080076198997
2842.8369860816997
4011.6905409231
1297.3454196553
1439.6233606095998
1360.7441140866
3743.4522224877996
3192.9455788945997
1370.3542978045
1270.3982109784
1516.7942808637
3684.3403038607
4049.2515669003997
1397.4626300533
1311.6543617388002
1540.1896144547
2989.6742803916
3922.6987487955
1894.9296300089
1882.0981463314
1309.1818144930003
4176.1042976387
3775.3377249638997
1269.1386328485
1167.5429484500999
1395.4233872829
3594.3862554472
5158.7450208706005
1368.4344678477999
1657.9995010343
1427.1519670970997
3319.6470248489
4201.021534404999
1259.2957859307
1282.6341200101
1320.0541946480002
3176.8343355432
4191.718291689
1295.0440387980998
1522.7507591452
1341.9949992723
3174.9832938267996
4100.579425256899
1313.0711348609002
1427.9513025037
1438.3622083936998
3366.4550538864996
4179.6763725189
1261.9774759765
1247.7144177638
1387.7174540989
3526.2334711943
3577.1149145335994
1161.483492288
1198.1572526955001
1410.2577980508
3117.7434717941
3998.6216552785
1243.2405882147
1408.4356667701
1464.187174666
4395.1164717609
3779.1066603847003
1394.4907627869
1541.8368040179998
2419.0185921779
4109.6701266582
4355.1971549758
1822.8169957780997
1850.6047529191999
1220.180266537
3011.3243040473
3942.8066098335003
1167.0575613433998
1273.2614942128
[INFO][abstract_intensifier.py:596] Added config 303a8b and rejected config b7ad6c as incumbent because it is not better than the incumbents on 1 instances: 
1232.4816412105001
2989.1416648788
4266.0545944622
1200.6261476382
1325.3013245908
1220.180266537
3011.3243040473
3942.8066098335003
1167.0575613433998
1273.2614942128
1220.180266537
3011.3243040473
3942.8066098335003
1167.0575613433998
1273.2614942128
1251.984768102
3352.2351732559996
4515.294851641301
1146.1670042701999
1227.4700327501
1298.2338551783002
4189.951362428899
3694.0879008614997
1193.9704870904002
1225.342244789
1220.180266537
3011.3243040473
3942.8066098335003
1167.0575613433998
1273.2614942128
1232.4816412105001
2989.1416648788
4266.0545944622
1200.6261476382
1325.3013245908
1446.0082405787998
4072.2460421506003
3461.8063485192
1396.6374881803
1674.1076473546
1262.066651074
3784.4331796344995
3740.5776550527007
1389.0798666501
1337.761802201
1241.498878467
3958.4769752422
4953.3042324814005
1224.9776222879
1313.2942404087003
1394.6998391573
3832.9254520578
3473.9994303311996
1343.8718407741
1254.4709688161997
1290.5670815857998
3694.5805702269
3537.7994495694993
1229.3589119893
1258.2599863366997
1311.9981172774
4165.8493890894
3704.255998937
1353.4761793785
1229.3730679541
1324.1349487808
3213.8089366205
4183.475258407399
1350.5239213346001
1281.1042922027
1216.6468985954998
3662.900838734
4432.9633179268
1183.4801308588
1168.1184248569
[INFO][smbo.py:327] Finished 50 trials.
1773.9034417166
3571.8502417088002
3888.1645302189
1463.2380880315
1606.3870762820998
1357.4350852955
3790.8835735864
4355.6445939649
1311.6357467749
1310.6423353262999
1327.1478991676001
3673.2957591071
3963.4359597742
1260.3079351955002
1258.7270180210999
1357.4350852955
3790.8835735864
4355.6445939649
1311.6357467749
1310.6423353262999
1357.4350852955
3790.8835735864
4355.6445939649
1311.6357467749
1310.6423353262999
1260.2841670696
4214.351509694
4009.2148009585994
1352.1206661076
1253.2502092652999
1226.7181350843998
3063.048714547699
4084.2241481601
1156.9861917877
1298.8606156341
1344.6581862952999
3675.4364828004004
3312.6794056859
1249.3591953309997
1259.6826614471
1283.8294678501
3538.0723670092
4484.9434270831
1262.8055964213
1205.1615205061998
1218.4184580561
3495.1824295716
4414.1405424572
1202.7026724721002
1258.7386062086998
1617.427100958
3087.9856104587
3984.4386974356003
1554.0994608123
1498.0922368376
1220.1876688255
3198.1844983142
3296.0305964649997
1185.4226446764
1343.4501195179
[INFO][abstract_intensifier.py:596] Added config 525558 and rejected config 303a8b as incumbent because it is not better than the incumbents on 1 instances: 
1285.8996585288
3167.1084395316
4524.2691792205005
1272.8674102541
1441.7076472375998
1245.8695263874001
3245.0703940866997
5174.336289515801
1381.6434891192998
1376.8465208491998
1250.4577753911
3213.5691250823998
3372.0851153918998
1395.4826992655999
1241.457032865
1303.1313399316
3255.6268444956004
4359.6473009930005
1279.7408557049
1442.7829652833
1277.1417556055999
3163.4405645857
4406.9480589036
1207.5941721567
1299.2086622301001
1662.9150976511999
3951.0325971702996
3912.9058668279
1324.9316028347002
1505.6239625529001
1324.3502043331
2983.3474148878004
3937.3737946329
1301.5587408687
1327.1223852548999
1324.3502043331
2983.3474148878004
3937.3737946329
1301.5587408687
1327.1223852548999
1324.3502043331
2983.3474148878004
3937.3737946329
1301.5587408687
1327.1223852548999
1324.3502043331
2983.3474148878004
3937.3737946329
1301.5587408687
1327.1223852548999
1324.3502043331
2983.3474148878004
3937.3737946329
1301.5587408687
1327.1223852548999
1277.1417556055999
3163.4405645857
4406.9480589036
1207.5941721567
1299.2086622301001
1431.7897071517
4021.1581274192004
3752.9116109614997
1413.7967987904
1254.4957089912
[INFO][smbo.py:335] Configuration budget is exhausted:
[INFO][smbo.py:336] --- Remaining wallclock time: inf
[INFO][smbo.py:337] --- Remaining cpu time: inf
[INFO][smbo.py:338] --- Remaining trials: 0
