[INFO][abstract_initial_design.py:87] Reducing the number of initial configurations from 60 to 18 (max_ratio == 0.25).
[INFO][abstract_initial_design.py:139] Using 18 initial design configurations and 0 additional configurations.
[INFO][abstract_intensifier.py:307] Using only one seed for deterministic scenario.
1102.6262202009
871.2026065568
977.807711591
897.0599692428
1007.252211588
[INFO][abstract_intensifier.py:517] Added config 26fdc2 as new incumbent because there are no incumbents yet.
1050.8038448626
807.9515686596999
1015.4725481191
890.6765561492
953.7058388755
[INFO][abstract_intensifier.py:596] Added config 8a205f and rejected config 26fdc2 as incumbent because it is not better than the incumbents on 1 instances: 
1070.4339527328
887.6862177180999
1037.9989338114
908.2310643792999
994.9795721842
1043.3562822101999
838.248228793
1005.5575490167998
855.9111577071999
1000.9097553961001
1045.5663797328
869.3454020908
1005.1803898598
851.7708547244
932.483276431
[INFO][abstract_intensifier.py:596] Added config 87cf8a and rejected config 8a205f as incumbent because it is not better than the incumbents on 1 instances: 
1109.9297562161
978.6278252912999
1089.8921563734998
941.6667762627
1252.6808101845
1002.4143087933
872.0323861292
1061.1180344365998
881.3136667422
1017.8921736549
1125.7792261821
889.957852477
1058.8881248635998
916.4075010585999
1021.3210077888001
1017.8456554833
864.3616153169
1014.1102620596001
851.9688104226001
963.8681258019001
1120.5695105071
907.4709261359001
1054.8790275651
896.023497378
1041.5012135330999
978.2774240957
855.1826238369999
1044.2189471742
932.3080121922001
972.0375684145001
1105.2719717331001
961.3724942313
1148.3996039306
908.169042795
1038.7925652894
1016.4005707135999
875.4163132563999
1002.7970283504
893.7399232426
963.6457990916999
1086.2731697493
849.4391032887
960.8336104179
894.40616425
984.9184057298
1137.0708178582
891.1565308856
997.6848186814
894.3789086918
1047.4265891323998
1009.3262800481
816.7955938800999
1007.2883335532999
843.7250797416
961.0667276015
[INFO][abstract_intensifier.py:596] Added config e66913 and rejected config 87cf8a as incumbent because it is not better than the incumbents on 1 instances: 
1030.4886818272998
922.0694614738
1047.2883297161
878.160308527
972.2502838718
998.9198241235999
838.3728405543001
939.6519849156
823.3964387286001
969.616825501
[INFO][abstract_intensifier.py:596] Added config 46b4e3 and rejected config e66913 as incumbent because it is not better than the incumbents on 1 instances: 
992.4227481652
842.7803412071
950.1268959499
924.6745254182
921.0020733583
992.8416823402999
843.9358683011001
941.0044628648
837.353156733
969.5534027961
990.5459522435999
839.1036233981001
970.5900709512
820.1347647498999
957.3716923791001
976.4980167734
816.7430718118999
928.4882271185
891.4351203812
955.8381626244
[INFO][abstract_intensifier.py:596] Added config f9079d and rejected config 46b4e3 as incumbent because it is not better than the incumbents on 1 instances: 
1080.1145743926
878.3013815211
1013.7126852676
900.3083474467999
1007.6661618595999
1069.2398351808
903.7977524723
954.6773924172999
909.6863408366
973.3767899562
1103.2053892218
857.0037898128
996.1208468272
876.6492918961001
974.7595003129
1015.4012246598
846.7078959999001
969.5044362561
857.0262703187999
938.4533041315001
1017.5394951361
847.372939551
987.3924579627001
882.370272585
953.10731313
999.7169668603001
851.7058805401
921.4953590467001
876.2452696206
972.9502905555
1027.6985883655
843.0698685675
939.1301343045999
868.2161897356
995.5332773804
1019.7978294599
875.4751742501
925.6164798374
862.0424067648
991.3026054736001
983.9899756105999
820.6709696475
927.0835134039
875.4068124045
948.7222962206
[INFO][abstract_intensifier.py:596] Added config 5a88cd and rejected config f9079d as incumbent because it is not better than the incumbents on 1 instances: 
1004.2151199022999
841.8106374351999
990.1760112938
881.9760064669
941.2344696665
1108.212455098
935.5726496231999
1000.0584696942999
875.4532672527
1004.2685944193001
1173.6269623816002
1143.0960415136
1100.579968753
949.5945558745001
1126.6058220157
982.3174633888
858.7313617433
1009.2738116262
840.5741438998
975.5529748643
982.3174633888
858.7313617433
1009.2738116262
840.5741438998
975.5529748643
982.3174633888
858.7313617433
1009.2738116262
840.5741438998
975.5529748643
982.3174633888
858.7313617433
1009.2738116262
840.5741438998
975.5529748643
982.3174633888
858.7313617433
1009.2738116262
840.5741438998
975.5529748643
1021.5530150866
847.8359024188001
970.2038132128
854.4603329493
951.9796912342
982.3174633888
858.7313617433
1009.2738116262
840.5741438998
975.5529748643
982.3174633888
858.7313617433
1009.2738116262
840.5741438998
975.5529748643
973.3409341979
831.2909552673
993.6654781744
842.2029955562
960.2517407584
988.6320977156
831.2454397644
949.2832903142
900.3357156092
940.7226774242
1028.3034750129
865.2713165596
996.7164075901
888.8463263793
978.6294127178
952.0106038401
873.0244866298001
950.5255146863001
875.8388282911999
933.8384365590999
947.8780624619999
860.9432129711
955.9822975191
871.3008557681
929.4989954928001
1094.0856540487002
850.5918143127999
992.7675279760999
905.9274718634
986.4513154122999
1014.3649831925999
829.0229638985
930.4424435384999
890.7209026089
925.7959743934
972.898972332
834.1168815512
1007.2423673185999
854.3980568759999
959.5187615145
[INFO][smbo.py:327] Finished 50 trials.
1108.4135175736
1006.9253601978
1108.0391828391998
943.6630281155999
1259.5036361856
1009.3247906134
841.1300320319999
993.8513968402999
859.7428641843001
980.1669406762
970.4304446428
824.3326212892
951.3186938323
833.7565314934001
961.7711171802
[INFO][abstract_intensifier.py:596] Added config ebf008 and rejected config 5a88cd as incumbent because it is not better than the incumbents on 1 instances: 
986.9657419215
855.367192165
992.33600555
872.1585062648999
992.0390795632
972.2898256934
831.5317854167
940.7526407635
834.6113676315999
961.6725931599999
[INFO][abstract_intensifier.py:596] Added config 7a0b19 and rejected config ebf008 as incumbent because it is not better than the incumbents on 1 instances: 
1031.4708892716
841.2817546944999
973.5107784386
916.8534190477
964.6328464423
1015.5181423534
832.1016234673
1014.3368270204999
860.9138034214
974.0080708888
986.5259527284
848.5491666784999
1003.0573193902
884.2994318218999
998.4954987259999
1086.4039915392
863.2110825885999
1056.0763072312
843.8094814315
1032.4698667952998
990.927166684
847.0113893148
985.4282725082999
884.1855824991999
989.4853396782
1100.0084915244
951.2035031063
1111.8670605226998
909.0959209058001
1028.6354934311998
990.927166684
847.0113893148
985.4282725082999
884.1855824991999
989.4853396782
1006.2692731300999
827.7130658418
979.5376068948001
860.2589464160999
958.9282341576
990.927166684
847.0113893148
985.4282725082999
884.1855824991999
989.4853396782
1022.6278272383
827.2565089742
957.8255235462
872.5356706964001
980.2077481266001
1012.7031439796
849.6094004863
939.4525468497
847.1833086903
980.6244815708999
1009.1574954659001
867.4838828148
930.315293235
853.6928510564
939.4450913185999
1075.4162849644
953.3283871037002
1063.8273167761
910.8993006616
1072.7621196946002
975.5857372073
835.6654898284
943.8695272335001
843.0547914094001
969.5424008886
966.2249209434999
842.3487333669001
945.4869302137
833.6671144304
967.7178794327001
966.2249209434999
842.3487333669001
945.4869302137
833.6671144304
967.7178794327001
975.5857372073
835.6654898284
943.8695272335001
843.0547914094001
969.5424008886
975.5857372073
835.6654898284
943.8695272335001
843.0547914094001
969.5424008886
987.9606732195
838.2573297698001
949.7094008194
849.8142613404
970.1230634532
1112.5342589626
864.0994767105001
1017.1985886136
917.1130100057
1014.9302614519
[INFO][smbo.py:335] Configuration budget is exhausted:
[INFO][smbo.py:336] --- Remaining wallclock time: inf
[INFO][smbo.py:337] --- Remaining cpu time: inf
[INFO][smbo.py:338] --- Remaining trials: 0
