[INFO][abstract_initial_design.py:87] Reducing the number of initial configurations from 60 to 18 (max_ratio == 0.25).
[INFO][abstract_initial_design.py:139] Using 18 initial design configurations and 0 additional configurations.
[INFO][abstract_intensifier.py:307] Using only one seed for deterministic scenario.
1114.6486292060001
997.5291995726
1014.9851392382
938.7993435431
1069.1796472308001
[INFO][abstract_intensifier.py:517] Added config 26fdc2 as new incumbent because there are no incumbents yet.
1054.8393192432
935.7959096233001
1001.9506974608
937.0043377532
1043.1387651898
[INFO][abstract_intensifier.py:596] Added config 8a205f and rejected config 26fdc2 as incumbent because it is not better than the incumbents on 1 instances: 
1096.7701275173001
987.6647315562
1011.1264254096
950.8560315912999
1056.6198652118
1015.6800530603
899.5792594216999
991.356530317
901.3186402849
1024.7493149135998
[INFO][abstract_intensifier.py:596] Added config 71b0a5 and rejected config 8a205f as incumbent because it is not better than the incumbents on 1 instances: 
1044.9266873119
936.2055970235001
979.6795253018998
913.7558015738999
1024.4781128140999
1218.932908688
1058.6585080206
1146.8390897407999
1015.3098160048
1144.2190654001001
1032.1282738740001
919.3816999436001
1059.5952145311999
923.3956525054
1040.1673942943999
1120.5867833496
988.6339594117001
1109.8582037004999
1013.4298495399
1085.3602113573
1022.7324030527998
921.1312606239
1012.9944995015001
916.7071799552
1012.2435815324
1116.1004291827999
1078.3620349337
1080.239370786
1030.9134335152999
1055.0197648436001
1062.1565480887
961.7663108533
1051.2937638745002
920.9297698677001
1052.199540242
1160.7212831252
1068.1920954175
1164.521678935
1038.4019494793
1173.8064236296
1102.5037849119
976.3825286526001
1021.4455659514999
919.6766198736999
1014.4109943506
1093.8713968297
951.1817630205
1027.014047144
922.871433826
1081.0121698786002
1147.1640941343
1027.2760829731
1044.5116311749
976.7331228194
1057.0098863074
1059.3349290679
920.3043857454
994.5890628048
946.6259934297
1012.9289635524001
1111.8180420502
916.1470882371999
1039.5823992004998
945.7062985335999
1029.5187332204
1038.4795202401
893.2866919283
1003.2084427735999
922.6942004663
1016.9974451532999
1035.4298250090999
921.4796315023
979.1427051121
896.0530617206
1026.832599931
1070.212368859
910.0541309111
1001.2697707937999
886.9437159789
1018.9934554972
1041.2351860571998
930.9678946336
1000.4513288665
906.974370072
1036.4290636285
1093.1472262268999
923.7108356349
1001.2822826463
903.3648867059999
1040.2712622136
1096.9226509602
930.1380884652
1040.8293717077
966.4364493081
1053.037422571
1143.4626287079
941.5209229941
1069.4225636359
907.9671994743001
1107.8588177534002
1078.9733143597
949.2701951353
1024.0827284123002
928.9235649150999
1028.6512421539
1033.6278027839999
928.0835171619
987.7963102359
894.6722725744
1031.0792761728
1041.9624028078001
909.8091781497
1006.4976768848
873.6598564592001
1027.3452356206
1050.2789969816
908.2590752878
983.9932448006999
887.4567669923
1028.4847363526
1085.3492901521
934.3029060207999
1048.7724875214
940.0003056213
1047.4347922912
1041.9624028078001
909.8091781497
1006.4976768848
873.6598564592001
1027.3452356206
1015.6800530603
899.5792594216999
991.356530317
901.3186402849
1024.7493149135998
1015.3058578634
900.9777927539001
986.530029698
909.9690012596001
1029.5233364547998
1134.6272077044
996.5026761031
1045.4773362544001
1006.0841071522
1054.9860920316
1227.1409435301
1113.9058891937998
1206.1273132468
1034.0065241439002
1153.4337334635
1041.2555881096
912.0615667361
1003.2940638555
889.6888905817
1017.7043811109
1041.2555881096
912.0615667361
1003.2940638555
889.6888905817
1017.7043811109
1052.1545813885
906.6872505275
1002.2359930737
883.3987364688
1021.4023516126
1051.6169047351
908.10417925
999.1019555455
879.963991173
1028.4709054715
1036.8789570483
910.6255428159
1001.4420838542
880.6270700112
1027.4412761985
1044.9290160357
950.524743988
1015.5960689474
929.3421977211999
1033.2258030516
1051.6169047351
908.10417925
999.1019555455
879.963991173
1028.4709054715
1036.8789570483
910.6255428159
1001.4420838542
880.6270700112
1027.4412761985
1061.914295463
905.9337345631
1002.5662938651999
901.6069783063001
1029.1264117577998
1048.3336531722
924.0219418524001
1009.9587702542001
896.5897147965
1050.0737985321
1055.2053352198
927.9200019263
1012.735085211
921.3161799310999
1003.8955764593
1061.914295463
905.9337345631
1002.5662938651999
901.6069783063001
1029.1264117577998
1048.3336531722
924.0219418524001
1009.9587702542001
896.5897147965
1050.0737985321
1123.9810891877
985.1798895289
1029.7455038898
938.4594803686
1047.9771044519
1048.3336531722
924.0219418524001
1009.9587702542001
896.5897147965
1050.0737985321
1049.8644282608
904.6324716609
979.0700830330001
865.1686897248
989.3292609441
[INFO][abstract_intensifier.py:596] Added config f6e95d and rejected config 71b0a5 as incumbent because it is not better than the incumbents on 1 instances: 
[INFO][smbo.py:327] Finished 50 trials.
1150.4379154935
1016.7636486935
1152.7159967905
1008.9881063367
1093.8540630203001
1025.7322301044
912.6853724987
1018.6598851895001
896.7105087382001
1019.2105011676999
1040.8215152638
900.4846165258
1013.8484643993999
898.6866647837999
1019.2080605863999
1063.1902121091
923.6532025576
1020.7715998569001
885.9600340042
1025.6853951034
1035.2702692925
929.7327659122
1025.2647382238
947.3641014385
1047.7935518063
1085.2891215824998
936.1241406936001
1001.1151709417001
964.6372381485
1015.99588161
1077.7985741375
947.0504925412
1008.7661703575001
934.6695107999001
1065.5797015882
1038.4212584839001
913.1593542936
1010.0177483783001
918.5093750181
1029.2491674051998
1103.4857882548
958.4115448082
1049.6964309569998
960.1681468710001
1038.4117574313
1035.5995614480998
900.2967263180999
964.3757704413001
889.0824229675
1017.4957609718999
1174.0823377061001
1105.8594034424
1166.8896637947
1045.5262920413002
1164.1586607378
1039.946966176
892.8364865479
1011.0763409219
883.6146207571999
1015.1390591552001
1018.3730103371
895.0414134502
990.6729192997999
863.5556205984999
1029.6423940396999
1060.4427216661002
902.1157587741
1016.6461322318
876.6700888145999
1014.6732986304
1016.1022711372
906.1021485133001
975.5369073459001
889.4400541144
1004.0948861589001
1056.0341456061
895.3288042524
1016.0520383194
875.7605879665
1013.5977884119
1031.540283054
896.2868780073
1015.1997355025
924.3805519431999
992.0127067449
1112.3635440101002
1006.6434130135
1101.0394917591998
964.9834555755001
1059.0693539606998
1025.2646732757
885.0101271571
990.8898208327998
882.6581317777
1016.4071675882001
1025.3562990111
875.5564130675999
962.4247421146999
871.2120742710999
973.2541070457
[INFO][abstract_intensifier.py:596] Added config 182a9f and rejected config f6e95d as incumbent because it is not better than the incumbents on 1 instances: 
1031.6702319472
887.1263821523
1001.8205681031
877.0103877254
1020.4321960615
1049.1163499941
879.1000257727
1005.5468931363
856.01266574
1013.8110457578
1013.3855750508
918.5716284104001
994.2606272114001
867.1985777847001
1014.4717826331
1031.9576285499
880.4942851055001
991.0914759801999
894.8504374623999
1001.8214611793999
1134.6947865027
990.1540744043
1022.381116562
949.2509733920999
1043.5457915457
[INFO][smbo.py:335] Configuration budget is exhausted:
[INFO][smbo.py:336] --- Remaining wallclock time: inf
[INFO][smbo.py:337] --- Remaining cpu time: inf
[INFO][smbo.py:338] --- Remaining trials: 0
