[INFO][abstract_initial_design.py:87] Reducing the number of initial configurations from 60 to 18 (max_ratio == 0.25).
[INFO][abstract_initial_design.py:139] Using 18 initial design configurations and 0 additional configurations.
[INFO][abstract_intensifier.py:307] Using only one seed for deterministic scenario.
798.3562750159001
730.8201723827001
786.2512764210001
742.4586601685
743.9590681612001
[INFO][abstract_intensifier.py:517] Added config 26fdc2 as new incumbent because there are no incumbents yet.
773.3885240234999
659.2553860012
730.5996953343
665.2474619333
713.7207228901
[INFO][abstract_intensifier.py:596] Added config 8a205f and rejected config 26fdc2 as incumbent because it is not better than the incumbents on 1 instances: 
820.5901930448
720.9226543771999
770.2010494230001
668.0136868388
722.0566624262999
788.9809325560999
661.3453223969
685.3558769741
666.6463103098
697.2867422473
[INFO][abstract_intensifier.py:596] Added config 71b0a5 and rejected config 8a205f as incumbent because it is not better than the incumbents on 1 instances: 
774.6822931621
696.6428196086999
719.7724712986
686.3767357344
671.9324844789
885.4003265981
750.4538688556
782.6370855195
799.4332402921
874.5599118293
760.4263768568001
699.2397303688
691.3361002718
694.8701142573999
724.4836387184
802.5299163459
768.1090034686
757.8415816966
741.9291695802001
761.2144793097
735.2740829415999
663.7128410775
712.7522984154
707.2936102307
673.4833697636999
[INFO][abstract_intensifier.py:596] Added config b7ad6c and rejected config 71b0a5 as incumbent because it is not better than the incumbents on 1 instances: 
758.9101693109001
799.8514931289
762.5380352781999
754.0580447265
783.6008260575001
801.1162970161001
687.7394986141001
734.5777707264999
663.3381186438
685.7113778570001
800.0403763906
747.6743307258
758.3989221836999
763.4733340107
814.7105696968999
779.4478766504
697.3177578726
787.1596781966999
722.8846905609
711.2857257204
773.2229981454
666.0246975824
744.7427027126
642.4946938495
732.4865217677
778.7215195223
742.3020575753001
748.9994847789999
780.7551373395
707.0317045627
775.1394688411
701.0419452123001
686.6727121915001
709.7235718577999
712.9167131001
791.9110609459999
733.7720741991
772.5073769671999
698.0294262427999
753.0460052802999
760.6798212379001
670.2767588584
691.7670935304
678.3779446016
662.8281915068001
[INFO][abstract_intensifier.py:596] Added config 46b4e3 and rejected config b7ad6c as incumbent because it is not better than the incumbents on 1 instances: 
721.0386993114
645.1023114125
683.8914008536001
696.2623823673999
727.2211710879
763.7546255437999
649.8598912852
710.6645454883
712.7289845012001
688.2332803829
751.3478453822
684.4996722592
696.0001326042
642.2573845979
704.5841656049001
733.4079340061999
659.9495006382
706.1450552795
659.1030059814
698.606760771
[INFO][abstract_intensifier.py:596] Added config 0c3fdb and rejected config 46b4e3 as incumbent because it is not better than the incumbents on 1 instances: 
708.0867625444
726.8204943622
714.5251590856001
708.5505208290999
702.1862762866999
821.6561931106999
644.5410949323
763.2532926412
676.8315371591999
787.6485618628001
777.3672810195
673.4337532965999
717.9909005722
680.6892988372001
730.1223134766999
744.5184995333999
632.8031624025
688.5374595686001
699.1855027765
718.5282643
766.6873873046
685.9947967896999
757.6073101134
709.1810817886
699.0500787459
779.9283225644999
670.8033450949999
663.3778899165
707.8167581104
724.0489238875
788.1442014395
624.5854749933001
720.2025479265001
712.6027878222
728.2184931718
763.0445572280998
643.7884879431999
718.935233702
683.1172664077001
713.4291142386999
761.1451505366
680.9037461052001
703.3543733684
701.3367149019
685.001389794
765.5123622190999
670.7420023575
683.2948414882
725.0771549889
741.672111093
833.7653011394
755.0778867909
783.8741253981
803.6288332169
747.9387189349
871.5812286573
864.9945012178998
824.7821712873999
807.3254208166
826.6573470630999
741.3744196716999
696.4987152845001
682.7170300499
699.5288377058
722.4519924464
787.2023988374999
661.7404436738
693.2778287929
636.5722931363
673.8437329504
[INFO][abstract_intensifier.py:596] Added config 3f2ffb and rejected config 0c3fdb as incumbent because it is not better than the incumbents on 1 instances: 
788.3583438334999
664.4124330054999
714.9909865063
688.6755960802
751.800524255
775.0209102759
659.3428916003
733.5765659353
670.3729594672
707.8987083815
750.4707964817001
675.0570310846
680.0330824399
646.3549196652
714.7297195191
817.2355083855999
689.5179045120999
765.0349633733
731.6714874808999
681.57441769
758.2637740499001
678.7121074953
699.090651727
656.8760030274
732.7322969871
787.2023988374999
661.7404436738
693.2778287929
636.5722931363
673.8437329504
768.8073602325
673.5183364415
690.5602559595
699.7474435428999
650.3897450041
749.9013285745
652.6037808886999
708.3735909892
713.1125450960001
689.9562841314
777.7921421956
733.1076065565001
736.1852399490999
689.3193900588
723.89264182
766.0513185245
689.8898127806001
693.8161329984
678.0949031073001
651.2427722755999
784.8168562658
664.1380223368
689.7870770676001
684.9344973030001
711.0141352792
786.0034436733
723.7450510351
750.4193144741
806.3622102836
738.1401403341999
749.9013285745
652.6037808886999
708.3735909892
713.1125450960001
689.9562841314
720.3443801864
636.0828545335
682.9841113992
642.8268128185
674.3064830787
[INFO][abstract_intensifier.py:596] Added config f6e95d and rejected config 3f2ffb as incumbent because it is not better than the incumbents on 1 instances: 
[INFO][smbo.py:327] Finished 50 trials.
851.5294510519
806.8106611466
785.7499213047
813.8275577152999
851.6545031757
765.413125579
626.779490158
712.3232326489999
670.4018670288999
648.1953086243
766.2930121739
631.0036670108
703.3805696075999
660.2897249664
637.8367174348999
770.5978298888
712.0366793334
718.2689957084
671.9323518279999
690.2430803878999
736.2348677112
691.1409426541
684.5274074655
709.7285909105
696.149610295
761.4579796041
693.8335147542
762.5038871304
670.186999938
699.5813092710999
750.9732259165999
663.5955051348
661.2801679523
696.179139902
716.0330772044
744.4128784922999
652.7944658147001
685.3603145779
661.0909338071999
703.6883684545
803.616715182
714.2559110735001
710.9093557225999
671.5136527229001
673.6986092330001
727.5535527372999
654.0773051635
676.4326081615
688.8014564806
672.5433465903
809.1129823317
783.2767421834001
770.2363958266001
741.0461264879
825.1125948644999
727.5535527372999
654.0773051635
676.4326081615
688.8014564806
672.5433465903
768.2315873828
600.8821705384
691.7593756698
702.2096311945
661.7002394048001
724.2531569401999
638.5857424643
690.2211519962
636.8269259905
683.4245603427
726.5697416648
652.5932053126
672.1715814086
688.1864774132
680.8885307244001
757.8644885601
646.9174729346
673.6487842266
686.0368628617
713.1188431861999
722.2308750361001
632.470711791
686.9613381188
656.3651334993
662.543710305
788.8525557265
762.1476102143
803.1493482414
764.8263346217
767.566217729
722.6241911408
629.4712148561
685.2815412714
663.7747294518
660.8788744039
720.3443801864
636.0828545335
682.9841113992
642.8268128185
674.3064830787
720.3443801864
636.0828545335
682.9841113992
642.8268128185
674.3064830787
720.3443801864
636.0828545335
682.9841113992
642.8268128185
674.3064830787
720.3443801864
636.0828545335
682.9841113992
642.8268128185
674.3064830787
720.3443801864
636.0828545335
682.9841113992
642.8268128185
674.3064830787
840.0784831854
736.7787780562
764.9879097671
727.6432588095
695.9185508734
[INFO][smbo.py:335] Configuration budget is exhausted:
[INFO][smbo.py:336] --- Remaining wallclock time: inf
[INFO][smbo.py:337] --- Remaining cpu time: inf
[INFO][smbo.py:338] --- Remaining trials: 0
