[INFO][abstract_initial_design.py:87] Reducing the number of initial configurations from 60 to 18 (max_ratio == 0.25).
[INFO][abstract_initial_design.py:139] Using 18 initial design configurations and 0 additional configurations.
[INFO][abstract_intensifier.py:307] Using only one seed for deterministic scenario.
803.7310266888001
818.7873882959999
760.9770149086999
718.5600780431
808.9074663967001
[INFO][abstract_intensifier.py:517] Added config 26fdc2 as new incumbent because there are no incumbents yet.
791.5802042841001
732.7254402465999
776.4358021395
726.5831070203999
777.5993588192
[INFO][abstract_intensifier.py:596] Added config 8a205f and rejected config 26fdc2 as incumbent because it is not better than the incumbents on 1 instances: 
844.5915572381
820.4963776464999
843.23904599
753.8476680332999
744.8444952025
771.2022125789001
696.6156574214
764.5363870922
687.3933407535999
771.18288268
[INFO][abstract_intensifier.py:596] Added config 71b0a5 and rejected config 8a205f as incumbent because it is not better than the incumbents on 1 instances: 
766.6765819478001
711.9482315129001
744.4396195777
707.4329677064
771.2719130278
978.9994163577999
847.5450700679
818.5522499647
834.1291778939001
870.5956572063
796.5735602174
673.1580180446999
707.7418371310999
735.0799511743
744.7057905585
[INFO][abstract_intensifier.py:596] Added config 423f12 and rejected config 71b0a5 as incumbent because it is not better than the incumbents on 1 instances: 
902.3610397868
790.6368216586
832.5902429493999
782.9699778791999
867.4422808555
813.0977085411998
644.7232613410001
690.3043066675999
724.557245781
726.1386922562999
[INFO][abstract_intensifier.py:596] Added config b7ad6c and rejected config 423f12 as incumbent because it is not better than the incumbents on 1 instances: 
853.7390253722
835.4608670949999
792.5217886231001
757.8699277631999
878.7418892006001
810.8371765109999
721.9012362957001
760.6333844444
759.899726304
784.4764289325001
959.9113701889
865.3168513991002
790.3040034692999
836.8436482374
882.0856254401001
807.100804684
781.6528568054
751.030209967
735.9823848901001
799.6368593005
834.8886174173001
715.6344739983
750.6809288101999
761.1579244419001
765.8514965164
850.9046442270001
782.6389269741
780.7748000014999
737.0197988779
802.8118577212999
861.5367464051999
693.1339887707
780.0430623437001
696.6024659110999
771.2614488474001
847.4519979574
786.5951867629999
803.0333739681
722.1025748337
764.8491388043999
807.7738370981001
649.6719044274
772.0234294009
699.8784871657
792.1484224443
799.3230413854001
727.2589710468001
787.3341340633
716.8743397593
793.2723609118
792.1033671159
683.355081038
745.1343007009
760.8588620219
775.5979082529
830.1353876609
759.3353417674
815.0046350971002
708.6830922304
786.5991638005999
882.5715925789999
741.5120768365
809.7264449309
738.7304681248
813.6137447842999
925.0735387167001
770.3613417030999
790.7918023873
696.8735721224
804.6793944051
842.9381266146
700.4817217269999
789.6200190615
759.1899231619
828.726210621
861.9631596315
771.2700310329001
733.3433411373999
732.320872011
807.9134799133
853.5613837905
732.9626716601999
826.4709162288
729.5471073821
815.4369078403
843.3555132321001
702.3702918714
704.3515378513999
701.2057177283
774.5520831798001
832.929412809
684.8098305213
727.6243296122
692.2731240953
727.1095353176
826.0594515665001
676.3976931596999
744.9479458953999
742.8478542262001
764.5128638883
846.342778687
681.6960829884999
736.5952677506
692.7685151507001
713.4239474445001
852.0567682307
694.7067261182
719.6944510746999
704.7949127652
772.3696165259
801.1472354811999
653.8355157912999
750.7686579466999
688.7824451957999
774.4115623309001
879.728259923
842.1768034973
793.321884328
695.191637208
783.1104140594999
1055.1259165472
880.5823218388
878.0769238401999
859.5084119005
890.3537458165
807.7200900685
707.5476939680999
715.9168092776999
752.7521210113999
759.7646194015999
792.2682433918001
679.2007024238001
742.7128142607
693.4631020487
743.4348848663
792.8051409608
656.3869027753
747.4058365582999
756.9796766653001
724.4816035854
766.9079533438
656.2557682852
748.9136726080001
681.416093115
761.5644336214
809.1409363933999
708.4742248251
709.7286692426999
737.1971388490999
750.3103457386999
796.4655290398998
690.2700898191001
745.4893997787
746.1829285019
784.4344055730999
804.0955094501
704.9795400808
717.5681548573999
744.8703631376
760.2978713387
792.8051409608
656.3869027753
747.4058365582999
756.9796766653001
724.4816035854
813.0977085411998
644.7232613410001
690.3043066675999
724.557245781
726.1386922562999
813.0977085411998
644.7232613410001
690.3043066675999
724.557245781
726.1386922562999
806.5912944192
703.8715325086
779.9042992044
708.9676776533
762.8827952992001
813.0977085411998
644.7232613410001
690.3043066675999
724.557245781
726.1386922562999
813.0977085411998
644.7232613410001
690.3043066675999
724.557245781
726.1386922562999
832.7501212893001
839.3941020804999
743.4952140390001
761.6061693665001
807.6542539026001
813.0977085411998
644.7232613410001
690.3043066675999
724.557245781
726.1386922562999
789.8613775783
662.6935237335999
746.2158158069999
725.0062132479
737.5572620603999
[INFO][smbo.py:327] Finished 50 trials.
939.8736096401001
832.3689712842
781.9980606750999
822.4798264102001
852.7424010302
839.7395112124
701.1171330229
749.6025544119
708.9328451366
766.1689726928
850.4541044064999
726.6089082806
817.4858215525
747.1084698290999
823.5467589543
788.2422638119999
710.0393706134
736.9705899214
692.6585550886
756.2509375907
817.5770338753
670.9432917592999
712.8147690614
713.6375930384
757.8840105104
815.8084920045
742.4409466969
755.298252189
717.055014465
756.1110065239
812.8891879429
689.8137201124999
768.0958270711
748.5062820215999
738.4271202094001
766.9079533438
656.2557682852
748.9136726080001
681.416093115
761.5644336214
797.3479284814
787.0244860456
756.4116414805
726.1216991197
790.1584295753
814.3123745733001
686.6203353899
785.6873544102
720.6363849815999
782.6191550553999
955.4416208257
881.6175751756
812.3854993916
836.4352569512
872.1638302916
808.1408632916999
700.3291157702
742.555461436
694.3345736926999
807.5297245903
820.6110633464
668.5576643452999
751.9876593129
673.2513013079999
771.4741783154
805.5130954366
646.3895472224001
754.8623171988
684.1164508444
764.0278104007
823.8254410184
697.4916732465999
739.4943007385
714.2892409245999
807.9326344230001
805.6112376312999
680.4977875877
696.9077407714999
683.6938385004
749.1538346002001
868.4361712583
661.1479380763
749.6946559615001
759.4018009455
751.7456512986
934.3202015102
813.4711987157
817.7268937778
762.7763749177999
870.0229278142999
891.3578187301
715.2745234680001
740.1451877552
747.4135812551
781.4004872884
864.2556833218
689.7107199096001
744.7128652911999
753.0157316087
745.246923771
836.1914044385001
682.0422722886999
748.8641726631
717.4097828057
748.1266486802
835.6435379727
676.6050732015001
747.9507916059999
725.8208381668001
749.8346060339
856.7561174129999
723.7211267732999
705.2457670639001
736.9217193866
770.746222698
800.8951775026001
647.1120807002999
696.2982138752
715.4528179766
740.6606809688
832.6292571795
802.752785406
762.041576252
728.3882243529
805.5627063704999
[INFO][smbo.py:335] Configuration budget is exhausted:
[INFO][smbo.py:336] --- Remaining wallclock time: inf
[INFO][smbo.py:337] --- Remaining cpu time: inf
[INFO][smbo.py:338] --- Remaining trials: 0
