[INFO][abstract_initial_design.py:139] Using 50 initial design configurations and 0 additional configurations.
[INFO][abstract_intensifier.py:307] Using only one seed for deterministic scenario.
[INFO][abstract_intensifier.py:517] Added config 6a05d8 as new incumbent because there are no incumbents yet.
[INFO][abstract_intensifier.py:596] Added config 6344ac and rejected config 6a05d8 as incumbent because it is not better than the incumbents on 1 instances: 
[INFO][abstract_intensifier.py:596] Added config 328f33 and rejected config 6344ac as incumbent because it is not better than the incumbents on 1 instances: 
[INFO][abstract_intensifier.py:596] Added config ec5181 and rejected config 328f33 as incumbent because it is not better than the incumbents on 1 instances: 
[INFO][abstract_intensifier.py:596] Added config b23296 and rejected config ec5181 as incumbent because it is not better than the incumbents on 1 instances: 
[INFO][abstract_intensifier.py:596] Added config 83e615 and rejected config b23296 as incumbent because it is not better than the incumbents on 1 instances: 
[INFO][smbo.py:327] Finished 50 trials.
[INFO][abstract_intensifier.py:596] Added config b00b67 and rejected config 83e615 as incumbent because it is not better than the incumbents on 1 instances: 
[INFO][abstract_intensifier.py:596] Added config ecb750 and rejected config b00b67 as incumbent because it is not better than the incumbents on 1 instances: 
[INFO][abstract_intensifier.py:596] Added config 38a4e5 and rejected config ecb750 as incumbent because it is not better than the incumbents on 1 instances: 
[INFO][abstract_intensifier.py:596] Added config b126a5 and rejected config 38a4e5 as incumbent because it is not better than the incumbents on 1 instances: 
[INFO][smbo.py:327] Finished 100 trials.
[INFO][smbo.py:327] Finished 150 trials.
[INFO][abstract_intensifier.py:596] Added config ca5f05 and rejected config b126a5 as incumbent because it is not better than the incumbents on 1 instances: 
[INFO][abstract_intensifier.py:596] Added config c56125 and rejected config ca5f05 as incumbent because it is not better than the incumbents on 1 instances: 
[INFO][smbo.py:327] Finished 200 trials.
[INFO][smbo.py:335] Configuration budget is exhausted:
[INFO][smbo.py:336] --- Remaining wallclock time: inf
[INFO][smbo.py:337] --- Remaining cpu time: inf
[INFO][smbo.py:338] --- Remaining trials: 0
Best model for budget 48 saved.
