[INFO][abstract_initial_design.py:139] Using 50 initial design configurations and 0 additional configurations.
[INFO][abstract_intensifier.py:307] Using only one seed for deterministic scenario.
[INFO][abstract_intensifier.py:517] Added config 6a05d8 as new incumbent because there are no incumbents yet.
[INFO][abstract_intensifier.py:596] Added config 1fd642 and rejected config 6a05d8 as incumbent because it is not better than the incumbents on 1 instances: 
[INFO][abstract_intensifier.py:596] Added config 6344ac and rejected config 1fd642 as incumbent because it is not better than the incumbents on 1 instances: 
[INFO][abstract_intensifier.py:596] Added config 328f33 and rejected config 6344ac as incumbent because it is not better than the incumbents on 1 instances: 
[INFO][abstract_intensifier.py:596] Added config 83e615 and rejected config 328f33 as incumbent because it is not better than the incumbents on 1 instances: 
[INFO][smbo.py:327] Finished 50 trials.
[INFO][abstract_intensifier.py:596] Added config 5f6a2c and rejected config 83e615 as incumbent because it is not better than the incumbents on 1 instances: 
[INFO][abstract_intensifier.py:596] Added config 38a4e5 and rejected config 5f6a2c as incumbent because it is not better than the incumbents on 1 instances: 
[INFO][abstract_intensifier.py:596] Added config 243c62 and rejected config 38a4e5 as incumbent because it is not better than the incumbents on 1 instances: 
[INFO][abstract_intensifier.py:596] Added config 0b3d84 and rejected config 243c62 as incumbent because it is not better than the incumbents on 1 instances: 
[INFO][smbo.py:327] Finished 100 trials.
[INFO][abstract_intensifier.py:596] Added config cd5a85 and rejected config 0b3d84 as incumbent because it is not better than the incumbents on 1 instances: 
[INFO][smbo.py:327] Finished 150 trials.
[INFO][abstract_intensifier.py:596] Added config 9f7246 and rejected config cd5a85 as incumbent because it is not better than the incumbents on 1 instances: 
[INFO][abstract_intensifier.py:596] Added config 8e0ee9 and rejected config 9f7246 as incumbent because it is not better than the incumbents on 1 instances: 
[INFO][abstract_intensifier.py:596] Added config 91e35b and rejected config 8e0ee9 as incumbent because it is not better than the incumbents on 1 instances: 
[INFO][abstract_intensifier.py:596] Added config d85921 and rejected config 91e35b as incumbent because it is not better than the incumbents on 1 instances: 
[INFO][abstract_intensifier.py:596] Added config 12f001 and rejected config d85921 as incumbent because it is not better than the incumbents on 1 instances: 
[INFO][smbo.py:327] Finished 200 trials.
[INFO][smbo.py:335] Configuration budget is exhausted:
[INFO][smbo.py:336] --- Remaining wallclock time: inf
[INFO][smbo.py:337] --- Remaining cpu time: inf
[INFO][smbo.py:338] --- Remaining trials: 0
Best model for budget 64 saved.
