[INFO][abstract_initial_design.py:139] Using 50 initial design configurations and 0 additional configurations.
[INFO][abstract_intensifier.py:307] Using only one seed for deterministic scenario.
[INFO][abstract_intensifier.py:517] Added config 6a05d8 as new incumbent because there are no incumbents yet.
[INFO][abstract_intensifier.py:596] Added config 328f33 and rejected config 6a05d8 as incumbent because it is not better than the incumbents on 1 instances: 
[INFO][abstract_intensifier.py:596] Added config ec5181 and rejected config 328f33 as incumbent because it is not better than the incumbents on 1 instances: 
[INFO][abstract_intensifier.py:596] Added config b23296 and rejected config ec5181 as incumbent because it is not better than the incumbents on 1 instances: 
[INFO][smbo.py:327] Finished 50 trials.
[INFO][abstract_intensifier.py:596] Added config 3a3e7a and rejected config b23296 as incumbent because it is not better than the incumbents on 1 instances: 
[INFO][abstract_intensifier.py:596] Added config 2b7843 and rejected config 3a3e7a as incumbent because it is not better than the incumbents on 1 instances: 
[INFO][abstract_intensifier.py:596] Added config 9b882c and rejected config 2b7843 as incumbent because it is not better than the incumbents on 1 instances: 
[INFO][smbo.py:327] Finished 100 trials.
[INFO][abstract_intensifier.py:596] Added config 6e9329 and rejected config 9b882c as incumbent because it is not better than the incumbents on 1 instances: 
[INFO][abstract_intensifier.py:596] Added config d9542a and rejected config 6e9329 as incumbent because it is not better than the incumbents on 1 instances: 
[INFO][smbo.py:327] Finished 150 trials.
[INFO][smbo.py:327] Finished 200 trials.
[INFO][smbo.py:335] Configuration budget is exhausted:
[INFO][smbo.py:336] --- Remaining wallclock time: inf
[INFO][smbo.py:337] --- Remaining cpu time: inf
[INFO][smbo.py:338] --- Remaining trials: 0
Best model for budget 900 saved.
