[INFO][abstract_initial_design.py:87] Reducing the number of initial configurations from 60 to 18 (max_ratio == 0.25).
[INFO][abstract_initial_design.py:139] Using 18 initial design configurations and 0 additional configurations.
[INFO][abstract_intensifier.py:307] Using only one seed for deterministic scenario.
1297.3820222819
1209.7090190264
1386.9444964495
1162.6459803858
1253.6282354057998
[INFO][abstract_intensifier.py:517] Added config 26fdc2 as new incumbent because there are no incumbents yet.
1360.4215780574002
1230.3419253086001
1486.3403169926
1193.6102781982
1235.4441899203
1326.8399558845001
1248.8908259036
1469.9908797264
1259.1299502900001
1270.5370968901
1319.7742197338
1202.437735633
1411.6676296928
1197.6120973696002
1235.6840122864
1286.1180473484
1205.9618620647002
1464.9915109253002
1176.2463157285
1251.7086492787998
1471.6805703524
1298.663206492
1575.6965519318
1231.4528056832
1279.1507951483
1386.047074063
1180.5803916681998
1504.885370346
1270.6746627479001
1427.0668963758
1338.8827037144
1220.9314593008999
1393.1627271147
1255.4429941807998
1250.6718818091
1345.9946290797002
1208.7863676268
1475.816909004
1269.3688562532
1396.7736597059002
1260.9876747419
1225.2016017289002
1419.3322838459
1154.9156246237999
1210.2635394031
[INFO][abstract_intensifier.py:596] Added config 76530a and rejected config 26fdc2 as incumbent because it is not better than the incumbents on 1 instances: 
1327.3967382862002
1241.7354373296
1390.0469951249001
1173.1042102479
1240.5261227461
1266.0914404773002
1290.2454316081
1432.7443320529
1266.7570109149
1218.4415734218999
1255.0199822205
1196.0247428036
1431.966139098
1207.8224611034
1240.2919813492
1301.1942574265
1289.5653445806997
1495.5047090085
1205.304686945
1294.3660468857
1297.8461808199
1203.0507056332
1451.8369651458001
1169.8616134199
1281.9223462691
1284.1559824895
1216.0273993662001
1413.496726421
1170.4146902982
1210.2257285607
1301.797726353
1189.3542687687
1482.0037950786
1209.3546795920001
1252.9516331553
1289.6501686496
1224.6527175746
1423.872135569
1256.0180645374
1301.3143628827
1311.2391342507003
1157.4563406531
1537.2377087104
1197.2801837368
1262.6227390771
1325.2428197192
1148.2693874895
1548.1752744741
1214.1434677999
1271.5897464639002
1313.5364601298002
1268.5499950529002
1479.2257002371002
1190.7777321767999
1316.9748458038
1339.6289199939001
1196.7005001769
1448.2428113799
1168.3089447818
1317.7897299949
1228.4244787012
1192.0170118967
1452.8183881136001
1201.9500331834001
1274.6975457691
1445.5031005203
1269.7160432083
1525.81348112
1389.0295211003
1430.9275501926
1321.9191926764001
1199.1657515644001
1437.4441628265001
1183.3056470676001
1252.1557180877999
1263.8063245207
1208.3956463307
1411.3726580463
1157.0729706401
1197.4833209152
[INFO][abstract_intensifier.py:596] Added config a5222f and rejected config 76530a as incumbent because it is not better than the incumbents on 1 instances: 
1265.7454225101
1199.2355124142
1420.7874245884
1154.9871974982
1205.1435545424001
1283.0312300018
1222.4236782628
1394.3652391064002
1163.3348752972001
1221.1498564294
1343.1471645156998
1242.7336890368001
1538.2763014998
1286.0808025204
1332.8531002323998
1263.8063245207
1208.3956463307
1411.3726580463
1157.0729706401
1197.4833209152
1267.5835760808
1206.7913575414
1416.0305500434001
1212.6804388696
1270.6719017034002
1304.3004364957999
1216.3444129853
1421.2894557038
1199.5926405371001
1274.8409884814
1256.7800525092
1223.4307114518
1356.7511872684
1213.1695643261
1241.1279160066001
1516.3020568186998
1405.3953333657
1524.2124078315999
1259.7519528743
1492.7881955374
1291.9278062361
1215.8640334743
1387.5982567645
1214.5264364238
1229.2318522934002
1303.4425474342002
1195.2068845313001
1410.8215622550001
1184.9223293630998
1224.960973928
1303.4425474342002
1195.2068845313001
1410.8215622550001
1184.9223293630998
1224.960973928
1324.1516985678
1189.0108296372
1399.9661065871
1243.0320473836998
1309.6168814275
1291.9278062361
1215.8640334743
1387.5982567645
1214.5264364238
1229.2318522934002
1258.1468092536002
1229.2603976117
1354.4870151215
1164.5887737137
1241.6958315409001
1324.1516985678
1189.0108296372
1399.9661065871
1243.0320473836998
1309.6168814275
1291.9278062361
1215.8640334743
1387.5982567645
1214.5264364238
1229.2318522934002
1327.7870945658
1196.7804515523999
1375.4905214769
1246.2485123006
1200.2398599495
1395.4527742088
1189.5838825456
1407.6541410818
1186.379948022
1259.6584179139
1284.5094012660002
1226.7027376397
1446.1784240032998
1206.7541843874
1231.2706431153001
1263.8063245207
1208.3956463307
1411.3726580463
1157.0729706401
1197.4833209152
1393.7852888163002
1253.7278080789
1386.2822172525
1208.6344705974998
1228.9320218593
1281.3293255941999
1206.6958259929002
1403.1314602387001
1186.4831063003999
1300.8564807201
1395.4527742088
1189.5838825456
1407.6541410818
1186.379948022
1259.6584179139
1298.3886553081
1196.6098179322998
1460.726402881
1223.4893699279
1243.6751256775
[INFO][smbo.py:327] Finished 50 trials.
1400.9966101297998
1333.4376374103
1393.9171846156
1242.7887903892001
1247.2005855365
1370.2138843613002
1197.4531830039998
1479.7936659222
1237.8487971526001
1228.0270653187
1263.8063245207
1208.3956463307
1411.3726580463
1157.0729706401
1197.4833209152
1370.2138843613002
1197.4531830039998
1479.7936659222
1237.8487971526001
1228.0270653187
1264.9147537714
1191.2041281496001
1456.6557658767001
1200.5295162613
1284.0176373385
1370.2138843613002
1197.4531830039998
1479.7936659222
1237.8487971526001
1228.0270653187
1263.8063245207
1208.3956463307
1411.3726580463
1157.0729706401
1197.4833209152
1383.5379709435
1178.4572357869001
1401.5724338219
1170.1508847738
1263.2123305094
1297.3719164146999
1172.2340381264999
1470.5488433277
1257.4647487984998
1191.9405089009
1351.0864196184
1240.3530710971
1398.8390208233
1277.227211628
1257.5094038602
1263.8063245207
1208.3956463307
1411.3726580463
1157.0729706401
1197.4833209152
1263.8063245207
1208.3956463307
1411.3726580463
1157.0729706401
1197.4833209152
1263.8063245207
1208.3956463307
1411.3726580463
1157.0729706401
1197.4833209152
1295.1452975325
1140.8414840086
1405.0012824547
1192.8319926975
1270.0149775561
1295.1452975325
1140.8414840086
1405.0012824547
1192.8319926975
1270.0149775561
1413.4451930057999
1472.5028782338
1438.5425122063
1305.0410199987
1278.4165094027
1281.4319700053
1200.0792639810002
1418.5885873495
1153.2071621013001
1207.0930277964999
1281.4319700053
1200.0792639810002
1418.5885873495
1153.2071621013001
1207.0930277964999
1291.9985295336
1211.0105842869998
1399.9001735298
1145.2111316469
1230.9538370044997
1260.9876747419
1225.2016017289002
1419.3322838459
1154.9156246237999
1210.2635394031
1264.9343117141
1187.7898230996
1401.0144470805
1184.8780076261
1255.2484423441
1306.2019525995
1128.5749821109
1458.1297354929002
1207.927360223
1199.1218461178998
1281.6209116763
1293.4640419490001
1477.2398005659002
1212.5399795145
1358.2135955873
1326.5431413208998
1209.7352702849
1446.3867365003998
1205.5154849038
1233.0862011486001
1263.8063245207
1208.3956463307
1411.3726580463
1157.0729706401
1197.4833209152
[INFO][smbo.py:335] Configuration budget is exhausted:
[INFO][smbo.py:336] --- Remaining wallclock time: inf
[INFO][smbo.py:337] --- Remaining cpu time: inf
[INFO][smbo.py:338] --- Remaining trials: 0
