[INFO][abstract_initial_design.py:87] Reducing the number of initial configurations from 60 to 18 (max_ratio == 0.25).
[INFO][abstract_initial_design.py:139] Using 18 initial design configurations and 0 additional configurations.
[INFO][abstract_intensifier.py:307] Using only one seed for deterministic scenario.
1332.7635926067999
1594.0505818325
1936.2580848143
1185.9780056432
1518.3636267305
[INFO][abstract_intensifier.py:517] Added config 26fdc2 as new incumbent because there are no incumbents yet.
1422.2612454866
1492.7580632887002
2041.4268962218998
1224.7020028231
1415.5487774793
1550.7376722587
1503.3230818032
1800.2779228771
1294.6057499067997
1443.8584822077
1394.3048907333
1500.8323455006002
1831.1629928174002
1176.5696248960999
1454.9638810238
[INFO][abstract_intensifier.py:596] Added config 71b0a5 and rejected config 26fdc2 as incumbent because it is not better than the incumbents on 1 instances: 
1409.9527388026002
1468.9249364428001
1963.493302573
1170.7506111221
1355.1922525485002
1582.0826595700998
1437.6007711481
1816.9383412695
1277.4786724752998
1554.3622088642
1357.6142293925
1425.5599673539
1919.7894019188998
1217.8874120778
1793.6765298292999
1516.4823861767
1558.5133833214
1868.9481244117
1059.9676949506
1553.6691134843
1350.1981740032
1401.8947783213998
1816.3008651373998
1201.9709894863
1673.8271102308
1602.7367851497002
1480.4412360534002
1930.7979275059997
1239.7894684567
1584.6518822179
1391.6541218337998
1443.0821456633998
1650.1341007790002
1187.9333468934
1443.4193884904998
[INFO][abstract_intensifier.py:596] Added config 1f00ce and rejected config 71b0a5 as incumbent because it is not better than the incumbents on 1 instances: 
1643.4256745784
1488.9551369544997
1778.2908835336
1206.9247908938
1437.0218926915002
1361.7397475373
1442.6485477693
1967.6364347492997
1221.6642399557
1437.5662876484998
1524.4231144926998
1393.6039845365
1954.259588952
1361.396156745
1631.1372683514
1496.1164933834
1465.274552417
1908.3626946649997
1217.7107482298
1499.9210907562997
1350.4746479547
1452.9840245833998
1889.8260380477
1234.6779992504
1380.7802206045
1412.1634564683
1467.6491173215
1994.7513230527998
1131.9723684854998
1426.1607006762001
1430.9906084529998
1372.5257360152
1767.2192362062997
1235.8836632977
1398.436707974
1402.5102137229
1531.2402119896
1793.1345310886
1236.4057550812
1502.4464545644
1426.8487634983999
1384.596557535
1828.6302642996
1225.830098937
1428.9417669461
1457.7868086045
1506.9147217901002
1789.6938529073
1180.0642114939
1525.7542357153998
1522.9753604351
1429.158328317
1831.2443007886
1221.427456813
1397.496506295
1555.6939931982
1474.0811433683
1950.3200767708
1177.3911191805
1448.5393642304
1660.654302685
1466.6770046887
1980.529697564
1379.5975661638
1998.6464113571
1430.6450540112
1438.2191169235998
1932.8203973709997
1186.3164007101
1501.2577714945
1441.9507206258
1482.6513517752
1634.9274904459999
1144.0174509853
1461.1640522870998
1473.9465820271
1437.623633248
1936.8213013695
1238.6919492702
1314.8372443129
1458.9733880351
1446.5651552095
1948.8442578792
1255.0935956025
1445.3685867144
1463.8405447513
1398.3941319695
1910.9715797476
1324.2869898459999
1484.2728442546
1413.7366733617
1415.3068252062
1765.3790015597
1134.6206110253001
1444.2911436564
1472.6144293654002
1431.4968605062
1892.8688931380002
1229.713228917
1368.5148238973
1458.9733880351
1446.5651552095
1948.8442578792
1255.0935956025
1445.3685867144
1476.5801162538
1455.5355067642001
1833.7169742739998
1169.0470586134002
1519.7071404473
1768.1431667977001
1522.1189144339
1919.2617486161
1391.2908982371
1747.8002603113
1364.9767469361
1499.3354399563
1689.0906248054
1156.7644799529999
1425.3922487675998
1470.1461470819
1495.8687496385999
1850.2152039323
1204.2870784179
1449.3414837002
1406.1363386885
1471.7466419043
1776.7524715375998
1155.5583554333998
1518.5345489113001
1409.9317235895
1503.8070289292
1846.0583706479997
1229.0167275376
1489.2908429539
1534.7820993241999
1452.2481673126
1648.8918891888998
1245.9455824064999
1396.3436450506
1383.4129023328
1470.2517429232
1969.4147589744998
1196.9386325627001
1477.2663658204
1364.9767469361
1499.3354399563
1689.0906248054
1156.7644799529999
1425.3922487675998
1541.9768004471
1501.6519970857003
1817.0755254418
1097.3169492394
1474.4088666294
1490.3702743326999
1453.7981141165
1922.6235774164002
1177.3228240335998
1495.151544807
1490.3702743326999
1453.7981141165
1922.6235774164002
1177.3228240335998
1495.151544807
1365.7351885483
1468.6758772342
1950.9451894981
1175.0085338346
1396.0882297904
1490.3702743326999
1453.7981141165
1922.6235774164002
1177.3228240335998
1495.151544807
1483.1165269442
1453.7687979612
1915.9332804622
1186.8313652494999
1491.5160041478998
1400.0206151712
1548.8676762893
1967.5723174720997
1199.5767711299
1526.363936207
1490.3702743326999
1453.7981141165
1922.6235774164002
1177.3228240335998
1495.151544807
1352.0449003566
1444.0549047477002
1809.9448942863999
1127.8716443259
1406.532257668
[INFO][smbo.py:327] Finished 50 trials.
1661.0937849999998
1449.6310464361
1710.6106000334003
1193.2745982616
1603.9564373319
1396.9093744529
1452.8926916435
1807.3177379827998
1119.8776728261
1316.5863291949
[INFO][abstract_intensifier.py:596] Added config 0e967e and rejected config 1f00ce as incumbent because it is not better than the incumbents on 1 instances: 
1396.9093744529
1452.8926916435
1807.3177379827998
1119.8776728261
1316.5863291949
1446.239380644
1412.7033977566
1797.1677192483999
1216.11749964
1457.8360183857003
1436.525337435
1398.3416427414
2017.5471656137001
1213.9722953115001
1525.8047854039
1444.1922641614
1440.8124389333998
1967.2037269502998
1203.6818280056
1429.0772288525
1491.8391061606999
1518.8234166979998
1817.8426459808
1238.7175737841999
1362.4898998879999
1400.8946646801
1432.3476214614998
1844.658106792
1192.1875690377
1364.3715679373
1453.0294079695
1446.7054907221
1824.2235466251
1191.8816789653001
1613.387152183
1401.8165685744002
1466.4939985541
1795.3316713883
1213.8260940234
1358.7482995178
1602.0079449706
1481.3721515943
1848.6417135415
1278.9586935757002
1438.9525085916998
1438.4150405956
1460.426978816
1828.5969534662
1156.0629063635
1425.1296523883998
1424.372953822
1527.5727049242
1860.4523296991001
1188.6340344767
1374.0452561451002
1482.2895345187999
1492.9830566709
1938.2463324219
1186.1504313274
1423.7560458126
1449.5628295239999
1452.5282697532002
1989.4248090807
1124.7533213918
1361.9805976545
1438.4150405956
1460.426978816
1828.5969534662
1156.0629063635
1425.1296523883998
1642.9764135724001
1497.0227372344998
1934.5030886962
1283.1790272742
1526.2425909745998
1501.7877524849
1526.4697478609999
1958.3355453171998
1267.3490422434
1446.4496332888002
1404.5756480707
1418.8440502975
1880.0776509301
1206.9636950475
1414.2958632039
1396.5825538884
1456.8282840260001
1876.5174845201
1087.069706501
1375.2874887715002
1396.5825538884
1456.8282840260001
1876.5174845201
1087.069706501
1375.2874887715002
1476.1964423668
1502.1975613349002
1854.6381666624
1213.0521890347
1540.3118562006
1501.7877524849
1526.4697478609999
1958.3355453171998
1267.3490422434
1446.4496332888002
1467.5435673010002
1423.278078493
1834.2028797957998
1175.9912202456999
1327.1037611846
1538.5123994771998
1450.2356560008
1906.7181717936
1216.2934601524
1531.938377059
[INFO][smbo.py:335] Configuration budget is exhausted:
[INFO][smbo.py:336] --- Remaining wallclock time: inf
[INFO][smbo.py:337] --- Remaining cpu time: inf
[INFO][smbo.py:338] --- Remaining trials: 0
