[INFO][abstract_initial_design.py:87] Reducing the number of initial configurations from 60 to 18 (max_ratio == 0.25).
[INFO][abstract_initial_design.py:139] Using 18 initial design configurations and 0 additional configurations.
[INFO][abstract_intensifier.py:307] Using only one seed for deterministic scenario.
1423.4357575773001
1226.793655001
1411.9402928771
1190.3152357529
1300.9281876115
[INFO][abstract_intensifier.py:517] Added config 26fdc2 as new incumbent because there are no incumbents yet.
1427.6136746398001
1254.6223179406
1417.5642317729
1225.8017231385002
1315.8753429566
1477.6064846251
1233.7405206362
1397.4062355861001
1244.7507809567999
1288.8622545768999
1422.6382391417999
1234.2117173312
1359.5363338729
1156.6700346843
1278.801695421
[INFO][abstract_intensifier.py:596] Added config 71b0a5 and rejected config 26fdc2 as incumbent because it is not better than the incumbents on 1 instances: 
1475.5631403151
1191.3510416444
1411.5960734589999
1217.0046767515998
1293.0926862978
1520.7446909615
1307.2746001485998
1320.6510206026
1179.2833515855998
1292.3101353438
1519.7785428070001
1355.5054073483
1436.0359847517002
1226.8359734057
1434.0839000954
1457.3365345089999
1298.4377354387
1325.7176636786
1217.5057886417999
1222.4208196096001
1426.5981945981998
1274.7098632766001
1379.8554482047
1193.4417962629
1302.8489114986999
1432.747102534
1274.9593214173
1384.4928464126
1205.2097504591002
1223.5991580009002
1417.1129965354999
1232.9790104697
1402.9728783957999
1140.0699975885
1280.8817850640999
1473.2719095840998
1198.8000285704002
1397.0847523073
1232.1629275848
1324.0413821292
1455.3223596907999
1263.9349189128
1394.1930784649
1205.600586997
1374.2950248816
1434.9900873871998
1277.0769164511998
1372.7550287302001
1284.2762255414
1291.7673823200998
1424.0254644195002
1243.1014779871
1378.2068570973
1236.8510305413001
1297.5036350605
1408.4736503338
1232.3772475606002
1381.2135338173998
1160.9607692376999
1249.9298454333002
[INFO][abstract_intensifier.py:596] Added config e66913 and rejected config 71b0a5 as incumbent because it is not better than the incumbents on 1 instances: 
1471.0005928356
1252.4342251560001
1469.2515964661002
1197.3362983574
1338.1034014451
1424.8899804298999
1242.1820557573
1390.7654193580001
1179.3519311978
1282.2553147549
1434.4035443518
1309.5060419998001
1377.2758115368001
1211.3946667525001
1333.3781813096
1459.5609148297
1267.7873921531
1323.5993805158
1136.4528354986
1272.3983355131002
1479.71740838
1322.8780917291
1378.4748426463
1207.0659400278
1336.7121366608
1411.9858581991
1269.2763354377
1378.5605476156002
1159.3479620589
1239.3776789975
1419.1553385474
1234.8001182338
1372.5908140148
1203.1429972578
1227.3850908201
1511.3796563778
1305.8553895290001
1393.6482328387
1256.4543149273
1450.921353834
1415.7213401205
1206.4756219658002
1382.3141531350998
1202.1557691729
1341.7231347375
1420.1556928027
1309.7956012495997
1308.0009003755
1114.7158791717
1277.6106490010002
[INFO][abstract_intensifier.py:596] Added config 551708 and rejected config e66913 as incumbent because it is not better than the incumbents on 1 instances: 
1428.5023754412
1266.9659245259
1352.6365742051998
1149.0490787221
1274.6737178742
1454.164497645
1285.4779962135
1367.1952520355
1137.8063221336
1239.5149606293
1498.7026832029
1204.9594237395
1386.5935407393
1178.3081979247
1232.6465374616
1396.1948022038
1311.0173547946001
1353.9917989333999
1136.1349646623999
1211.3202943462
[INFO][abstract_intensifier.py:596] Added config 832189 and rejected config 551708 as incumbent because it is not better than the incumbents on 1 instances: 
1428.290490031
1272.8933616591999
1366.8374649100997
1160.5173054506
1238.0909606458001
1396.1948022038
1311.0173547946001
1353.9917989333999
1136.1349646623999
1211.3202943462
1449.0797552588
1264.0379237749999
1424.3656309983999
1262.1278602204
1327.3496914983998
1532.7390895398999
1346.1463786481
1395.1159849383998
1254.0799592984
1321.7957642397
1477.6205912005
1280.1952559888
1320.733355244
1157.9880178475
1235.1066623739998
1477.6205912005
1280.1952559888
1320.733355244
1157.9880178475
1235.1066623739998
1396.1948022038
1311.0173547946001
1353.9917989333999
1136.1349646623999
1211.3202943462
1396.1948022038
1311.0173547946001
1353.9917989333999
1136.1349646623999
1211.3202943462
1392.8549419257001
1252.3038788445
1339.715513601
1179.7007342173001
1269.1805641493002
1468.8645488616
1262.1257891341002
1369.9383116686
1196.6221219914
1250.3606174720999
1382.0641249096
1263.3879402367
1336.0090278869
1143.1661037218
1242.9798061177999
[INFO][abstract_intensifier.py:596] Added config 98e497 and rejected config 832189 as incumbent because it is not better than the incumbents on 1 instances: 
1393.0512649769
1252.4027484231
1371.9394296336
1138.0274545380998
1258.8341913356
1401.721598635
1280.766230627
1322.2996033204
1139.2009980266998
1242.1040857604
1462.6284585995
1303.3314983182
1381.8887952818
1143.3927124709999
1225.7939761275
1450.6699437104999
1239.605309774
1401.2731851861
1156.0759713751
1359.6580816655
1425.9310429262
1261.7562298439
1407.5533136008999
1195.6169914751
1288.3208992159
1415.6831695919
1229.4754793164998
1384.0023425868999
1189.3542972410999
1298.2873000101
1471.8983768485
1255.1087687086
1417.8272958859
1224.1326285332998
1309.1836999459001
1418.1862946091
1280.3257535654998
1324.708313102
1128.2529418121999
1241.5952953919
1471.7227683221
1317.5443503671
1405.5768566702
1237.1055416432
1368.7924825989
[INFO][smbo.py:327] Finished 50 trials.
1442.2369232313
1306.2610822476
1323.3835989371
1196.5216049127002
1253.7465048197
1392.5718385759
1173.7966760819
1295.9087684331998
1152.980515105
1277.7570689435001
[INFO][abstract_intensifier.py:596] Added config 377653 and rejected config 98e497 as incumbent because it is not better than the incumbents on 1 instances: 
1392.5718385759
1173.7966760819
1295.9087684331998
1152.980515105
1277.7570689435001
1376.8775203554
1173.8112208691
1303.2145146504
1156.2699559542002
1273.8126320026
[INFO][abstract_intensifier.py:596] Added config 715646 and rejected config 377653 as incumbent because it is not better than the incumbents on 1 instances: 
1400.9650106519
1242.0659044507001
1365.8325593763002
1196.9903203037
1267.5933328555
1452.9597027836
1182.3978811753
1410.3314700825
1170.4017543339
1376.4148891687
1464.2452046125
1205.9639727688
1407.1414624877998
1192.3325136066
1295.4448528728
1427.1203310399
1304.1395366361
1405.7465056419
1196.1635660226
1327.0116286548
1409.8936504058001
1252.0065543944
1370.3935159945
1183.0310599376999
1276.9383553504001
1399.2654690847999
1215.7927664205
1365.9274805247
1147.7459426845999
1273.1053173541
1499.4307683043999
1208.4091479723
1405.7817136203
1180.6153092683999
1288.7940298281
1481.0054539951998
1190.5560555209
1396.2946198211
1189.4283922255001
1251.0688804716
1406.2193455773
1176.1063704944
1391.4766121882
1169.620027785
1266.8725256079
1427.1421264008
1203.1369116888
1376.5110019964
1158.6704099599
1296.3843880973
1396.7406346211
1235.6373557544998
1362.414663438
1141.8562928067001
1280.7620718151
1435.2789934893
1200.4201314965
1380.915909381
1154.9385931231
1295.0602738583998
1406.7340124654
1232.7254711738
1377.7179363225
1208.7251078719
1336.9788640676
1459.4038748862
1317.6611795834
1318.7978853330999
1148.3219758018
1306.4260014366
1404.1050616268
1222.8077396054
1379.9911597831
1212.1344664870999
1307.3387679726
1404.1050616268
1222.8077396054
1379.9911597831
1212.1344664870999
1307.3387679726
1389.8034532730999
1177.3271892511002
1358.532882982
1172.3656160096998
1277.4945352459001
1380.9000825832
1236.8339441784
1362.4126848562
1144.0616507749
1233.0046311559
1451.0343848465
1178.0968507348
1378.8465573107
1167.1276635075
1262.4772228445
1451.0343848465
1178.0968507348
1378.8465573107
1167.1276635075
1262.4772228445
1375.7561175165
1239.8851158355
1438.8396669613
1217.2625093473
1301.8832936395
[INFO][smbo.py:335] Configuration budget is exhausted:
[INFO][smbo.py:336] --- Remaining wallclock time: inf
[INFO][smbo.py:337] --- Remaining cpu time: inf
[INFO][smbo.py:338] --- Remaining trials: 0
