[INFO][abstract_initial_design.py:87] Reducing the number of initial configurations from 60 to 18 (max_ratio == 0.25).
[INFO][abstract_initial_design.py:139] Using 18 initial design configurations and 0 additional configurations.
[INFO][abstract_intensifier.py:307] Using only one seed for deterministic scenario.
1347.9261822007002
1388.1225167143
1455.0588756087
1037.5902046702
1732.7120595389001
[INFO][abstract_intensifier.py:517] Added config 26fdc2 as new incumbent because there are no incumbents yet.
1254.5914749556
1395.2488852052
1669.5196320661
1030.023528036
1739.1700974835999
1240.9252538872001
1437.9793459971002
1321.9133916791002
1139.9068877666
1582.7111417902
[INFO][abstract_intensifier.py:596] Added config 9b0ae0 and rejected config 26fdc2 as incumbent because it is not better than the incumbents on 1 instances: 
1269.0060634603
1294.8052888739
1366.8389706393
1063.9602139838
1614.1666766348999
[INFO][abstract_intensifier.py:596] Added config 71b0a5 and rejected config 9b0ae0 as incumbent because it is not better than the incumbents on 1 instances: 
1245.4307998128
1379.2993149079
1598.7643442922
1026.181803561
1565.8467401531002
1492.9866907106
1525.1066794847002
1421.6016556412
1249.5549349471999
1686.8044315073998
1396.209638257
1543.1566812992
2039.6852420982
1141.077985411
1978.3010950721
1404.027454105
1407.7796808417
1394.9593978849
1155.1282964872
1735.5379378887
1329.1700674749
1239.2045554101
1570.5799094274003
1076.1014083172
1584.733281481
1471.3636087996001
1375.5426914082
1591.0333693609
1121.5306525943001
1887.7141733986
1241.5777815558
1366.4737969201
1387.5948746131
1068.0257307726001
1621.0803647414002
1552.5785712231
1397.4936385463
1369.1327920343
1178.2572591407
1844.2827453978998
1288.1543675966
1356.605342055
1459.6103227855
1045.9373505756998
1636.1152713484
1363.9034124882
1357.0276878635
1650.6182250706
1101.0938385938
1830.9634794642
1412.3888923099998
1398.7387021431
1553.3653697624
1033.2920012621
1743.9962696741
1274.3641178741
1363.7687548718002
1497.5644022561
1048.7847764944
1687.6253432234998
1288.7538317259
1292.125417697
1540.7753831536
1133.4814495846
1693.8603202501
1265.6830405951
1409.9150352918
1390.8358714646001
1006.7497052924
1565.1263919542998
1270.1646857254
1198.0230357123
1387.0596383951001
1049.2594047657
1561.7407508406
[INFO][abstract_intensifier.py:596] Added config 01f398 and rejected config 71b0a5 as incumbent because it is not better than the incumbents on 1 instances: 
1296.8458345208
1355.2432053687999
1459.7673038038001
1024.7740475535
1628.6619793482
1255.3161040763
1190.4952789567
1419.3523008943
1056.8515579189
1648.5453609955002
1260.3070573597001
1218.2526580815002
1585.9892504299
1052.8264890983999
1575.5821571626
1241.6577071639
1461.6419417036
1497.9421223248
1151.0422854514
1617.9284016241
1444.9581718913998
1542.7787665225
1585.5833307649
1203.8284984146999
1709.3061072345
1264.82128255
1335.6257476414
1447.7189745732
1003.2081383619
1651.2627201769
1200.3945460579
1383.4206588634
1387.3576472175
1021.4168533356001
1653.1117111999001
1270.1646857254
1198.0230357123
1387.0596383951001
1049.2594047657
1561.7407508406
1226.7499468015
1451.1330715110003
1447.6145236861
1044.6831321418
1433.7129443597
1157.6000123639
1340.1413402926
1527.4387399746
1101.9053859358
1707.740037516
1270.1646857254
1198.0230357123
1387.0596383951001
1049.2594047657
1561.7407508406
1270.1646857254
1198.0230357123
1387.0596383951001
1049.2594047657
1561.7407508406
1226.7499468015
1451.1330715110003
1447.6145236861
1044.6831321418
1433.7129443597
1265.9628072998999
1373.5627010177
1362.1162031525
1089.7904741763
1757.9405106451
1532.7306338874
1574.0562670078998
1542.3713262622
1578.9962117362998
1772.3092136644
1270.1646857254
1198.0230357123
1387.0596383951001
1049.2594047657
1561.7407508406
1270.1646857254
1198.0230357123
1387.0596383951001
1049.2594047657
1561.7407508406
1270.1646857254
1198.0230357123
1387.0596383951001
1049.2594047657
1561.7407508406
1270.1646857254
1198.0230357123
1387.0596383951001
1049.2594047657
1561.7407508406
1270.1646857254
1198.0230357123
1387.0596383951001
1049.2594047657
1561.7407508406
1228.8630008155
1383.8559957024002
1430.0975477427
1060.9085908540999
1613.1408227944003
1270.1646857254
1198.0230357123
1387.0596383951001
1049.2594047657
1561.7407508406
1270.1646857254
1198.0230357123
1387.0596383951001
1049.2594047657
1561.7407508406
1205.7909226181
1390.0502422796
1500.9351905259
1021.7914425078999
1583.8169754454002
1249.6045780758
1331.4327473957
1408.6013943777
989.2488444756
1624.6283317272
1217.7059061777
1347.734954931
1627.2868500423
1039.9230731567
1643.7996540664
1241.3181361008
1390.9208533219
1575.9595753411
1015.5727866367001
1582.2054942885002
1264.9206216396
1417.5765347875001
1498.8652374282
1015.4139680612
1617.5974270733
1360.436694555
1369.3810529198
1498.2753372516
1061.0190153632
1615.8216718686
1249.6045780758
1331.4327473957
1408.6013943777
989.2488444756
1624.6283317272
1220.1077805338
1360.5784215278
1563.1271471822001
980.4225082902999
1610.2543666798997
[INFO][smbo.py:327] Finished 50 trials.
1414.6830136361
1529.3924551089
1423.4518351029
1177.9655423136
1663.9564656867
1263.1041319427
1188.2131276489001
1387.4063797828
1044.7503143807
1575.1978980924
[INFO][abstract_intensifier.py:596] Added config e3e7d8 and rejected config 01f398 as incumbent because it is not better than the incumbents on 1 instances: 
1270.1646857254
1198.0230357123
1387.0596383951001
1049.2594047657
1561.7407508406
1199.3451617857
1317.7062178566002
1371.4118161138001
1064.1938512308
1623.3246973297
1185.145511726
1312.6105855212
1355.1667383209
1075.8129936694
1619.2098977287
1267.3895100019
1424.8724607045
1491.4757142047001
1050.4044402741
1619.3615895396001
1263.1041319427
1188.2131276489001
1387.4063797828
1044.7503143807
1575.1978980924
1270.1646857254
1198.0230357123
1387.0596383951001
1049.2594047657
1561.7407508406
1248.6394209916
1387.9334726225002
1463.1860276724
1095.4704515096
1661.695602029
1255.8399646172
1257.5706144215
1416.9831930634
1050.1159830216
1559.4261422542
1432.2383357766
1370.612295008
1500.5481276111
1149.9451200067
1816.7355470133002
1263.1041319427
1188.2131276489001
1387.4063797828
1044.7503143807
1575.1978980924
1263.1041319427
1188.2131276489001
1387.4063797828
1044.7503143807
1575.1978980924
1255.8399646172
1257.5706144215
1416.9831930634
1050.1159830216
1559.4261422542
1247.0424285858999
1258.9162325199
1417.5102567586
1054.0983853234
1559.4297748144
1263.1041319427
1188.2131276489001
1387.4063797828
1044.7503143807
1575.1978980924
1269.4119993672998
1390.4736726534
1495.7574069762
1004.5714882947
1646.0659358352
1440.2204311611
1365.0214382835
1613.6455081046
1204.0132907077
1656.8278008047
1221.2927100900001
1392.7881803452
1559.674131328
1021.9266402213999
1594.6866735601002
1247.8748950090999
1321.4735571279
1403.4797266363998
989.2488300529001
1659.7646457817
1294.7159024726998
1393.0604187041001
1356.2857488746
1003.5276810189
1602.6000779760998
1254.6856590600999
1375.4499054865
1600.2381065816999
999.6943749555999
1583.3222682564
1274.6025136945
1286.0206048257
1448.8593978275999
1005.1554455213001
1615.2905491623999
1269.4119993672998
1390.4736726534
1495.7574069762
1004.5714882947
1646.0659358352
1383.190326354
1380.163486534
1465.6843952968002
1065.6713535022
1718.1562805737
[INFO][smbo.py:335] Configuration budget is exhausted:
[INFO][smbo.py:336] --- Remaining wallclock time: inf
[INFO][smbo.py:337] --- Remaining cpu time: inf
[INFO][smbo.py:338] --- Remaining trials: 0
