[INFO][abstract_initial_design.py:87] Reducing the number of initial configurations from 60 to 18 (max_ratio == 0.25).
[INFO][abstract_initial_design.py:139] Using 18 initial design configurations and 0 additional configurations.
[INFO][abstract_intensifier.py:307] Using only one seed for deterministic scenario.
1519.877478915
1209.7803700251
1458.3446962571998
1159.5187146788
1342.1703363376
[INFO][abstract_intensifier.py:517] Added config 26fdc2 as new incumbent because there are no incumbents yet.
1523.4855263441
1279.0031324386
1371.8433154973
1197.2536205764
1336.2123475184999
1530.1481708146998
1250.8238701807
1412.9307728983
1231.5690091692
1324.9228079748
1477.7411810467
1258.5145413257
1445.1183707375
1197.3472477172002
1314.5509544372
1479.4654197449
1221.2067334976
1397.5169585534
1204.2560633297999
1318.906070749
[INFO][abstract_intensifier.py:596] Added config 87cf8a and rejected config 26fdc2 as incumbent because it is not better than the incumbents on 1 instances: 
1551.2075517936
1323.9093864174001
1478.6817496627998
1217.4415069826
1353.3683132985
1519.3867588870999
1329.0519113278
1470.2548074396
1303.2893687015
1430.8830432178
1549.0652056585
1227.9454632979
1417.0739666521
1212.5702856075
1328.2626907517001
1468.8214624071002
1311.2162907135
1388.6474822307
1233.0062583247
1319.6268790694999
1541.2628356139
1225.2169448721002
1416.9093927582999
1198.2267390060001
1288.6508390422
1500.6472922245002
1260.2527026577
1407.7368111931
1209.0767217532
1305.0926143174001
1508.4723889211
1199.6803127422
1505.2322462214001
1271.501177105
1369.2841785346
1487.9835099440998
1243.9601534956
1441.6235254721
1199.4495534149
1338.5862387253
1467.5367389637
1265.9973336497
1420.3225936191998
1263.2475115174
1341.2978013387
1549.6254578377998
1189.1770793052
1451.0566830234002
1268.2626512233
1322.2779999345003
1505.4934385974002
1204.6228778708
1387.3809642740998
1164.4317210053
1300.38218936
[INFO][abstract_intensifier.py:596] Added config e66913 and rejected config 87cf8a as incumbent because it is not better than the incumbents on 1 instances: 
1620.1282063939998
1276.4188446699
1495.0094449601
1282.5923455065001
1376.9150198301
1443.5156950767
1243.7818216875
1387.0981551333
1202.4231679636
1314.9161169997
1518.04068763
1216.3138595331998
1417.4838035508
1179.4859266871
1294.8151697828
1497.9031494524
1214.9891906242
1403.7419888938
1191.7322136454002
1322.6685197306
1472.1869933588
1217.0599473642
1403.3181154234999
1155.4971166648002
1320.9042178999
1448.4326365842
1239.5903073085
1406.6286231974
1220.115843946
1292.1839156719002
1480.584205873
1277.2195578792
1425.5219930937
1198.6824477747
1246.9915340390999
1538.4608893677
1343.2579155283
1447.4720809953
1266.8209481505999
1404.8689837086
1471.4281150613
1188.8818495495
1459.4640912633
1189.5108336588
1321.4384472346999
1510.5619382979
1208.8737889508
1386.9511551251999
1186.4183984118
1295.0411256619
1547.3125206519999
1277.7282001579001
1429.190458332
1164.8988715863
1310.8431930253
1480.8782698999999
1235.1781724232
1446.1564973623001
1255.9907063776
1368.6153954197
1500.6040009934
1259.8564966346
1437.2104079741
1189.7959915751999
1315.9178053711998
1490.8940144698
1347.3089039658
1457.7945156389
1208.7579818822
1313.8473342419002
1506.1918848921
1351.723583938
1416.7886373069
1200.6797386079
1326.5230884384
1567.7416975156
1379.9234210737
1495.8325684933002
1250.9940185064
1380.9613357734002
1543.9956644623999
1286.217339966
1430.0113809936001
1189.972542922
1362.6284829124002
1662.5843715276
1353.2294692476
1490.4896991321002
1262.7609926362998
1369.8326393778002
1462.0281709107
1195.6482191262999
1402.3229436365
1187.4584675252
1289.4840147113
[INFO][abstract_intensifier.py:596] Added config a4b554 and rejected config e66913 as incumbent because it is not better than the incumbents on 1 instances: 
1464.1613798827
1215.1056431517
1379.1925885719002
1170.9286960291
1301.9351172131
[INFO][abstract_intensifier.py:596] Added config d6ff2e and rejected config a4b554 as incumbent because it is not better than the incumbents on 1 instances: 
1490.6693038229
1240.5837315877
1418.160733387
1170.2458240151
1291.1803228681001
1488.0958826767
1234.6732231717
1379.9723721249002
1174.4340391045998
1253.3155328384
[INFO][abstract_intensifier.py:596] Added config 88b551 and rejected config d6ff2e as incumbent because it is not better than the incumbents on 1 instances: 
1477.3721299080999
1211.6210798835
1367.8093656260999
1181.2376122969
1302.8201386442
1503.0690220973001
1277.6939578938
1414.738823321
1188.4651650841
1301.1095087164
1478.1783445914
1211.3276107087
1366.7238838003998
1183.3445229098002
1303.6148772295
1500.8364941772002
1220.5674924913
1430.7604694565998
1214.1039896388
1287.9706362062
1477.4613783034001
1283.2045078346
1422.3413847262002
1145.6084295032
1289.3748237236
1491.8487767442998
1218.3899878906
1381.3171569262
1175.7737054406998
1279.9152643266
1501.0505029313
1251.7497754648998
1474.2205208743
1226.611980736
1352.5223383317002
1486.5027912211
1237.5563605843
1447.3954640091001
1236.5837862160001
1332.8058801555
1429.4021364469
1271.4798321783
1495.1004270511999
1236.7111969967
1305.9569469091
1528.7032762433
1249.2332451348998
1445.6653156073999
1178.4355388203999
1285.6730375882
1494.666222407
1229.9985816273
1379.9495882811
1175.5987169606
1258.9535188759
1458.0308668992002
1341.7406726652998
1455.2325708738001
1225.194175194
1360.558893003
[INFO][smbo.py:327] Finished 50 trials.
1482.0523337966001
1341.1856161056
1430.9154709764
1215.8769499184998
1306.8576917101
1499.9453442335
1255.4846461247998
1382.3813401001
1170.6254594473
1268.2955166844
1504.3446922433
1255.4843892344002
1375.0804136081001
1170.0972938221998
1268.6847390039
1455.0347780123
1203.5972210594
1403.8524525219
1160.1544544428
1298.6359566909
[INFO][abstract_intensifier.py:596] Added config 68b709 and rejected config 88b551 as incumbent because it is not better than the incumbents on 1 instances: 
1498.3829846617
1244.6288355095999
1382.3657057117
1168.5847021661998
1268.2751480845
1552.9357769987998
1222.8927369463
1469.0737422493
1178.7094022826
1347.9676913873
1499.9453442335
1255.4846461247998
1382.3813401001
1170.6254594473
1268.2955166844
1499.9453442335
1255.4846461247998
1382.3813401001
1170.6254594473
1268.2955166844
1511.9452074952999
1242.1067871234
1429.2022527911
1155.0800423514
1305.435508126
1439.1346736872001
1218.4630967152998
1364.1567411658
1174.6392795841
1274.6711489909999
[INFO][abstract_intensifier.py:596] Added config 43ecec and rejected config 68b709 as incumbent because it is not better than the incumbents on 1 instances: 
1499.9339025365
1211.4078226713
1516.3060830563
1168.6700184111
1367.7324318086999
1492.2909446424
1195.867125853
1407.4478584068002
1151.4797884774
1285.8933151066
1429.7454251973
1217.9106287261002
1365.1504843684002
1175.108710774
1274.8314272587
[INFO][abstract_intensifier.py:596] Added config 74dcd2 and rejected config 43ecec as incumbent because it is not better than the incumbents on 1 instances: 
1485.6812954048
1197.5975562498
1415.7519636125999
1156.3347665765
1278.4099165062
1489.107740236
1197.5975562889
1418.7894085111998
1154.6581637774
1262.0047506293
1484.7431300138
1197.0059442527
1417.2881704577999
1196.4460682588
1262.1245582503
1531.513308393
1183.5423064719
1402.212908034
1211.5204522039
1281.1814867228
1513.2914195427998
1248.9998767383
1355.4064639115002
1214.9549725669
1359.1788481964
1536.1958493671
1165.8690819578
1401.1647351915
1203.707697065
1296.146373178
1531.513308393
1183.5423064719
1402.212908034
1211.5204522039
1281.1814867228
1531.513308393
1183.5423064719
1402.212908034
1211.5204522039
1281.1814867228
1536.1958493671
1165.8690819578
1401.1647351915
1203.707697065
1296.146373178
1531.513308393
1183.5423064719
1402.212908034
1211.5204522039
1281.1814867228
1531.513308393
1183.5423064719
1402.212908034
1211.5204522039
1281.1814867228
1528.3590567038
1223.9094795797
1381.4769485783
1182.7648094393
1294.4299659898
[INFO][smbo.py:335] Configuration budget is exhausted:
[INFO][smbo.py:336] --- Remaining wallclock time: inf
[INFO][smbo.py:337] --- Remaining cpu time: inf
[INFO][smbo.py:338] --- Remaining trials: 0
