[INFO][abstract_initial_design.py:87] Reducing the number of initial configurations from 60 to 18 (max_ratio == 0.25).
[INFO][abstract_initial_design.py:139] Using 18 initial design configurations and 0 additional configurations.
[INFO][abstract_intensifier.py:307] Using only one seed for deterministic scenario.
1286.2692497510002
1222.4431930403998
1243.890927798
1063.2340184282998
1492.7530410537
[INFO][abstract_intensifier.py:517] Added config 26fdc2 as new incumbent because there are no incumbents yet.
1252.2640956462
1263.8421483802
1199.3791443467
1075.5319451951
1357.821369503
[INFO][abstract_intensifier.py:596] Added config 8a205f and rejected config 26fdc2 as incumbent because it is not better than the incumbents on 1 instances: 
1281.7205669456
1311.0570763555002
1368.0733389661
1103.8763144708
1380.3151350186
1252.7866766226
1240.109650212
1179.6143958254002
1082.0191565472
1349.7724397465
[INFO][abstract_intensifier.py:596] Added config 71b0a5 and rejected config 8a205f as incumbent because it is not better than the incumbents on 1 instances: 
1291.0140860839
1213.7331680192
1167.988358332
1044.5313067127001
1392.611280605
1411.0360253816002
1263.9400871010998
1386.3094243347
1208.8493308908
1523.9550168901999
1444.2302976459
1285.3424160316
1340.293207084
1302.1467698229999
1510.7648786768
1349.2105288951
1250.8609161341
1327.4663445446001
1105.6224685273
1438.9280901031
1270.1781767109999
1327.6175327974
1266.8075819993003
1108.7114024655002
1503.7922874454
1341.8739783659
1244.6334291591997
1249.2083543731
1145.3835239072
1448.9416557230998
1253.524182054
1242.4054123750998
1244.5011877330999
1108.0071716913
1447.9557459845
1384.1158016193
1255.0473351726
1363.8571754763002
1139.8578500169
1436.8724256401001
1247.8158842548
1205.8220189728
1180.34658153
1109.8486070672
1424.2400411937
1300.9053193282998
1228.8720634077
1292.7157824954998
1160.3839016421
1428.8970531788
1250.9168097175002
1291.4160220707
1297.4165467333
1115.8241051727
1500.6467636651
1210.1241558087002
1287.7322105197
1155.6029598236
1063.3845160156
1337.4467636732002
[INFO][abstract_intensifier.py:596] Added config e66913 and rejected config 71b0a5 as incumbent because it is not better than the incumbents on 1 instances: 
1296.909751656
1310.0094421765998
1261.2938755210998
1082.9404111131
1451.5177453807
1268.4604228592998
1294.1463493071
1237.1543619635002
1090.6739006833002
1441.9902283789
1259.2934613397001
1222.3152549708998
1185.7896358808
1077.8856677123
1358.5255535024999
1259.3417208391002
1229.0717441809998
1190.9227721286002
1067.9972685911
1357.7021514321
1242.3334710954
1279.1074878721
1201.2970456445
1108.4800676701
1430.7675638489
1270.2033292912001
1226.1509489668
1174.9349893607
1107.9571397051
1362.224312867
1195.5231798592
1249.9432247901
1297.4245438195003
1101.6714521746999
1358.001542598
1424.3225089896
1278.8896924927
1262.8428724286
1124.8409288247
1643.8210455844
1227.5867078152
1229.8296452567997
1276.5488099833
1053.1837002819998
1424.3771295236002
1240.4841660868
1210.3267452382
1168.3638904593
1117.3163272303
1382.562550131
1393.6201375546998
1263.3731462654
1258.4097141831
1094.5078248681
1408.5219068692
1276.5558093855
1250.7288481668998
1170.6901039483
1067.4713067099
1388.9552681009002
1269.9191393238998
1236.9458845975
1223.3310473797
1088.2509251376
1484.1633645166999
1268.2548502241
1251.6085097506
1232.8978498129
1061.060022789
1398.4927345699002
1317.7406542846
1308.3330410045
1308.8661883342002
1078.2711775722
1441.0441401872
1212.1895387852
1240.6895283855001
1211.3334857083
1041.2460937
1403.9237230784997
1259.0119200753
1271.1474359319
1267.0879425301
1079.0557632296
1509.3408476537002
1577.9175802761
1302.2612858787
1474.67824816
1331.4833166598
1500.4934177625
1278.7768126733
1279.8440265487
1192.1883526228
1104.9917732649
1385.9302598428999
1282.2638841698
1250.6115415817999
1197.8905432305999
1077.4070919148999
1355.9638185009
1278.7768126733
1279.8440265487
1192.1883526228
1104.9917732649
1385.9302598428999
1249.0350437921002
1255.5554086564
1220.3871263699
1065.5023790445998
1440.6645267304
1258.7483186556
1265.2549731041
1215.4563324199
1049.2948056861999
1371.1425226155998
1242.1421602302999
1239.1487697015
1192.1357281505
1073.7524783757
1413.279968665
1231.7297771342
1222.520572289
1224.9633083659
1090.1312997267
1371.7604672654
1237.1233038515002
1246.1722361932998
1201.8961928079
1121.2823213095
1345.5134657146
1245.2365927694002
1298.0203768760998
1187.6378493871
1118.2220307742
1369.8513810402999
1286.2862882535
1289.6848300204
1178.2236113341
1045.8179156634
1351.1437000741
1227.0907112065001
1245.3480336605
1235.1465653417001
1061.420518995
1429.9779492332
1275.5104233697
1281.3556283521
1225.6277486454
1047.1987388334
1355.7095472444998
1222.6148194471
1252.8596433469
1197.4835238308
1077.1945030346
1389.4093157952998
1270.8378454181998
1223.367793699
1224.8477660281
1141.0514607676
1478.0458194985001
1286.0083558237002
1280.5851822217999
1171.2136932048002
1089.5417799658
1376.0400509652
1258.8518188549
1249.9679398959
1183.2920879741
1089.3532978192002
1480.4807268339
[INFO][smbo.py:327] Finished 50 trials.
1328.9088047114
1241.4637448509
1294.9945986515
1114.7636699974
1483.0377077983999
1275.7632311923
1242.3631733214
1184.5430586286002
1039.8312004181
1358.7744300279
1234.615281662
1209.3854811565
1151.6844656776002
1100.7463014795999
1370.1015848891998
1222.3863173227
1266.8256879829
1203.8395824023
1071.9274395109
1393.4232850772
1247.7619943533
1296.1529460258998
1216.3893128522
1061.298427824
1377.0507561651002
1253.5500871282
1204.6747855016001
1214.1353382071
1058.1271337422
1425.035916591
1270.7755094395002
1257.9508592109999
1184.5430587719002
1039.8014370054998
1350.9734937014
1235.086937827
1266.1699571105
1236.3244849047
1078.0880575587
1389.6661123228
1321.7778875006002
1319.0798094350998
1199.9036592090001
1116.1891843232002
1357.1449617555
1270.7338493075
1274.5791892969
1193.3098969722
1104.9948507413
1387.3106621968
1466.9622064658
1293.100792224
1355.9808848082998
1186.5764443958
1444.9781132153003
1270.7338493075
1274.5791892969
1193.3098969722
1104.9948507413
1387.3106621968
1270.7338493075
1274.5791892969
1193.3098969722
1104.9948507413
1387.3106621968
1270.7338493075
1274.5791892969
1193.3098969722
1104.9948507413
1387.3106621968
1266.7208937255
1286.0118369192999
1182.3340165945
1085.3884198677001
1354.5434241608
1265.029365072
1280.7147412434
1177.573762797
1088.5093848579
1366.4938474476
1262.7995521917
1247.9475924524
1217.0952282663
1067.7983141627
1347.9916873674997
1288.6129637364002
1265.5709162164999
1288.406203869
1083.6528638138
1452.2563064166002
1248.3216918530002
1257.2365571955
1167.4081512812
1046.6174245596
1381.3274389629
1219.0629179036
1284.7788932040999
1207.8427931926
1080.3317388686
1377.9421624387
1245.4283591459998
1244.5626519562002
1200.7162538931
1082.8004960678
1376.3638932067001
1205.1037260362002
1232.5011176695998
1266.6115291042001
1098.3913749186
1373.395357162
1208.1712887554
1281.3021596815
1170.0041249834999
1090.9035710583998
1369.2976187534998
1238.5090103177
1252.4457273729
1206.9115638490002
1100.5075297859
1339.7214240074
1242.8096036694
1254.0225121637
1256.0198323142
1037.5080021822
1487.8777887361998
[INFO][smbo.py:335] Configuration budget is exhausted:
[INFO][smbo.py:336] --- Remaining wallclock time: inf
[INFO][smbo.py:337] --- Remaining cpu time: inf
[INFO][smbo.py:338] --- Remaining trials: 0
