[INFO][abstract_initial_design.py:87] Reducing the number of initial configurations from 60 to 18 (max_ratio == 0.25).
[INFO][abstract_initial_design.py:139] Using 18 initial design configurations and 0 additional configurations.
[INFO][abstract_intensifier.py:307] Using only one seed for deterministic scenario.
1480.4490393598999
2779.8242675947
2831.7776121730003
1118.7041331016
1167.4020400515
[INFO][abstract_intensifier.py:517] Added config 26fdc2 as new incumbent because there are no incumbents yet.
1465.2334632298002
2600.7246711105
2977.5337240615
1155.3426927797
1208.9288033832
1679.6948095265
2928.6054663902005
2758.7889711802
1162.4326123298001
1309.7790109403998
1371.6575434442002
2606.3299993275
2245.3025064263
1113.9260176146
1165.9854741349
[INFO][abstract_intensifier.py:596] Added config 71b0a5 and rejected config 26fdc2 as incumbent because it is not better than the incumbents on 1 instances: 
1399.1040184987
2586.2515443825
2583.5906827515
1060.9518567408
1130.4247857838
1882.8090306495
3078.6939263583004
2352.7676720373
1525.5331739471999
1569.6442745613
1353.1729303278
2155.3717909197003
3427.9068381133
1473.4312877065
1416.3490570911001
1691.4514315638
2976.9801853279005
2720.7819988468
1465.0948768301998
1278.8235792576002
1362.6282979254
2322.1602211392
2246.4342071563
1098.9948876334001
1306.4171809562
[INFO][abstract_intensifier.py:596] Added config b7ad6c and rejected config 71b0a5 as incumbent because it is not better than the incumbents on 1 instances: 
1531.1643958639002
2852.1656683846995
2387.8665809235
1293.6278381729999
1256.9158982911
1541.2079692671
2658.9373945465995
2196.3919369096
1103.0353397161
1170.4242364648999
1623.2842915464
2733.9651424074
3028.0252411234
1355.2988429601
1389.2043038850998
1456.8768271106
2649.7205533785
2522.2590364345
1124.365332253
1125.9263610767998
1390.0471270117998
2659.0845951927995
2818.7086558097
1309.2635652579002
1359.1827294292
1465.3079039703998
2732.9944996157997
2575.1874112371997
1122.0015339053
1143.3072189624
1468.4916316236
2542.355407568
2656.1667832859002
1137.120457637
1129.1993750042998
1503.3438830133
2630.7588547217006
3805.5471833886
1061.9598239633
1212.4288876504
1364.4521758772
2613.3645274557
2069.8548991453
1087.4979689581
1167.5607950867
[INFO][abstract_intensifier.py:596] Added config 46b4e3 and rejected config b7ad6c as incumbent because it is not better than the incumbents on 1 instances: 
1389.6811159475
2590.2823238337
2213.0432963629
1296.3527503407
1280.2159347177
1423.2065540284
2593.3315243803
2314.6040429155
1215.1942536019
1203.2160044661998
1512.6273981398
2572.3406906808996
2346.4401685462
1220.6184015917
1262.625623929
1386.3795408165
2597.5659963376
2233.2399953138
1266.3556829126
1359.512913963
1521.6169456446
2591.9592246889997
2517.1460441412
1188.0639451945
1149.5682329457
1728.8153980959
2283.9064809724
2784.1477894896
1448.8718108804
1395.7234147223
1499.0296837384003
2622.5650968254004
2406.7387328849
1161.1885668902999
1179.6225653873
1434.9942940213
2574.4403637107
2062.2056191600996
1268.2909765508002
1327.5010963906998
1367.2614152278
2565.5106178738
2601.7943443547
1129.0157958414
1168.0679247774
1348.8882525324
2580.5406101965
2601.0358168669
1129.0363256004
1276.0643979789002
1508.9911474056
2161.3365533765
2362.0345108178
1184.0306749472
1339.6516335047
1434.7927452746
2534.9224343931
2710.4758231716
1110.8290268204
1143.2526374012
1367.2614152278
2565.5106178738
2601.7943443547
1129.0157958414
1168.0679247774
1414.5918157380002
2536.9398469971
2762.3835971911
1141.3032957828
1145.3882578162
1555.0429731394001
2771.6093911325
3111.1650871783
1132.8256919892
1211.1600356592999
1925.6826565251001
3427.2211395883996
2639.098362752
2163.4973755247
1655.8448512226
1630.6995387374
2334.6505475252998
2456.3660901116
1273.5133278414
1230.0149860688998
1605.9565680370001
1976.4609573922999
2526.8481535061
1215.9854269469
1331.0176756867
1465.3743204627
2346.4452278372
2297.7631541291003
1345.9085112832
1403.8333049447
1335.8625330701002
2398.503135048
2461.9100810368
1382.3403852191
1422.7321142176
1365.4069272967001
2501.4666571712996
1885.8669679798002
1283.7403989232998
1328.7432836857001
1427.4470711805998
2605.6406582136
2221.0236459938
1149.3263894492
1170.4721281994
1645.7148319006
2254.8449681517995
2468.0031598856003
1287.3909457126001
1247.1072743222
1411.4474927615001
2442.9553957463995
2142.1573178329
1304.4917801832
1347.7419911149
1439.2178250654
2592.7964114689003
2058.6449425146
1114.9545380707
1164.9586715939
1480.6747580148
2523.0294937129
2170.1646440641
1145.8621676403
1168.110434193
1592.8923584509
2558.0890923910997
2920.2524954143996
1067.9972247662
1190.1549002246
1409.5677682473001
2552.8089496857997
2613.0680523911997
1170.3370072765001
1178.7056345526998
1410.1809852915999
2416.0803061565002
2626.1653434753
1204.877754692
1199.0678970038
1472.4446018478002
2758.9265069864996
2821.3236096294
1132.4955635732001
1158.8818823338
1459.7293090569
2550.0728357783
2242.4397409958
1121.8037238745
1326.7956559561999
1504.4190372325002
2545.4123754051
3115.3177171589996
1060.3780541216
1124.4898806963
[INFO][smbo.py:327] Finished 50 trials.
1687.8780332235
3112.5095240729997
2324.1859651634
1462.3505955122
1678.3984477514
1535.7967089719998
2554.4038201404
1839.0810548333
1142.648957978
1130.7082961996
[INFO][abstract_intensifier.py:596] Added config 283027 and rejected config 46b4e3 as incumbent because it is not better than the incumbents on 1 instances: 
1535.7967089719998
2554.4038201404
1839.0810548333
1142.648957978
1130.7082961996
1535.7967089719998
2554.4038201404
1839.0810548333
1142.648957978
1130.7082961996
1439.9858562979
2531.7477836890002
2464.5737879628996
1273.0624997619002
1378.9432221426
1407.880011784
2606.9439655498995
3171.8915056442
1071.928526564
1177.8783853306
1405.7962004750002
2359.0427177694
2603.549382711
1057.7163301667
1348.615828823
1405.7962004750002
2359.0427177694
2603.549382711
1057.7163301667
1348.615828823
1606.5578107054998
2628.582141487
2755.212741652
1214.5950200969
1231.2239176699
1466.9230716505
2525.7332236967004
2063.7824428047
1075.8833607637998
1121.1190035133
1779.4489537579
2918.0880112371
2595.3518688972
1267.2438683435
1350.0814979523998
1528.5180446765003
2550.9563884942
2105.2485833557002
1106.1915108862
1322.0647470527
1345.1634291526002
2534.9559382854
1917.4268246356999
1279.5053226815003
1150.6347952603
1522.8436298175998
2555.7204230948
1954.5722657545
1145.8322156906
1130.7911264262
1375.7997954753
2534.1381526606
1923.8121584839998
1203.1096686174
1150.6646241552
[INFO][abstract_intensifier.py:596] Added config 2c17fb and rejected config 283027 as incumbent because it is not better than the incumbents on 1 instances: 
1456.2767874283
2526.865903604
1967.9656094187003
1076.60524431
1134.3342249562
[INFO][abstract_intensifier.py:596] Added config 371afc and rejected config 2c17fb as incumbent because it is not better than the incumbents on 1 instances: 
1456.2767874283
2526.865903604
1967.9656094187003
1076.60524431
1134.3342249562
1776.3361274599997
2812.854927546
2488.7858621669
1254.420012892
1328.3928298742
1513.4618837764
2555.1011790066
2069.8389604995
1170.2444586495
1257.7491591309
1513.4618837764
2555.1011790066
2069.8389604995
1170.2444586495
1257.7491591309
1513.4618837764
2555.1011790066
2069.8389604995
1170.2444586495
1257.7491591309
1313.7112756067
2573.936200284
1829.3680945993
1123.6471508813001
1146.9862565368999
[INFO][abstract_intensifier.py:596] Added config eea297 and rejected config 371afc as incumbent because it is not better than the incumbents on 1 instances: 
1313.7112756067
2573.936200284
1829.3680945993
1123.6471508813001
1146.9862565368999
1313.7112756067
2573.936200284
1829.3680945993
1123.6471508813001
1146.9862565368999
1541.6693690491
2772.4033460718
2258.6970896048
1125.5855871979
1174.8844689608
[INFO][smbo.py:335] Configuration budget is exhausted:
[INFO][smbo.py:336] --- Remaining wallclock time: inf
[INFO][smbo.py:337] --- Remaining cpu time: inf
[INFO][smbo.py:338] --- Remaining trials: 0
