[INFO][abstract_initial_design.py:87] Reducing the number of initial configurations from 60 to 18 (max_ratio == 0.25).
[INFO][abstract_initial_design.py:139] Using 18 initial design configurations and 0 additional configurations.
[INFO][abstract_intensifier.py:307] Using only one seed for deterministic scenario.
3424.6724068671
3015.7874126551
2623.0560995081
2890.0360008996
4284.0184939442
[INFO][abstract_intensifier.py:517] Added config 26fdc2 as new incumbent because there are no incumbents yet.
3425.020588897
3026.6618434265
2678.6788713568003
2875.2474167183
4467.2016839087
3509.6135547033005
3128.8403317170996
2701.7004717904
2922.0200771889004
5090.9371843458
3407.3118014024
3028.338020887
2687.3698558573997
2923.1426692382
4449.186290748999
3359.6458480353995
3001.4838123953
2656.6360997059
2881.9447722069
4121.2091255701
[INFO][abstract_intensifier.py:596] Added config 87cf8a and rejected config 26fdc2 as incumbent because it is not better than the incumbents on 1 instances: 
3670.2992382794
3486.4377453381003
2752.5570639625003
3886.3422416551
4700.6666334573
3435.5571617600003
3542.1338374444
2835.0750779498
3121.1639257843003
4603.4025871203
3461.3977857403
3074.9083684094003
2706.6316355087997
3464.0081297292
4632.5935431064
3411.9272362158
3025.3025624092998
2682.5892233801997
2912.0779702685
4475.5894811587
3453.9605702572
3093.4552974073
2693.3305255269997
3318.9160934128
4938.333694852399
3408.1316882739998
3110.4320031627003
2668.5151298844003
2911.6657725065998
4603.17357253
3756.5394754579
3173.6844533034
2725.4107262847
3621.6795488861
4699.8334446011
3392.6759515133
3007.9870576029
2653.4117039771
2887.4092689508
4139.9329867965
3477.2106940978
3073.4201159073
2718.358148846
2934.8582482834
4859.157328670701
3444.1937432778
3022.3341415237
2688.2148952059
3299.6147977198
4597.6266291923
3403.6101643576003
3021.4646090689002
2649.734935475
2969.5165053419996
4604.0771929765
3454.4565310724
3027.2606220233
2662.3882244682
2915.7114262757
4466.2075944996
3419.081977262
3008.1086583234
2679.1375691705
2880.5930753226003
4142.449604571
3366.1943659908
3001.1268121568
2659.1098125219
2870.7145320792
4139.4408820983
3382.7644506029
3045.5826182922
2652.8845861597
2880.6470065227
4761.387360399
3378.0361262277
3047.5764091872998
2649.2912660633
2877.1687040562
4124.5885885630005
3360.0749590137
2999.7554859663
2678.3823669640997
2883.3115125736
4606.542943547999
3726.5724765666
3180.7657898258003
2709.5117839510003
3098.8647618032
4652.8270696947
3543.9011978673007
3768.4460240943004
2836.8489652558
3020.8948800982
4433.798949074999
3398.5230202410003
3019.9056630716004
2650.8080941026
2886.8492787145
4463.6842679091005
3389.3350492443
3007.6130078333
2657.0859925107
2877.6512922829997
4875.7968988026005
3381.0797690208
3009.8453114373006
2642.5794070751
2875.3777427557998
4594.1695973894
3397.2994231836
3010.9310146189
2641.7371750643
2890.7529080644
4891.225908243
3438.6756189364005
3112.8345031534
2702.9078037076997
2898.3001717771
4582.919712291499
3384.4522815672003
3005.5881632217
2636.7228497233
2883.3537179864998
4594.0187432149
3359.6458480353995
3001.4838123953
2656.6360997059
2881.9447722069
4121.2091255701
3403.9235317333005
3017.0939320879997
2665.5310187457
2881.3709978153
5073.2968987543
3413.8677609517995
3029.7137958006
2679.7140975156
3322.8470383099
4585.3583068903
4374.6238284415
3621.7979325546003
4004.8650120545
4000.8843050408004
4708.407739012
3359.6458480353995
3001.4838123953
2656.6360997059
2881.9447722069
4121.2091255701
3359.6458480353995
3001.4838123953
2656.6360997059
2881.9447722069
4121.2091255701
3413.7449629264
3003.1306230155997
2642.8894141156998
2885.1418331501
4135.5603655114
3399.9576248011003
3002.1017125371
2756.5344210505
2881.6583401187
4402.6267525511
3354.0822952074004
2998.3559701398
2664.5610348338
2881.3236402456996
4132.4555028308005
3393.2430648224004
3020.4344020932003
2663.1553812327
2877.432297028
4142.8069783968995
3413.7449629264
3003.1306230155997
2642.8894141156998
2885.1418331501
4135.5603655114
3413.7449629264
3003.1306230155997
2642.8894141156998
2885.1418331501
4135.5603655114
3401.7948712057005
3017.1571566614
2756.8999916624
2951.6907237546
4464.754020533499
3385.6762174305
3002.4350572951
2661.9526865444
2889.8389862979
4120.369683953801
3395.4900716163
3003.6797743241996
2672.4457142697
2878.0180666303
4629.8418710911
3413.9488938842
3011.0468025714
2721.0903636471003
2972.7185280776002
4907.371572881701
3353.5084920463
3031.4683360828003
2679.0694355524
2889.2091814257
4150.6172365737
3420.6659288462
3024.1340917944
2657.921706446
2900.9682999012
4603.7371186897
3372.2910684298
3010.2486808549
2652.8015686725003
2879.5067763419
4579.7477301133995
3373.3996336665004
3002.4125954793
2626.7332239670995
2885.0594909829
4126.1441786989
[INFO][abstract_intensifier.py:596] Added config f6e95d and rejected config 87cf8a as incumbent because it is not better than the incumbents on 1 instances: 
[INFO][smbo.py:327] Finished 50 trials.
3512.3093524786004
3586.4102794529
2783.6092442066
3863.7672272796
4743.1673396523
3385.4239054794
3009.9401183969003
2642.8160528117
2880.0544213118
4602.6454010765
3385.4239054794
3009.9401183969003
2642.8160528117
2880.0544213118
4602.6454010765
3369.5361672454
3047.5371060400994
2647.1487381079
2880.3460183647003
4117.722604119
3382.5444390343
3060.8220270543998
2643.7057912796
2868.7965564802
4119.0633069038995
3415.0042567012997
3022.7532172440997
2659.4177561207
2876.4830829221
4143.625308142
3370.0624491544
3050.5533290778
2647.1487172009
2872.4365164787996
4117.6971215962
3337.9064664676
3050.7098053436
2639.4611156172
2872.8417577047
4267.380021223
3398.8486631194
3079.6330134532
2637.4715712094003
2902.3853236154
4618.414001517
3374.9588068639005
3115.6564595929995
2658.8230349818
2898.2575698164
4410.652332789
3559.5550700543
3284.225673711
2820.7313572176
3578.7723941247
4956.7509134314005
3410.4536490425003
2999.1364831277997
2652.9178574852
2887.0685231993
4117.9427862267
3384.1402778142
3036.5627409255
2676.5037151293
2879.6342166632
4447.394256277999
3396.406939765
3006.2556077291
2649.7845070518997
2901.4809143947
5037.330778005
3383.5906516744
3040.7041276985
2658.8171249545003
2872.1016630926
4865.680992949199
3369.1185051745997
3005.9821843346
2676.7639456238
2880.2210889492
4596.4653944314
3363.9253346588002
3049.1019336207
2649.5047070018
2872.5644486824
4604.4176217454
3451.2795260563007
3113.7552756203
2680.7854429654
3555.1455101711
4645.5483507354
3366.9960196674
3002.3237498283997
2633.3409825689
2885.0606430178
4127.0248469011
3366.8137156687003
2996.8664343258
2663.6707865355
2887.7110699833
4114.6995056703
3366.8844561295
2997.3372865304
2652.3961419634998
2881.8154965637004
4115.732485771499
3380.7228275684
2998.0156784489
2661.8705408799997
2870.0207072512003
4122.8597223552
3367.2385052374
2997.0228695475
2654.6645550241
2881.7550289131
4115.732485629
3401.9487256584002
3001.7323288974
2645.1691977002
2875.0227394293997
4114.7994359399
3382.6624357558994
3026.0012795395
2663.5222419484
2895.4275664559
4140.6331238461
[INFO][smbo.py:335] Configuration budget is exhausted:
[INFO][smbo.py:336] --- Remaining wallclock time: inf
[INFO][smbo.py:337] --- Remaining cpu time: inf
[INFO][smbo.py:338] --- Remaining trials: 0
