[INFO][abstract_initial_design.py:87] Reducing the number of initial configurations from 60 to 18 (max_ratio == 0.25).
[INFO][abstract_initial_design.py:139] Using 18 initial design configurations and 0 additional configurations.
[INFO][abstract_intensifier.py:307] Using only one seed for deterministic scenario.
949.8242742964001
860.9973737059
1036.6938470525
764.4655543439001
937.8498426619
[INFO][abstract_intensifier.py:517] Added config 26fdc2 as new incumbent because there are no incumbents yet.
880.9829310166
846.3220793806
853.9735234673
728.2359277813
846.9043647075
[INFO][abstract_intensifier.py:596] Added config 8a205f and rejected config 26fdc2 as incumbent because it is not better than the incumbents on 1 instances: 
937.5512545499
818.0850453099
948.8969766611999
764.7552015983999
991.066477187
906.559911305
824.5165731002
867.4108845826
768.2857691797001
874.9485349432
876.5491131299
790.4729694248001
890.0231338465001
709.2276151333999
932.6467804145
1087.0480034104999
920.7828753824
997.3668037475
893.246682881
1052.4642936579999
944.8339620103001
786.1297112229
905.2807733113001
788.9346149774001
889.0326977745001
1066.551808428
889.061356989
990.149896223
877.6242768576001
976.9417058326999
918.0952338937999
774.9475231533
841.7248939414
749.6397221384
869.1751924597
[INFO][abstract_intensifier.py:596] Added config b7ad6c and rejected config 8a205f as incumbent because it is not better than the incumbents on 1 instances: 
1058.1297490442
898.3239511346
1067.5795791977
821.1744862748
970.9866837684999
936.0907392612
826.2116435457001
907.8788757983
730.2287199588
927.6031518456
1109.3321487839999
934.1221708273001
1015.8201072391
937.2465441129
1026.7796039822001
901.8608314419
839.103988303
895.4172828767
724.3637519612
927.2399911742
897.7659981029
788.9483207773001
893.5407680014
767.7468629123
902.9456602005
927.9721404965001
894.7363261237001
960.8166162249
759.9642816845001
956.8796950987
937.5246475626001
815.8112046657
855.0280128174
732.343678874
885.5568808787001
940.5236542998
828.1232881726
992.5964894857
764.4054940684
982.2138648740001
877.9728507655
747.2917782073
821.9246669649999
725.2228791240999
832.7541074469
[INFO][abstract_intensifier.py:596] Added config 46b4e3 and rejected config b7ad6c as incumbent because it is not better than the incumbents on 1 instances: 
964.7613720876
808.363700507
933.5417688915
784.3457574911001
938.6931507981999
945.8382562197
777.6361698934
855.1364531519
745.3881163796
880.098822352
924.9276746101999
830.6912422712
906.6239302939
750.9607022496
906.1440343188999
943.1730621895001
790.7049660977
849.3192130309999
806.3293055321001
900.9706681045
1010.5512816881001
846.8669058502
887.3372516362999
867.6763363384999
908.0741705858
1005.7209256834999
781.8319234314
883.7593387469
792.7853743615999
907.0823316136
972.1699582655
867.2360011786
898.6844351226999
760.2379912006
896.8683075241998
963.3249908798999
819.4023298314
856.0694528365999
742.5421702769
912.7739083606
880.2551464644
733.6157122621
842.9797585019999
722.6548545762
880.6734478879
864.3061684899
748.9343623842
852.5778340280001
726.6404758328999
849.7131038434
911.4143098759
784.9291430118001
900.4814607174999
770.360216517
867.1990258966
883.2795345919001
724.0534650871
825.4682999063999
725.6988813478
843.1061292938
[INFO][abstract_intensifier.py:596] Added config 017609 and rejected config 46b4e3 as incumbent because it is not better than the incumbents on 1 instances: 
885.6898299344
786.4803422822
852.4368026005
721.6979709989
914.4009500428
858.6913589894
751.3440151034
848.0031507676
712.9530737555001
900.8927541762
960.3285224936001
870.323725689
959.3883946978001
774.3535695449
951.7350598057999
1119.3172121329999
960.0400837011
1054.9747360393
943.7621522221001
1105.8051348355998
878.4229791449
749.5087613351
856.3861998637001
728.4751845451
884.087451935
892.5355642197
761.5727376095
852.8199174124
698.1661179978
864.4461603557
878.4931858154
806.8852844965
836.4383069598
729.8283154620999
856.6522155443
896.5352122570999
777.5611042616999
842.0696396430001
739.9221309638001
887.6794589202
854.2331218596
800.0804668838
848.9745456340002
704.7674960134
902.6338837954
935.9357223768
816.8845263887999
896.8039676865999
756.6066335183
924.2261630236999
890.3538179121
798.7875337746999
822.0556585188001
720.6164992083
897.4099321808999
862.2000371952
721.7847506106
828.8415717094999
732.5385122832
829.1256275235
[INFO][abstract_intensifier.py:596] Added config 3b94b4 and rejected config 017609 as incumbent because it is not better than the incumbents on 1 instances: 
862.2000371952
721.7847506106
828.8415717094999
732.5385122832
829.1256275235
869.5163826785
722.4408554245
826.097017385
734.4563149219
823.2893578151
905.9788862154
808.5897163411
886.6887347617001
712.6792559242
886.7152708461999
869.5163826785
722.4408554245
826.097017385
734.4563149219
823.2893578151
869.5163826785
722.4408554245
826.097017385
734.4563149219
823.2893578151
940.2391207869
876.1433516103
937.3667998006999
726.5750785708
953.8629059724
852.7535308925
740.3737063393
826.8327754577
720.0051648153
883.74130615
873.4174389177
737.1353066122999
815.9561675436
710.2687988800001
876.2581053118001
[INFO][smbo.py:327] Finished 50 trials.
1073.9190959988
918.2309581269999
953.982398584
921.8347118409001
994.3588791933
862.2000371952
721.7847506106
828.8415717094999
732.5385122832
829.1256275235
862.2000371952
721.7847506106
828.8415717094999
732.5385122832
829.1256275235
866.2353166546
740.0539393936999
846.7385100232001
717.4057512551
834.4456549362001
908.9977897739
818.5567291778
927.6500762984999
723.4833096500001
927.7388559115001
854.5885738443
739.8866137462999
836.694994978
724.6410050545999
829.7515540221999
869.2093093979
724.5313312878
848.4363737937999
764.7037325985
815.0714034105999
892.4132460557
782.6081913153
869.535545705
764.3550219675001
852.0761949858
883.8225881274
751.676638184
834.992210978
758.8407539414
857.8379792151999
1056.7281593472999
905.7956497913
1009.5240182242001
895.3403741536
1031.3373999138
868.2622927122
770.2617739179
867.5764859675999
737.9798508598001
902.6095883111001
897.3921981766999
726.2180091088001
886.4038502458001
714.4699862714999
885.4250898756
874.2032341025
735.7684058881999
813.21951137
728.7815504576
883.1425056956
861.942404179
762.9267718445001
827.0139988211001
699.3217427956
882.4006254216999
914.8587624233
825.3629543328
893.0279223
813.7604358231001
909.2634041326
853.7383703086
725.0915566696
820.8602048572
733.4569176044
840.0807625586001
[INFO][abstract_intensifier.py:596] Added config b26478 and rejected config 3b94b4 as incumbent because it is not better than the incumbents on 1 instances: 
1151.2530744621
937.9455160636
992.1080524484
963.7620959051001
1096.5878410147
869.3049077711
734.5736837944
813.9266931533
746.5249836364
906.978650615
857.6337499592
754.6771548774
850.0373689873
717.6958044355999
880.6807927276
872.3772070186
777.4709853178999
797.4459284863001
741.7514596975
838.0867012454
874.4619963404
749.8077905449001
772.3719321898
710.771192311
877.1062530183001
867.5024694895999
786.8816024809
820.6775671318001
729.5615114863
851.7478639093
868.2226457759
698.4626317155
809.9471614726
708.3763353182
832.7544109638
[INFO][abstract_intensifier.py:596] Added config 8c41df and rejected config b26478 as incumbent because it is not better than the incumbents on 1 instances: 
866.4818801921999
792.5836066853001
857.9122376212999
755.0811494872999
960.7512374869
903.7158613260001
858.8903602097
983.54092979
746.6096881486001
949.6281762492999
[INFO][smbo.py:335] Configuration budget is exhausted:
[INFO][smbo.py:336] --- Remaining wallclock time: inf
[INFO][smbo.py:337] --- Remaining cpu time: inf
[INFO][smbo.py:338] --- Remaining trials: 0
