[INFO][abstract_initial_design.py:87] Reducing the number of initial configurations from 60 to 18 (max_ratio == 0.25).
[INFO][abstract_initial_design.py:139] Using 18 initial design configurations and 0 additional configurations.
[INFO][abstract_intensifier.py:307] Using only one seed for deterministic scenario.
1149.1070581582
1117.3849596029
1070.7800770672998
995.9393620871999
1082.6362241129
[INFO][abstract_intensifier.py:517] Added config 26fdc2 as new incumbent because there are no incumbents yet.
1130.6206367938998
923.48034248
1057.6751566341
953.6153276901
1044.7700565047999
[INFO][abstract_intensifier.py:596] Added config 8a205f and rejected config 26fdc2 as incumbent because it is not better than the incumbents on 1 instances: 
1167.6278837466
996.3072611404
1064.0023683427003
1035.8829508118
1135.5048677967
1074.0725064602
974.4186840192999
1070.0345956217
942.6929249024
1026.8378397254
[INFO][abstract_intensifier.py:596] Added config 71b0a5 and rejected config 8a205f as incumbent because it is not better than the incumbents on 1 instances: 
1135.0409213197001
941.0535147544999
1015.1399246968001
921.6420547596999
1082.5773412313001
1191.3510409885
1131.6530177603
1163.1209809250001
1101.5876116183
1093.7519406323
1124.2896521957
948.7659798906
1048.7543026001
958.8610277117
1050.6038054616001
1167.3215116972
1157.8469955737
1142.3178634244
1055.0522310582
1065.8475288708
1062.2857625554
923.2330454843999
1024.4416826506
944.9254761197
1045.2045353168
[INFO][abstract_intensifier.py:596] Added config b7ad6c and rejected config 71b0a5 as incumbent because it is not better than the incumbents on 1 instances: 
1255.8474921391999
1035.7482439626
1119.9241968557
1011.2690505462999
1047.0732468553
1078.7470667034
953.5289382458001
1067.3606429827
943.7305802858
1036.0765156947
1216.2559359205
1148.8164567957
1183.4617342676
1040.4402508316
1085.4510753877998
1120.9727760491999
964.3613833818999
1047.4066648599
940.4480815446
1077.5698635779
1125.8766633907999
974.9935874350999
1024.6973064337
995.5152699239001
1084.6699490587
1203.4386352781
1103.1542915051
1079.6355465539
1007.5499400588
1092.5548312909
1109.5849908143
960.5654001502
1050.5049741265
936.4232346140999
1031.8480242535
1123.5890847594999
983.4424805515
1061.7753601986
968.6457583664001
1076.0299514806
1107.4347165558
947.4308632195
1071.4097337992
981.0099912909
1059.3950834284
1095.0202220856
957.9993666851001
1084.450878694
1010.4209631747
1103.5118097534
1144.3355058337002
925.4706996043001
1017.1578978103
941.9747220375
1070.3500054246
1080.11683819
924.5258569345001
1033.7384211114
943.9126630833
1013.9431061043999
[INFO][abstract_intensifier.py:596] Added config efb88d and rejected config b7ad6c as incumbent because it is not better than the incumbents on 1 instances: 
1094.2561361138
950.6699916703
1017.3190067684001
954.9607779383
1053.7596719083
1088.2655106328998
1011.9499411128
1074.8351989348998
927.9866547744
1093.6114348927
1091.9561810515
983.7445750420001
1052.4116152440001
930.2505198433
1095.344776775
1112.4129563818
978.6728017747
1059.9662605781
949.3390650450999
1064.2700459969
1099.2561242275
895.0618021937
1004.8833923293
892.1945143955
1036.711708036
[INFO][abstract_intensifier.py:596] Added config 4c0f19 and rejected config efb88d as incumbent because it is not better than the incumbents on 1 instances: 
1105.0787041181
937.2908031887
1105.8796447084999
1005.4057917333
1055.6646722657001
1089.4680770951
963.3150132078
1067.4574232759
916.0544624322999
1059.6192579527
1118.2127812115
928.6324535479001
1024.6572996497
948.9483902413001
1036.8755863354
1089.4540223321
954.2850385285999
1067.586546285
916.0458692377999
1059.6044934658998
1102.3202957793999
961.3676675968
1073.3325698925998
938.8487375809001
1079.6636329633
1115.091083454
919.4244056682
1033.9655331874
917.9738768610999
1043.8316504687
1189.9016872998
1150.5737390465
1094.8949768552002
1018.8760767744
1107.3300145822
1344.0694063168999
1192.9898747486
1141.6970462711001
1081.0772613226
1186.8399521838
1085.0950064209999
915.4671177367999
1002.0428529929
918.562200884
1039.5985113078
1065.5605049385
923.4331198827
1043.3835096456
909.272986535
1046.3900845697
1094.6544030129
949.1734999629999
1051.3127458523
897.7014294141001
1031.5870919305999
1061.2770061589
889.9499354849
1010.9945749779
892.8138664155
1050.84748039
[INFO][abstract_intensifier.py:596] Added config fbd57b and rejected config 4c0f19 as incumbent because it is not better than the incumbents on 1 instances: 
1100.3577048262
922.4350694218001
1026.8876518596
945.3609848489
1013.5954765148
1074.2425504731
918.1880104064
1022.4754139819
937.5444693978
1076.4373124485
1100.3577048262
922.4350694218001
1026.8876518596
945.3609848489
1013.5954765148
1062.7047347621
911.6660828373
1045.9571861017998
915.3648460264999
1001.6277630134999
1089.7880112824
898.4410696492
1009.9578517315
912.3190220731001
1048.2732917900998
1089.7880112824
898.4410696492
1009.9578517315
912.3190220731001
1048.2732917900998
1076.1642185777
946.3173460157
1068.4477703261
905.3293770440999
1079.136636186
1088.2202892589
885.174733366
1005.6308895389
891.7115413314
1040.8831766036
1070.2531178491
881.3722505281
1008.5201576827001
895.3877094237
1040.8035675374
[INFO][abstract_intensifier.py:596] Added config 4f98e6 and rejected config fbd57b as incumbent because it is not better than the incumbents on 1 instances: 
1175.5368165454
1038.0925046923
1044.50363758
951.2917370903001
1111.7880048596
1096.9239352072
887.9321847251
1027.0784757136
895.3870403417
1035.8884868034002
1064.0146596272002
910.9304121738
1002.4314241731
931.4119673442
1026.5929602471
[INFO][smbo.py:327] Finished 50 trials.
1204.7170240831
1106.0806533794998
1153.8885013020001
1055.5711530858
1083.3639688302
1101.6556019246
912.8309519311
1065.9000640594
947.7071180963001
1031.9520400390002
1074.3933169104
950.595497557
1093.3801183431
958.6110029202
1045.2925311541
1082.3465161494998
912.4532032305001
1037.9501221345
946.5877718332
1034.4321787849
1074.3933169104
950.595497557
1093.3801183431
958.6110029202
1045.2925311541
1111.3127033785
956.2024714689999
1051.5889364763
969.5727395043998
1054.9502420960998
1182.8294081984
908.827004534
1074.8645830963
918.4666740269
1031.6733915213
1100.0818498134001
916.211809653
1087.6499819038
912.7509453426
1056.1896300847
1113.3596555778
978.2319171571
1040.9478584662002
950.6082709637001
1112.9905543313
1070.4452462593
915.1822500485001
1049.6150484345
904.0130915171001
1008.195979524
1202.3630129263001
1143.7486569491002
1145.3159225256
1065.8534303971
1066.6609228061
1070.8627015822
891.5115016259001
1030.5906053676
916.3034229595
1040.6896013189
1060.4705420984
935.4871620348001
1045.4528372784
935.8045953797
1069.8903418649
1092.4324458031
947.6122864647
1017.1644805689
932.1181972078
1089.9290376666
1071.6050250394
909.6584038172
1044.8509797837999
910.9203153854
998.8078547951001
1121.3571010868
932.8525897766001
1001.2928028017001
888.6110188174
1040.6085424998
1192.4063329635
1037.487744008
1139.2925438335
1025.9283381448
1052.8708875977
1078.5452115874
893.4644476112999
1014.6531128381
891.4695054127999
1036.8092034733
1063.6201201132
901.9975753549
1012.50493818
892.0401555122
1033.3115567717
1079.9560420266
913.1757525758001
1022.2570244877
923.3474655288001
1017.6425241768
1090.1059988426
928.9359003637001
990.0710944111
930.9116654253999
1011.2773821997
1097.0014963652
901.9374664688
1015.2523333686001
928.899423059
1031.7054240141
1070.2195387878999
929.8684667412999
995.9891667089
920.6941524454
1020.2375601008999
1151.0331939276998
1040.1634944800999
1069.3605075712
966.7867367059
1084.4653418503
1135.2482973933
926.1323223572999
1029.3637143234
951.7779814503999
1071.4910346934
[INFO][smbo.py:335] Configuration budget is exhausted:
[INFO][smbo.py:336] --- Remaining wallclock time: inf
[INFO][smbo.py:337] --- Remaining cpu time: inf
[INFO][smbo.py:338] --- Remaining trials: 0
