[INFO][abstract_initial_design.py:87] Reducing the number of initial configurations from 60 to 18 (max_ratio == 0.25).
[INFO][abstract_initial_design.py:139] Using 18 initial design configurations and 0 additional configurations.
[INFO][abstract_intensifier.py:307] Using only one seed for deterministic scenario.
833.6091033788
757.4246128851
759.1832187713
713.3758102602001
765.3257058924
[INFO][abstract_intensifier.py:517] Added config 26fdc2 as new incumbent because there are no incumbents yet.
804.836809594
770.0351610559001
729.8503790848001
709.3919153463
774.5479718916
[INFO][abstract_intensifier.py:596] Added config 8a205f and rejected config 26fdc2 as incumbent because it is not better than the incumbents on 1 instances: 
919.0245977678999
743.8175256737
800.2836761097999
715.43946104
838.3822496167
828.2562420296
675.0243144241
755.0015637438
685.4753963267999
759.8910821517001
[INFO][abstract_intensifier.py:596] Added config 71b0a5 and rejected config 8a205f as incumbent because it is not better than the incumbents on 1 instances: 
832.9191833003
712.1887069786
750.6216834899999
693.9349533336001
752.6274263431001
930.1737270675001
1285.5281795482
868.8829204345001
869.7691423652
872.6909356345001
813.8448425907
692.0927303042
783.9768383267
715.5227456139
758.5858396799
892.2372868325001
865.4861381506
791.6745601596999
733.0114463472
823.880842779
773.3909168246
679.8220863566
757.2061213236
740.1736179821
744.9749679244001
[INFO][abstract_intensifier.py:596] Added config b7ad6c and rejected config 71b0a5 as incumbent because it is not better than the incumbents on 1 instances: 
860.3961653597
1332.2691259942999
790.6298978933
728.7249898785
818.2416094278
876.7426321894
724.2991016876
774.7821935634
774.5401601793001
781.7401676471
881.7775966582999
942.3626077454
834.175207081
831.2269279966001
849.5820685976
838.3681526616999
747.0092561197999
754.1960667017
681.9135719136
778.1793119636
815.1218917637
745.9211478153
812.2508684257
703.4429034198
790.8498093576
856.2629584209999
788.6779773423
786.2728345641001
722.0063562121001
798.5345550400999
852.6091740744
733.0092239295
758.0636061853
709.2061668558999
790.3938833473001
850.9740356978999
792.6487140196
775.6880312098999
699.3927723939
777.6084941499
806.0706591151
701.9667912006
741.2530920249
700.650272993
788.21538869
774.8292729266
722.9499039716999
699.9034189601
658.1939139239
759.900401162
[INFO][abstract_intensifier.py:596] Added config f927e2 and rejected config b7ad6c as incumbent because it is not better than the incumbents on 1 instances: 
815.8115157397
701.1941089026
753.8205907626
708.6155197844
751.4754974972
772.6501159466
696.2076488466
739.9866659855
661.5665107409
752.6003827950001
754.7227402505
687.8477252478999
731.3899513434
717.3975812256999
750.6078206301
892.8291009065999
773.5430639401
790.5269441634
727.5778972948
820.9390137462
896.9192355654
756.9151465878999
821.9687725286
745.1041405283
853.4873212912
836.1643398803
732.474576265
744.1329268356001
694.1477381083
788.9117417985001
814.0908708802999
707.8149639916
750.1997203881001
700.2449534455
771.2332977553
733.2012375852
695.6961070888
703.9819665931
709.1627074640999
761.0390611004
[INFO][abstract_intensifier.py:596] Added config f40a3d and rejected config f927e2 as incumbent because it is not better than the incumbents on 1 instances: 
800.2849163630999
683.3312090257
673.1761700315001
709.7719546852
754.2230512228
819.378924922
670.6799285862
770.0991025767
696.9717138915
775.5426974727
800.2849163630999
683.3312090257
673.1761700315001
709.7719546852
754.2230512228
788.3641825290999
691.5998016496999
711.2789494503
682.1499298924001
713.6106965945
[INFO][abstract_intensifier.py:596] Added config 6419d0 and rejected config f40a3d as incumbent because it is not better than the incumbents on 1 instances: 
792.2058771564
675.8323438093
717.2572368571999
682.8032953258
759.5534874934
822.8835711680999
794.7713778456
791.2634709239001
700.9896704181
796.1208824130001
954.2806165466999
962.0020736421
955.1253938166999
971.718428884
891.9302875239
815.2169175697
699.5768662191
759.0901604142999
700.2130813558
732.0519825047
778.3919966765
699.2722342591001
777.6849484224
734.1505051321
762.0743583082
772.6474309289999
757.3627581042999
798.727149947
713.2764312254999
756.1676488574999
794.6680308899
731.0315886679
756.9739825606
695.6851405929001
739.5771711967
761.8642684097
700.0601556257
765.3914817211
732.9007956932
771.3318235711
834.5329592884
731.4535751987
734.6562442039
696.6282850194
780.5570033034
815.1212708015
699.8970908975
793.4608309897
686.8543206072
747.9668416781001
777.8542838375
762.2022885421
815.5454185033
719.8632461553
760.9040147564999
817.6921567004999
655.2417734466999
739.3499727751
686.0896687385
778.8113062763
817.6921567004999
655.2417734466999
739.3499727751
686.0896687385
778.8113062763
817.8264694198
712.7136693987
759.3948654624
669.7404359215
775.7003974657
786.1247323238
690.5232529435
722.2555424474001
716.18747073
786.7923934583999
786.9352689832999
675.5594913102
725.1306801807
712.4014903862999
764.9824608816
807.7683247574
778.402633959
773.1237445981999
707.2031747277
749.8385784852001
788.3641825290999
691.5998016496999
711.2789494503
682.1499298924001
713.6106965945
781.0491309539
637.0783627316
727.8970703615
674.6822689038
713.7584533879001
[INFO][abstract_intensifier.py:596] Added config f6e95d and rejected config 6419d0 as incumbent because it is not better than the incumbents on 1 instances: 
[INFO][smbo.py:327] Finished 50 trials.
886.4213386954
954.9930910412
870.8537383354001
748.6194049227
860.6574758329
754.8426354932999
670.8997065355
699.8735411908
670.4667895059999
720.7851248755999
[INFO][abstract_intensifier.py:596] Added config 2afc23 and rejected config f6e95d as incumbent because it is not better than the incumbents on 1 instances: 
788.5074251653
689.9058213489
731.2466349777999
641.9943783287
719.3361898252
754.4759048957
686.3465649356
715.0951260986001
668.057135407
749.8669790698
739.465055135
659.6235046867
687.5212457904
690.2537718502999
735.0394069644999
[INFO][abstract_intensifier.py:596] Added config 66c647 and rejected config 2afc23 as incumbent because it is not better than the incumbents on 1 instances: 
818.1959928379999
770.5582137701001
735.6619900945001
684.8268315432
750.5217754627
780.9097968011001
644.0792081583
723.2201487451
678.3901786781
705.7538076719
776.9446170703999
708.6817845806
723.6775613037
676.465481426
746.7502257735999
866.8594669281999
761.2268033116
774.627766638
671.8840225874999
787.1684967998999
775.5344804378001
675.0507009654
750.8846761483001
702.8796405065
717.9399418659999
937.6788530459
1329.9735015758001
848.2079138106999
709.1752823529
822.0921751198999
778.5926608621
689.0573014656
738.4296825591
705.8673214554
751.8221690160999
765.2145306745
716.1647938893
747.5659346722999
691.4993420067001
763.6721468284
748.6696465662001
678.7070856183
738.8459102154001
717.3098938958
788.548988351
754.5661645261999
676.7249897206
690.1164638429
694.3549340492
747.4191065742
810.1238699815999
673.7236199271
707.6143259799001
707.3348344987
751.9177771083
797.7393894260999
657.4112346283
698.376083849
704.5794150037
730.6080506399
912.5186690924
752.8572454371999
789.0572525352
751.8644955996999
832.5878614701
788.3907915749999
649.3895075293
684.6651876775
701.1275153296001
726.0699863829
744.3488738954
658.299785104
688.0478809367
687.7223080425999
726.0467638675
[INFO][abstract_intensifier.py:596] Added config ddb750 and rejected config 66c647 as incumbent because it is not better than the incumbents on 1 instances: 
731.105836457
656.45044741
688.2094749077
689.3668261749
728.5207479405
[INFO][abstract_intensifier.py:596] Added config c578c8 and rejected config ddb750 as incumbent because it is not better than the incumbents on 1 instances: 
797.7393894260999
657.4112346283
698.376083849
704.5794150037
730.6080506399
776.9551781092
655.6258305187
684.1157268776001
684.7262199953
724.9531280672
766.4398753045999
655.6364602207
702.1485717996001
665.5642537263
738.9765271259
886.7665183853
746.9743824946
786.0378456098999
715.5144473168999
738.2543542885
[INFO][smbo.py:335] Configuration budget is exhausted:
[INFO][smbo.py:336] --- Remaining wallclock time: inf
[INFO][smbo.py:337] --- Remaining cpu time: inf
[INFO][smbo.py:338] --- Remaining trials: 0
