[INFO][abstract_initial_design.py:87] Reducing the number of initial configurations from 60 to 18 (max_ratio == 0.25).
[INFO][abstract_initial_design.py:139] Using 18 initial design configurations and 0 additional configurations.
[INFO][abstract_intensifier.py:307] Using only one seed for deterministic scenario.
1005.3980774528
864.4568963270001
956.6150446869999
855.3063226152001
964.2257432213
[INFO][abstract_intensifier.py:517] Added config 26fdc2 as new incumbent because there are no incumbents yet.
1004.0734547607001
835.9649703686
960.7020943475001
824.3293472766
931.2771881414999
[INFO][abstract_intensifier.py:596] Added config 8a205f and rejected config 26fdc2 as incumbent because it is not better than the incumbents on 1 instances: 
1053.0891877121999
923.0042005403
970.0438264334
933.9343955264999
1022.7161505018
970.204210744
860.6372313935999
963.5913523424001
823.1824098952
972.9482439412002
1003.4406559279
849.8259041406001
939.2756153209
814.4631223656
976.7440399247
1041.3704468898
930.4374147181
1000.7089561231
832.9721971676
1060.1866650763
1020.5585534199
885.2308612684001
968.9435881254999
868.9551152613999
954.1450721243
1022.6805568406
897.0699979809999
1006.9195907097
864.2685488477
1046.0582617896
992.4921437429
824.7993132096999
985.3784922482
828.0107436221001
969.8268974411
995.3249476647001
843.3069409049001
985.9736838619
832.7031330842001
1047.5294683549
989.8020377291
836.5479287111
962.2298416203
846.2498100129
946.3242286817
1047.1138570652001
892.4688081820001
1064.8075133838
899.7069597641
1027.8676836613
1026.8923564657
882.9388859676001
924.7472264383
825.1536467192999
947.7562944839001
1044.5755420412
854.5524202269
933.8069451684001
826.9224598026999
938.710991476
1039.6081907404
890.7823961709
969.8262242645001
858.8650236035
960.0461378424
1016.6593833138
844.0985944607
983.2697012982
806.0775946561
975.2066910869
1009.7736834002
908.428942343
987.2573703500999
845.7746988966001
952.9184904394999
985.3374093483001
785.9085161481
925.3504827110999
807.7086547109
936.0205603073
[INFO][abstract_intensifier.py:596] Added config 46b4e3 and rejected config 8a205f as incumbent because it is not better than the incumbents on 1 instances: 
951.6501066283
818.8327273452
954.568472769
802.3931095948001
927.3520583676001
1009.5266206890001
834.4806815836
958.4185226873999
810.4070829648
946.2993695897001
998.9484996840001
808.3409632713999
957.2727955508999
822.35831582
942.3833792335
991.6905850581999
835.2217301956
902.1814252996
836.0312876488001
946.2752253174001
1059.9647398737
868.0253838929
937.2492082952001
825.3221974455
1012.1299910873
1083.9382615789
859.3904894341999
960.9387849489001
806.9142379125999
968.0640324907001
1017.1527582834999
832.7694097768999
941.4763443481
876.0500074837998
956.9658041525001
992.9629625056
809.6876315586001
940.3892052933002
864.012200251
953.9589724944999
977.5255021235
816.594080378
935.8058477970001
837.8565938939
907.1338702291
992.4217855792
791.6075038365
909.1500397653
803.1781434836
907.7642836596999
[INFO][abstract_intensifier.py:596] Added config e67940 and rejected config 46b4e3 as incumbent because it is not better than the incumbents on 1 instances: 
962.9518612198
822.8373535295
947.9575431918001
828.2886078341999
921.5515042075001
992.5224731320001
842.9526799305002
949.9316261116
814.0608275228001
982.2254440646001
969.0167704285001
788.1948208544001
929.3329901348
816.6237488295
979.5619981587
967.0982946385
778.0195849037
932.5184219705001
828.8008047858
936.5288743952
1083.2074054646
905.070513916
995.9813469700001
871.5051918821
997.2580575842
1065.3333087309
939.4963330209
1035.3101102740002
961.5193260547999
1095.0655557499
981.912229076
786.4137016933
952.2644258189999
810.5224227494
932.4245856132001
995.0178101242
774.5716509523
901.4143654389002
821.2424812488
932.8233610961001
998.8227471683
808.291576765
940.4265682114
847.6388109995
942.4152549815001
1006.744263986
780.2281575654999
905.7800324994
813.3097629525998
946.8542927431001
975.8391218565001
821.4502635567
935.4053867307999
793.4829301512001
934.2253096482
996.2595127356
796.9691061517999
957.3667696711
815.8951369253
941.6692797395999
1015.8098105256
780.5377291351999
954.2493879039
829.1477421239999
939.6259594517
999.8887245757999
826.1709937121999
960.9107150169
845.5901009120998
940.7058302286
1001.0568636126
822.6934640136001
952.6170857253001
819.7970570340001
933.1674562368
963.5594263763
808.94173456
908.4441484161
833.3012627014
937.4655792517999
992.0827226121
842.1744411561
970.8540569818
808.3774897162
1001.8982231058001
996.1733467357001
825.8919620721999
941.517300783
831.6410626634
927.3781586255001
963.5594263763
808.94173456
908.4441484161
833.3012627014
937.4655792517999
998.3558686533
857.4682611249
996.9387584104002
875.8398107031
943.2381912392
1003.562070667
811.3901538221
899.9605746393001
822.0969295626
945.3963330519
980.8786607809
778.4114519028999
948.0951920129
822.3651274259
908.2608777848001
[INFO][smbo.py:327] Finished 50 trials.
1004.5525813566
893.1775859922
1037.4865382821
858.3234661022
1038.3246784313
995.756778555
793.8589423838
910.6124382472999
798.8382711091
913.1417795343
995.756778555
793.8589423838
910.6124382472999
798.8382711091
913.1417795343
988.5099019464
802.7914141745999
926.2482829609
806.1968705613
900.6518778969
999.4678635538
775.9171037505
890.5815564919001
799.0340164373001
917.9197112491
[INFO][abstract_intensifier.py:596] Added config 68af97 and rejected config e67940 as incumbent because it is not better than the incumbents on 1 instances: 
996.8794432855
841.1794908999
934.2718177511
813.8136183864001
947.4748738512001
992.4217855792
791.6075038365
909.1500397653
803.1781434836
907.7642836596999
1006.9523398250001
778.1509026485999
878.4627762732
803.3380025518
910.9526288952
[INFO][abstract_intensifier.py:596] Added config 7f7aa1 and rejected config 68af97 as incumbent because it is not better than the incumbents on 1 instances: 
1074.2677637353
844.5941540860001
985.1530689319
824.8200738186001
984.1939902207
963.5119390826999
787.712305684
937.409304825
841.3213550044
932.7787554619
1016.2733194854
934.5436254773999
1054.409332521
902.2363789526
1036.0787588607
1004.734646633
809.7358567253
929.6796216025
824.1503949817
908.4599842995
1004.734646633
809.7358567253
929.6796216025
824.1503949817
908.4599842995
963.5119390826999
787.712305684
937.409304825
841.3213550044
932.7787554619
1004.734646633
809.7358567253
929.6796216025
824.1503949817
908.4599842995
1004.734646633
809.7358567253
929.6796216025
824.1503949817
908.4599842995
976.7881673505999
810.5431907484999
929.4077737339001
862.7814966472
950.6061857028
984.5825051710999
847.0621492054
995.8944890725
859.3442426152
1029.6866647201
979.1250384574
810.2804500945
932.3126872397002
848.4808103475
946.8720650897
1003.4719601528
806.4051083702
928.6722316471001
842.6348337488
945.9448510011
974.7920951532
811.1635983914999
919.3391554896
861.0433449064999
948.0628340134
979.1250384574
810.2804500945
932.3126872397002
848.4808103475
946.8720650897
996.0627017478
803.4511830025999
932.3339957061
844.4001635458001
945.0550951869
1003.4719601528
806.4051083702
928.6722316471001
842.6348337488
945.9448510011
975.3197779406999
846.5168294478999
1013.3546942176
835.5275485464001
957.6376122067
[INFO][smbo.py:335] Configuration budget is exhausted:
[INFO][smbo.py:336] --- Remaining wallclock time: inf
[INFO][smbo.py:337] --- Remaining cpu time: inf
[INFO][smbo.py:338] --- Remaining trials: 0
