[INFO][abstract_initial_design.py:87] Reducing the number of initial configurations from 60 to 18 (max_ratio == 0.25).
[INFO][abstract_initial_design.py:139] Using 18 initial design configurations and 0 additional configurations.
[INFO][abstract_intensifier.py:307] Using only one seed for deterministic scenario.
1801.8467611137999
1802.1956301946002
1579.9365977892999
1553.4501488606
1575.4713819005
[INFO][abstract_intensifier.py:517] Added config 26fdc2 as new incumbent because there are no incumbents yet.
1726.5962766113998
1585.0626720594998
1598.3855430677
1569.2217102863
1598.6132168258
[INFO][abstract_intensifier.py:596] Added config 8a205f and rejected config 26fdc2 as incumbent because it is not better than the incumbents on 1 instances: 
1768.2286475074
1572.8150900641
1616.5376039461999
1565.6312359766998
1594.4508975719
1788.9023803477999
1592.9331829477
1564.2009261238
1566.359316958
1577.9926252953
1741.1602578649
1585.4645835227
1563.4022305675999
1550.4105624411
1580.9980122702
[INFO][abstract_intensifier.py:596] Added config 87cf8a and rejected config 8a205f as incumbent because it is not better than the incumbents on 1 instances: 
1932.2476724016
1886.3599087477
1693.9275343231
1713.0548977477001
1651.3942723648
1760.0769356411001
1650.3196183283003
1573.7094957841
1547.6283513149
1581.8913737932
1882.7944754139003
1615.1161989463
1687.4828341871
1634.0959576552
1601.1328533176002
1745.9828206394
1615.7541532801997
1578.9268672445
1549.8158939152001
1583.2501444983
1854.289099978
1850.747907544
1602.4490719531
1567.7205480658
1600.7167361503
1780.2037970473998
1560.7874703149
1623.4388661234998
1554.4910411366
1597.0716787804
1901.8184288998
1836.5261596215998
1592.1875298102
1592.4325229917
1598.2524916912
1754.1659228473998
1536.880485221
1566.2395952082
1567.6977123105999
1578.8157961302
[INFO][abstract_intensifier.py:596] Added config aee50b and rejected config 87cf8a as incumbent because it is not better than the incumbents on 1 instances: 
1781.3192376645002
1646.3700391101002
1597.926077084
1564.3218968123
1581.6872658753
1774.2093892055
1830.1173706827
1586.8348195456
1565.148194913
1572.9068114523998
1761.6911134254
1523.6585653876
1587.0758672410002
1554.3470567123
1571.9696963434
[INFO][abstract_intensifier.py:596] Added config e66913 and rejected config aee50b as incumbent because it is not better than the incumbents on 1 instances: 
1794.9290905059001
1587.9757797224
1596.0516964445
1579.5274737945
1597.3377249956002
1749.6164064615
1532.1854751386
1571.5904347872001
1554.2608594539001
1588.5563547770998
[INFO][abstract_intensifier.py:596] Added config 46b4e3 and rejected config e66913 as incumbent because it is not better than the incumbents on 1 instances: 
1754.5358464408998
1598.8198952602002
1563.4219367198998
1543.1459615101999
1565.3791256064
1732.8618482027
1561.7186169466
1568.4424451613
1540.0822158093001
1577.2594831028
[INFO][abstract_intensifier.py:596] Added config 07c24d and rejected config 46b4e3 as incumbent because it is not better than the incumbents on 1 instances: 
1737.4261044173002
1567.2072580585
1547.6261381473
1567.4540502211999
1565.4709468068
1730.9056386789
1599.1748692008
1573.3604297987001
1547.7112979571
1574.1195475270001
1851.596250645
1605.1882580575
1625.2546434391
1563.0066023929
1572.8733807019998
1819.4175385968001
1583.4480158923998
1595.8432799176999
1589.9511099832998
1617.9336656485002
1782.5009587680001
1589.9282664676998
1582.6023588879
1570.4085869958
1595.0018818928997
1768.0523286007
1593.4450007375
1578.6867936342
1555.8412250389001
1587.5350317243
1742.8561307459
1585.1320992209
1555.4231642137
1549.2616170184
1579.839221963
1770.5591999334997
1591.9601696355
1561.0665271108
1553.4088550103002
1563.9571963506
1760.5838584938
1554.2073212645
1558.8156789724999
1542.6523597899
1594.49421789
1739.9436972196
1571.9729554023002
1568.6513938857001
1547.9709434806
1570.8036505329999
1738.1857295321
1565.8893587835
1555.686220381
1545.7174291862
1587.0086903458
1738.4875815788
1578.522240142
1562.3311160358
1544.9842270935999
1563.9390551981
1775.7073377565
1618.013155994
1578.1611973610998
1562.1204340978998
1581.0442469621998
1903.0693417505
2140.2564274448
1851.9035233504
1740.8009394891
1760.9714389149
1739.0056629361002
1587.716309718
1580.7773298168
1560.4719532678
1578.3943962489002
1738.5284751247
1582.4757823938
1581.0266891817
1560.1769134635001
1578.3762430409001
1740.0456972047
1588.1355341431
1581.9773480834
1560.2187216923999
1578.3769808488
1739.0056629361002
1587.716309718
1580.7773298168
1560.4719532678
1578.3943962489002
1741.2489767304999
1590.3068935545998
1566.8192352468
1555.1332445685998
1602.2305912896
1759.2030203821
1555.3615984109001
1560.2474647243998
1557.7258585920001
1573.2429649138
1740.0456972047
1588.1355341431
1581.9773480834
1560.2187216923999
1578.3769808488
1741.2489767304999
1590.3068935545998
1566.8192352468
1555.1332445685998
1602.2305912896
1745.2876160901
1582.5026846887
1535.3864223709002
1555.3372835111
1590.8635887271998
1759.1855201086
1576.1483991666
1570.3047291252
1547.7346488580997
1570.6696957419001
1750.6722563066
1592.3251686756003
1597.4200654554
1552.7142378828
1592.4524266982999
1752.2041306299002
1630.9830554112
1564.0301600890002
1550.2615417625998
1574.9663657668
1745.2876160901
1582.5026846887
1535.3864223709002
1555.3372835111
1590.8635887271998
1776.3987652447
1785.9804007413
1560.0830285646
1576.4468834191
1579.6954577077
1745.2876160901
1582.5026846887
1535.3864223709002
1555.3372835111
1590.8635887271998
1750.5069606053
1576.7043744725
1544.3394588830001
1544.3347644424
1574.3218093916998
[INFO][smbo.py:327] Finished 50 trials.
1919.2765594607001
1842.4102515458
1660.7659447290998
1710.6776206777
1621.1587789711
1746.9597714881002
1583.2459746130999
1557.8566794088
1553.2653020745
1561.4061201887
1760.2806973173
1575.4804687639
1560.7845176839
1559.1563275546
1556.2994996674
1760.2806973173
1575.4804687639
1560.7845176839
1559.1563275546
1556.2994996674
1747.9125703557997
1562.0480754855
1551.9123981501002
1544.2298974499
1568.5430481629999
[INFO][abstract_intensifier.py:596] Added config e1296e and rejected config 07c24d as incumbent because it is not better than the incumbents on 1 instances: 
1766.2726223865998
1582.3926967788
1576.3906352067
1569.1667534199998
1578.7168147328998
1732.8618482027
1561.7186169466
1568.4424451613
1540.0822158093001
1577.2594831028
1768.1275577883
1581.8427712960001
1574.4875615893998
1552.8986085353
1566.9216570555
1765.4255020945
1570.0437788224
1590.6198564762
1564.0955988169
1568.8238615546998
1746.3962286093
1575.3095851018998
1570.7062719027
1545.4968853342998
1557.5398921350002
1851.3518767434002
1867.5313008837
1621.1857298329
1609.2774274656
1594.8028492201001
1746.3962286093
1575.3095851018998
1570.7062719027
1545.4968853342998
1557.5398921350002
1746.3962286093
1575.3095851018998
1570.7062719027
1545.4968853342998
1557.5398921350002
1747.9125703557997
1562.0480754855
1551.9123981501002
1544.2298974499
1568.5430481629999
1746.3962286093
1575.3095851018998
1570.7062719027
1545.4968853342998
1557.5398921350002
1749.3448304462
1559.0244146938
1553.4646878447
1540.7227321625
1573.2848624698
1740.547881808
1563.0940374021002
1556.9823904529999
1551.7488414645
1582.3742352548998
1816.291004291
1785.2126065164998
1630.8047470380002
1606.9089527809
1576.6261044108
1740.547881808
1563.0940374021002
1556.9823904529999
1551.7488414645
1582.3742352548998
1747.9125703557997
1562.0480754855
1551.9123981501002
1544.2298974499
1568.5430481629999
1747.9125703557997
1562.0480754855
1551.9123981501002
1544.2298974499
1568.5430481629999
1747.9125703557997
1562.0480754855
1551.9123981501002
1544.2298974499
1568.5430481629999
1742.9494780169
1565.9168268034
1555.1406116018998
1557.48905951
1578.6576137852999
1747.9125703557997
1562.0480754855
1551.9123981501002
1544.2298974499
1568.5430481629999
1753.2587440418001
1803.1468353987
1581.8303594831998
1558.4372792689
1575.2992198284
[INFO][smbo.py:335] Configuration budget is exhausted:
[INFO][smbo.py:336] --- Remaining wallclock time: inf
[INFO][smbo.py:337] --- Remaining cpu time: inf
[INFO][smbo.py:338] --- Remaining trials: 0
