[INFO][abstract_initial_design.py:87] Reducing the number of initial configurations from 60 to 18 (max_ratio == 0.25).
[INFO][abstract_initial_design.py:139] Using 18 initial design configurations and 0 additional configurations.
[INFO][abstract_intensifier.py:307] Using only one seed for deterministic scenario.
1069.2735841584
977.7074023372999
1033.3963881523
931.1751288334999
1050.0506115372
[INFO][abstract_intensifier.py:517] Added config 26fdc2 as new incumbent because there are no incumbents yet.
1060.4103662895
871.5430656484999
992.3113133984
841.1722805315
1009.6566696477
[INFO][abstract_intensifier.py:596] Added config 8a205f and rejected config 26fdc2 as incumbent because it is not better than the incumbents on 1 instances: 
1060.4409314139
887.3329172359
1032.3825710332
929.2586429447
1076.9953706659
1025.7956334762
884.2874558509
1023.3477734676
865.9850495884999
997.8562920565998
1020.3457122000001
885.340813218
1016.9758244662
901.3965309048001
990.3133720144001
1150.0799423715
1024.647989978
1128.1505684838999
962.7542441131
1114.0860542012
1050.3068696892
922.0978469909
970.8418617041
858.8066292473999
1036.1025431426
1082.8553463713
970.1464870657
1129.2454807967
957.7160931329
1034.6092777452
1031.9668677506997
851.359173231
1009.3679142675999
891.3594703875
971.7982910699001
[INFO][abstract_intensifier.py:596] Added config b7ad6c and rejected config 8a205f as incumbent because it is not better than the incumbents on 1 instances: 
1107.8162692096
1027.8062217268
1135.1332748406999
920.414026789
1022.4671219956999
1016.5348810135
855.8168578545
981.2121403442
896.0246167824
970.0571315949002
[INFO][abstract_intensifier.py:596] Added config 1f00ce and rejected config b7ad6c as incumbent because it is not better than the incumbents on 1 instances: 
1110.6940069188
1022.0302572774001
1125.3850087076
926.4061342501
1097.0512298654
1062.3882357591
897.0640354221999
1000.2025981557001
889.2482677355999
1010.2255567507
1084.0059608143001
912.2891480763999
1018.3465844988
886.8274430729
1007.7037124306
1073.9783833505
995.2359385940999
1056.0224224598
932.099833787
1041.096768901
1015.3082098169
899.5281085362999
976.7807570627
866.0097613714
994.0296212282
1078.1802945385
951.3823126611001
1036.7832984108
924.3982392703999
1074.1935349321
1017.9313329544999
856.2636447264001
958.4636624958
847.4775233329
993.1647439770001
[INFO][abstract_intensifier.py:596] Added config 46b4e3 and rejected config 1f00ce as incumbent because it is not better than the incumbents on 1 instances: 
1017.9313329544999
856.2636447264001
958.4636624958
847.4775233329
993.1647439770001
999.1292298738
852.1948164206999
948.0675358527
862.6321409067999
971.3608922399001
[INFO][abstract_intensifier.py:596] Added config 5890e3 and rejected config 46b4e3 as incumbent because it is not better than the incumbents on 1 instances: 
1008.4424648374
848.6037494325001
940.9388203761999
861.9762912775
975.9785857844001
1017.9313329544999
856.2636447264001
958.4636624958
847.4775233329
993.1647439770001
1077.0054674512
873.3353713168001
1037.2261975948
912.3161179481
1033.4339928294999
1047.3873050368
901.0134599816
964.7200700236
911.7357459345999
992.2595450343
1076.4355597303
916.3387553462001
1083.6267534525
879.5670760123
979.5467439301001
1023.3566011381001
856.0020136643
924.2348149492
833.0197961319
992.7487827919999
[INFO][abstract_intensifier.py:596] Added config c8c48c and rejected config 5890e3 as incumbent because it is not better than the incumbents on 1 instances: 
1004.5487586273999
875.7558769345001
940.8952075498
864.8549812424001
990.8169589674
1001.2458792495
872.3045053523999
944.38982667
860.8575066045
989.8489697195
1046.597066716
893.755995229
922.5306868906999
885.9629245761998
976.1900680766
1000.8458877118999
880.415847923
922.9734806091999
863.1272328008
985.917342121
1004.5487586273999
875.7558769345001
940.8952075498
864.8549812424001
990.8169589674
1000.6795405849
854.7709231813
936.7098593418
863.5395039814
989.4584109512
1107.1026202611001
955.2205197642
1119.0500104642
937.0683476316001
1049.7872305449
1177.6824755446
1011.0959786139
1171.8136854977
995.3655620816
1110.9805329309002
1023.0779177514
853.7663599515
935.2041321291999
862.0267772233999
979.8210289843
1029.3196345941
845.1223097290001
929.6959105639
858.654223651
980.4324291810999
1023.0779177514
853.7663599515
935.2041321291999
862.0267772233999
979.8210289843
1008.4424648374
848.6037494325001
940.9388203761999
861.9762912775
975.9785857844001
1019.4242390546
848.0130462284001
944.2270522104001
855.8940062553
987.4444402787001
1067.2515022758
890.6359283314
1000.1600575002001
887.2315922171999
1029.0437618625
1056.7877268585999
879.9136651185
1014.9337341398999
834.1257205121999
995.7137526322
1023.0779177514
853.7663599515
935.2041321291999
862.0267772233999
979.8210289843
1047.904588135
880.4706476439001
963.5926308905
849.0277104637
955.1833937076999
1029.1873801893998
894.7694864921
982.7906479108
854.1758790501001
982.6981308457999
1053.1292893262998
910.6774816975001
997.8741040735
905.5451094435
1018.2528816145999
1039.2592877355
873.9183526229999
1008.0820827028001
852.7694822864
983.5884207030999
1017.4196797149
871.6741757987
934.3489741818
842.8621871757
987.9073585602001
1042.7258336655
935.4002291488
1064.2118991359
940.0130627479
1020.8888265595
1025.5175826385998
884.6443516204
944.9463577595
864.8595748636001
978.7186651925001
1005.8992034749
854.4461968096
923.14357077
869.3945776139999
942.014526446
[INFO][abstract_intensifier.py:596] Added config f6e95d and rejected config c8c48c as incumbent because it is not better than the incumbents on 1 instances: 
[INFO][smbo.py:327] Finished 50 trials.
1124.5693899156
997.5041234109
1117.3570164465
982.5957298904999
1113.6345312207
1030.7078085891
847.9192586073999
956.0339701178
861.4061112116999
994.9721423640001
1003.9658653314
885.7829255183
945.2537281156999
846.7471016968999
964.5703707261
1020.0261478042
875.4532940959999
946.5822640612
876.8446861633
937.7505002234
1023.1275972359999
854.4269846361999
952.2581094605
859.3820419234999
995.8406272008999
1050.3796723976
885.6291288154
999.4617182277002
873.9742146144
1037.7162351699
1005.2742427737999
850.2939118519
922.6603048628999
858.5940957973
958.2210960586
1020.5442548356
861.1220991208
964.5295462212
859.6883846388
994.8462226733
1029.7547112856998
897.1117269026
1006.2841919063001
855.9900206654
1005.0815895238
1037.4936694198
876.1740903585
888.7500523202999
854.2378099911
987.7708698142001
1109.7647089418
984.7322481690001
1186.2135387440999
927.1769428035
1031.2164299505998
994.9419447031999
812.7194810463001
922.3488135708
837.6513146348
961.4594110957
[INFO][abstract_intensifier.py:596] Added config edc0d4 and rejected config f6e95d as incumbent because it is not better than the incumbents on 1 instances: 
996.6831870158001
823.0014804647
919.61496106
902.7093376291
975.1906139154
999.480710288
891.5066767494001
916.6266563198
875.7559687129001
963.1373786620001
986.5530774895999
873.6762806088
933.9239406695999
901.7059810958
973.3034729837
997.9948928157
854.4720018955
937.9641073958999
836.0640624695999
945.3888533137999
1009.2048558624001
865.2780194827
933.0724358558998
856.7292966234
969.6877821864
1074.346254616
956.8347388961
1058.6630037231
926.4889781115999
1046.3244435778
1009.2048558624001
865.2780194827
933.0724358558998
856.7292966234
969.6877821864
994.9419447031999
812.7194810463001
922.3488135708
837.6513146348
961.4594110957
994.9419447031999
812.7194810463001
922.3488135708
837.6513146348
961.4594110957
1006.6273450360001
826.9140138201999
957.6153627594999
859.2641293373999
967.1843325510001
1046.7049316977
857.2024511569
971.0052953026
865.1419940453999
964.3553891899
1063.4211806075
971.8473274439
1031.5150403302
909.4951797952001
1060.3434150379
1052.9637649531
878.0687543467999
911.4299434164
903.0335248611999
969.4936229298
[INFO][smbo.py:335] Configuration budget is exhausted:
[INFO][smbo.py:336] --- Remaining wallclock time: inf
[INFO][smbo.py:337] --- Remaining cpu time: inf
[INFO][smbo.py:338] --- Remaining trials: 0
