[INFO][abstract_initial_design.py:87] Reducing the number of initial configurations from 60 to 18 (max_ratio == 0.25).
[INFO][abstract_initial_design.py:139] Using 18 initial design configurations and 0 additional configurations.
[INFO][abstract_intensifier.py:307] Using only one seed for deterministic scenario.
1195.3491246869999
1086.2977589193001
1093.1974322069
1021.6808760640001
1124.114350319
[INFO][abstract_intensifier.py:517] Added config 26fdc2 as new incumbent because there are no incumbents yet.
1144.1435184617999
975.0836043544
1089.0582431438
991.3179883237001
1112.2353962697
[INFO][abstract_intensifier.py:596] Added config 8a205f and rejected config 26fdc2 as incumbent because it is not better than the incumbents on 1 instances: 
1177.1403151682
1024.1053151594
1079.0380642802
994.3586284998
1080.5597691532998
1151.1404180726
966.5890436916999
1116.677623604
959.7301447552
1046.2072850483
[INFO][abstract_intensifier.py:596] Added config 71b0a5 and rejected config 8a205f as incumbent because it is not better than the incumbents on 1 instances: 
1145.5103568097
963.3737107715999
1049.8109441248
932.1195504928999
1115.0926123097001
[INFO][abstract_intensifier.py:596] Added config 87cf8a and rejected config 71b0a5 as incumbent because it is not better than the incumbents on 1 instances: 
1285.8954264106
1090.9812199018
1245.2444902193001
1125.5603003874
1165.1050766644
1161.5473423416
945.40623381
1081.3758272183
964.4591139892
1023.1130129915
[INFO][abstract_intensifier.py:596] Added config 423f12 and rejected config 87cf8a as incumbent because it is not better than the incumbents on 1 instances: 
1174.3379117134
1090.7122489391002
1158.1217318311
1024.2096718168
1126.1506854943
1134.7849122624
933.0537720586999
1071.9856859746
938.4286616967001
1082.6805670157
[INFO][abstract_intensifier.py:596] Added config b7ad6c and rejected config 423f12 as incumbent because it is not better than the incumbents on 1 instances: 
1172.4965358517002
1071.5734376331002
1132.0768048586
1089.9689674548
1126.72546279
1138.2283867196
976.4285812629
1050.6630698594
991.0837600899999
1069.1022754255
1179.5339885967
1128.2007279722002
1147.5517816801
1092.9475129272
1150.9023489106
1147.7275169752
989.8444441446
1054.0076872999
937.9717148537001
1093.6984276813
1179.0931752991
983.0055389434001
1078.3407933890999
1017.0745177415001
1111.8802308250001
1192.3116199709998
1082.1003026109997
1071.5842049899998
1038.5273138148
1119.4953231753
1109.0340249345
1039.4050906194998
1075.6239613041998
960.0783579997999
1077.335079173
1206.0948825399
1013.1851749735999
1076.0629819462001
1015.286680081
1122.6440433988
1153.5568773935001
924.1967261527999
1072.0269242655
947.7782359739999
1059.6056168093
[INFO][abstract_intensifier.py:596] Added config 46b4e3 and rejected config b7ad6c as incumbent because it is not better than the incumbents on 1 instances: 
1155.0602542402
948.5128901043
1113.4485539181
924.0642998058
1038.8727224111
1149.0241210166
952.0571332830001
1058.3825239566
936.3892552565999
1075.4572745526
1133.9602704919002
916.0798764734001
1041.1232245522
938.723715783
1054.2344054625
[INFO][abstract_intensifier.py:596] Added config d67d3e and rejected config 46b4e3 as incumbent because it is not better than the incumbents on 1 instances: 
1146.0177140587
958.8132704346999
1120.5141268615998
938.6511079832001
1051.9194237478
1145.7882875748
1029.4149486638
1084.8854827402
1073.5410102592
1098.1696931792999
1196.1372559427
1022.7792601678002
1178.1121651148
996.7667304991
1139.9503378467002
1182.7745658906001
1025.2642199972
1075.4590085453
950.3350356117999
1131.4116197338
1075.2045993737001
935.5108558726
1038.9888110548
907.4254138189
1046.5993530111
[INFO][abstract_intensifier.py:596] Added config 626ac7 and rejected config d67d3e as incumbent because it is not better than the incumbents on 1 instances: 
1112.9670567271
939.0143003142
1059.0213158138001
938.1347764505999
1032.9207344728002
1128.758382318
960.8961887162001
1080.0934789834
946.5041085722
1056.9201661825
1170.3068153737
999.9790057448
1055.0122939081
969.3897654758
1106.3861166346
1112.9670567271
939.0143003142
1059.0213158138001
938.1347764505999
1032.9207344728002
1108.9116379744
923.3250000003
1060.5604009751
899.5893773585999
1071.6536279441002
1128.758382318
960.8961887162001
1080.0934789834
946.5041085722
1056.9201661825
1194.1964397996
1072.9431697109999
1087.9741831821998
1032.3020349549
1130.7589465996998
1348.2854010841002
1124.6413819825
1165.7732374981
1155.1768841719
1151.3468436150001
1146.0737657290001
947.644475032
1058.7611944666
954.8865012638
1064.9342362860002
1113.619997989
944.2771414690001
1054.103862578
892.7624055901001
1060.5607559008
1144.9422760128
950.526935705
1039.9011612199001
924.4985739308
1053.1373163245
1143.3510278776
936.8965949633
1022.932349469
931.0586514572
1048.454605884
1102.4528503687
933.0753090372
1081.9300124971
877.7642049709
1059.2237854554999
1172.8943254399
1010.9895860428
1063.7075572426
964.3070888721
1060.2295570304
1144.4398336544
940.6497493402001
1028.5555120407
924.8556444600001
1054.4013400465
1147.1362298585
939.7661404068999
1022.3829993193001
931.3448906926
1061.8558671979
1125.7650790037
973.1565439231999
1045.3337670104002
1034.0183502739
1100.6700227791
1125.943159796
992.7802872726
1124.7290244622
965.6646866494999
1131.6567693948
1117.9702780696998
964.6528251692001
1057.5070057399998
951.0570860131
1095.7403315953
1166.2681946759
1002.5448746397
1088.5034744201998
993.5980011311001
1089.4393896225001
1156.4116169054998
986.8061316861
1125.0369694039
978.9252194682999
1083.2550940810002
1146.3211168547
1042.1266482516999
1061.0925564953
988.7051057866
1111.5255540559
1179.3783240886
1044.6954318047
1049.5001570334
979.8766269119
1113.3049248371
1071.9004464966997
948.7389256998999
1025.0555101139998
877.1538283883999
1039.3464863566
[INFO][abstract_intensifier.py:596] Added config f6e95d and rejected config 626ac7 as incumbent because it is not better than the incumbents on 1 instances: 
[INFO][smbo.py:327] Finished 50 trials.
1277.7135586623
1073.3345050373
1188.2974680725001
1080.7096840386998
1136.7644789916
1121.862606761
970.2655969691001
1074.7871362807
926.0001154438
1055.7210679484
1071.316299386
957.4067753031
1029.5066235255
918.985462007
1041.9634739839
1125.3032159449
962.2828097428999
1070.4405768745
926.2818012181
1049.1182522922
1137.521746042
936.5206049572
1045.1826778099999
942.0133942663
1053.195859767
1119.8903025915001
994.9494749474001
1067.2327578953
967.6318831432
1118.8871604283
1125.1102369972
973.0669871529001
1029.9682587979
922.7560533882
1096.4269625809
1116.8771493577
929.9117998858001
1042.6785510785999
916.3675576816
1076.0006266848
1159.4872219925
993.5731590567999
1090.7573193665999
1049.2264540402
1058.5955324179001
1117.3786810845
937.7939770801
1052.6586933219
933.084480924
1042.8279837604
1235.7610997177999
1163.0610258528
1160.8445906946001
1048.7413577362
1168.4413034202998
1077.7233294927
921.2649512692001
1044.3514475613
904.7229513315999
1038.3606466027002
1110.5975708269
923.0710247758
1043.1628458091
938.3220650065
1035.8868753765
1118.9849186850997
915.0943275694999
1062.4307000603
931.2355926817
1075.4132915298
1137.936942244
931.0102414486
1044.0478307084
938.2334653073999
1037.3330214953
1121.4944429849
964.0900325509
1073.7982920201
931.0764455717
1068.1578159885
1110.5673142718001
943.6509861663001
1038.909541148
930.0943436424
1066.2826325762999
1148.2939129573
1078.0399498364
1158.7549406169999
1063.7214227416
1149.0621202169
1119.2146894933
941.7725964005999
1037.7583137102001
926.397322132
1042.39102389
1125.0702569782002
970.4379667405
1035.2512164617
913.1436368813999
1064.5662735995
1111.4100188825998
945.4292962171
1038.909539381
932.1506542826999
1040.4194164267
1110.5673142718001
943.6509861663001
1038.909541148
930.0943436424
1066.2826325762999
1111.7436001410001
940.4086917357
1041.5537641387
932.6760763448
1056.6492186456999
1071.9004464966997
948.7389256998999
1025.0555101139998
877.1538283883999
1039.3464863566
1160.1490649825
1063.763764219
1093.026697519
1037.620003827
1105.7526052888
[INFO][smbo.py:335] Configuration budget is exhausted:
[INFO][smbo.py:336] --- Remaining wallclock time: inf
[INFO][smbo.py:337] --- Remaining cpu time: inf
[INFO][smbo.py:338] --- Remaining trials: 0
