[INFO][abstract_initial_design.py:87] Reducing the number of initial configurations from 50 to 18 (max_ratio == 0.25).
[INFO][abstract_initial_design.py:139] Using 18 initial design configurations and 0 additional configurations.
[INFO][abstract_intensifier.py:307] Using only one seed for deterministic scenario.
0.8225352112676056
[INFO][abstract_intensifier.py:517] Added config 6a05d8 as new incumbent because there are no incumbents yet.
0.797752808988764
0.7863247863247863
0.7740112994350282
0.8101983002832861
[INFO][abstract_intensifier.py:596] Added config 328f33 and rejected config 6a05d8 as incumbent because it is not better than the incumbents on 1 instances: 
0.7790697674418605
0.8091168091168092
0.7777777777777778
0.7897727272727273
0.7830985915492957
0.813953488372093
[INFO][abstract_intensifier.py:596] Added config b23296 and rejected config 328f33 as incumbent because it is not better than the incumbents on 1 instances: 
0.7771428571428571
0.8135593220338984
0.7867036011080333
0.791907514450867
0.7774647887323943
0.7873563218390804
0.7851002865329513
0.8080229226361032
0.7848837209302325
0.7848837209302325
0.8057142857142857
0.7966101694915254
0.7687861271676301
0.8
0.7838616714697406
0.8215297450424929
[INFO][abstract_intensifier.py:596] Added config 9b22ea and rejected config b23296 as incumbent because it is not better than the incumbents on 1 instances: 
0.8181818181818182
0.8092485549132948
0.8365650969529086
0.8215297450424929
[INFO][abstract_intensifier.py:596] Added config 72e47f and rejected config 9b22ea as incumbent because it is not better than the incumbents on 1 instances: 
0.8245125348189415
[INFO][abstract_intensifier.py:596] Added config f71588 and rejected config 72e47f as incumbent because it is not better than the incumbents on 1 instances: 
0.7932960893854749
0.7859237536656891
0.8491620111731844
[INFO][abstract_intensifier.py:596] Added config 4803c5 and rejected config f71588 as incumbent because it is not better than the incumbents on 1 instances: 
0.8148148148148148
0.8205128205128205
0.8319088319088319
0.8248587570621468
0.792022792022792
0.8338028169014085
0.8465909090909091
0.8328611898016998
0.8248587570621468
0.7897727272727273
0.8328611898016998
0.8333333333333334
0.7536231884057971
0.8218390804597702
0.8275862068965517
[INFO][abstract_intensifier.py:596] Added config 38a4e5 and rejected config 4803c5 as incumbent because it is not better than the incumbents on 1 instances: 
[INFO][smbo.py:327] Finished 50 trials.
0.7564469914040115
0.8268156424581006
0.834733893557423
0.8365650969529086
[INFO][abstract_intensifier.py:596] Added config 3b29a3 and rejected config 38a4e5 as incumbent because it is not better than the incumbents on 1 instances: 
0.834733893557423
0.7727272727272727
0.8403361344537815
[INFO][abstract_intensifier.py:596] Added config cf7462 and rejected config 3b29a3 as incumbent because it is not better than the incumbents on 1 instances: 
0.830945558739255
0.8080229226361032
0.8324022346368715
0.7714285714285715
0.8328611898016998
0.8361581920903954
0.8324022346368715
0.8328611898016998
0.8361581920903954
0.8356545961002786
0.7723342939481268
0.8365650969529086
0.834733893557423
0.8101983002832861
0.8498583569405099
[INFO][abstract_intensifier.py:596] Added config ccd7bc and rejected config cf7462 as incumbent because it is not better than the incumbents on 1 instances: 
0.834733893557423
0.8101983002832861
0.8114285714285714
[INFO][smbo.py:335] Configuration budget is exhausted:
[INFO][smbo.py:336] --- Remaining wallclock time: inf
[INFO][smbo.py:337] --- Remaining cpu time: inf
[INFO][smbo.py:338] --- Remaining trials: 0
