[INFO][abstract_initial_design.py:87] Reducing the number of initial configurations from 50 to 18 (max_ratio == 0.25).
[INFO][abstract_initial_design.py:139] Using 18 initial design configurations and 0 additional configurations.
[INFO][abstract_intensifier.py:307] Using only one seed for deterministic scenario.
0.8803611738148984
[INFO][abstract_intensifier.py:517] Added config 6a05d8 as new incumbent because there are no incumbents yet.
0.8656036446469249
0.8701594533029613
[INFO][abstract_intensifier.py:596] Added config 6344ac and rejected config 6a05d8 as incumbent because it is not better than the incumbents on 1 instances: 
0.8636363636363636
0.8939051918735892
[INFO][abstract_intensifier.py:596] Added config 328f33 and rejected config 6344ac as incumbent because it is not better than the incumbents on 1 instances: 
0.8764044943820225
0.8943820224719101
[INFO][abstract_intensifier.py:596] Added config ec5181 and rejected config 328f33 as incumbent because it is not better than the incumbents on 1 instances: 
0.7703349282296651
0.8778280542986425
0.8642533936651584
0.8888888888888888
0.8047058823529412
0.8893905191873589
[INFO][abstract_intensifier.py:596] Added config a746f3 and rejected config ec5181 as incumbent because it is not better than the incumbents on 1 instances: 
0.8623853211009175
0.8733031674208145
0.8733031674208145
0.8878923766816144
0.8707482993197279
0.8918918918918919
0.8893905191873589
0.8843537414965986
0.8893905191873589
0.8584686774941995
0.8466819221967964
0.8792710706150342
0.8878923766816144
0.8873873873873874
0.8823529411764706
0.8878923766816144
0.8848758465011287
0.8823529411764706
0.8823529411764706
0.8372093023255814
0.8859060402684564
0.8893905191873589
0.8898876404494382
0.8853932584269663
0.8914027149321267
0.8878923766816144
0.871331828442438
0.8979591836734694
0.8979591836734694
0.8898876404494382
0.8948545861297539
0.8868778280542986
0.8973214285714286
0.8943820224719101
0.8256880733944955
0.8959276018099548
0.9022222222222223
[INFO][smbo.py:327] Finished 50 trials.
0.8472222222222222
0.8893905191873589
0.8934240362811792
0.8934240362811792
0.8934240362811792
0.8623024830699775
0.8934240362811792
0.8934240362811792
0.898876404494382
0.8873873873873874
0.8623024830699775
0.8873873873873874
0.8772727272727273
0.8873873873873874
0.8843537414965986
0.8873873873873874
0.8603603603603603
0.8918918918918919
0.8893905191873589
0.8943820224719101
0.8973214285714286
[INFO][abstract_intensifier.py:596] Added config 12d482 and rejected config a746f3 as incumbent because it is not better than the incumbents on 1 instances: 
0.8948545861297539
0.8873873873873874
0.8843537414965986
0.8623853211009175
[INFO][smbo.py:335] Configuration budget is exhausted:
[INFO][smbo.py:336] --- Remaining wallclock time: inf
[INFO][smbo.py:337] --- Remaining cpu time: inf
[INFO][smbo.py:338] --- Remaining trials: 0
