[INFO][abstract_initial_design.py:87] Reducing the number of initial configurations from 50 to 18 (max_ratio == 0.25).
[INFO][abstract_initial_design.py:139] Using 18 initial design configurations and 0 additional configurations.
[INFO][abstract_intensifier.py:307] Using only one seed for deterministic scenario.
0.9411764705882353
[INFO][abstract_intensifier.py:517] Added config 6a05d8 as new incumbent because there are no incumbents yet.
0.9488188976377953
[INFO][abstract_intensifier.py:596] Added config 1fd642 and rejected config 6a05d8 as incumbent because it is not better than the incumbents on 1 instances: 
0.93359375
0.9359223300970874
0.95703125
[INFO][abstract_intensifier.py:596] Added config 328f33 and rejected config 1fd642 as incumbent because it is not better than the incumbents on 1 instances: 
0.9254901960784314
0.9516441005802708
0.9076923076923077
0.9477756286266924
0.9296875
0.958904109589041
0.9263565891472868
0.953125
0.9418604651162791
0.9254901960784314
0.9469548133595285
0.9416342412451362
0.9317738791423001
0.9450980392156862
0.9593810444874274
0.9575289575289575
0.9553398058252427
0.9430255402750491
0.9390962671905697
0.952755905511811
0.9628180039138943
0.95703125
0.953307392996109
0.9568627450980393
0.9496124031007752
0.9510763209393346
0.953307392996109
0.935672514619883
0.9471624266144814
0.9610894941634242
0.9609375
0.9609375
0.9629629629629629
0.9609375
[INFO][abstract_intensifier.py:596] Added config aabb61 and rejected config 328f33 as incumbent because it is not better than the incumbents on 1 instances: 
0.914396887159533
0.9609375
0.9609375
0.9609375
[INFO][abstract_intensifier.py:596] Added config 270b0b and rejected config aabb61 as incumbent because it is not better than the incumbents on 1 instances: 
0.9609375
[INFO][abstract_intensifier.py:596] Added config c6a9cb and rejected config 270b0b as incumbent because it is not better than the incumbents on 1 instances: 
0.9490196078431372
0.9609375
0.9609375
0.9263565891472868
0.9609375
0.9518304431599229
[INFO][smbo.py:327] Finished 50 trials.
0.9411764705882353
0.9610894941634242
0.9534883720930233
0.9612403100775194
0.9475728155339805
0.9364161849710982
0.9571984435797666
0.9612403100775194
0.9546351084812623
0.9631067961165048
0.9320388349514563
0.9631067961165048
0.9631067961165048
0.9631067961165048
0.9631067961165048
0.9609375
0.9168278529980658
0.9609375
0.9609375
0.9609375
0.95703125
0.9494163424124513
0.94140625
0.9210019267822736
0.9609375
[INFO][smbo.py:335] Configuration budget is exhausted:
[INFO][smbo.py:336] --- Remaining wallclock time: inf
[INFO][smbo.py:337] --- Remaining cpu time: inf
[INFO][smbo.py:338] --- Remaining trials: 0
