[INFO][abstract_initial_design.py:87] Reducing the number of initial configurations from 50 to 18 (max_ratio == 0.25).
[INFO][abstract_initial_design.py:139] Using 18 initial design configurations and 0 additional configurations.
[INFO][abstract_intensifier.py:307] Using only one seed for deterministic scenario.
0.8291139240506329
[INFO][abstract_intensifier.py:517] Added config 6a05d8 as new incumbent because there are no incumbents yet.
0.8
0.7948717948717948
0.764179104477612
0.81875
[INFO][abstract_intensifier.py:596] Added config 328f33 and rejected config 6a05d8 as incumbent because it is not better than the incumbents on 1 instances: 
0.7925696594427245
0.8178913738019169
0.782608695652174
0.7899686520376176
0.8012618296529969
0.805111821086262
0.8096676737160121
0.8126984126984127
0.793939393939394
0.8115015974440895
0.7916666666666666
0.802547770700637
0.8099688473520249
0.819047619047619
0.8012820512820513
0.7961783439490446
0.821656050955414
0.8024316109422492
0.7567567567567568
0.7964071856287425
0.8275862068965517
[INFO][abstract_intensifier.py:596] Added config ce8fcf and rejected config 328f33 as incumbent because it is not better than the incumbents on 1 instances: 
0.8164556962025317
0.8275862068965517
0.8184615384615385
0.8275862068965517
0.8164556962025317
0.8076923076923077
0.822429906542056
0.821656050955414
0.821656050955414
0.8164556962025317
0.8238993710691824
0.8138801261829653
0.8213166144200627
0.8012618296529969
0.8213166144200627
0.8280254777070064
0.8064516129032258
0.8102893890675241
0.8201892744479495
0.8178913738019169
0.8275862068965517
0.7426900584795322
0.8253968253968254
0.810126582278481
[INFO][smbo.py:327] Finished 50 trials.
0.7610619469026548
0.8038585209003215
0.8076923076923077
0.8038585209003215
0.8038585209003215
0.8161993769470405
0.8038585209003215
0.8038585209003215
0.8076923076923077
0.832807570977918
0.7764705882352941
0.8164556962025317
0.8178913738019169
0.8164556962025317
0.832807570977918
0.8178913738019169
0.8275862068965517
0.8111455108359134
0.8150470219435737
0.8164556962025317
0.8375
0.8338557993730408
0.8074534161490683
0.8161993769470405
0.8
[INFO][smbo.py:335] Configuration budget is exhausted:
[INFO][smbo.py:336] --- Remaining wallclock time: inf
[INFO][smbo.py:337] --- Remaining cpu time: inf
[INFO][smbo.py:338] --- Remaining trials: 0
