[INFO][abstract_initial_design.py:87] Reducing the number of initial configurations from 50 to 18 (max_ratio == 0.25).
[INFO][abstract_initial_design.py:139] Using 18 initial design configurations and 0 additional configurations.
[INFO][abstract_intensifier.py:307] Using only one seed for deterministic scenario.
0.9941176470588236
[INFO][abstract_intensifier.py:517] Added config 6a05d8 as new incumbent because there are no incumbents yet.
0.9927007299270073
0.9926578560939795
[INFO][abstract_intensifier.py:596] Added config 6344ac and rejected config 6a05d8 as incumbent because it is not better than the incumbents on 1 instances: 
0.9897510980966325
0.9970674486803519
[INFO][abstract_intensifier.py:596] Added config 328f33 and rejected config 6344ac as incumbent because it is not better than the incumbents on 1 instances: 
0.9912023460410557
0.9941348973607038
0.9632892804698973
0.9941348973607038
0.9883040935672515
0.9911764705882353
0.9795918367346939
0.9941348973607038
0.9897209985315712
0.9941176470588236
0.9941176470588236
0.9912023460410557
0.9926578560939795
0.9985315712187959
[INFO][abstract_intensifier.py:596] Added config 51c767 and rejected config 328f33 as incumbent because it is not better than the incumbents on 1 instances: 
0.9926793557833089
0.9970674486803519
0.9970674486803519
[INFO][abstract_intensifier.py:596] Added config 97030d and rejected config 51c767 as incumbent because it is not better than the incumbents on 1 instances: 
0.9912536443148688
0.9736070381231672
0.9926578560939795
0.9926578560939795
0.9941176470588236
0.9955947136563876
0.9970674486803519
[INFO][abstract_intensifier.py:596] Added config 5f6a2c and rejected config 97030d as incumbent because it is not better than the incumbents on 1 instances: 
0.9941348973607038
0.9926578560939795
0.9941348973607038
0.9883040935672515
0.9911764705882353
0.9985315712187959
0.9985315712187959
[INFO][abstract_intensifier.py:596] Added config ecce41 and rejected config 5f6a2c as incumbent because it is not better than the incumbents on 1 instances: 
0.9985315712187959
[INFO][abstract_intensifier.py:596] Added config 807197 and rejected config ecce41 as incumbent because it is not better than the incumbents on 1 instances: 
0.9970674486803519
0.9985315712187959
0.9911764705882353
0.9970674486803519
0.9970674486803519
0.9970674486803519
0.9970674486803519
0.9941348973607038
0.9970674486803519
0.9985315712187959
0.9676470588235294
0.9970674486803519
0.9926578560939795
[INFO][smbo.py:327] Finished 50 trials.
0.9766081871345029
0.9955947136563876
0.9970674486803519
0.9985315712187959
0.9912280701754386
0.9912023460410557
0.9854651162790697
0.9897810218978103
0.9955947136563876
0.9985315712187959
0.9926793557833089
0.9985315712187959
0.9985315712187959
0.9985315712187959
0.9985315712187959
0.9985315712187959
0.986822840409956
0.9941520467836257
0.9956076134699854
0.9956076134699854
0.9970674486803519
0.9970674486803519
0.9955947136563876
0.9912023460410557
0.9912023460410557
[INFO][smbo.py:335] Configuration budget is exhausted:
[INFO][smbo.py:336] --- Remaining wallclock time: inf
[INFO][smbo.py:337] --- Remaining cpu time: inf
[INFO][smbo.py:338] --- Remaining trials: 0
