[INFO][abstract_initial_design.py:87] Reducing the number of initial configurations from 50 to 18 (max_ratio == 0.25).
[INFO][abstract_initial_design.py:139] Using 18 initial design configurations and 0 additional configurations.
[INFO][abstract_intensifier.py:307] Using only one seed for deterministic scenario.
0.9656301145662848
[INFO][abstract_intensifier.py:517] Added config 6a05d8 as new incumbent because there are no incumbents yet.
0.9851239669421488
[INFO][abstract_intensifier.py:596] Added config 1fd642 and rejected config 6a05d8 as incumbent because it is not better than the incumbents on 1 instances: 
0.9833887043189369
[INFO][abstract_intensifier.py:596] Added config 6344ac and rejected config 1fd642 as incumbent because it is not better than the incumbents on 1 instances: 
0.9785831960461285
0.9801324503311258
[INFO][abstract_intensifier.py:596] Added config 328f33 and rejected config 6344ac as incumbent because it is not better than the incumbents on 1 instances: 
0.9752066115702479
0.9735973597359736
0.9477124183006536
0.9867109634551495
0.971900826446281
0.9735973597359736
[INFO][abstract_intensifier.py:596] Added config b23296 and rejected config 328f33 as incumbent because it is not better than the incumbents on 1 instances: 
0.9719934102141681
0.976897689768977
0.9834437086092715
0.9672131147540983
0.9673202614379085
0.9866666666666667
0.9817578772802653
0.9674267100977199
0.965742251223491
0.9720853858784894
0.9801980198019802
0.9818181818181818
0.9706840390879479
0.9866666666666667
0.9769736842105263
0.9883527454242929
[INFO][abstract_intensifier.py:596] Added config 6b1d83 and rejected config b23296 as incumbent because it is not better than the incumbents on 1 instances: 
0.976897689768977
0.9849749582637729
[INFO][abstract_intensifier.py:596] Added config 5f6a2c and rejected config 6b1d83 as incumbent because it is not better than the incumbents on 1 instances: 
0.9736842105263158
0.9672131147540983
0.9801324503311258
0.973421926910299
0.9719934102141681
0.9752066115702479
0.9818181818181818
0.9850249584026622
0.9849749582637729
[INFO][abstract_intensifier.py:596] Added config 26f0b9 and rejected config 5f6a2c as incumbent because it is not better than the incumbents on 1 instances: 
0.9850249584026622
0.9735973597359736
0.9850249584026622
0.9866666666666667
0.9767441860465116
0.99
0.9867549668874173
0.9833887043189369
0.9850746268656716
0.9475409836065574
0.9752883031301482
0.9801324503311258
[INFO][smbo.py:327] Finished 50 trials.
0.9673202614379085
0.9750415973377704
0.9750415973377704
0.9816971713810316
0.9750415973377704
0.9833887043189369
0.9816971713810316
0.9816971713810316
0.9752066115702479
0.9816971713810316
0.9752883031301482
0.9833333333333333
0.978441127694859
0.98
0.9751243781094527
0.9752066115702479
0.9849749582637729
0.9768211920529801
0.971900826446281
0.9849749582637729
0.971900826446281
0.9849749582637729
0.971900826446281
0.9849749582637729
0.9565217391304348
[INFO][smbo.py:335] Configuration budget is exhausted:
[INFO][smbo.py:336] --- Remaining wallclock time: inf
[INFO][smbo.py:337] --- Remaining cpu time: inf
[INFO][smbo.py:338] --- Remaining trials: 0
