[INFO][abstract_initial_design.py:87] Reducing the number of initial configurations from 50 to 18 (max_ratio == 0.25).
[INFO][abstract_initial_design.py:139] Using 18 initial design configurations and 0 additional configurations.
[INFO][abstract_intensifier.py:307] Using only one seed for deterministic scenario.
0.9488536155202821
[INFO][abstract_intensifier.py:517] Added config 6a05d8 as new incumbent because there are no incumbents yet.
0.96415770609319
[INFO][abstract_intensifier.py:596] Added config 1fd642 and rejected config 6a05d8 as incumbent because it is not better than the incumbents on 1 instances: 
0.9535714285714286
0.9518716577540107
0.9607142857142857
[INFO][abstract_intensifier.py:596] Added config 328f33 and rejected config 1fd642 as incumbent because it is not better than the incumbents on 1 instances: 
0.9466192170818505
0.9595782073813708
0.926391382405745
0.9537366548042705
0.9333333333333333
0.9629629629629629
[INFO][abstract_intensifier.py:596] Added config b23296 and rejected config 328f33 as incumbent because it is not better than the incumbents on 1 instances: 
0.9449378330373002
0.9539007092198581
0.96415770609319
0.9357142857142857
0.9658886894075404
0.9568345323741008
0.9409660107334525
0.9681978798586572
0.9700176366843033
0.9432624113475178
0.9734513274336283
0.9515260323159784
0.9498207885304659
0.9605734767025089
0.9645390070921985
0.9518716577540107
0.9552772808586762
0.96415770609319
0.9571428571428572
0.9590017825311943
0.9605734767025089
0.9333333333333333
0.9574468085106383
0.9649122807017544
0.9612676056338029
0.9628318584070796
0.9612676056338029
0.9662522202486679
0.948306595365419
0.9565217391304348
0.9630931458699473
0.975
[INFO][abstract_intensifier.py:596] Added config 795707 and rejected config b23296 as incumbent because it is not better than the incumbents on 1 instances: 
0.9605734767025089
0.9622980251346499
0.9629629629629629
0.975
0.9468085106382979
0.9629629629629629
0.9679715302491103
[INFO][smbo.py:327] Finished 50 trials.
0.9515260323159784
0.9679715302491103
0.975
0.9644128113879004
0.9713261648745519
0.95
0.9644128113879004
0.9731663685152058
0.9662522202486679
0.9696969696969697
0.9481216457960644
0.9645390070921985
0.9636363636363636
0.960431654676259
0.9696969696969697
0.9695885509838998
0.9750889679715302
0.9411764705882353
0.974910394265233
0.974910394265233
0.9750889679715302
0.9767441860465116
0.975
0.9468085106382979
0.9551166965888689
[INFO][smbo.py:335] Configuration budget is exhausted:
[INFO][smbo.py:336] --- Remaining wallclock time: inf
[INFO][smbo.py:337] --- Remaining cpu time: inf
[INFO][smbo.py:338] --- Remaining trials: 0
