[INFO][abstract_initial_design.py:87] Reducing the number of initial configurations from 50 to 18 (max_ratio == 0.25).
[INFO][abstract_initial_design.py:139] Using 18 initial design configurations and 0 additional configurations.
[INFO][abstract_intensifier.py:307] Using only one seed for deterministic scenario.
0.8844444444444445
[INFO][abstract_intensifier.py:517] Added config 6a05d8 as new incumbent because there are no incumbents yet.
0.8306264501160093
0.8636363636363636
0.7981220657276995
0.8783783783783784
0.8687782805429864
0.874439461883408
[INFO][abstract_intensifier.py:596] Added config ec5181 and rejected config 6a05d8 as incumbent because it is not better than the incumbents on 1 instances: 
0.8054919908466819
0.8707482993197279
0.8584474885844748
0.8741721854304636
0.8246013667425968
0.8699551569506726
0.8623024830699775
0.8526077097505669
0.8584474885844748
0.8379629629629629
0.8662131519274376
0.8769574944071589
0.8824833702882483
[INFO][abstract_intensifier.py:596] Added config 5d7c59 and rejected config ec5181 as incumbent because it is not better than the incumbents on 1 instances: 
0.8789237668161435
0.8693693693693694
0.8348623853211009
0.8066825775656324
0.8387096774193549
0.8764044943820225
[INFO][abstract_intensifier.py:596] Added config 537e7f and rejected config 5d7c59 as incumbent because it is not better than the incumbents on 1 instances: 
0.8719101123595505
0.874439461883408
0.8752834467120182
0.8819599109131403
0.8844444444444445
[INFO][abstract_intensifier.py:596] Added config fa2716 and rejected config 537e7f as incumbent because it is not better than the incumbents on 1 instances: 
0.8778280542986425
[INFO][abstract_intensifier.py:596] Added config 8295e2 and rejected config fa2716 as incumbent because it is not better than the incumbents on 1 instances: 
0.8532731376975169
0.8758465011286681
0.8738738738738738
[INFO][abstract_intensifier.py:596] Added config bc12de and rejected config 8295e2 as incumbent because it is not better than the incumbents on 1 instances: 
0.874439461883408
0.8764044943820225
0.8819599109131403
0.8738738738738738
0.8687782805429864
0.8738738738738738
0.8844444444444445
0.8783783783783784
[INFO][abstract_intensifier.py:596] Added config d1b9dc and rejected config bc12de as incumbent because it is not better than the incumbents on 1 instances: 
0.874439461883408
0.8636363636363636
0.874439461883408
0.8707482993197279
0.8037825059101655
0.8789237668161435
0.88
[INFO][smbo.py:327] Finished 50 trials.
0.8215962441314554
0.875
[INFO][abstract_intensifier.py:596] Added config f12b31 and rejected config d1b9dc as incumbent because it is not better than the incumbents on 1 instances: 
0.875
[INFO][abstract_intensifier.py:596] Added config 0ee5bb and rejected config f12b31 as incumbent because it is not better than the incumbents on 1 instances: 
0.8758465011286681
0.871331828442438
0.8056206088992974
0.871331828442438
0.871331828442438
0.8707482993197279
0.8789237668161435
0.8306997742663657
0.8789237668161435
0.874439461883408
0.8764044943820225
0.8738738738738738
0.8738738738738738
0.8616780045351474
0.8538812785388128
0.8674157303370786
0.87248322147651
0.8590604026845637
0.8794642857142857
0.8769574944071589
0.8693693693693694
0.8834080717488789
[INFO][smbo.py:335] Configuration budget is exhausted:
[INFO][smbo.py:336] --- Remaining wallclock time: inf
[INFO][smbo.py:337] --- Remaining cpu time: inf
[INFO][smbo.py:338] --- Remaining trials: 0
