[INFO][abstract_initial_design.py:87] Reducing the number of initial configurations from 50 to 18 (max_ratio == 0.25).
[INFO][abstract_initial_design.py:139] Using 18 initial design configurations and 0 additional configurations.
[INFO][abstract_intensifier.py:307] Using only one seed for deterministic scenario.
0.8938775510204081
[INFO][abstract_intensifier.py:517] Added config 6a05d8 as new incumbent because there are no incumbents yet.
0.8962655601659751
[INFO][abstract_intensifier.py:596] Added config 1fd642 and rejected config 6a05d8 as incumbent because it is not better than the incumbents on 1 instances: 
0.8952772073921971
[INFO][abstract_intensifier.py:596] Added config 6344ac and rejected config 1fd642 as incumbent because it is not better than the incumbents on 1 instances: 
0.9016393442622951
0.9117043121149897
[INFO][abstract_intensifier.py:596] Added config 328f33 and rejected config 6344ac as incumbent because it is not better than the incumbents on 1 instances: 
0.8879837067209776
0.90020366598778
0.8739837398373984
0.9120654396728016
0.8857142857142857
0.9050505050505051
0.891170431211499
0.9042769857433809
0.8834355828220859
0.8879837067209776
0.9087221095334685
0.8957055214723927
0.891170431211499
0.9193548387096774
[INFO][abstract_intensifier.py:596] Added config 453a03 and rejected config 328f33 as incumbent because it is not better than the incumbents on 1 instances: 
0.902834008097166
0.9149797570850202
0.9142857142857143
0.897119341563786
0.8803245436105477
0.8975409836065574
0.9014084507042254
0.9193548387096774
0.9061224489795918
0.9034907597535934
0.9131313131313131
0.9193548387096774
0.9131313131313131
0.8742268041237113
0.8997955010224948
0.9065040650406504
0.9131313131313131
0.9183673469387755
[INFO][abstract_intensifier.py:596] Added config 9542af and rejected config 453a03 as incumbent because it is not better than the incumbents on 1 instances: 
0.902834008097166
0.9153225806451613
[INFO][abstract_intensifier.py:596] Added config dc52f5 and rejected config 9542af as incumbent because it is not better than the incumbents on 1 instances: 
0.8884381338742393
0.9193548387096774
0.9171717171717172
0.9164969450101833
0.9068825910931174
0.8975409836065574
0.9186991869918699
0.9068825910931174
0.864
0.9146341463414634
0.9171717171717172
[INFO][smbo.py:327] Finished 50 trials.
0.8916155419222904
0.9153225806451613
0.9153225806451613
0.9153225806451613
0.9153225806451613
0.8907216494845361
0.9153225806451613
0.9153225806451613
0.9061224489795918
0.9032258064516129
0.8906882591093117
0.9164969450101833
0.9175050301810865
[INFO][abstract_intensifier.py:596] Added config 5dcf94 and rejected config dc52f5 as incumbent because it is not better than the incumbents on 1 instances: 
0.9024390243902439
0.9032258064516129
0.9083503054989817
0.9090909090909091
0.8811475409836066
0.9168356997971603
0.9068825910931174
0.9068825910931174
0.9068825910931174
0.9068825910931174
0.9050505050505051
0.8920570264765784
[INFO][smbo.py:335] Configuration budget is exhausted:
[INFO][smbo.py:336] --- Remaining wallclock time: inf
[INFO][smbo.py:337] --- Remaining cpu time: inf
[INFO][smbo.py:338] --- Remaining trials: 0
