[INFO][abstract_initial_design.py:87] Reducing the number of initial configurations from 50 to 18 (max_ratio == 0.25).
[INFO][abstract_initial_design.py:139] Using 18 initial design configurations and 0 additional configurations.
[INFO][abstract_intensifier.py:307] Using only one seed for deterministic scenario.
0.9912280701754386
[INFO][abstract_intensifier.py:517] Added config 6a05d8 as new incumbent because there are no incumbents yet.
0.9852941176470589
0.9867452135493373
0.9809104258443465
0.9970588235294118
[INFO][abstract_intensifier.py:596] Added config 328f33 and rejected config 6a05d8 as incumbent because it is not better than the incumbents on 1 instances: 
0.9837997054491899
0.9926362297496318
0.9581529581529582
0.986784140969163
0.9780380673499268
0.9926362297496318
0.9824046920821115
0.9941176470588236
0.9794721407624634
0.9852941176470589
0.9897510980966325
0.9926578560939795
0.9838472834067548
0.9911504424778761
0.9896907216494846
0.9867060561299852
0.9941348973607038
0.9838945827232797
0.9765395894428153
0.9838945827232797
0.986784140969163
0.9970588235294118
0.9941176470588236
0.9970588235294118
[INFO][abstract_intensifier.py:596] Added config 5f6a2c and rejected config 328f33 as incumbent because it is not better than the incumbents on 1 instances: 
0.9955947136563876
[INFO][abstract_intensifier.py:596] Added config dd6e79 and rejected config 5f6a2c as incumbent because it is not better than the incumbents on 1 instances: 
0.9970588235294118
0.9955817378497791
0.9764705882352941
0.9912023460410557
0.9955947136563876
0.9955947136563876
0.9970588235294118
[INFO][abstract_intensifier.py:596] Added config 2bfd59 and rejected config dd6e79 as incumbent because it is not better than the incumbents on 1 instances: 
0.9970588235294118
0.9970588235294118
0.9852507374631269
0.9970588235294118
0.9970588235294118
0.9970588235294118
0.9970588235294118
0.9896907216494846
0.9926362297496318
0.9941176470588236
0.9694323144104804
0.9970588235294118
0.9926578560939795
[INFO][smbo.py:327] Finished 50 trials.
0.9765395894428153
0.9970588235294118
0.9970588235294118
0.9970588235294118
0.9955947136563876
0.9912280701754386
0.9970588235294118
0.9970588235294118
0.9970588235294118
0.9970588235294118
[INFO][abstract_intensifier.py:596] Added config f83cdb and rejected config 2bfd59 as incumbent because it is not better than the incumbents on 1 instances: 
0.9824046920821115
0.9970588235294118
0.9970588235294118
0.9970588235294118
0.9970588235294118
0.9970588235294118
0.9955817378497791
0.9852941176470589
0.9970588235294118
0.9955817378497791
0.9941348973607038
0.9970588235294118
0.9970588235294118
0.9970588235294118
0.9882697947214076
[INFO][smbo.py:335] Configuration budget is exhausted:
[INFO][smbo.py:336] --- Remaining wallclock time: inf
[INFO][smbo.py:337] --- Remaining cpu time: inf
[INFO][smbo.py:338] --- Remaining trials: 0
