[INFO][abstract_initial_design.py:87] Reducing the number of initial configurations from 50 to 18 (max_ratio == 0.25).
[INFO][abstract_initial_design.py:139] Using 18 initial design configurations and 0 additional configurations.
[INFO][abstract_intensifier.py:307] Using only one seed for deterministic scenario.
0.9587628865979382
[INFO][abstract_intensifier.py:517] Added config 6a05d8 as new incumbent because there are no incumbents yet.
0.9569707401032702
0.9619377162629758
[INFO][abstract_intensifier.py:596] Added config 6344ac and rejected config 6a05d8 as incumbent because it is not better than the incumbents on 1 instances: 
0.9586206896551724
0.9604130808950087
[INFO][abstract_intensifier.py:596] Added config 328f33 and rejected config 6344ac as incumbent because it is not better than the incumbents on 1 instances: 
0.9604130808950087
0.9637305699481865
0.9426086956521739
0.9604130808950087
0.9533678756476683
0.9620689655172414
0.9553264604810997
0.963855421686747
0.9532062391681109
0.9587628865979382
0.9621993127147767
0.9637305699481865
0.9602763385146805
0.9655172413793104
[INFO][abstract_intensifier.py:596] Added config 38c921 and rejected config 328f33 as incumbent because it is not better than the incumbents on 1 instances: 
0.9619377162629758
[INFO][abstract_intensifier.py:596] Added config 99f01e and rejected config 38c921 as incumbent because it is not better than the incumbents on 1 instances: 
0.963855421686747
0.9621993127147767
0.9587628865979382
0.9535283993115319
0.9569707401032702
0.9637305699481865
[INFO][abstract_intensifier.py:596] Added config cd02d2 and rejected config 99f01e as incumbent because it is not better than the incumbents on 1 instances: 
0.9671848013816926
0.9653979238754326
0.963855421686747
0.9619377162629758
0.9655172413793104
0.9671848013816926
0.9553264604810997
0.9619377162629758
0.963855421686747
0.963855421686747
[INFO][abstract_intensifier.py:596] Added config f22b79 and rejected config cd02d2 as incumbent because it is not better than the incumbents on 1 instances: 
0.963855421686747
[INFO][abstract_intensifier.py:596] Added config 961377 and rejected config f22b79 as incumbent because it is not better than the incumbents on 1 instances: 
0.963855421686747
0.963855421686747
0.9602763385146805
0.963855421686747
0.9620689655172414
0.9637305699481865
0.9655172413793104
0.9637305699481865
0.963855421686747
0.963855421686747
0.9479166666666666
0.9655172413793104
0.9655172413793104
[INFO][smbo.py:327] Finished 50 trials.
0.9505962521294719
0.9637305699481865
0.9620689655172414
0.9637305699481865
0.9619377162629758
0.9604130808950087
0.9637305699481865
0.9655172413793104
0.9637305699481865
0.963855421686747
0.9568221070811744
0.9551724137931035
0.963855421686747
0.9621993127147767
0.963855421686747
0.963855421686747
0.963855421686747
0.9586206896551724
0.963855421686747
0.963855421686747
0.963855421686747
0.963855421686747
0.963855421686747
0.9621993127147767
0.9532062391681109
[INFO][smbo.py:335] Configuration budget is exhausted:
[INFO][smbo.py:336] --- Remaining wallclock time: inf
[INFO][smbo.py:337] --- Remaining cpu time: inf
[INFO][smbo.py:338] --- Remaining trials: 0
