[INFO][abstract_initial_design.py:87] Reducing the number of initial configurations from 50 to 18 (max_ratio == 0.25).
[INFO][abstract_initial_design.py:139] Using 18 initial design configurations and 0 additional configurations.
[INFO][abstract_intensifier.py:307] Using only one seed for deterministic scenario.
0.7891156462585034
[INFO][abstract_intensifier.py:517] Added config 6a05d8 as new incumbent because there are no incumbents yet.
0.7837837837837838
[INFO][abstract_intensifier.py:596] Added config 1fd642 and rejected config 6a05d8 as incumbent because it is not better than the incumbents on 1 instances: 
0.785234899328859
[INFO][abstract_intensifier.py:596] Added config 6344ac and rejected config 1fd642 as incumbent because it is not better than the incumbents on 1 instances: 
0.7676767676767676
0.7933333333333333
[INFO][abstract_intensifier.py:596] Added config 328f33 and rejected config 6344ac as incumbent because it is not better than the incumbents on 1 instances: 
0.7781569965870307
0.8040540540540541
0.7346938775510204
0.7919463087248322
0.7661016949152543
0.7918088737201365
[INFO][abstract_intensifier.py:596] Added config b23296 and rejected config 328f33 as incumbent because it is not better than the incumbents on 1 instances: 
0.7542087542087542
0.7959866220735786
0.764505119453925
0.7781569965870307
0.7892976588628763
0.7840531561461794
0.7837837837837838
0.8082191780821918
0.8095238095238095
0.7945205479452054
0.8027210884353742
0.7718120805369127
0.6996466431095406
0.7837837837837838
0.8166089965397924
0.8040540540540541
0.8108108108108109
0.7878787878787878
0.802675585284281
0.8040540540540541
0.8040540540540541
0.7474747474747475
0.7891156462585034
0.802675585284281
[INFO][abstract_intensifier.py:596] Added config 0bbb08 and rejected config b23296 as incumbent because it is not better than the incumbents on 1 instances: 
0.78
0.8027210884353742
0.8
0.785234899328859
0.7849829351535836
0.802675585284281
0.8
0.7840531561461794
0.8067796610169492
0.7866666666666666
0.7840531561461794
0.7840531561461794
0.6981818181818182
0.8067796610169492
0.8
[INFO][smbo.py:327] Finished 50 trials.
0.7811447811447811
0.8
0.7959866220735786
0.8
0.7905405405405406
0.7718120805369127
0.782608695652174
0.7866666666666666
0.7947019867549668
0.802675585284281
0.7661016949152543
0.802675585284281
0.8013468013468014
0.802675585284281
0.7972972972972973
0.802675585284281
0.7866666666666666
0.7959183673469388
0.7866666666666666
0.802675585284281
0.802675585284281
0.802675585284281
0.7905405405405406
0.7866666666666666
0.7932203389830509
[INFO][smbo.py:335] Configuration budget is exhausted:
[INFO][smbo.py:336] --- Remaining wallclock time: inf
[INFO][smbo.py:337] --- Remaining cpu time: inf
[INFO][smbo.py:338] --- Remaining trials: 0
