[INFO][abstract_initial_design.py:87] Reducing the number of initial configurations from 50 to 18 (max_ratio == 0.25).
[INFO][abstract_initial_design.py:139] Using 18 initial design configurations and 0 additional configurations.
[INFO][abstract_intensifier.py:307] Using only one seed for deterministic scenario.
0.9161793372319688
[INFO][abstract_intensifier.py:517] Added config 6a05d8 as new incumbent because there are no incumbents yet.
0.9338677354709419
0.9365079365079365
[INFO][abstract_intensifier.py:596] Added config 6344ac and rejected config 6a05d8 as incumbent because it is not better than the incumbents on 1 instances: 
0.936
0.9346534653465347
[INFO][abstract_intensifier.py:596] Added config 328f33 and rejected config 6344ac as incumbent because it is not better than the incumbents on 1 instances: 
0.9362549800796812
0.9386138613861386
0.9153225806451613
0.9365079365079365
0.936
0.9246031746031746
0.9343936381709742
0.94
0.936
0.9367588932806324
0.9230769230769231
0.9298597194388778
0.9404761904761905
0.9285714285714286
0.932806324110672
0.9306930693069307
0.9309664694280079
0.9418837675350702
0.9287169042769857
0.9322709163346613
0.9330708661417323
0.9346534653465347
0.9325396825396826
0.9402390438247012
0.9288537549407114
0.9386138613861386
[INFO][abstract_intensifier.py:596] Added config e181fa and rejected config 328f33 as incumbent because it is not better than the incumbents on 1 instances: 
0.9306930693069307
0.927710843373494
0.9383697813121272
0.9386138613861386
0.9404761904761905
0.9362549800796812
0.9383697813121272
0.9423459244532804
0.9423459244532804
0.9423459244532804
0.932806324110672
0.9352226720647774
0.932806324110672
[INFO][abstract_intensifier.py:596] Added config e67f3a and rejected config e181fa as incumbent because it is not better than the incumbents on 1 instances: 
0.932806324110672
0.9338842975206612
0.932806324110672
0.932806324110672
0.9338677354709419
0.932806324110672
[INFO][smbo.py:327] Finished 50 trials.
0.9404761904761905
0.9306930693069307
0.932806324110672
0.9362549800796812
0.932806324110672
0.9291338582677166
0.93812375249501
[INFO][abstract_intensifier.py:596] Added config d601b2 and rejected config e67f3a as incumbent because it is not better than the incumbents on 1 instances: 
0.9291338582677166
0.932806324110672
0.9343936381709742
0.9343936381709742
0.94
0.9306930693069307
0.9383697813121272
0.9343936381709742
0.9333333333333333
0.9343936381709742
0.9306930693069307
0.932806324110672
0.9251968503937008
0.9306930693069307
0.9306930693069307
0.921875
0.9338677354709419
0.9322709163346613
[INFO][smbo.py:335] Configuration budget is exhausted:
[INFO][smbo.py:336] --- Remaining wallclock time: inf
[INFO][smbo.py:337] --- Remaining cpu time: inf
[INFO][smbo.py:338] --- Remaining trials: 0
