[INFO][abstract_initial_design.py:87] Reducing the number of initial configurations from 50 to 18 (max_ratio == 0.25).
[INFO][abstract_initial_design.py:139] Using 18 initial design configurations and 0 additional configurations.
[INFO][abstract_intensifier.py:307] Using only one seed for deterministic scenario.
0.9967497291440953
[INFO][abstract_intensifier.py:517] Added config 6a05d8 as new incumbent because there are no incumbents yet.
0.9924487594390508
0.9924487594390508
[INFO][abstract_intensifier.py:596] Added config 6344ac and rejected config 6a05d8 as incumbent because it is not better than the incumbents on 1 instances: 
0.9945945945945946
0.998914223669924
[INFO][abstract_intensifier.py:596] Added config 328f33 and rejected config 6344ac as incumbent because it is not better than the incumbents on 1 instances: 
0.9924487594390508
0.9956709956709957
0.9924487594390508
0.998914223669924
0.9924487594390508
0.998914223669924
0.9924487594390508
0.998914223669924
0.9924487594390508
0.9935205183585313
0.9967497291440953
0.998914223669924
0.9935205183585313
0.998914223669924
0.998914223669924
0.998914223669924
[INFO][abstract_intensifier.py:596] Added config 004bcd and rejected config 328f33 as incumbent because it is not better than the incumbents on 1 instances: 
0.998914223669924
[INFO][abstract_intensifier.py:596] Added config 546a32 and rejected config 004bcd as incumbent because it is not better than the incumbents on 1 instances: 
0.9924487594390508
0.9924487594390508
0.998914223669924
0.998914223669924
0.9967497291440953
0.998914223669924
0.998914223669924
0.9967497291440953
0.9967497291440953
0.9924487594390508
0.9956709956709957
0.998914223669924
[INFO][abstract_intensifier.py:596] Added config 95a941 and rejected config 546a32 as incumbent because it is not better than the incumbents on 1 instances: 
0.998914223669924
0.998914223669924
0.998914223669924
0.998914223669924
0.9924487594390508
0.998914223669924
0.998914223669924
0.998914223669924
0.9978308026030369
0.9945945945945946
0.9978308026030369
0.9967497291440953
0.9924487594390508
0.9967497291440953
0.998914223669924
0.9924487594390508
[INFO][smbo.py:327] Finished 50 trials.
0.998914223669924
0.998914223669924
0.998914223669924
0.998914223669924
0.9945945945945946
0.998914223669924
0.998914223669924
0.998914223669924
0.9967497291440953
0.9924487594390508
0.9967497291440953
0.9967497291440953
0.9967497291440953
0.9967497291440953
0.9967497291440953
0.9967497291440953
0.9924487594390508
0.998914223669924
0.998914223669924
0.998914223669924
0.998914223669924
0.998914223669924
0.998914223669924
0.9956709956709957
0.9924487594390508
[INFO][smbo.py:335] Configuration budget is exhausted:
[INFO][smbo.py:336] --- Remaining wallclock time: inf
[INFO][smbo.py:337] --- Remaining cpu time: inf
[INFO][smbo.py:338] --- Remaining trials: 0
