[INFO][abstract_initial_design.py:87] Reducing the number of initial configurations from 50 to 18 (max_ratio == 0.25).
[INFO][abstract_initial_design.py:139] Using 18 initial design configurations and 0 additional configurations.
[INFO][abstract_intensifier.py:307] Using only one seed for deterministic scenario.
0.9586206896551724
[INFO][abstract_intensifier.py:517] Added config 6a05d8 as new incumbent because there are no incumbents yet.
0.9515570934256056
[INFO][abstract_intensifier.py:596] Added config 1fd642 and rejected config 6a05d8 as incumbent because it is not better than the incumbents on 1 instances: 
0.9604130808950087
0.9495652173913044
0.9619377162629758
[INFO][abstract_intensifier.py:596] Added config 328f33 and rejected config 1fd642 as incumbent because it is not better than the incumbents on 1 instances: 
0.9586206896551724
0.9569707401032702
0.9310344827586207
0.9568221070811744
0.9568221070811744
0.9602763385146805
0.9417808219178082
0.9604130808950087
0.9583333333333334
0.9587628865979382
0.9586206896551724
0.9533678756476683
0.9604130808950087
0.9637305699481865
0.9604130808950087
[INFO][abstract_intensifier.py:596] Added config 979a87 and rejected config 328f33 as incumbent because it is not better than the incumbents on 1 instances: 
0.9653979238754326
0.9637305699481865
0.9480968858131488
0.947008547008547
0.9602763385146805
0.9620689655172414
0.9636048526863085
0.9619377162629758
0.9584775086505191
0.9602763385146805
0.9619377162629758
0.9601386481802426
0.9566724436741768
0.9584775086505191
0.9604130808950087
0.9637305699481865
[INFO][abstract_intensifier.py:596] Added config 010729 and rejected config 979a87 as incumbent because it is not better than the incumbents on 1 instances: 
0.9586206896551724
0.9637305699481865
0.9586206896551724
0.9604130808950087
0.9604130808950087
0.9637305699481865
0.9618055555555556
0.9620689655172414
0.9586206896551724
0.96
0.9636048526863085
0.9453924914675768
0.9619377162629758
0.9620689655172414
[INFO][smbo.py:327] Finished 50 trials.
0.947008547008547
0.9637305699481865
0.9637305699481865
0.9637305699481865
0.9550173010380623
0.9637305699481865
0.9637305699481865
0.9619377162629758
0.9513888888888888
0.9637305699481865
0.9548611111111112
0.9637305699481865
0.9637305699481865
0.9584775086505191
0.9584775086505191
0.9584775086505191
0.9637305699481865
0.9553264604810997
0.9586206896551724
0.9450171821305842
0.9620689655172414
0.9569707401032702
0.9602763385146805
0.9618055555555556
0.9620689655172414
[INFO][smbo.py:335] Configuration budget is exhausted:
[INFO][smbo.py:336] --- Remaining wallclock time: inf
[INFO][smbo.py:337] --- Remaining cpu time: inf
[INFO][smbo.py:338] --- Remaining trials: 0
