[INFO][abstract_initial_design.py:87] Reducing the number of initial configurations from 50 to 18 (max_ratio == 0.25).
[INFO][abstract_initial_design.py:139] Using 18 initial design configurations and 0 additional configurations.
[INFO][abstract_intensifier.py:307] Using only one seed for deterministic scenario.
0.992108229988726
[INFO][abstract_intensifier.py:517] Added config 6a05d8 as new incumbent because there are no incumbents yet.
0.9943374858437146
[INFO][abstract_intensifier.py:596] Added config 1fd642 and rejected config 6a05d8 as incumbent because it is not better than the incumbents on 1 instances: 
0.9966024915062288
[INFO][abstract_intensifier.py:596] Added config 6344ac and rejected config 1fd642 as incumbent because it is not better than the incumbents on 1 instances: 
0.995475113122172
[INFO][abstract_intensifier.py:596] Added config abbef2 and rejected config 6344ac as incumbent because it is not better than the incumbents on 1 instances: 
0.9988649262202043
[INFO][abstract_intensifier.py:596] Added config 328f33 and rejected config abbef2 as incumbent because it is not better than the incumbents on 1 instances: 
0.9932279909706546
0.9966024915062288
0.9909706546275395
0.9966024915062288
0.9932279909706546
0.995475113122172
0.9909706546275395
0.9988649262202043
0.992090395480226
0.9943502824858758
0.9966024915062288
0.9988649262202043
0.9932279909706546
0.9988649262202043
0.9988649262202043
0.9988649262202043
[INFO][abstract_intensifier.py:596] Added config 0e5fa8 and rejected config 328f33 as incumbent because it is not better than the incumbents on 1 instances: 
0.9988649262202043
0.9932279909706546
0.992090395480226
0.995475113122172
0.9988649262202043
[INFO][abstract_intensifier.py:596] Added config 72c961 and rejected config 0e5fa8 as incumbent because it is not better than the incumbents on 1 instances: 
0.9988649262202043
0.9988649262202043
0.9988649262202043
0.9988649262202043
0.9988649262202043
0.9988649262202043
0.9909706546275395
0.9988649262202043
0.9988649262202043
[INFO][abstract_intensifier.py:596] Added config cfee25 and rejected config 72c961 as incumbent because it is not better than the incumbents on 1 instances: 
0.9988649262202043
0.9977324263038548
0.9977324263038548
0.9988649262202043
0.9932279909706546
0.9977324263038548
[INFO][abstract_intensifier.py:596] Added config 41d95b and rejected config cfee25 as incumbent because it is not better than the incumbents on 1 instances: 
0.9977324263038548
0.9977324263038548
0.9977324263038548
0.9966024915062288
0.9977324263038548
0.9977324263038548
0.992090395480226
0.9977324263038548
0.9966024915062288
[INFO][smbo.py:327] Finished 50 trials.
0.992090395480226
0.9988649262202043
0.9966024915062288
0.9988649262202043
0.9988649262202043
0.9932279909706546
0.9966024915062288
0.995475113122172
0.9977324263038548
[INFO][abstract_intensifier.py:596] Added config d601b2 and rejected config 41d95b as incumbent because it is not better than the incumbents on 1 instances: 
0.9977324263038548
0.9932126696832579
0.9977324263038548
0.9977324263038548
0.9977324263038548
0.9977324263038548
0.9977324263038548
0.9977324263038548
0.9932279909706546
0.9977324263038548
0.9977324263038548
0.9977324263038548
0.9977324263038548
0.9977324263038548
0.9977324263038548
0.9898762654668166
[INFO][smbo.py:335] Configuration budget is exhausted:
[INFO][smbo.py:336] --- Remaining wallclock time: inf
[INFO][smbo.py:337] --- Remaining cpu time: inf
[INFO][smbo.py:338] --- Remaining trials: 0
