⏳ Processing budget 8...
🔍 Processing test iid 1 for budget 8...
Selector config for budget 8: {'bootstrap': np.True_, 'ccp_alpha': 0.0, 'criterion': 'squared_error', 'max_depth': None, 'max_features': 0.2082124328917, 'max_leaf_nodes': None, 'max_samples': None, 'min_impurity_decrease': 0.0, 'min_samples_leaf': 20, 'min_samples_split': 20, 'min_weight_fraction_leaf': 0.0, 'monotonic_cst': None, 'n_estimators': 30, 'n_jobs': None, 'oob_score': False, 'random_state': 42, 'verbose': 0, 'warm_start': False}
Selector random state: {'bootstrap': np.True_, 'ccp_alpha': 0.0, 'criterion': 'squared_error', 'max_depth': None, 'max_features': 0.2082124328917, 'max_leaf_nodes': None, 'max_samples': None, 'min_impurity_decrease': 0.0, 'min_samples_leaf': 20, 'min_samples_split': 20, 'min_weight_fraction_leaf': 0.0, 'monotonic_cst': None, 'n_estimators': 30, 'n_jobs': None, 'oob_score': False, 'random_state': 42, 'verbose': 0, 'warm_start': False}
🔍 Processing test iid 2 for budget 8...
Selector random state: {'bootstrap': np.True_, 'ccp_alpha': 0.0, 'criterion': 'squared_error', 'max_depth': None, 'max_features': 0.2082124328917, 'max_leaf_nodes': None, 'max_samples': None, 'min_impurity_decrease': 0.0, 'min_samples_leaf': 20, 'min_samples_split': 20, 'min_weight_fraction_leaf': 0.0, 'monotonic_cst': None, 'n_estimators': 30, 'n_jobs': None, 'oob_score': False, 'random_state': 42, 'verbose': 0, 'warm_start': False}
🔍 Processing test iid 3 for budget 8...
Selector random state: {'bootstrap': np.True_, 'ccp_alpha': 0.0, 'criterion': 'squared_error', 'max_depth': None, 'max_features': 0.2082124328917, 'max_leaf_nodes': None, 'max_samples': None, 'min_impurity_decrease': 0.0, 'min_samples_leaf': 20, 'min_samples_split': 20, 'min_weight_fraction_leaf': 0.0, 'monotonic_cst': None, 'n_estimators': 30, 'n_jobs': None, 'oob_score': False, 'random_state': 42, 'verbose': 0, 'warm_start': False}
🔍 Processing test iid 4 for budget 8...
Selector random state: {'bootstrap': np.True_, 'ccp_alpha': 0.0, 'criterion': 'squared_error', 'max_depth': None, 'max_features': 0.2082124328917, 'max_leaf_nodes': None, 'max_samples': None, 'min_impurity_decrease': 0.0, 'min_samples_leaf': 20, 'min_samples_split': 20, 'min_weight_fraction_leaf': 0.0, 'monotonic_cst': None, 'n_estimators': 30, 'n_jobs': None, 'oob_score': False, 'random_state': 42, 'verbose': 0, 'warm_start': False}
🔍 Processing test iid 5 for budget 8...
Selector random state: {'bootstrap': np.True_, 'ccp_alpha': 0.0, 'criterion': 'squared_error', 'max_depth': None, 'max_features': 0.2082124328917, 'max_leaf_nodes': None, 'max_samples': None, 'min_impurity_decrease': 0.0, 'min_samples_leaf': 20, 'min_samples_split': 20, 'min_weight_fraction_leaf': 0.0, 'monotonic_cst': None, 'n_estimators': 30, 'n_jobs': None, 'oob_score': False, 'random_state': 42, 'verbose': 0, 'warm_start': False}
Saved: ../data/switching_optimality_files/l_BFGS_b_normalized/predicted_static_precisions_rep_fold_all_sp.csv, ../data/switching_optimality_files/l_BFGS_b_normalized/selected_algorithms_rep_fold_all_sp.csv [budget 8]
⏳ Processing budget 16...
🔍 Processing test iid 1 for budget 16...
Selector config for budget 16: {'bootstrap': np.True_, 'ccp_alpha': 0.0, 'criterion': 'squared_error', 'max_depth': None, 'max_features': 0.2233668995562, 'max_leaf_nodes': None, 'max_samples': None, 'min_impurity_decrease': 0.0, 'min_samples_leaf': 17, 'min_samples_split': 9, 'min_weight_fraction_leaf': 0.0, 'monotonic_cst': None, 'n_estimators': 105, 'n_jobs': None, 'oob_score': False, 'random_state': 42, 'verbose': 0, 'warm_start': False}
Selector random state: {'bootstrap': np.True_, 'ccp_alpha': 0.0, 'criterion': 'squared_error', 'max_depth': None, 'max_features': 0.2233668995562, 'max_leaf_nodes': None, 'max_samples': None, 'min_impurity_decrease': 0.0, 'min_samples_leaf': 17, 'min_samples_split': 9, 'min_weight_fraction_leaf': 0.0, 'monotonic_cst': None, 'n_estimators': 105, 'n_jobs': None, 'oob_score': False, 'random_state': 42, 'verbose': 0, 'warm_start': False}
🔍 Processing test iid 2 for budget 16...
Selector random state: {'bootstrap': np.True_, 'ccp_alpha': 0.0, 'criterion': 'squared_error', 'max_depth': None, 'max_features': 0.2233668995562, 'max_leaf_nodes': None, 'max_samples': None, 'min_impurity_decrease': 0.0, 'min_samples_leaf': 17, 'min_samples_split': 9, 'min_weight_fraction_leaf': 0.0, 'monotonic_cst': None, 'n_estimators': 105, 'n_jobs': None, 'oob_score': False, 'random_state': 42, 'verbose': 0, 'warm_start': False}
🔍 Processing test iid 3 for budget 16...
Selector random state: {'bootstrap': np.True_, 'ccp_alpha': 0.0, 'criterion': 'squared_error', 'max_depth': None, 'max_features': 0.2233668995562, 'max_leaf_nodes': None, 'max_samples': None, 'min_impurity_decrease': 0.0, 'min_samples_leaf': 17, 'min_samples_split': 9, 'min_weight_fraction_leaf': 0.0, 'monotonic_cst': None, 'n_estimators': 105, 'n_jobs': None, 'oob_score': False, 'random_state': 42, 'verbose': 0, 'warm_start': False}
🔍 Processing test iid 4 for budget 16...
Selector random state: {'bootstrap': np.True_, 'ccp_alpha': 0.0, 'criterion': 'squared_error', 'max_depth': None, 'max_features': 0.2233668995562, 'max_leaf_nodes': None, 'max_samples': None, 'min_impurity_decrease': 0.0, 'min_samples_leaf': 17, 'min_samples_split': 9, 'min_weight_fraction_leaf': 0.0, 'monotonic_cst': None, 'n_estimators': 105, 'n_jobs': None, 'oob_score': False, 'random_state': 42, 'verbose': 0, 'warm_start': False}
🔍 Processing test iid 5 for budget 16...
Selector random state: {'bootstrap': np.True_, 'ccp_alpha': 0.0, 'criterion': 'squared_error', 'max_depth': None, 'max_features': 0.2233668995562, 'max_leaf_nodes': None, 'max_samples': None, 'min_impurity_decrease': 0.0, 'min_samples_leaf': 17, 'min_samples_split': 9, 'min_weight_fraction_leaf': 0.0, 'monotonic_cst': None, 'n_estimators': 105, 'n_jobs': None, 'oob_score': False, 'random_state': 42, 'verbose': 0, 'warm_start': False}
Saved: ../data/switching_optimality_files/l_BFGS_b_normalized/predicted_static_precisions_rep_fold_all_sp.csv, ../data/switching_optimality_files/l_BFGS_b_normalized/selected_algorithms_rep_fold_all_sp.csv [budget 16]
⏳ Processing budget 24...
🔍 Processing test iid 1 for budget 24...
Selector config for budget 24: {'bootstrap': np.True_, 'ccp_alpha': 0.0, 'criterion': 'squared_error', 'max_depth': None, 'max_features': 0.3942005206942, 'max_leaf_nodes': None, 'max_samples': None, 'min_impurity_decrease': 0.0, 'min_samples_leaf': 20, 'min_samples_split': 15, 'min_weight_fraction_leaf': 0.0, 'monotonic_cst': None, 'n_estimators': 65, 'n_jobs': None, 'oob_score': False, 'random_state': 42, 'verbose': 0, 'warm_start': False}
Selector random state: {'bootstrap': np.True_, 'ccp_alpha': 0.0, 'criterion': 'squared_error', 'max_depth': None, 'max_features': 0.3942005206942, 'max_leaf_nodes': None, 'max_samples': None, 'min_impurity_decrease': 0.0, 'min_samples_leaf': 20, 'min_samples_split': 15, 'min_weight_fraction_leaf': 0.0, 'monotonic_cst': None, 'n_estimators': 65, 'n_jobs': None, 'oob_score': False, 'random_state': 42, 'verbose': 0, 'warm_start': False}
🔍 Processing test iid 2 for budget 24...
Selector random state: {'bootstrap': np.True_, 'ccp_alpha': 0.0, 'criterion': 'squared_error', 'max_depth': None, 'max_features': 0.3942005206942, 'max_leaf_nodes': None, 'max_samples': None, 'min_impurity_decrease': 0.0, 'min_samples_leaf': 20, 'min_samples_split': 15, 'min_weight_fraction_leaf': 0.0, 'monotonic_cst': None, 'n_estimators': 65, 'n_jobs': None, 'oob_score': False, 'random_state': 42, 'verbose': 0, 'warm_start': False}
🔍 Processing test iid 3 for budget 24...
Selector random state: {'bootstrap': np.True_, 'ccp_alpha': 0.0, 'criterion': 'squared_error', 'max_depth': None, 'max_features': 0.3942005206942, 'max_leaf_nodes': None, 'max_samples': None, 'min_impurity_decrease': 0.0, 'min_samples_leaf': 20, 'min_samples_split': 15, 'min_weight_fraction_leaf': 0.0, 'monotonic_cst': None, 'n_estimators': 65, 'n_jobs': None, 'oob_score': False, 'random_state': 42, 'verbose': 0, 'warm_start': False}
🔍 Processing test iid 4 for budget 24...
Selector random state: {'bootstrap': np.True_, 'ccp_alpha': 0.0, 'criterion': 'squared_error', 'max_depth': None, 'max_features': 0.3942005206942, 'max_leaf_nodes': None, 'max_samples': None, 'min_impurity_decrease': 0.0, 'min_samples_leaf': 20, 'min_samples_split': 15, 'min_weight_fraction_leaf': 0.0, 'monotonic_cst': None, 'n_estimators': 65, 'n_jobs': None, 'oob_score': False, 'random_state': 42, 'verbose': 0, 'warm_start': False}
🔍 Processing test iid 5 for budget 24...
Selector random state: {'bootstrap': np.True_, 'ccp_alpha': 0.0, 'criterion': 'squared_error', 'max_depth': None, 'max_features': 0.3942005206942, 'max_leaf_nodes': None, 'max_samples': None, 'min_impurity_decrease': 0.0, 'min_samples_leaf': 20, 'min_samples_split': 15, 'min_weight_fraction_leaf': 0.0, 'monotonic_cst': None, 'n_estimators': 65, 'n_jobs': None, 'oob_score': False, 'random_state': 42, 'verbose': 0, 'warm_start': False}
Saved: ../data/switching_optimality_files/l_BFGS_b_normalized/predicted_static_precisions_rep_fold_all_sp.csv, ../data/switching_optimality_files/l_BFGS_b_normalized/selected_algorithms_rep_fold_all_sp.csv [budget 24]
⏳ Processing budget 32...
🔍 Processing test iid 1 for budget 32...
Selector config for budget 32: {'bootstrap': np.True_, 'ccp_alpha': 0.0, 'criterion': 'squared_error', 'max_depth': None, 'max_features': 0.2233668995562, 'max_leaf_nodes': None, 'max_samples': None, 'min_impurity_decrease': 0.0, 'min_samples_leaf': 17, 'min_samples_split': 9, 'min_weight_fraction_leaf': 0.0, 'monotonic_cst': None, 'n_estimators': 105, 'n_jobs': None, 'oob_score': False, 'random_state': 42, 'verbose': 0, 'warm_start': False}
Selector random state: {'bootstrap': np.True_, 'ccp_alpha': 0.0, 'criterion': 'squared_error', 'max_depth': None, 'max_features': 0.2233668995562, 'max_leaf_nodes': None, 'max_samples': None, 'min_impurity_decrease': 0.0, 'min_samples_leaf': 17, 'min_samples_split': 9, 'min_weight_fraction_leaf': 0.0, 'monotonic_cst': None, 'n_estimators': 105, 'n_jobs': None, 'oob_score': False, 'random_state': 42, 'verbose': 0, 'warm_start': False}
🔍 Processing test iid 2 for budget 32...
Selector random state: {'bootstrap': np.True_, 'ccp_alpha': 0.0, 'criterion': 'squared_error', 'max_depth': None, 'max_features': 0.2233668995562, 'max_leaf_nodes': None, 'max_samples': None, 'min_impurity_decrease': 0.0, 'min_samples_leaf': 17, 'min_samples_split': 9, 'min_weight_fraction_leaf': 0.0, 'monotonic_cst': None, 'n_estimators': 105, 'n_jobs': None, 'oob_score': False, 'random_state': 42, 'verbose': 0, 'warm_start': False}
🔍 Processing test iid 3 for budget 32...
Selector random state: {'bootstrap': np.True_, 'ccp_alpha': 0.0, 'criterion': 'squared_error', 'max_depth': None, 'max_features': 0.2233668995562, 'max_leaf_nodes': None, 'max_samples': None, 'min_impurity_decrease': 0.0, 'min_samples_leaf': 17, 'min_samples_split': 9, 'min_weight_fraction_leaf': 0.0, 'monotonic_cst': None, 'n_estimators': 105, 'n_jobs': None, 'oob_score': False, 'random_state': 42, 'verbose': 0, 'warm_start': False}
🔍 Processing test iid 4 for budget 32...
Selector random state: {'bootstrap': np.True_, 'ccp_alpha': 0.0, 'criterion': 'squared_error', 'max_depth': None, 'max_features': 0.2233668995562, 'max_leaf_nodes': None, 'max_samples': None, 'min_impurity_decrease': 0.0, 'min_samples_leaf': 17, 'min_samples_split': 9, 'min_weight_fraction_leaf': 0.0, 'monotonic_cst': None, 'n_estimators': 105, 'n_jobs': None, 'oob_score': False, 'random_state': 42, 'verbose': 0, 'warm_start': False}
🔍 Processing test iid 5 for budget 32...
Selector random state: {'bootstrap': np.True_, 'ccp_alpha': 0.0, 'criterion': 'squared_error', 'max_depth': None, 'max_features': 0.2233668995562, 'max_leaf_nodes': None, 'max_samples': None, 'min_impurity_decrease': 0.0, 'min_samples_leaf': 17, 'min_samples_split': 9, 'min_weight_fraction_leaf': 0.0, 'monotonic_cst': None, 'n_estimators': 105, 'n_jobs': None, 'oob_score': False, 'random_state': 42, 'verbose': 0, 'warm_start': False}
Saved: ../data/switching_optimality_files/l_BFGS_b_normalized/predicted_static_precisions_rep_fold_all_sp.csv, ../data/switching_optimality_files/l_BFGS_b_normalized/selected_algorithms_rep_fold_all_sp.csv [budget 32]
⏳ Processing budget 40...
🔍 Processing test iid 1 for budget 40...
Selector config for budget 40: {'bootstrap': np.True_, 'ccp_alpha': 0.0, 'criterion': 'squared_error', 'max_depth': None, 'max_features': 0.1684095050959, 'max_leaf_nodes': None, 'max_samples': None, 'min_impurity_decrease': 0.0, 'min_samples_leaf': 8, 'min_samples_split': 2, 'min_weight_fraction_leaf': 0.0, 'monotonic_cst': None, 'n_estimators': 118, 'n_jobs': None, 'oob_score': False, 'random_state': 42, 'verbose': 0, 'warm_start': False}
Selector random state: {'bootstrap': np.True_, 'ccp_alpha': 0.0, 'criterion': 'squared_error', 'max_depth': None, 'max_features': 0.1684095050959, 'max_leaf_nodes': None, 'max_samples': None, 'min_impurity_decrease': 0.0, 'min_samples_leaf': 8, 'min_samples_split': 2, 'min_weight_fraction_leaf': 0.0, 'monotonic_cst': None, 'n_estimators': 118, 'n_jobs': None, 'oob_score': False, 'random_state': 42, 'verbose': 0, 'warm_start': False}
🔍 Processing test iid 2 for budget 40...
Selector random state: {'bootstrap': np.True_, 'ccp_alpha': 0.0, 'criterion': 'squared_error', 'max_depth': None, 'max_features': 0.1684095050959, 'max_leaf_nodes': None, 'max_samples': None, 'min_impurity_decrease': 0.0, 'min_samples_leaf': 8, 'min_samples_split': 2, 'min_weight_fraction_leaf': 0.0, 'monotonic_cst': None, 'n_estimators': 118, 'n_jobs': None, 'oob_score': False, 'random_state': 42, 'verbose': 0, 'warm_start': False}
🔍 Processing test iid 3 for budget 40...
Selector random state: {'bootstrap': np.True_, 'ccp_alpha': 0.0, 'criterion': 'squared_error', 'max_depth': None, 'max_features': 0.1684095050959, 'max_leaf_nodes': None, 'max_samples': None, 'min_impurity_decrease': 0.0, 'min_samples_leaf': 8, 'min_samples_split': 2, 'min_weight_fraction_leaf': 0.0, 'monotonic_cst': None, 'n_estimators': 118, 'n_jobs': None, 'oob_score': False, 'random_state': 42, 'verbose': 0, 'warm_start': False}
🔍 Processing test iid 4 for budget 40...
Selector random state: {'bootstrap': np.True_, 'ccp_alpha': 0.0, 'criterion': 'squared_error', 'max_depth': None, 'max_features': 0.1684095050959, 'max_leaf_nodes': None, 'max_samples': None, 'min_impurity_decrease': 0.0, 'min_samples_leaf': 8, 'min_samples_split': 2, 'min_weight_fraction_leaf': 0.0, 'monotonic_cst': None, 'n_estimators': 118, 'n_jobs': None, 'oob_score': False, 'random_state': 42, 'verbose': 0, 'warm_start': False}
🔍 Processing test iid 5 for budget 40...
Selector random state: {'bootstrap': np.True_, 'ccp_alpha': 0.0, 'criterion': 'squared_error', 'max_depth': None, 'max_features': 0.1684095050959, 'max_leaf_nodes': None, 'max_samples': None, 'min_impurity_decrease': 0.0, 'min_samples_leaf': 8, 'min_samples_split': 2, 'min_weight_fraction_leaf': 0.0, 'monotonic_cst': None, 'n_estimators': 118, 'n_jobs': None, 'oob_score': False, 'random_state': 42, 'verbose': 0, 'warm_start': False}
Saved: ../data/switching_optimality_files/l_BFGS_b_normalized/predicted_static_precisions_rep_fold_all_sp.csv, ../data/switching_optimality_files/l_BFGS_b_normalized/selected_algorithms_rep_fold_all_sp.csv [budget 40]
⏳ Processing budget 48...
🔍 Processing test iid 1 for budget 48...
Selector config for budget 48: {'bootstrap': np.True_, 'ccp_alpha': 0.0, 'criterion': 'squared_error', 'max_depth': None, 'max_features': 0.2233668995562, 'max_leaf_nodes': None, 'max_samples': None, 'min_impurity_decrease': 0.0, 'min_samples_leaf': 17, 'min_samples_split': 9, 'min_weight_fraction_leaf': 0.0, 'monotonic_cst': None, 'n_estimators': 105, 'n_jobs': None, 'oob_score': False, 'random_state': 42, 'verbose': 0, 'warm_start': False}
Selector random state: {'bootstrap': np.True_, 'ccp_alpha': 0.0, 'criterion': 'squared_error', 'max_depth': None, 'max_features': 0.2233668995562, 'max_leaf_nodes': None, 'max_samples': None, 'min_impurity_decrease': 0.0, 'min_samples_leaf': 17, 'min_samples_split': 9, 'min_weight_fraction_leaf': 0.0, 'monotonic_cst': None, 'n_estimators': 105, 'n_jobs': None, 'oob_score': False, 'random_state': 42, 'verbose': 0, 'warm_start': False}
🔍 Processing test iid 2 for budget 48...
Selector random state: {'bootstrap': np.True_, 'ccp_alpha': 0.0, 'criterion': 'squared_error', 'max_depth': None, 'max_features': 0.2233668995562, 'max_leaf_nodes': None, 'max_samples': None, 'min_impurity_decrease': 0.0, 'min_samples_leaf': 17, 'min_samples_split': 9, 'min_weight_fraction_leaf': 0.0, 'monotonic_cst': None, 'n_estimators': 105, 'n_jobs': None, 'oob_score': False, 'random_state': 42, 'verbose': 0, 'warm_start': False}
🔍 Processing test iid 3 for budget 48...
Selector random state: {'bootstrap': np.True_, 'ccp_alpha': 0.0, 'criterion': 'squared_error', 'max_depth': None, 'max_features': 0.2233668995562, 'max_leaf_nodes': None, 'max_samples': None, 'min_impurity_decrease': 0.0, 'min_samples_leaf': 17, 'min_samples_split': 9, 'min_weight_fraction_leaf': 0.0, 'monotonic_cst': None, 'n_estimators': 105, 'n_jobs': None, 'oob_score': False, 'random_state': 42, 'verbose': 0, 'warm_start': False}
🔍 Processing test iid 4 for budget 48...
Selector random state: {'bootstrap': np.True_, 'ccp_alpha': 0.0, 'criterion': 'squared_error', 'max_depth': None, 'max_features': 0.2233668995562, 'max_leaf_nodes': None, 'max_samples': None, 'min_impurity_decrease': 0.0, 'min_samples_leaf': 17, 'min_samples_split': 9, 'min_weight_fraction_leaf': 0.0, 'monotonic_cst': None, 'n_estimators': 105, 'n_jobs': None, 'oob_score': False, 'random_state': 42, 'verbose': 0, 'warm_start': False}
🔍 Processing test iid 5 for budget 48...
Selector random state: {'bootstrap': np.True_, 'ccp_alpha': 0.0, 'criterion': 'squared_error', 'max_depth': None, 'max_features': 0.2233668995562, 'max_leaf_nodes': None, 'max_samples': None, 'min_impurity_decrease': 0.0, 'min_samples_leaf': 17, 'min_samples_split': 9, 'min_weight_fraction_leaf': 0.0, 'monotonic_cst': None, 'n_estimators': 105, 'n_jobs': None, 'oob_score': False, 'random_state': 42, 'verbose': 0, 'warm_start': False}
Saved: ../data/switching_optimality_files/l_BFGS_b_normalized/predicted_static_precisions_rep_fold_all_sp.csv, ../data/switching_optimality_files/l_BFGS_b_normalized/selected_algorithms_rep_fold_all_sp.csv [budget 48]
⏳ Processing budget 56...
🔍 Processing test iid 1 for budget 56...
Selector config for budget 56: {'bootstrap': np.False_, 'ccp_alpha': 0.0, 'criterion': 'squared_error', 'max_depth': None, 'max_features': 0.1970905024576, 'max_leaf_nodes': None, 'max_samples': None, 'min_impurity_decrease': 0.0, 'min_samples_leaf': 15, 'min_samples_split': 10, 'min_weight_fraction_leaf': 0.0, 'monotonic_cst': None, 'n_estimators': 108, 'n_jobs': None, 'oob_score': False, 'random_state': 42, 'verbose': 0, 'warm_start': False}
Selector random state: {'bootstrap': np.False_, 'ccp_alpha': 0.0, 'criterion': 'squared_error', 'max_depth': None, 'max_features': 0.1970905024576, 'max_leaf_nodes': None, 'max_samples': None, 'min_impurity_decrease': 0.0, 'min_samples_leaf': 15, 'min_samples_split': 10, 'min_weight_fraction_leaf': 0.0, 'monotonic_cst': None, 'n_estimators': 108, 'n_jobs': None, 'oob_score': False, 'random_state': 42, 'verbose': 0, 'warm_start': False}
🔍 Processing test iid 2 for budget 56...
Selector random state: {'bootstrap': np.False_, 'ccp_alpha': 0.0, 'criterion': 'squared_error', 'max_depth': None, 'max_features': 0.1970905024576, 'max_leaf_nodes': None, 'max_samples': None, 'min_impurity_decrease': 0.0, 'min_samples_leaf': 15, 'min_samples_split': 10, 'min_weight_fraction_leaf': 0.0, 'monotonic_cst': None, 'n_estimators': 108, 'n_jobs': None, 'oob_score': False, 'random_state': 42, 'verbose': 0, 'warm_start': False}
🔍 Processing test iid 3 for budget 56...
Selector random state: {'bootstrap': np.False_, 'ccp_alpha': 0.0, 'criterion': 'squared_error', 'max_depth': None, 'max_features': 0.1970905024576, 'max_leaf_nodes': None, 'max_samples': None, 'min_impurity_decrease': 0.0, 'min_samples_leaf': 15, 'min_samples_split': 10, 'min_weight_fraction_leaf': 0.0, 'monotonic_cst': None, 'n_estimators': 108, 'n_jobs': None, 'oob_score': False, 'random_state': 42, 'verbose': 0, 'warm_start': False}
🔍 Processing test iid 4 for budget 56...
Selector random state: {'bootstrap': np.False_, 'ccp_alpha': 0.0, 'criterion': 'squared_error', 'max_depth': None, 'max_features': 0.1970905024576, 'max_leaf_nodes': None, 'max_samples': None, 'min_impurity_decrease': 0.0, 'min_samples_leaf': 15, 'min_samples_split': 10, 'min_weight_fraction_leaf': 0.0, 'monotonic_cst': None, 'n_estimators': 108, 'n_jobs': None, 'oob_score': False, 'random_state': 42, 'verbose': 0, 'warm_start': False}
🔍 Processing test iid 5 for budget 56...
Selector random state: {'bootstrap': np.False_, 'ccp_alpha': 0.0, 'criterion': 'squared_error', 'max_depth': None, 'max_features': 0.1970905024576, 'max_leaf_nodes': None, 'max_samples': None, 'min_impurity_decrease': 0.0, 'min_samples_leaf': 15, 'min_samples_split': 10, 'min_weight_fraction_leaf': 0.0, 'monotonic_cst': None, 'n_estimators': 108, 'n_jobs': None, 'oob_score': False, 'random_state': 42, 'verbose': 0, 'warm_start': False}
Saved: ../data/switching_optimality_files/l_BFGS_b_normalized/predicted_static_precisions_rep_fold_all_sp.csv, ../data/switching_optimality_files/l_BFGS_b_normalized/selected_algorithms_rep_fold_all_sp.csv [budget 56]
⏳ Processing budget 64...
🔍 Processing test iid 1 for budget 64...
Selector config for budget 64: {'bootstrap': np.True_, 'ccp_alpha': 0.0, 'criterion': 'squared_error', 'max_depth': None, 'max_features': 0.2200734432892, 'max_leaf_nodes': None, 'max_samples': None, 'min_impurity_decrease': 0.0, 'min_samples_leaf': 20, 'min_samples_split': 3, 'min_weight_fraction_leaf': 0.0, 'monotonic_cst': None, 'n_estimators': 55, 'n_jobs': None, 'oob_score': False, 'random_state': 42, 'verbose': 0, 'warm_start': False}
Selector random state: {'bootstrap': np.True_, 'ccp_alpha': 0.0, 'criterion': 'squared_error', 'max_depth': None, 'max_features': 0.2200734432892, 'max_leaf_nodes': None, 'max_samples': None, 'min_impurity_decrease': 0.0, 'min_samples_leaf': 20, 'min_samples_split': 3, 'min_weight_fraction_leaf': 0.0, 'monotonic_cst': None, 'n_estimators': 55, 'n_jobs': None, 'oob_score': False, 'random_state': 42, 'verbose': 0, 'warm_start': False}
🔍 Processing test iid 2 for budget 64...
Selector random state: {'bootstrap': np.True_, 'ccp_alpha': 0.0, 'criterion': 'squared_error', 'max_depth': None, 'max_features': 0.2200734432892, 'max_leaf_nodes': None, 'max_samples': None, 'min_impurity_decrease': 0.0, 'min_samples_leaf': 20, 'min_samples_split': 3, 'min_weight_fraction_leaf': 0.0, 'monotonic_cst': None, 'n_estimators': 55, 'n_jobs': None, 'oob_score': False, 'random_state': 42, 'verbose': 0, 'warm_start': False}
🔍 Processing test iid 3 for budget 64...
Selector random state: {'bootstrap': np.True_, 'ccp_alpha': 0.0, 'criterion': 'squared_error', 'max_depth': None, 'max_features': 0.2200734432892, 'max_leaf_nodes': None, 'max_samples': None, 'min_impurity_decrease': 0.0, 'min_samples_leaf': 20, 'min_samples_split': 3, 'min_weight_fraction_leaf': 0.0, 'monotonic_cst': None, 'n_estimators': 55, 'n_jobs': None, 'oob_score': False, 'random_state': 42, 'verbose': 0, 'warm_start': False}
🔍 Processing test iid 4 for budget 64...
Selector random state: {'bootstrap': np.True_, 'ccp_alpha': 0.0, 'criterion': 'squared_error', 'max_depth': None, 'max_features': 0.2200734432892, 'max_leaf_nodes': None, 'max_samples': None, 'min_impurity_decrease': 0.0, 'min_samples_leaf': 20, 'min_samples_split': 3, 'min_weight_fraction_leaf': 0.0, 'monotonic_cst': None, 'n_estimators': 55, 'n_jobs': None, 'oob_score': False, 'random_state': 42, 'verbose': 0, 'warm_start': False}
🔍 Processing test iid 5 for budget 64...
Selector random state: {'bootstrap': np.True_, 'ccp_alpha': 0.0, 'criterion': 'squared_error', 'max_depth': None, 'max_features': 0.2200734432892, 'max_leaf_nodes': None, 'max_samples': None, 'min_impurity_decrease': 0.0, 'min_samples_leaf': 20, 'min_samples_split': 3, 'min_weight_fraction_leaf': 0.0, 'monotonic_cst': None, 'n_estimators': 55, 'n_jobs': None, 'oob_score': False, 'random_state': 42, 'verbose': 0, 'warm_start': False}
Saved: ../data/switching_optimality_files/l_BFGS_b_normalized/predicted_static_precisions_rep_fold_all_sp.csv, ../data/switching_optimality_files/l_BFGS_b_normalized/selected_algorithms_rep_fold_all_sp.csv [budget 64]
⏳ Processing budget 72...
🔍 Processing test iid 1 for budget 72...
Selector config for budget 72: {'bootstrap': np.True_, 'ccp_alpha': 0.0, 'criterion': 'squared_error', 'max_depth': None, 'max_features': 0.1341925904102, 'max_leaf_nodes': None, 'max_samples': None, 'min_impurity_decrease': 0.0, 'min_samples_leaf': 1, 'min_samples_split': 20, 'min_weight_fraction_leaf': 0.0, 'monotonic_cst': None, 'n_estimators': 99, 'n_jobs': None, 'oob_score': False, 'random_state': 42, 'verbose': 0, 'warm_start': False}
Selector random state: {'bootstrap': np.True_, 'ccp_alpha': 0.0, 'criterion': 'squared_error', 'max_depth': None, 'max_features': 0.1341925904102, 'max_leaf_nodes': None, 'max_samples': None, 'min_impurity_decrease': 0.0, 'min_samples_leaf': 1, 'min_samples_split': 20, 'min_weight_fraction_leaf': 0.0, 'monotonic_cst': None, 'n_estimators': 99, 'n_jobs': None, 'oob_score': False, 'random_state': 42, 'verbose': 0, 'warm_start': False}
🔍 Processing test iid 2 for budget 72...
Selector random state: {'bootstrap': np.True_, 'ccp_alpha': 0.0, 'criterion': 'squared_error', 'max_depth': None, 'max_features': 0.1341925904102, 'max_leaf_nodes': None, 'max_samples': None, 'min_impurity_decrease': 0.0, 'min_samples_leaf': 1, 'min_samples_split': 20, 'min_weight_fraction_leaf': 0.0, 'monotonic_cst': None, 'n_estimators': 99, 'n_jobs': None, 'oob_score': False, 'random_state': 42, 'verbose': 0, 'warm_start': False}
🔍 Processing test iid 3 for budget 72...
Selector random state: {'bootstrap': np.True_, 'ccp_alpha': 0.0, 'criterion': 'squared_error', 'max_depth': None, 'max_features': 0.1341925904102, 'max_leaf_nodes': None, 'max_samples': None, 'min_impurity_decrease': 0.0, 'min_samples_leaf': 1, 'min_samples_split': 20, 'min_weight_fraction_leaf': 0.0, 'monotonic_cst': None, 'n_estimators': 99, 'n_jobs': None, 'oob_score': False, 'random_state': 42, 'verbose': 0, 'warm_start': False}
🔍 Processing test iid 4 for budget 72...
Selector random state: {'bootstrap': np.True_, 'ccp_alpha': 0.0, 'criterion': 'squared_error', 'max_depth': None, 'max_features': 0.1341925904102, 'max_leaf_nodes': None, 'max_samples': None, 'min_impurity_decrease': 0.0, 'min_samples_leaf': 1, 'min_samples_split': 20, 'min_weight_fraction_leaf': 0.0, 'monotonic_cst': None, 'n_estimators': 99, 'n_jobs': None, 'oob_score': False, 'random_state': 42, 'verbose': 0, 'warm_start': False}
🔍 Processing test iid 5 for budget 72...
Selector random state: {'bootstrap': np.True_, 'ccp_alpha': 0.0, 'criterion': 'squared_error', 'max_depth': None, 'max_features': 0.1341925904102, 'max_leaf_nodes': None, 'max_samples': None, 'min_impurity_decrease': 0.0, 'min_samples_leaf': 1, 'min_samples_split': 20, 'min_weight_fraction_leaf': 0.0, 'monotonic_cst': None, 'n_estimators': 99, 'n_jobs': None, 'oob_score': False, 'random_state': 42, 'verbose': 0, 'warm_start': False}
Saved: ../data/switching_optimality_files/l_BFGS_b_normalized/predicted_static_precisions_rep_fold_all_sp.csv, ../data/switching_optimality_files/l_BFGS_b_normalized/selected_algorithms_rep_fold_all_sp.csv [budget 72]
⏳ Processing budget 80...
🔍 Processing test iid 1 for budget 80...
Selector config for budget 80: {'bootstrap': np.False_, 'ccp_alpha': 0.0, 'criterion': 'squared_error', 'max_depth': None, 'max_features': 0.2845106717836, 'max_leaf_nodes': None, 'max_samples': None, 'min_impurity_decrease': 0.0, 'min_samples_leaf': 16, 'min_samples_split': 10, 'min_weight_fraction_leaf': 0.0, 'monotonic_cst': None, 'n_estimators': 71, 'n_jobs': None, 'oob_score': False, 'random_state': 42, 'verbose': 0, 'warm_start': False}
Selector random state: {'bootstrap': np.False_, 'ccp_alpha': 0.0, 'criterion': 'squared_error', 'max_depth': None, 'max_features': 0.2845106717836, 'max_leaf_nodes': None, 'max_samples': None, 'min_impurity_decrease': 0.0, 'min_samples_leaf': 16, 'min_samples_split': 10, 'min_weight_fraction_leaf': 0.0, 'monotonic_cst': None, 'n_estimators': 71, 'n_jobs': None, 'oob_score': False, 'random_state': 42, 'verbose': 0, 'warm_start': False}
🔍 Processing test iid 2 for budget 80...
Selector random state: {'bootstrap': np.False_, 'ccp_alpha': 0.0, 'criterion': 'squared_error', 'max_depth': None, 'max_features': 0.2845106717836, 'max_leaf_nodes': None, 'max_samples': None, 'min_impurity_decrease': 0.0, 'min_samples_leaf': 16, 'min_samples_split': 10, 'min_weight_fraction_leaf': 0.0, 'monotonic_cst': None, 'n_estimators': 71, 'n_jobs': None, 'oob_score': False, 'random_state': 42, 'verbose': 0, 'warm_start': False}
🔍 Processing test iid 3 for budget 80...
Selector random state: {'bootstrap': np.False_, 'ccp_alpha': 0.0, 'criterion': 'squared_error', 'max_depth': None, 'max_features': 0.2845106717836, 'max_leaf_nodes': None, 'max_samples': None, 'min_impurity_decrease': 0.0, 'min_samples_leaf': 16, 'min_samples_split': 10, 'min_weight_fraction_leaf': 0.0, 'monotonic_cst': None, 'n_estimators': 71, 'n_jobs': None, 'oob_score': False, 'random_state': 42, 'verbose': 0, 'warm_start': False}
🔍 Processing test iid 4 for budget 80...
Selector random state: {'bootstrap': np.False_, 'ccp_alpha': 0.0, 'criterion': 'squared_error', 'max_depth': None, 'max_features': 0.2845106717836, 'max_leaf_nodes': None, 'max_samples': None, 'min_impurity_decrease': 0.0, 'min_samples_leaf': 16, 'min_samples_split': 10, 'min_weight_fraction_leaf': 0.0, 'monotonic_cst': None, 'n_estimators': 71, 'n_jobs': None, 'oob_score': False, 'random_state': 42, 'verbose': 0, 'warm_start': False}
🔍 Processing test iid 5 for budget 80...
Selector random state: {'bootstrap': np.False_, 'ccp_alpha': 0.0, 'criterion': 'squared_error', 'max_depth': None, 'max_features': 0.2845106717836, 'max_leaf_nodes': None, 'max_samples': None, 'min_impurity_decrease': 0.0, 'min_samples_leaf': 16, 'min_samples_split': 10, 'min_weight_fraction_leaf': 0.0, 'monotonic_cst': None, 'n_estimators': 71, 'n_jobs': None, 'oob_score': False, 'random_state': 42, 'verbose': 0, 'warm_start': False}
Saved: ../data/switching_optimality_files/l_BFGS_b_normalized/predicted_static_precisions_rep_fold_all_sp.csv, ../data/switching_optimality_files/l_BFGS_b_normalized/selected_algorithms_rep_fold_all_sp.csv [budget 80]
⏳ Processing budget 88...
🔍 Processing test iid 1 for budget 88...
Selector config for budget 88: {'bootstrap': np.True_, 'ccp_alpha': 0.0, 'criterion': 'squared_error', 'max_depth': None, 'max_features': 0.3414165519386, 'max_leaf_nodes': None, 'max_samples': None, 'min_impurity_decrease': 0.0, 'min_samples_leaf': 7, 'min_samples_split': 2, 'min_weight_fraction_leaf': 0.0, 'monotonic_cst': None, 'n_estimators': 115, 'n_jobs': None, 'oob_score': False, 'random_state': 42, 'verbose': 0, 'warm_start': False}
Selector random state: {'bootstrap': np.True_, 'ccp_alpha': 0.0, 'criterion': 'squared_error', 'max_depth': None, 'max_features': 0.3414165519386, 'max_leaf_nodes': None, 'max_samples': None, 'min_impurity_decrease': 0.0, 'min_samples_leaf': 7, 'min_samples_split': 2, 'min_weight_fraction_leaf': 0.0, 'monotonic_cst': None, 'n_estimators': 115, 'n_jobs': None, 'oob_score': False, 'random_state': 42, 'verbose': 0, 'warm_start': False}
🔍 Processing test iid 2 for budget 88...
Selector random state: {'bootstrap': np.True_, 'ccp_alpha': 0.0, 'criterion': 'squared_error', 'max_depth': None, 'max_features': 0.3414165519386, 'max_leaf_nodes': None, 'max_samples': None, 'min_impurity_decrease': 0.0, 'min_samples_leaf': 7, 'min_samples_split': 2, 'min_weight_fraction_leaf': 0.0, 'monotonic_cst': None, 'n_estimators': 115, 'n_jobs': None, 'oob_score': False, 'random_state': 42, 'verbose': 0, 'warm_start': False}
🔍 Processing test iid 3 for budget 88...
Selector random state: {'bootstrap': np.True_, 'ccp_alpha': 0.0, 'criterion': 'squared_error', 'max_depth': None, 'max_features': 0.3414165519386, 'max_leaf_nodes': None, 'max_samples': None, 'min_impurity_decrease': 0.0, 'min_samples_leaf': 7, 'min_samples_split': 2, 'min_weight_fraction_leaf': 0.0, 'monotonic_cst': None, 'n_estimators': 115, 'n_jobs': None, 'oob_score': False, 'random_state': 42, 'verbose': 0, 'warm_start': False}
🔍 Processing test iid 4 for budget 88...
Selector random state: {'bootstrap': np.True_, 'ccp_alpha': 0.0, 'criterion': 'squared_error', 'max_depth': None, 'max_features': 0.3414165519386, 'max_leaf_nodes': None, 'max_samples': None, 'min_impurity_decrease': 0.0, 'min_samples_leaf': 7, 'min_samples_split': 2, 'min_weight_fraction_leaf': 0.0, 'monotonic_cst': None, 'n_estimators': 115, 'n_jobs': None, 'oob_score': False, 'random_state': 42, 'verbose': 0, 'warm_start': False}
🔍 Processing test iid 5 for budget 88...
Selector random state: {'bootstrap': np.True_, 'ccp_alpha': 0.0, 'criterion': 'squared_error', 'max_depth': None, 'max_features': 0.3414165519386, 'max_leaf_nodes': None, 'max_samples': None, 'min_impurity_decrease': 0.0, 'min_samples_leaf': 7, 'min_samples_split': 2, 'min_weight_fraction_leaf': 0.0, 'monotonic_cst': None, 'n_estimators': 115, 'n_jobs': None, 'oob_score': False, 'random_state': 42, 'verbose': 0, 'warm_start': False}
Saved: ../data/switching_optimality_files/l_BFGS_b_normalized/predicted_static_precisions_rep_fold_all_sp.csv, ../data/switching_optimality_files/l_BFGS_b_normalized/selected_algorithms_rep_fold_all_sp.csv [budget 88]
⏳ Processing budget 96...
🔍 Processing test iid 1 for budget 96...
Selector config for budget 96: {'bootstrap': np.False_, 'ccp_alpha': 0.0, 'criterion': 'squared_error', 'max_depth': None, 'max_features': 0.1403182892934, 'max_leaf_nodes': None, 'max_samples': None, 'min_impurity_decrease': 0.0, 'min_samples_leaf': 14, 'min_samples_split': 7, 'min_weight_fraction_leaf': 0.0, 'monotonic_cst': None, 'n_estimators': 58, 'n_jobs': None, 'oob_score': False, 'random_state': 42, 'verbose': 0, 'warm_start': False}
Selector random state: {'bootstrap': np.False_, 'ccp_alpha': 0.0, 'criterion': 'squared_error', 'max_depth': None, 'max_features': 0.1403182892934, 'max_leaf_nodes': None, 'max_samples': None, 'min_impurity_decrease': 0.0, 'min_samples_leaf': 14, 'min_samples_split': 7, 'min_weight_fraction_leaf': 0.0, 'monotonic_cst': None, 'n_estimators': 58, 'n_jobs': None, 'oob_score': False, 'random_state': 42, 'verbose': 0, 'warm_start': False}
🔍 Processing test iid 2 for budget 96...
Selector random state: {'bootstrap': np.False_, 'ccp_alpha': 0.0, 'criterion': 'squared_error', 'max_depth': None, 'max_features': 0.1403182892934, 'max_leaf_nodes': None, 'max_samples': None, 'min_impurity_decrease': 0.0, 'min_samples_leaf': 14, 'min_samples_split': 7, 'min_weight_fraction_leaf': 0.0, 'monotonic_cst': None, 'n_estimators': 58, 'n_jobs': None, 'oob_score': False, 'random_state': 42, 'verbose': 0, 'warm_start': False}
🔍 Processing test iid 3 for budget 96...
Selector random state: {'bootstrap': np.False_, 'ccp_alpha': 0.0, 'criterion': 'squared_error', 'max_depth': None, 'max_features': 0.1403182892934, 'max_leaf_nodes': None, 'max_samples': None, 'min_impurity_decrease': 0.0, 'min_samples_leaf': 14, 'min_samples_split': 7, 'min_weight_fraction_leaf': 0.0, 'monotonic_cst': None, 'n_estimators': 58, 'n_jobs': None, 'oob_score': False, 'random_state': 42, 'verbose': 0, 'warm_start': False}
🔍 Processing test iid 4 for budget 96...
Selector random state: {'bootstrap': np.False_, 'ccp_alpha': 0.0, 'criterion': 'squared_error', 'max_depth': None, 'max_features': 0.1403182892934, 'max_leaf_nodes': None, 'max_samples': None, 'min_impurity_decrease': 0.0, 'min_samples_leaf': 14, 'min_samples_split': 7, 'min_weight_fraction_leaf': 0.0, 'monotonic_cst': None, 'n_estimators': 58, 'n_jobs': None, 'oob_score': False, 'random_state': 42, 'verbose': 0, 'warm_start': False}
🔍 Processing test iid 5 for budget 96...
Selector random state: {'bootstrap': np.False_, 'ccp_alpha': 0.0, 'criterion': 'squared_error', 'max_depth': None, 'max_features': 0.1403182892934, 'max_leaf_nodes': None, 'max_samples': None, 'min_impurity_decrease': 0.0, 'min_samples_leaf': 14, 'min_samples_split': 7, 'min_weight_fraction_leaf': 0.0, 'monotonic_cst': None, 'n_estimators': 58, 'n_jobs': None, 'oob_score': False, 'random_state': 42, 'verbose': 0, 'warm_start': False}
Saved: ../data/switching_optimality_files/l_BFGS_b_normalized/predicted_static_precisions_rep_fold_all_sp.csv, ../data/switching_optimality_files/l_BFGS_b_normalized/selected_algorithms_rep_fold_all_sp.csv [budget 96]
⏳ Processing budget 100...
🔍 Processing test iid 1 for budget 100...
Selector config for budget 100: {'bootstrap': np.False_, 'ccp_alpha': 0.0, 'criterion': 'squared_error', 'max_depth': None, 'max_features': 0.2190513899714, 'max_leaf_nodes': None, 'max_samples': None, 'min_impurity_decrease': 0.0, 'min_samples_leaf': 5, 'min_samples_split': 20, 'min_weight_fraction_leaf': 0.0, 'monotonic_cst': None, 'n_estimators': 106, 'n_jobs': None, 'oob_score': False, 'random_state': 42, 'verbose': 0, 'warm_start': False}
Selector random state: {'bootstrap': np.False_, 'ccp_alpha': 0.0, 'criterion': 'squared_error', 'max_depth': None, 'max_features': 0.2190513899714, 'max_leaf_nodes': None, 'max_samples': None, 'min_impurity_decrease': 0.0, 'min_samples_leaf': 5, 'min_samples_split': 20, 'min_weight_fraction_leaf': 0.0, 'monotonic_cst': None, 'n_estimators': 106, 'n_jobs': None, 'oob_score': False, 'random_state': 42, 'verbose': 0, 'warm_start': False}
🔍 Processing test iid 2 for budget 100...
Selector random state: {'bootstrap': np.False_, 'ccp_alpha': 0.0, 'criterion': 'squared_error', 'max_depth': None, 'max_features': 0.2190513899714, 'max_leaf_nodes': None, 'max_samples': None, 'min_impurity_decrease': 0.0, 'min_samples_leaf': 5, 'min_samples_split': 20, 'min_weight_fraction_leaf': 0.0, 'monotonic_cst': None, 'n_estimators': 106, 'n_jobs': None, 'oob_score': False, 'random_state': 42, 'verbose': 0, 'warm_start': False}
🔍 Processing test iid 3 for budget 100...
Selector random state: {'bootstrap': np.False_, 'ccp_alpha': 0.0, 'criterion': 'squared_error', 'max_depth': None, 'max_features': 0.2190513899714, 'max_leaf_nodes': None, 'max_samples': None, 'min_impurity_decrease': 0.0, 'min_samples_leaf': 5, 'min_samples_split': 20, 'min_weight_fraction_leaf': 0.0, 'monotonic_cst': None, 'n_estimators': 106, 'n_jobs': None, 'oob_score': False, 'random_state': 42, 'verbose': 0, 'warm_start': False}
🔍 Processing test iid 4 for budget 100...
Selector random state: {'bootstrap': np.False_, 'ccp_alpha': 0.0, 'criterion': 'squared_error', 'max_depth': None, 'max_features': 0.2190513899714, 'max_leaf_nodes': None, 'max_samples': None, 'min_impurity_decrease': 0.0, 'min_samples_leaf': 5, 'min_samples_split': 20, 'min_weight_fraction_leaf': 0.0, 'monotonic_cst': None, 'n_estimators': 106, 'n_jobs': None, 'oob_score': False, 'random_state': 42, 'verbose': 0, 'warm_start': False}
🔍 Processing test iid 5 for budget 100...
Selector random state: {'bootstrap': np.False_, 'ccp_alpha': 0.0, 'criterion': 'squared_error', 'max_depth': None, 'max_features': 0.2190513899714, 'max_leaf_nodes': None, 'max_samples': None, 'min_impurity_decrease': 0.0, 'min_samples_leaf': 5, 'min_samples_split': 20, 'min_weight_fraction_leaf': 0.0, 'monotonic_cst': None, 'n_estimators': 106, 'n_jobs': None, 'oob_score': False, 'random_state': 42, 'verbose': 0, 'warm_start': False}
Saved: ../data/switching_optimality_files/l_BFGS_b_normalized/predicted_static_precisions_rep_fold_all_sp.csv, ../data/switching_optimality_files/l_BFGS_b_normalized/selected_algorithms_rep_fold_all_sp.csv [budget 100]
⏳ Processing budget 150...
🔍 Processing test iid 1 for budget 150...
Selector config for budget 150: {'bootstrap': np.False_, 'ccp_alpha': 0.0, 'criterion': 'squared_error', 'max_depth': None, 'max_features': 0.1401909857479, 'max_leaf_nodes': None, 'max_samples': None, 'min_impurity_decrease': 0.0, 'min_samples_leaf': 2, 'min_samples_split': 7, 'min_weight_fraction_leaf': 0.0, 'monotonic_cst': None, 'n_estimators': 110, 'n_jobs': None, 'oob_score': False, 'random_state': 42, 'verbose': 0, 'warm_start': False}
Selector random state: {'bootstrap': np.False_, 'ccp_alpha': 0.0, 'criterion': 'squared_error', 'max_depth': None, 'max_features': 0.1401909857479, 'max_leaf_nodes': None, 'max_samples': None, 'min_impurity_decrease': 0.0, 'min_samples_leaf': 2, 'min_samples_split': 7, 'min_weight_fraction_leaf': 0.0, 'monotonic_cst': None, 'n_estimators': 110, 'n_jobs': None, 'oob_score': False, 'random_state': 42, 'verbose': 0, 'warm_start': False}
🔍 Processing test iid 2 for budget 150...
Selector random state: {'bootstrap': np.False_, 'ccp_alpha': 0.0, 'criterion': 'squared_error', 'max_depth': None, 'max_features': 0.1401909857479, 'max_leaf_nodes': None, 'max_samples': None, 'min_impurity_decrease': 0.0, 'min_samples_leaf': 2, 'min_samples_split': 7, 'min_weight_fraction_leaf': 0.0, 'monotonic_cst': None, 'n_estimators': 110, 'n_jobs': None, 'oob_score': False, 'random_state': 42, 'verbose': 0, 'warm_start': False}
🔍 Processing test iid 3 for budget 150...
Selector random state: {'bootstrap': np.False_, 'ccp_alpha': 0.0, 'criterion': 'squared_error', 'max_depth': None, 'max_features': 0.1401909857479, 'max_leaf_nodes': None, 'max_samples': None, 'min_impurity_decrease': 0.0, 'min_samples_leaf': 2, 'min_samples_split': 7, 'min_weight_fraction_leaf': 0.0, 'monotonic_cst': None, 'n_estimators': 110, 'n_jobs': None, 'oob_score': False, 'random_state': 42, 'verbose': 0, 'warm_start': False}
🔍 Processing test iid 4 for budget 150...
Selector random state: {'bootstrap': np.False_, 'ccp_alpha': 0.0, 'criterion': 'squared_error', 'max_depth': None, 'max_features': 0.1401909857479, 'max_leaf_nodes': None, 'max_samples': None, 'min_impurity_decrease': 0.0, 'min_samples_leaf': 2, 'min_samples_split': 7, 'min_weight_fraction_leaf': 0.0, 'monotonic_cst': None, 'n_estimators': 110, 'n_jobs': None, 'oob_score': False, 'random_state': 42, 'verbose': 0, 'warm_start': False}
🔍 Processing test iid 5 for budget 150...
Selector random state: {'bootstrap': np.False_, 'ccp_alpha': 0.0, 'criterion': 'squared_error', 'max_depth': None, 'max_features': 0.1401909857479, 'max_leaf_nodes': None, 'max_samples': None, 'min_impurity_decrease': 0.0, 'min_samples_leaf': 2, 'min_samples_split': 7, 'min_weight_fraction_leaf': 0.0, 'monotonic_cst': None, 'n_estimators': 110, 'n_jobs': None, 'oob_score': False, 'random_state': 42, 'verbose': 0, 'warm_start': False}
Saved: ../data/switching_optimality_files/l_BFGS_b_normalized/predicted_static_precisions_rep_fold_all_sp.csv, ../data/switching_optimality_files/l_BFGS_b_normalized/selected_algorithms_rep_fold_all_sp.csv [budget 150]
⏳ Processing budget 200...
🔍 Processing test iid 1 for budget 200...
Selector config for budget 200: {'bootstrap': np.False_, 'ccp_alpha': 0.0, 'criterion': 'squared_error', 'max_depth': None, 'max_features': 0.2112206569873, 'max_leaf_nodes': None, 'max_samples': None, 'min_impurity_decrease': 0.0, 'min_samples_leaf': 2, 'min_samples_split': 17, 'min_weight_fraction_leaf': 0.0, 'monotonic_cst': None, 'n_estimators': 65, 'n_jobs': None, 'oob_score': False, 'random_state': 42, 'verbose': 0, 'warm_start': False}
Selector random state: {'bootstrap': np.False_, 'ccp_alpha': 0.0, 'criterion': 'squared_error', 'max_depth': None, 'max_features': 0.2112206569873, 'max_leaf_nodes': None, 'max_samples': None, 'min_impurity_decrease': 0.0, 'min_samples_leaf': 2, 'min_samples_split': 17, 'min_weight_fraction_leaf': 0.0, 'monotonic_cst': None, 'n_estimators': 65, 'n_jobs': None, 'oob_score': False, 'random_state': 42, 'verbose': 0, 'warm_start': False}
🔍 Processing test iid 2 for budget 200...
Selector random state: {'bootstrap': np.False_, 'ccp_alpha': 0.0, 'criterion': 'squared_error', 'max_depth': None, 'max_features': 0.2112206569873, 'max_leaf_nodes': None, 'max_samples': None, 'min_impurity_decrease': 0.0, 'min_samples_leaf': 2, 'min_samples_split': 17, 'min_weight_fraction_leaf': 0.0, 'monotonic_cst': None, 'n_estimators': 65, 'n_jobs': None, 'oob_score': False, 'random_state': 42, 'verbose': 0, 'warm_start': False}
🔍 Processing test iid 3 for budget 200...
Selector random state: {'bootstrap': np.False_, 'ccp_alpha': 0.0, 'criterion': 'squared_error', 'max_depth': None, 'max_features': 0.2112206569873, 'max_leaf_nodes': None, 'max_samples': None, 'min_impurity_decrease': 0.0, 'min_samples_leaf': 2, 'min_samples_split': 17, 'min_weight_fraction_leaf': 0.0, 'monotonic_cst': None, 'n_estimators': 65, 'n_jobs': None, 'oob_score': False, 'random_state': 42, 'verbose': 0, 'warm_start': False}
🔍 Processing test iid 4 for budget 200...
Selector random state: {'bootstrap': np.False_, 'ccp_alpha': 0.0, 'criterion': 'squared_error', 'max_depth': None, 'max_features': 0.2112206569873, 'max_leaf_nodes': None, 'max_samples': None, 'min_impurity_decrease': 0.0, 'min_samples_leaf': 2, 'min_samples_split': 17, 'min_weight_fraction_leaf': 0.0, 'monotonic_cst': None, 'n_estimators': 65, 'n_jobs': None, 'oob_score': False, 'random_state': 42, 'verbose': 0, 'warm_start': False}
🔍 Processing test iid 5 for budget 200...
Selector random state: {'bootstrap': np.False_, 'ccp_alpha': 0.0, 'criterion': 'squared_error', 'max_depth': None, 'max_features': 0.2112206569873, 'max_leaf_nodes': None, 'max_samples': None, 'min_impurity_decrease': 0.0, 'min_samples_leaf': 2, 'min_samples_split': 17, 'min_weight_fraction_leaf': 0.0, 'monotonic_cst': None, 'n_estimators': 65, 'n_jobs': None, 'oob_score': False, 'random_state': 42, 'verbose': 0, 'warm_start': False}
Saved: ../data/switching_optimality_files/l_BFGS_b_normalized/predicted_static_precisions_rep_fold_all_sp.csv, ../data/switching_optimality_files/l_BFGS_b_normalized/selected_algorithms_rep_fold_all_sp.csv [budget 200]
⏳ Processing budget 250...
🔍 Processing test iid 1 for budget 250...
Selector config for budget 250: {'bootstrap': np.False_, 'ccp_alpha': 0.0, 'criterion': 'squared_error', 'max_depth': None, 'max_features': 0.2039479917337, 'max_leaf_nodes': None, 'max_samples': None, 'min_impurity_decrease': 0.0, 'min_samples_leaf': 7, 'min_samples_split': 15, 'min_weight_fraction_leaf': 0.0, 'monotonic_cst': None, 'n_estimators': 50, 'n_jobs': None, 'oob_score': False, 'random_state': 42, 'verbose': 0, 'warm_start': False}
Selector random state: {'bootstrap': np.False_, 'ccp_alpha': 0.0, 'criterion': 'squared_error', 'max_depth': None, 'max_features': 0.2039479917337, 'max_leaf_nodes': None, 'max_samples': None, 'min_impurity_decrease': 0.0, 'min_samples_leaf': 7, 'min_samples_split': 15, 'min_weight_fraction_leaf': 0.0, 'monotonic_cst': None, 'n_estimators': 50, 'n_jobs': None, 'oob_score': False, 'random_state': 42, 'verbose': 0, 'warm_start': False}
🔍 Processing test iid 2 for budget 250...
Selector random state: {'bootstrap': np.False_, 'ccp_alpha': 0.0, 'criterion': 'squared_error', 'max_depth': None, 'max_features': 0.2039479917337, 'max_leaf_nodes': None, 'max_samples': None, 'min_impurity_decrease': 0.0, 'min_samples_leaf': 7, 'min_samples_split': 15, 'min_weight_fraction_leaf': 0.0, 'monotonic_cst': None, 'n_estimators': 50, 'n_jobs': None, 'oob_score': False, 'random_state': 42, 'verbose': 0, 'warm_start': False}
🔍 Processing test iid 3 for budget 250...
Selector random state: {'bootstrap': np.False_, 'ccp_alpha': 0.0, 'criterion': 'squared_error', 'max_depth': None, 'max_features': 0.2039479917337, 'max_leaf_nodes': None, 'max_samples': None, 'min_impurity_decrease': 0.0, 'min_samples_leaf': 7, 'min_samples_split': 15, 'min_weight_fraction_leaf': 0.0, 'monotonic_cst': None, 'n_estimators': 50, 'n_jobs': None, 'oob_score': False, 'random_state': 42, 'verbose': 0, 'warm_start': False}
🔍 Processing test iid 4 for budget 250...
Selector random state: {'bootstrap': np.False_, 'ccp_alpha': 0.0, 'criterion': 'squared_error', 'max_depth': None, 'max_features': 0.2039479917337, 'max_leaf_nodes': None, 'max_samples': None, 'min_impurity_decrease': 0.0, 'min_samples_leaf': 7, 'min_samples_split': 15, 'min_weight_fraction_leaf': 0.0, 'monotonic_cst': None, 'n_estimators': 50, 'n_jobs': None, 'oob_score': False, 'random_state': 42, 'verbose': 0, 'warm_start': False}
🔍 Processing test iid 5 for budget 250...
Selector random state: {'bootstrap': np.False_, 'ccp_alpha': 0.0, 'criterion': 'squared_error', 'max_depth': None, 'max_features': 0.2039479917337, 'max_leaf_nodes': None, 'max_samples': None, 'min_impurity_decrease': 0.0, 'min_samples_leaf': 7, 'min_samples_split': 15, 'min_weight_fraction_leaf': 0.0, 'monotonic_cst': None, 'n_estimators': 50, 'n_jobs': None, 'oob_score': False, 'random_state': 42, 'verbose': 0, 'warm_start': False}
Saved: ../data/switching_optimality_files/l_BFGS_b_normalized/predicted_static_precisions_rep_fold_all_sp.csv, ../data/switching_optimality_files/l_BFGS_b_normalized/selected_algorithms_rep_fold_all_sp.csv [budget 250]
⏳ Processing budget 300...
🔍 Processing test iid 1 for budget 300...
Selector config for budget 300: {'bootstrap': np.False_, 'ccp_alpha': 0.0, 'criterion': 'squared_error', 'max_depth': None, 'max_features': 0.4412004758092, 'max_leaf_nodes': None, 'max_samples': None, 'min_impurity_decrease': 0.0, 'min_samples_leaf': 6, 'min_samples_split': 20, 'min_weight_fraction_leaf': 0.0, 'monotonic_cst': None, 'n_estimators': 99, 'n_jobs': None, 'oob_score': False, 'random_state': 42, 'verbose': 0, 'warm_start': False}
Selector random state: {'bootstrap': np.False_, 'ccp_alpha': 0.0, 'criterion': 'squared_error', 'max_depth': None, 'max_features': 0.4412004758092, 'max_leaf_nodes': None, 'max_samples': None, 'min_impurity_decrease': 0.0, 'min_samples_leaf': 6, 'min_samples_split': 20, 'min_weight_fraction_leaf': 0.0, 'monotonic_cst': None, 'n_estimators': 99, 'n_jobs': None, 'oob_score': False, 'random_state': 42, 'verbose': 0, 'warm_start': False}
🔍 Processing test iid 2 for budget 300...
Selector random state: {'bootstrap': np.False_, 'ccp_alpha': 0.0, 'criterion': 'squared_error', 'max_depth': None, 'max_features': 0.4412004758092, 'max_leaf_nodes': None, 'max_samples': None, 'min_impurity_decrease': 0.0, 'min_samples_leaf': 6, 'min_samples_split': 20, 'min_weight_fraction_leaf': 0.0, 'monotonic_cst': None, 'n_estimators': 99, 'n_jobs': None, 'oob_score': False, 'random_state': 42, 'verbose': 0, 'warm_start': False}
🔍 Processing test iid 3 for budget 300...
Selector random state: {'bootstrap': np.False_, 'ccp_alpha': 0.0, 'criterion': 'squared_error', 'max_depth': None, 'max_features': 0.4412004758092, 'max_leaf_nodes': None, 'max_samples': None, 'min_impurity_decrease': 0.0, 'min_samples_leaf': 6, 'min_samples_split': 20, 'min_weight_fraction_leaf': 0.0, 'monotonic_cst': None, 'n_estimators': 99, 'n_jobs': None, 'oob_score': False, 'random_state': 42, 'verbose': 0, 'warm_start': False}
🔍 Processing test iid 4 for budget 300...
Selector random state: {'bootstrap': np.False_, 'ccp_alpha': 0.0, 'criterion': 'squared_error', 'max_depth': None, 'max_features': 0.4412004758092, 'max_leaf_nodes': None, 'max_samples': None, 'min_impurity_decrease': 0.0, 'min_samples_leaf': 6, 'min_samples_split': 20, 'min_weight_fraction_leaf': 0.0, 'monotonic_cst': None, 'n_estimators': 99, 'n_jobs': None, 'oob_score': False, 'random_state': 42, 'verbose': 0, 'warm_start': False}
🔍 Processing test iid 5 for budget 300...
Selector random state: {'bootstrap': np.False_, 'ccp_alpha': 0.0, 'criterion': 'squared_error', 'max_depth': None, 'max_features': 0.4412004758092, 'max_leaf_nodes': None, 'max_samples': None, 'min_impurity_decrease': 0.0, 'min_samples_leaf': 6, 'min_samples_split': 20, 'min_weight_fraction_leaf': 0.0, 'monotonic_cst': None, 'n_estimators': 99, 'n_jobs': None, 'oob_score': False, 'random_state': 42, 'verbose': 0, 'warm_start': False}
Saved: ../data/switching_optimality_files/l_BFGS_b_normalized/predicted_static_precisions_rep_fold_all_sp.csv, ../data/switching_optimality_files/l_BFGS_b_normalized/selected_algorithms_rep_fold_all_sp.csv [budget 300]
⏳ Processing budget 350...
🔍 Processing test iid 1 for budget 350...
Selector config for budget 350: {'bootstrap': np.False_, 'ccp_alpha': 0.0, 'criterion': 'squared_error', 'max_depth': None, 'max_features': 0.2116518360159, 'max_leaf_nodes': None, 'max_samples': None, 'min_impurity_decrease': 0.0, 'min_samples_leaf': 11, 'min_samples_split': 14, 'min_weight_fraction_leaf': 0.0, 'monotonic_cst': None, 'n_estimators': 79, 'n_jobs': None, 'oob_score': False, 'random_state': 42, 'verbose': 0, 'warm_start': False}
Selector random state: {'bootstrap': np.False_, 'ccp_alpha': 0.0, 'criterion': 'squared_error', 'max_depth': None, 'max_features': 0.2116518360159, 'max_leaf_nodes': None, 'max_samples': None, 'min_impurity_decrease': 0.0, 'min_samples_leaf': 11, 'min_samples_split': 14, 'min_weight_fraction_leaf': 0.0, 'monotonic_cst': None, 'n_estimators': 79, 'n_jobs': None, 'oob_score': False, 'random_state': 42, 'verbose': 0, 'warm_start': False}
🔍 Processing test iid 2 for budget 350...
Selector random state: {'bootstrap': np.False_, 'ccp_alpha': 0.0, 'criterion': 'squared_error', 'max_depth': None, 'max_features': 0.2116518360159, 'max_leaf_nodes': None, 'max_samples': None, 'min_impurity_decrease': 0.0, 'min_samples_leaf': 11, 'min_samples_split': 14, 'min_weight_fraction_leaf': 0.0, 'monotonic_cst': None, 'n_estimators': 79, 'n_jobs': None, 'oob_score': False, 'random_state': 42, 'verbose': 0, 'warm_start': False}
🔍 Processing test iid 3 for budget 350...
Selector random state: {'bootstrap': np.False_, 'ccp_alpha': 0.0, 'criterion': 'squared_error', 'max_depth': None, 'max_features': 0.2116518360159, 'max_leaf_nodes': None, 'max_samples': None, 'min_impurity_decrease': 0.0, 'min_samples_leaf': 11, 'min_samples_split': 14, 'min_weight_fraction_leaf': 0.0, 'monotonic_cst': None, 'n_estimators': 79, 'n_jobs': None, 'oob_score': False, 'random_state': 42, 'verbose': 0, 'warm_start': False}
🔍 Processing test iid 4 for budget 350...
Selector random state: {'bootstrap': np.False_, 'ccp_alpha': 0.0, 'criterion': 'squared_error', 'max_depth': None, 'max_features': 0.2116518360159, 'max_leaf_nodes': None, 'max_samples': None, 'min_impurity_decrease': 0.0, 'min_samples_leaf': 11, 'min_samples_split': 14, 'min_weight_fraction_leaf': 0.0, 'monotonic_cst': None, 'n_estimators': 79, 'n_jobs': None, 'oob_score': False, 'random_state': 42, 'verbose': 0, 'warm_start': False}
🔍 Processing test iid 5 for budget 350...
Selector random state: {'bootstrap': np.False_, 'ccp_alpha': 0.0, 'criterion': 'squared_error', 'max_depth': None, 'max_features': 0.2116518360159, 'max_leaf_nodes': None, 'max_samples': None, 'min_impurity_decrease': 0.0, 'min_samples_leaf': 11, 'min_samples_split': 14, 'min_weight_fraction_leaf': 0.0, 'monotonic_cst': None, 'n_estimators': 79, 'n_jobs': None, 'oob_score': False, 'random_state': 42, 'verbose': 0, 'warm_start': False}
Saved: ../data/switching_optimality_files/l_BFGS_b_normalized/predicted_static_precisions_rep_fold_all_sp.csv, ../data/switching_optimality_files/l_BFGS_b_normalized/selected_algorithms_rep_fold_all_sp.csv [budget 350]
⏳ Processing budget 400...
🔍 Processing test iid 1 for budget 400...
Selector config for budget 400: {'bootstrap': np.True_, 'ccp_alpha': 0.0, 'criterion': 'squared_error', 'max_depth': None, 'max_features': 0.6502282557675, 'max_leaf_nodes': None, 'max_samples': None, 'min_impurity_decrease': 0.0, 'min_samples_leaf': 4, 'min_samples_split': 16, 'min_weight_fraction_leaf': 0.0, 'monotonic_cst': None, 'n_estimators': 112, 'n_jobs': None, 'oob_score': False, 'random_state': 42, 'verbose': 0, 'warm_start': False}
Selector random state: {'bootstrap': np.True_, 'ccp_alpha': 0.0, 'criterion': 'squared_error', 'max_depth': None, 'max_features': 0.6502282557675, 'max_leaf_nodes': None, 'max_samples': None, 'min_impurity_decrease': 0.0, 'min_samples_leaf': 4, 'min_samples_split': 16, 'min_weight_fraction_leaf': 0.0, 'monotonic_cst': None, 'n_estimators': 112, 'n_jobs': None, 'oob_score': False, 'random_state': 42, 'verbose': 0, 'warm_start': False}
🔍 Processing test iid 2 for budget 400...
Selector random state: {'bootstrap': np.True_, 'ccp_alpha': 0.0, 'criterion': 'squared_error', 'max_depth': None, 'max_features': 0.6502282557675, 'max_leaf_nodes': None, 'max_samples': None, 'min_impurity_decrease': 0.0, 'min_samples_leaf': 4, 'min_samples_split': 16, 'min_weight_fraction_leaf': 0.0, 'monotonic_cst': None, 'n_estimators': 112, 'n_jobs': None, 'oob_score': False, 'random_state': 42, 'verbose': 0, 'warm_start': False}
🔍 Processing test iid 3 for budget 400...
Selector random state: {'bootstrap': np.True_, 'ccp_alpha': 0.0, 'criterion': 'squared_error', 'max_depth': None, 'max_features': 0.6502282557675, 'max_leaf_nodes': None, 'max_samples': None, 'min_impurity_decrease': 0.0, 'min_samples_leaf': 4, 'min_samples_split': 16, 'min_weight_fraction_leaf': 0.0, 'monotonic_cst': None, 'n_estimators': 112, 'n_jobs': None, 'oob_score': False, 'random_state': 42, 'verbose': 0, 'warm_start': False}
🔍 Processing test iid 4 for budget 400...
Selector random state: {'bootstrap': np.True_, 'ccp_alpha': 0.0, 'criterion': 'squared_error', 'max_depth': None, 'max_features': 0.6502282557675, 'max_leaf_nodes': None, 'max_samples': None, 'min_impurity_decrease': 0.0, 'min_samples_leaf': 4, 'min_samples_split': 16, 'min_weight_fraction_leaf': 0.0, 'monotonic_cst': None, 'n_estimators': 112, 'n_jobs': None, 'oob_score': False, 'random_state': 42, 'verbose': 0, 'warm_start': False}
🔍 Processing test iid 5 for budget 400...
Selector random state: {'bootstrap': np.True_, 'ccp_alpha': 0.0, 'criterion': 'squared_error', 'max_depth': None, 'max_features': 0.6502282557675, 'max_leaf_nodes': None, 'max_samples': None, 'min_impurity_decrease': 0.0, 'min_samples_leaf': 4, 'min_samples_split': 16, 'min_weight_fraction_leaf': 0.0, 'monotonic_cst': None, 'n_estimators': 112, 'n_jobs': None, 'oob_score': False, 'random_state': 42, 'verbose': 0, 'warm_start': False}
Saved: ../data/switching_optimality_files/l_BFGS_b_normalized/predicted_static_precisions_rep_fold_all_sp.csv, ../data/switching_optimality_files/l_BFGS_b_normalized/selected_algorithms_rep_fold_all_sp.csv [budget 400]
⏳ Processing budget 450...
🔍 Processing test iid 1 for budget 450...
Selector config for budget 450: {'bootstrap': np.True_, 'ccp_alpha': 0.0, 'criterion': 'squared_error', 'max_depth': None, 'max_features': 0.9768206542691, 'max_leaf_nodes': None, 'max_samples': None, 'min_impurity_decrease': 0.0, 'min_samples_leaf': 7, 'min_samples_split': 17, 'min_weight_fraction_leaf': 0.0, 'monotonic_cst': None, 'n_estimators': 104, 'n_jobs': None, 'oob_score': False, 'random_state': 42, 'verbose': 0, 'warm_start': False}
Selector random state: {'bootstrap': np.True_, 'ccp_alpha': 0.0, 'criterion': 'squared_error', 'max_depth': None, 'max_features': 0.9768206542691, 'max_leaf_nodes': None, 'max_samples': None, 'min_impurity_decrease': 0.0, 'min_samples_leaf': 7, 'min_samples_split': 17, 'min_weight_fraction_leaf': 0.0, 'monotonic_cst': None, 'n_estimators': 104, 'n_jobs': None, 'oob_score': False, 'random_state': 42, 'verbose': 0, 'warm_start': False}
🔍 Processing test iid 2 for budget 450...
Selector random state: {'bootstrap': np.True_, 'ccp_alpha': 0.0, 'criterion': 'squared_error', 'max_depth': None, 'max_features': 0.9768206542691, 'max_leaf_nodes': None, 'max_samples': None, 'min_impurity_decrease': 0.0, 'min_samples_leaf': 7, 'min_samples_split': 17, 'min_weight_fraction_leaf': 0.0, 'monotonic_cst': None, 'n_estimators': 104, 'n_jobs': None, 'oob_score': False, 'random_state': 42, 'verbose': 0, 'warm_start': False}
🔍 Processing test iid 3 for budget 450...
Selector random state: {'bootstrap': np.True_, 'ccp_alpha': 0.0, 'criterion': 'squared_error', 'max_depth': None, 'max_features': 0.9768206542691, 'max_leaf_nodes': None, 'max_samples': None, 'min_impurity_decrease': 0.0, 'min_samples_leaf': 7, 'min_samples_split': 17, 'min_weight_fraction_leaf': 0.0, 'monotonic_cst': None, 'n_estimators': 104, 'n_jobs': None, 'oob_score': False, 'random_state': 42, 'verbose': 0, 'warm_start': False}
🔍 Processing test iid 4 for budget 450...
Selector random state: {'bootstrap': np.True_, 'ccp_alpha': 0.0, 'criterion': 'squared_error', 'max_depth': None, 'max_features': 0.9768206542691, 'max_leaf_nodes': None, 'max_samples': None, 'min_impurity_decrease': 0.0, 'min_samples_leaf': 7, 'min_samples_split': 17, 'min_weight_fraction_leaf': 0.0, 'monotonic_cst': None, 'n_estimators': 104, 'n_jobs': None, 'oob_score': False, 'random_state': 42, 'verbose': 0, 'warm_start': False}
🔍 Processing test iid 5 for budget 450...
Selector random state: {'bootstrap': np.True_, 'ccp_alpha': 0.0, 'criterion': 'squared_error', 'max_depth': None, 'max_features': 0.9768206542691, 'max_leaf_nodes': None, 'max_samples': None, 'min_impurity_decrease': 0.0, 'min_samples_leaf': 7, 'min_samples_split': 17, 'min_weight_fraction_leaf': 0.0, 'monotonic_cst': None, 'n_estimators': 104, 'n_jobs': None, 'oob_score': False, 'random_state': 42, 'verbose': 0, 'warm_start': False}
Saved: ../data/switching_optimality_files/l_BFGS_b_normalized/predicted_static_precisions_rep_fold_all_sp.csv, ../data/switching_optimality_files/l_BFGS_b_normalized/selected_algorithms_rep_fold_all_sp.csv [budget 450]
⏳ Processing budget 500...
🔍 Processing test iid 1 for budget 500...
Selector config for budget 500: {'bootstrap': False, 'ccp_alpha': 0.0, 'criterion': 'squared_error', 'max_depth': None, 'max_features': 0.3013091229828, 'max_leaf_nodes': None, 'max_samples': None, 'min_impurity_decrease': 0.0, 'min_samples_leaf': 7, 'min_samples_split': 9, 'min_weight_fraction_leaf': 0.0, 'monotonic_cst': None, 'n_estimators': 55, 'n_jobs': None, 'oob_score': False, 'random_state': 42, 'verbose': 0, 'warm_start': False}
Selector random state: {'bootstrap': False, 'ccp_alpha': 0.0, 'criterion': 'squared_error', 'max_depth': None, 'max_features': 0.3013091229828, 'max_leaf_nodes': None, 'max_samples': None, 'min_impurity_decrease': 0.0, 'min_samples_leaf': 7, 'min_samples_split': 9, 'min_weight_fraction_leaf': 0.0, 'monotonic_cst': None, 'n_estimators': 55, 'n_jobs': None, 'oob_score': False, 'random_state': 42, 'verbose': 0, 'warm_start': False}
🔍 Processing test iid 2 for budget 500...
Selector random state: {'bootstrap': False, 'ccp_alpha': 0.0, 'criterion': 'squared_error', 'max_depth': None, 'max_features': 0.3013091229828, 'max_leaf_nodes': None, 'max_samples': None, 'min_impurity_decrease': 0.0, 'min_samples_leaf': 7, 'min_samples_split': 9, 'min_weight_fraction_leaf': 0.0, 'monotonic_cst': None, 'n_estimators': 55, 'n_jobs': None, 'oob_score': False, 'random_state': 42, 'verbose': 0, 'warm_start': False}
🔍 Processing test iid 3 for budget 500...
Selector random state: {'bootstrap': False, 'ccp_alpha': 0.0, 'criterion': 'squared_error', 'max_depth': None, 'max_features': 0.3013091229828, 'max_leaf_nodes': None, 'max_samples': None, 'min_impurity_decrease': 0.0, 'min_samples_leaf': 7, 'min_samples_split': 9, 'min_weight_fraction_leaf': 0.0, 'monotonic_cst': None, 'n_estimators': 55, 'n_jobs': None, 'oob_score': False, 'random_state': 42, 'verbose': 0, 'warm_start': False}
🔍 Processing test iid 4 for budget 500...
Selector random state: {'bootstrap': False, 'ccp_alpha': 0.0, 'criterion': 'squared_error', 'max_depth': None, 'max_features': 0.3013091229828, 'max_leaf_nodes': None, 'max_samples': None, 'min_impurity_decrease': 0.0, 'min_samples_leaf': 7, 'min_samples_split': 9, 'min_weight_fraction_leaf': 0.0, 'monotonic_cst': None, 'n_estimators': 55, 'n_jobs': None, 'oob_score': False, 'random_state': 42, 'verbose': 0, 'warm_start': False}
🔍 Processing test iid 5 for budget 500...
Selector random state: {'bootstrap': False, 'ccp_alpha': 0.0, 'criterion': 'squared_error', 'max_depth': None, 'max_features': 0.3013091229828, 'max_leaf_nodes': None, 'max_samples': None, 'min_impurity_decrease': 0.0, 'min_samples_leaf': 7, 'min_samples_split': 9, 'min_weight_fraction_leaf': 0.0, 'monotonic_cst': None, 'n_estimators': 55, 'n_jobs': None, 'oob_score': False, 'random_state': 42, 'verbose': 0, 'warm_start': False}
Saved: ../data/switching_optimality_files/l_BFGS_b_normalized/predicted_static_precisions_rep_fold_all_sp.csv, ../data/switching_optimality_files/l_BFGS_b_normalized/selected_algorithms_rep_fold_all_sp.csv [budget 500]
⏳ Processing budget 550...
🔍 Processing test iid 1 for budget 550...
Selector config for budget 550: {'bootstrap': False, 'ccp_alpha': 0.0, 'criterion': 'squared_error', 'max_depth': None, 'max_features': 0.3006127719866, 'max_leaf_nodes': None, 'max_samples': None, 'min_impurity_decrease': 0.0, 'min_samples_leaf': 1, 'min_samples_split': 20, 'min_weight_fraction_leaf': 0.0, 'monotonic_cst': None, 'n_estimators': 98, 'n_jobs': None, 'oob_score': False, 'random_state': 42, 'verbose': 0, 'warm_start': False}
Selector random state: {'bootstrap': False, 'ccp_alpha': 0.0, 'criterion': 'squared_error', 'max_depth': None, 'max_features': 0.3006127719866, 'max_leaf_nodes': None, 'max_samples': None, 'min_impurity_decrease': 0.0, 'min_samples_leaf': 1, 'min_samples_split': 20, 'min_weight_fraction_leaf': 0.0, 'monotonic_cst': None, 'n_estimators': 98, 'n_jobs': None, 'oob_score': False, 'random_state': 42, 'verbose': 0, 'warm_start': False}
🔍 Processing test iid 2 for budget 550...
Selector random state: {'bootstrap': False, 'ccp_alpha': 0.0, 'criterion': 'squared_error', 'max_depth': None, 'max_features': 0.3006127719866, 'max_leaf_nodes': None, 'max_samples': None, 'min_impurity_decrease': 0.0, 'min_samples_leaf': 1, 'min_samples_split': 20, 'min_weight_fraction_leaf': 0.0, 'monotonic_cst': None, 'n_estimators': 98, 'n_jobs': None, 'oob_score': False, 'random_state': 42, 'verbose': 0, 'warm_start': False}
🔍 Processing test iid 3 for budget 550...
Selector random state: {'bootstrap': False, 'ccp_alpha': 0.0, 'criterion': 'squared_error', 'max_depth': None, 'max_features': 0.3006127719866, 'max_leaf_nodes': None, 'max_samples': None, 'min_impurity_decrease': 0.0, 'min_samples_leaf': 1, 'min_samples_split': 20, 'min_weight_fraction_leaf': 0.0, 'monotonic_cst': None, 'n_estimators': 98, 'n_jobs': None, 'oob_score': False, 'random_state': 42, 'verbose': 0, 'warm_start': False}
🔍 Processing test iid 4 for budget 550...
Selector random state: {'bootstrap': False, 'ccp_alpha': 0.0, 'criterion': 'squared_error', 'max_depth': None, 'max_features': 0.3006127719866, 'max_leaf_nodes': None, 'max_samples': None, 'min_impurity_decrease': 0.0, 'min_samples_leaf': 1, 'min_samples_split': 20, 'min_weight_fraction_leaf': 0.0, 'monotonic_cst': None, 'n_estimators': 98, 'n_jobs': None, 'oob_score': False, 'random_state': 42, 'verbose': 0, 'warm_start': False}
🔍 Processing test iid 5 for budget 550...
Selector random state: {'bootstrap': False, 'ccp_alpha': 0.0, 'criterion': 'squared_error', 'max_depth': None, 'max_features': 0.3006127719866, 'max_leaf_nodes': None, 'max_samples': None, 'min_impurity_decrease': 0.0, 'min_samples_leaf': 1, 'min_samples_split': 20, 'min_weight_fraction_leaf': 0.0, 'monotonic_cst': None, 'n_estimators': 98, 'n_jobs': None, 'oob_score': False, 'random_state': 42, 'verbose': 0, 'warm_start': False}
Saved: ../data/switching_optimality_files/l_BFGS_b_normalized/predicted_static_precisions_rep_fold_all_sp.csv, ../data/switching_optimality_files/l_BFGS_b_normalized/selected_algorithms_rep_fold_all_sp.csv [budget 550]
⏳ Processing budget 600...
🔍 Processing test iid 1 for budget 600...
Selector config for budget 600: {'bootstrap': np.True_, 'ccp_alpha': 0.0, 'criterion': 'squared_error', 'max_depth': None, 'max_features': 0.6502282557675, 'max_leaf_nodes': None, 'max_samples': None, 'min_impurity_decrease': 0.0, 'min_samples_leaf': 4, 'min_samples_split': 16, 'min_weight_fraction_leaf': 0.0, 'monotonic_cst': None, 'n_estimators': 112, 'n_jobs': None, 'oob_score': False, 'random_state': 42, 'verbose': 0, 'warm_start': False}
Selector random state: {'bootstrap': np.True_, 'ccp_alpha': 0.0, 'criterion': 'squared_error', 'max_depth': None, 'max_features': 0.6502282557675, 'max_leaf_nodes': None, 'max_samples': None, 'min_impurity_decrease': 0.0, 'min_samples_leaf': 4, 'min_samples_split': 16, 'min_weight_fraction_leaf': 0.0, 'monotonic_cst': None, 'n_estimators': 112, 'n_jobs': None, 'oob_score': False, 'random_state': 42, 'verbose': 0, 'warm_start': False}
🔍 Processing test iid 2 for budget 600...
Selector random state: {'bootstrap': np.True_, 'ccp_alpha': 0.0, 'criterion': 'squared_error', 'max_depth': None, 'max_features': 0.6502282557675, 'max_leaf_nodes': None, 'max_samples': None, 'min_impurity_decrease': 0.0, 'min_samples_leaf': 4, 'min_samples_split': 16, 'min_weight_fraction_leaf': 0.0, 'monotonic_cst': None, 'n_estimators': 112, 'n_jobs': None, 'oob_score': False, 'random_state': 42, 'verbose': 0, 'warm_start': False}
🔍 Processing test iid 3 for budget 600...
Selector random state: {'bootstrap': np.True_, 'ccp_alpha': 0.0, 'criterion': 'squared_error', 'max_depth': None, 'max_features': 0.6502282557675, 'max_leaf_nodes': None, 'max_samples': None, 'min_impurity_decrease': 0.0, 'min_samples_leaf': 4, 'min_samples_split': 16, 'min_weight_fraction_leaf': 0.0, 'monotonic_cst': None, 'n_estimators': 112, 'n_jobs': None, 'oob_score': False, 'random_state': 42, 'verbose': 0, 'warm_start': False}
🔍 Processing test iid 4 for budget 600...
Selector random state: {'bootstrap': np.True_, 'ccp_alpha': 0.0, 'criterion': 'squared_error', 'max_depth': None, 'max_features': 0.6502282557675, 'max_leaf_nodes': None, 'max_samples': None, 'min_impurity_decrease': 0.0, 'min_samples_leaf': 4, 'min_samples_split': 16, 'min_weight_fraction_leaf': 0.0, 'monotonic_cst': None, 'n_estimators': 112, 'n_jobs': None, 'oob_score': False, 'random_state': 42, 'verbose': 0, 'warm_start': False}
🔍 Processing test iid 5 for budget 600...
Selector random state: {'bootstrap': np.True_, 'ccp_alpha': 0.0, 'criterion': 'squared_error', 'max_depth': None, 'max_features': 0.6502282557675, 'max_leaf_nodes': None, 'max_samples': None, 'min_impurity_decrease': 0.0, 'min_samples_leaf': 4, 'min_samples_split': 16, 'min_weight_fraction_leaf': 0.0, 'monotonic_cst': None, 'n_estimators': 112, 'n_jobs': None, 'oob_score': False, 'random_state': 42, 'verbose': 0, 'warm_start': False}
Saved: ../data/switching_optimality_files/l_BFGS_b_normalized/predicted_static_precisions_rep_fold_all_sp.csv, ../data/switching_optimality_files/l_BFGS_b_normalized/selected_algorithms_rep_fold_all_sp.csv [budget 600]
⏳ Processing budget 650...
🔍 Processing test iid 1 for budget 650...
Selector config for budget 650: {'bootstrap': np.False_, 'ccp_alpha': 0.0, 'criterion': 'squared_error', 'max_depth': None, 'max_features': 0.2467799283439, 'max_leaf_nodes': None, 'max_samples': None, 'min_impurity_decrease': 0.0, 'min_samples_leaf': 2, 'min_samples_split': 3, 'min_weight_fraction_leaf': 0.0, 'monotonic_cst': None, 'n_estimators': 99, 'n_jobs': None, 'oob_score': False, 'random_state': 42, 'verbose': 0, 'warm_start': False}
Selector random state: {'bootstrap': np.False_, 'ccp_alpha': 0.0, 'criterion': 'squared_error', 'max_depth': None, 'max_features': 0.2467799283439, 'max_leaf_nodes': None, 'max_samples': None, 'min_impurity_decrease': 0.0, 'min_samples_leaf': 2, 'min_samples_split': 3, 'min_weight_fraction_leaf': 0.0, 'monotonic_cst': None, 'n_estimators': 99, 'n_jobs': None, 'oob_score': False, 'random_state': 42, 'verbose': 0, 'warm_start': False}
🔍 Processing test iid 2 for budget 650...
Selector random state: {'bootstrap': np.False_, 'ccp_alpha': 0.0, 'criterion': 'squared_error', 'max_depth': None, 'max_features': 0.2467799283439, 'max_leaf_nodes': None, 'max_samples': None, 'min_impurity_decrease': 0.0, 'min_samples_leaf': 2, 'min_samples_split': 3, 'min_weight_fraction_leaf': 0.0, 'monotonic_cst': None, 'n_estimators': 99, 'n_jobs': None, 'oob_score': False, 'random_state': 42, 'verbose': 0, 'warm_start': False}
🔍 Processing test iid 3 for budget 650...
Selector random state: {'bootstrap': np.False_, 'ccp_alpha': 0.0, 'criterion': 'squared_error', 'max_depth': None, 'max_features': 0.2467799283439, 'max_leaf_nodes': None, 'max_samples': None, 'min_impurity_decrease': 0.0, 'min_samples_leaf': 2, 'min_samples_split': 3, 'min_weight_fraction_leaf': 0.0, 'monotonic_cst': None, 'n_estimators': 99, 'n_jobs': None, 'oob_score': False, 'random_state': 42, 'verbose': 0, 'warm_start': False}
🔍 Processing test iid 4 for budget 650...
Selector random state: {'bootstrap': np.False_, 'ccp_alpha': 0.0, 'criterion': 'squared_error', 'max_depth': None, 'max_features': 0.2467799283439, 'max_leaf_nodes': None, 'max_samples': None, 'min_impurity_decrease': 0.0, 'min_samples_leaf': 2, 'min_samples_split': 3, 'min_weight_fraction_leaf': 0.0, 'monotonic_cst': None, 'n_estimators': 99, 'n_jobs': None, 'oob_score': False, 'random_state': 42, 'verbose': 0, 'warm_start': False}
🔍 Processing test iid 5 for budget 650...
Selector random state: {'bootstrap': np.False_, 'ccp_alpha': 0.0, 'criterion': 'squared_error', 'max_depth': None, 'max_features': 0.2467799283439, 'max_leaf_nodes': None, 'max_samples': None, 'min_impurity_decrease': 0.0, 'min_samples_leaf': 2, 'min_samples_split': 3, 'min_weight_fraction_leaf': 0.0, 'monotonic_cst': None, 'n_estimators': 99, 'n_jobs': None, 'oob_score': False, 'random_state': 42, 'verbose': 0, 'warm_start': False}
Saved: ../data/switching_optimality_files/l_BFGS_b_normalized/predicted_static_precisions_rep_fold_all_sp.csv, ../data/switching_optimality_files/l_BFGS_b_normalized/selected_algorithms_rep_fold_all_sp.csv [budget 650]
⏳ Processing budget 700...
🔍 Processing test iid 1 for budget 700...
Selector config for budget 700: {'bootstrap': np.True_, 'ccp_alpha': 0.0, 'criterion': 'squared_error', 'max_depth': None, 'max_features': 0.6558490277268, 'max_leaf_nodes': None, 'max_samples': None, 'min_impurity_decrease': 0.0, 'min_samples_leaf': 16, 'min_samples_split': 14, 'min_weight_fraction_leaf': 0.0, 'monotonic_cst': None, 'n_estimators': 67, 'n_jobs': None, 'oob_score': False, 'random_state': 42, 'verbose': 0, 'warm_start': False}
Selector random state: {'bootstrap': np.True_, 'ccp_alpha': 0.0, 'criterion': 'squared_error', 'max_depth': None, 'max_features': 0.6558490277268, 'max_leaf_nodes': None, 'max_samples': None, 'min_impurity_decrease': 0.0, 'min_samples_leaf': 16, 'min_samples_split': 14, 'min_weight_fraction_leaf': 0.0, 'monotonic_cst': None, 'n_estimators': 67, 'n_jobs': None, 'oob_score': False, 'random_state': 42, 'verbose': 0, 'warm_start': False}
🔍 Processing test iid 2 for budget 700...
Selector random state: {'bootstrap': np.True_, 'ccp_alpha': 0.0, 'criterion': 'squared_error', 'max_depth': None, 'max_features': 0.6558490277268, 'max_leaf_nodes': None, 'max_samples': None, 'min_impurity_decrease': 0.0, 'min_samples_leaf': 16, 'min_samples_split': 14, 'min_weight_fraction_leaf': 0.0, 'monotonic_cst': None, 'n_estimators': 67, 'n_jobs': None, 'oob_score': False, 'random_state': 42, 'verbose': 0, 'warm_start': False}
🔍 Processing test iid 3 for budget 700...
Selector random state: {'bootstrap': np.True_, 'ccp_alpha': 0.0, 'criterion': 'squared_error', 'max_depth': None, 'max_features': 0.6558490277268, 'max_leaf_nodes': None, 'max_samples': None, 'min_impurity_decrease': 0.0, 'min_samples_leaf': 16, 'min_samples_split': 14, 'min_weight_fraction_leaf': 0.0, 'monotonic_cst': None, 'n_estimators': 67, 'n_jobs': None, 'oob_score': False, 'random_state': 42, 'verbose': 0, 'warm_start': False}
🔍 Processing test iid 4 for budget 700...
Selector random state: {'bootstrap': np.True_, 'ccp_alpha': 0.0, 'criterion': 'squared_error', 'max_depth': None, 'max_features': 0.6558490277268, 'max_leaf_nodes': None, 'max_samples': None, 'min_impurity_decrease': 0.0, 'min_samples_leaf': 16, 'min_samples_split': 14, 'min_weight_fraction_leaf': 0.0, 'monotonic_cst': None, 'n_estimators': 67, 'n_jobs': None, 'oob_score': False, 'random_state': 42, 'verbose': 0, 'warm_start': False}
🔍 Processing test iid 5 for budget 700...
Selector random state: {'bootstrap': np.True_, 'ccp_alpha': 0.0, 'criterion': 'squared_error', 'max_depth': None, 'max_features': 0.6558490277268, 'max_leaf_nodes': None, 'max_samples': None, 'min_impurity_decrease': 0.0, 'min_samples_leaf': 16, 'min_samples_split': 14, 'min_weight_fraction_leaf': 0.0, 'monotonic_cst': None, 'n_estimators': 67, 'n_jobs': None, 'oob_score': False, 'random_state': 42, 'verbose': 0, 'warm_start': False}
Saved: ../data/switching_optimality_files/l_BFGS_b_normalized/predicted_static_precisions_rep_fold_all_sp.csv, ../data/switching_optimality_files/l_BFGS_b_normalized/selected_algorithms_rep_fold_all_sp.csv [budget 700]
⏳ Processing budget 750...
🔍 Processing test iid 1 for budget 750...
Selector config for budget 750: {'bootstrap': np.True_, 'ccp_alpha': 0.0, 'criterion': 'squared_error', 'max_depth': None, 'max_features': 0.3972786502648, 'max_leaf_nodes': None, 'max_samples': None, 'min_impurity_decrease': 0.0, 'min_samples_leaf': 5, 'min_samples_split': 18, 'min_weight_fraction_leaf': 0.0, 'monotonic_cst': None, 'n_estimators': 81, 'n_jobs': None, 'oob_score': False, 'random_state': 42, 'verbose': 0, 'warm_start': False}
Selector random state: {'bootstrap': np.True_, 'ccp_alpha': 0.0, 'criterion': 'squared_error', 'max_depth': None, 'max_features': 0.3972786502648, 'max_leaf_nodes': None, 'max_samples': None, 'min_impurity_decrease': 0.0, 'min_samples_leaf': 5, 'min_samples_split': 18, 'min_weight_fraction_leaf': 0.0, 'monotonic_cst': None, 'n_estimators': 81, 'n_jobs': None, 'oob_score': False, 'random_state': 42, 'verbose': 0, 'warm_start': False}
🔍 Processing test iid 2 for budget 750...
Selector random state: {'bootstrap': np.True_, 'ccp_alpha': 0.0, 'criterion': 'squared_error', 'max_depth': None, 'max_features': 0.3972786502648, 'max_leaf_nodes': None, 'max_samples': None, 'min_impurity_decrease': 0.0, 'min_samples_leaf': 5, 'min_samples_split': 18, 'min_weight_fraction_leaf': 0.0, 'monotonic_cst': None, 'n_estimators': 81, 'n_jobs': None, 'oob_score': False, 'random_state': 42, 'verbose': 0, 'warm_start': False}
🔍 Processing test iid 3 for budget 750...
Selector random state: {'bootstrap': np.True_, 'ccp_alpha': 0.0, 'criterion': 'squared_error', 'max_depth': None, 'max_features': 0.3972786502648, 'max_leaf_nodes': None, 'max_samples': None, 'min_impurity_decrease': 0.0, 'min_samples_leaf': 5, 'min_samples_split': 18, 'min_weight_fraction_leaf': 0.0, 'monotonic_cst': None, 'n_estimators': 81, 'n_jobs': None, 'oob_score': False, 'random_state': 42, 'verbose': 0, 'warm_start': False}
🔍 Processing test iid 4 for budget 750...
Selector random state: {'bootstrap': np.True_, 'ccp_alpha': 0.0, 'criterion': 'squared_error', 'max_depth': None, 'max_features': 0.3972786502648, 'max_leaf_nodes': None, 'max_samples': None, 'min_impurity_decrease': 0.0, 'min_samples_leaf': 5, 'min_samples_split': 18, 'min_weight_fraction_leaf': 0.0, 'monotonic_cst': None, 'n_estimators': 81, 'n_jobs': None, 'oob_score': False, 'random_state': 42, 'verbose': 0, 'warm_start': False}
🔍 Processing test iid 5 for budget 750...
Selector random state: {'bootstrap': np.True_, 'ccp_alpha': 0.0, 'criterion': 'squared_error', 'max_depth': None, 'max_features': 0.3972786502648, 'max_leaf_nodes': None, 'max_samples': None, 'min_impurity_decrease': 0.0, 'min_samples_leaf': 5, 'min_samples_split': 18, 'min_weight_fraction_leaf': 0.0, 'monotonic_cst': None, 'n_estimators': 81, 'n_jobs': None, 'oob_score': False, 'random_state': 42, 'verbose': 0, 'warm_start': False}
Saved: ../data/switching_optimality_files/l_BFGS_b_normalized/predicted_static_precisions_rep_fold_all_sp.csv, ../data/switching_optimality_files/l_BFGS_b_normalized/selected_algorithms_rep_fold_all_sp.csv [budget 750]
⏳ Processing budget 800...
🔍 Processing test iid 1 for budget 800...
Selector config for budget 800: {'bootstrap': np.True_, 'ccp_alpha': 0.0, 'criterion': 'squared_error', 'max_depth': None, 'max_features': 0.9352179458985, 'max_leaf_nodes': None, 'max_samples': None, 'min_impurity_decrease': 0.0, 'min_samples_leaf': 8, 'min_samples_split': 4, 'min_weight_fraction_leaf': 0.0, 'monotonic_cst': None, 'n_estimators': 35, 'n_jobs': None, 'oob_score': False, 'random_state': 42, 'verbose': 0, 'warm_start': False}
Selector random state: {'bootstrap': np.True_, 'ccp_alpha': 0.0, 'criterion': 'squared_error', 'max_depth': None, 'max_features': 0.9352179458985, 'max_leaf_nodes': None, 'max_samples': None, 'min_impurity_decrease': 0.0, 'min_samples_leaf': 8, 'min_samples_split': 4, 'min_weight_fraction_leaf': 0.0, 'monotonic_cst': None, 'n_estimators': 35, 'n_jobs': None, 'oob_score': False, 'random_state': 42, 'verbose': 0, 'warm_start': False}
🔍 Processing test iid 2 for budget 800...
Selector random state: {'bootstrap': np.True_, 'ccp_alpha': 0.0, 'criterion': 'squared_error', 'max_depth': None, 'max_features': 0.9352179458985, 'max_leaf_nodes': None, 'max_samples': None, 'min_impurity_decrease': 0.0, 'min_samples_leaf': 8, 'min_samples_split': 4, 'min_weight_fraction_leaf': 0.0, 'monotonic_cst': None, 'n_estimators': 35, 'n_jobs': None, 'oob_score': False, 'random_state': 42, 'verbose': 0, 'warm_start': False}
🔍 Processing test iid 3 for budget 800...
Selector random state: {'bootstrap': np.True_, 'ccp_alpha': 0.0, 'criterion': 'squared_error', 'max_depth': None, 'max_features': 0.9352179458985, 'max_leaf_nodes': None, 'max_samples': None, 'min_impurity_decrease': 0.0, 'min_samples_leaf': 8, 'min_samples_split': 4, 'min_weight_fraction_leaf': 0.0, 'monotonic_cst': None, 'n_estimators': 35, 'n_jobs': None, 'oob_score': False, 'random_state': 42, 'verbose': 0, 'warm_start': False}
🔍 Processing test iid 4 for budget 800...
Selector random state: {'bootstrap': np.True_, 'ccp_alpha': 0.0, 'criterion': 'squared_error', 'max_depth': None, 'max_features': 0.9352179458985, 'max_leaf_nodes': None, 'max_samples': None, 'min_impurity_decrease': 0.0, 'min_samples_leaf': 8, 'min_samples_split': 4, 'min_weight_fraction_leaf': 0.0, 'monotonic_cst': None, 'n_estimators': 35, 'n_jobs': None, 'oob_score': False, 'random_state': 42, 'verbose': 0, 'warm_start': False}
🔍 Processing test iid 5 for budget 800...
Selector random state: {'bootstrap': np.True_, 'ccp_alpha': 0.0, 'criterion': 'squared_error', 'max_depth': None, 'max_features': 0.9352179458985, 'max_leaf_nodes': None, 'max_samples': None, 'min_impurity_decrease': 0.0, 'min_samples_leaf': 8, 'min_samples_split': 4, 'min_weight_fraction_leaf': 0.0, 'monotonic_cst': None, 'n_estimators': 35, 'n_jobs': None, 'oob_score': False, 'random_state': 42, 'verbose': 0, 'warm_start': False}
Saved: ../data/switching_optimality_files/l_BFGS_b_normalized/predicted_static_precisions_rep_fold_all_sp.csv, ../data/switching_optimality_files/l_BFGS_b_normalized/selected_algorithms_rep_fold_all_sp.csv [budget 800]
⏳ Processing budget 850...
🔍 Processing test iid 1 for budget 850...
Selector config for budget 850: {'bootstrap': np.True_, 'ccp_alpha': 0.0, 'criterion': 'squared_error', 'max_depth': None, 'max_features': 0.9880286924407, 'max_leaf_nodes': None, 'max_samples': None, 'min_impurity_decrease': 0.0, 'min_samples_leaf': 7, 'min_samples_split': 9, 'min_weight_fraction_leaf': 0.0, 'monotonic_cst': None, 'n_estimators': 98, 'n_jobs': None, 'oob_score': False, 'random_state': 42, 'verbose': 0, 'warm_start': False}
Selector random state: {'bootstrap': np.True_, 'ccp_alpha': 0.0, 'criterion': 'squared_error', 'max_depth': None, 'max_features': 0.9880286924407, 'max_leaf_nodes': None, 'max_samples': None, 'min_impurity_decrease': 0.0, 'min_samples_leaf': 7, 'min_samples_split': 9, 'min_weight_fraction_leaf': 0.0, 'monotonic_cst': None, 'n_estimators': 98, 'n_jobs': None, 'oob_score': False, 'random_state': 42, 'verbose': 0, 'warm_start': False}
🔍 Processing test iid 2 for budget 850...
Selector random state: {'bootstrap': np.True_, 'ccp_alpha': 0.0, 'criterion': 'squared_error', 'max_depth': None, 'max_features': 0.9880286924407, 'max_leaf_nodes': None, 'max_samples': None, 'min_impurity_decrease': 0.0, 'min_samples_leaf': 7, 'min_samples_split': 9, 'min_weight_fraction_leaf': 0.0, 'monotonic_cst': None, 'n_estimators': 98, 'n_jobs': None, 'oob_score': False, 'random_state': 42, 'verbose': 0, 'warm_start': False}
🔍 Processing test iid 3 for budget 850...
Selector random state: {'bootstrap': np.True_, 'ccp_alpha': 0.0, 'criterion': 'squared_error', 'max_depth': None, 'max_features': 0.9880286924407, 'max_leaf_nodes': None, 'max_samples': None, 'min_impurity_decrease': 0.0, 'min_samples_leaf': 7, 'min_samples_split': 9, 'min_weight_fraction_leaf': 0.0, 'monotonic_cst': None, 'n_estimators': 98, 'n_jobs': None, 'oob_score': False, 'random_state': 42, 'verbose': 0, 'warm_start': False}
🔍 Processing test iid 4 for budget 850...
Selector random state: {'bootstrap': np.True_, 'ccp_alpha': 0.0, 'criterion': 'squared_error', 'max_depth': None, 'max_features': 0.9880286924407, 'max_leaf_nodes': None, 'max_samples': None, 'min_impurity_decrease': 0.0, 'min_samples_leaf': 7, 'min_samples_split': 9, 'min_weight_fraction_leaf': 0.0, 'monotonic_cst': None, 'n_estimators': 98, 'n_jobs': None, 'oob_score': False, 'random_state': 42, 'verbose': 0, 'warm_start': False}
🔍 Processing test iid 5 for budget 850...
Selector random state: {'bootstrap': np.True_, 'ccp_alpha': 0.0, 'criterion': 'squared_error', 'max_depth': None, 'max_features': 0.9880286924407, 'max_leaf_nodes': None, 'max_samples': None, 'min_impurity_decrease': 0.0, 'min_samples_leaf': 7, 'min_samples_split': 9, 'min_weight_fraction_leaf': 0.0, 'monotonic_cst': None, 'n_estimators': 98, 'n_jobs': None, 'oob_score': False, 'random_state': 42, 'verbose': 0, 'warm_start': False}
Saved: ../data/switching_optimality_files/l_BFGS_b_normalized/predicted_static_precisions_rep_fold_all_sp.csv, ../data/switching_optimality_files/l_BFGS_b_normalized/selected_algorithms_rep_fold_all_sp.csv [budget 850]
⏳ Processing budget 900...
🔍 Processing test iid 1 for budget 900...
Selector config for budget 900: {'bootstrap': np.True_, 'ccp_alpha': 0.0, 'criterion': 'squared_error', 'max_depth': None, 'max_features': 0.5544421246838, 'max_leaf_nodes': None, 'max_samples': None, 'min_impurity_decrease': 0.0, 'min_samples_leaf': 14, 'min_samples_split': 3, 'min_weight_fraction_leaf': 0.0, 'monotonic_cst': None, 'n_estimators': 37, 'n_jobs': None, 'oob_score': False, 'random_state': 42, 'verbose': 0, 'warm_start': False}
Selector random state: {'bootstrap': np.True_, 'ccp_alpha': 0.0, 'criterion': 'squared_error', 'max_depth': None, 'max_features': 0.5544421246838, 'max_leaf_nodes': None, 'max_samples': None, 'min_impurity_decrease': 0.0, 'min_samples_leaf': 14, 'min_samples_split': 3, 'min_weight_fraction_leaf': 0.0, 'monotonic_cst': None, 'n_estimators': 37, 'n_jobs': None, 'oob_score': False, 'random_state': 42, 'verbose': 0, 'warm_start': False}
🔍 Processing test iid 2 for budget 900...
Selector random state: {'bootstrap': np.True_, 'ccp_alpha': 0.0, 'criterion': 'squared_error', 'max_depth': None, 'max_features': 0.5544421246838, 'max_leaf_nodes': None, 'max_samples': None, 'min_impurity_decrease': 0.0, 'min_samples_leaf': 14, 'min_samples_split': 3, 'min_weight_fraction_leaf': 0.0, 'monotonic_cst': None, 'n_estimators': 37, 'n_jobs': None, 'oob_score': False, 'random_state': 42, 'verbose': 0, 'warm_start': False}
🔍 Processing test iid 3 for budget 900...
Selector random state: {'bootstrap': np.True_, 'ccp_alpha': 0.0, 'criterion': 'squared_error', 'max_depth': None, 'max_features': 0.5544421246838, 'max_leaf_nodes': None, 'max_samples': None, 'min_impurity_decrease': 0.0, 'min_samples_leaf': 14, 'min_samples_split': 3, 'min_weight_fraction_leaf': 0.0, 'monotonic_cst': None, 'n_estimators': 37, 'n_jobs': None, 'oob_score': False, 'random_state': 42, 'verbose': 0, 'warm_start': False}
🔍 Processing test iid 4 for budget 900...
Selector random state: {'bootstrap': np.True_, 'ccp_alpha': 0.0, 'criterion': 'squared_error', 'max_depth': None, 'max_features': 0.5544421246838, 'max_leaf_nodes': None, 'max_samples': None, 'min_impurity_decrease': 0.0, 'min_samples_leaf': 14, 'min_samples_split': 3, 'min_weight_fraction_leaf': 0.0, 'monotonic_cst': None, 'n_estimators': 37, 'n_jobs': None, 'oob_score': False, 'random_state': 42, 'verbose': 0, 'warm_start': False}
🔍 Processing test iid 5 for budget 900...
Selector random state: {'bootstrap': np.True_, 'ccp_alpha': 0.0, 'criterion': 'squared_error', 'max_depth': None, 'max_features': 0.5544421246838, 'max_leaf_nodes': None, 'max_samples': None, 'min_impurity_decrease': 0.0, 'min_samples_leaf': 14, 'min_samples_split': 3, 'min_weight_fraction_leaf': 0.0, 'monotonic_cst': None, 'n_estimators': 37, 'n_jobs': None, 'oob_score': False, 'random_state': 42, 'verbose': 0, 'warm_start': False}
Saved: ../data/switching_optimality_files/l_BFGS_b_normalized/predicted_static_precisions_rep_fold_all_sp.csv, ../data/switching_optimality_files/l_BFGS_b_normalized/selected_algorithms_rep_fold_all_sp.csv [budget 900]
⏳ Processing budget 950...
🔍 Processing test iid 1 for budget 950...
Selector config for budget 950: {'bootstrap': np.True_, 'ccp_alpha': 0.0, 'criterion': 'squared_error', 'max_depth': None, 'max_features': 0.1881347984239, 'max_leaf_nodes': None, 'max_samples': None, 'min_impurity_decrease': 0.0, 'min_samples_leaf': 14, 'min_samples_split': 9, 'min_weight_fraction_leaf': 0.0, 'monotonic_cst': None, 'n_estimators': 114, 'n_jobs': None, 'oob_score': False, 'random_state': 42, 'verbose': 0, 'warm_start': False}
Selector random state: {'bootstrap': np.True_, 'ccp_alpha': 0.0, 'criterion': 'squared_error', 'max_depth': None, 'max_features': 0.1881347984239, 'max_leaf_nodes': None, 'max_samples': None, 'min_impurity_decrease': 0.0, 'min_samples_leaf': 14, 'min_samples_split': 9, 'min_weight_fraction_leaf': 0.0, 'monotonic_cst': None, 'n_estimators': 114, 'n_jobs': None, 'oob_score': False, 'random_state': 42, 'verbose': 0, 'warm_start': False}
🔍 Processing test iid 2 for budget 950...
Selector random state: {'bootstrap': np.True_, 'ccp_alpha': 0.0, 'criterion': 'squared_error', 'max_depth': None, 'max_features': 0.1881347984239, 'max_leaf_nodes': None, 'max_samples': None, 'min_impurity_decrease': 0.0, 'min_samples_leaf': 14, 'min_samples_split': 9, 'min_weight_fraction_leaf': 0.0, 'monotonic_cst': None, 'n_estimators': 114, 'n_jobs': None, 'oob_score': False, 'random_state': 42, 'verbose': 0, 'warm_start': False}
🔍 Processing test iid 3 for budget 950...
Selector random state: {'bootstrap': np.True_, 'ccp_alpha': 0.0, 'criterion': 'squared_error', 'max_depth': None, 'max_features': 0.1881347984239, 'max_leaf_nodes': None, 'max_samples': None, 'min_impurity_decrease': 0.0, 'min_samples_leaf': 14, 'min_samples_split': 9, 'min_weight_fraction_leaf': 0.0, 'monotonic_cst': None, 'n_estimators': 114, 'n_jobs': None, 'oob_score': False, 'random_state': 42, 'verbose': 0, 'warm_start': False}
🔍 Processing test iid 4 for budget 950...
Selector random state: {'bootstrap': np.True_, 'ccp_alpha': 0.0, 'criterion': 'squared_error', 'max_depth': None, 'max_features': 0.1881347984239, 'max_leaf_nodes': None, 'max_samples': None, 'min_impurity_decrease': 0.0, 'min_samples_leaf': 14, 'min_samples_split': 9, 'min_weight_fraction_leaf': 0.0, 'monotonic_cst': None, 'n_estimators': 114, 'n_jobs': None, 'oob_score': False, 'random_state': 42, 'verbose': 0, 'warm_start': False}
🔍 Processing test iid 5 for budget 950...
Selector random state: {'bootstrap': np.True_, 'ccp_alpha': 0.0, 'criterion': 'squared_error', 'max_depth': None, 'max_features': 0.1881347984239, 'max_leaf_nodes': None, 'max_samples': None, 'min_impurity_decrease': 0.0, 'min_samples_leaf': 14, 'min_samples_split': 9, 'min_weight_fraction_leaf': 0.0, 'monotonic_cst': None, 'n_estimators': 114, 'n_jobs': None, 'oob_score': False, 'random_state': 42, 'verbose': 0, 'warm_start': False}
Saved: ../data/switching_optimality_files/l_BFGS_b_normalized/predicted_static_precisions_rep_fold_all_sp.csv, ../data/switching_optimality_files/l_BFGS_b_normalized/selected_algorithms_rep_fold_all_sp.csv [budget 950]
⏳ Processing budget 1000...
Saved: ../data/switching_optimality_files/l_BFGS_b_normalized/predicted_static_precisions_rep_fold_all_sp.csv, ../data/switching_optimality_files/l_BFGS_b_normalized/selected_algorithms_rep_fold_all_sp.csv [budget 1000]
