{'bootstrap': np.False_, 'ccp_alpha': 0.0, 'class_weight': None, 'criterion': 'gini', 'max_depth': None, 'max_features': 0.1730277679004, 'max_leaf_nodes': None, 'max_samples': None, 'min_impurity_decrease': 0.0, 'min_samples_leaf': 20, 'min_samples_split': 20, 'min_weight_fraction_leaf': 0.0, 'monotonic_cst': None, 'n_estimators': 64, 'n_jobs': None, 'oob_score': False, 'random_state': 42, 'verbose': 0, 'warm_start': False}
Loaded switching model for budget 48
{'bootstrap': np.False_, 'ccp_alpha': 0.0, 'class_weight': None, 'criterion': 'gini', 'max_depth': None, 'max_features': 0.1730277679004, 'max_leaf_nodes': None, 'max_samples': None, 'min_impurity_decrease': 0.0, 'min_samples_leaf': 20, 'min_samples_split': 20, 'min_weight_fraction_leaf': 0.0, 'monotonic_cst': None, 'n_estimators': 64, 'n_jobs': None, 'oob_score': False, 'random_state': 42, 'verbose': 0, 'warm_start': False}
Loaded switching model for budget 32
{'bootstrap': np.False_, 'ccp_alpha': 0.0, 'class_weight': None, 'criterion': 'gini', 'max_depth': None, 'max_features': 0.1730277679004, 'max_leaf_nodes': None, 'max_samples': None, 'min_impurity_decrease': 0.0, 'min_samples_leaf': 20, 'min_samples_split': 20, 'min_weight_fraction_leaf': 0.0, 'monotonic_cst': None, 'n_estimators': 64, 'n_jobs': None, 'oob_score': False, 'random_state': 42, 'verbose': 0, 'warm_start': False}
Loaded switching model for budget 300
{'bootstrap': np.False_, 'ccp_alpha': 0.0, 'class_weight': None, 'criterion': 'gini', 'max_depth': None, 'max_features': 0.1730277679004, 'max_leaf_nodes': None, 'max_samples': None, 'min_impurity_decrease': 0.0, 'min_samples_leaf': 20, 'min_samples_split': 20, 'min_weight_fraction_leaf': 0.0, 'monotonic_cst': None, 'n_estimators': 64, 'n_jobs': None, 'oob_score': False, 'random_state': 42, 'verbose': 0, 'warm_start': False}
Loaded switching model for budget 56
{'bootstrap': np.False_, 'ccp_alpha': 0.0, 'class_weight': None, 'criterion': 'gini', 'max_depth': None, 'max_features': 0.1730277679004, 'max_leaf_nodes': None, 'max_samples': None, 'min_impurity_decrease': 0.0, 'min_samples_leaf': 20, 'min_samples_split': 20, 'min_weight_fraction_leaf': 0.0, 'monotonic_cst': None, 'n_estimators': 64, 'n_jobs': None, 'oob_score': False, 'random_state': 42, 'verbose': 0, 'warm_start': False}
Loaded switching model for budget 650
{'bootstrap': np.False_, 'ccp_alpha': 0.0, 'class_weight': None, 'criterion': 'gini', 'max_depth': None, 'max_features': 0.1730277679004, 'max_leaf_nodes': None, 'max_samples': None, 'min_impurity_decrease': 0.0, 'min_samples_leaf': 20, 'min_samples_split': 20, 'min_weight_fraction_leaf': 0.0, 'monotonic_cst': None, 'n_estimators': 64, 'n_jobs': None, 'oob_score': False, 'random_state': 42, 'verbose': 0, 'warm_start': False}
Loaded switching model for budget 800
{'bootstrap': np.False_, 'ccp_alpha': 0.0, 'class_weight': None, 'criterion': 'gini', 'max_depth': None, 'max_features': 0.1730277679004, 'max_leaf_nodes': None, 'max_samples': None, 'min_impurity_decrease': 0.0, 'min_samples_leaf': 20, 'min_samples_split': 20, 'min_weight_fraction_leaf': 0.0, 'monotonic_cst': None, 'n_estimators': 64, 'n_jobs': None, 'oob_score': False, 'random_state': 42, 'verbose': 0, 'warm_start': False}
Loaded switching model for budget 24
{'bootstrap': np.False_, 'ccp_alpha': 0.0, 'class_weight': None, 'criterion': 'gini', 'max_depth': None, 'max_features': 0.1730277679004, 'max_leaf_nodes': None, 'max_samples': None, 'min_impurity_decrease': 0.0, 'min_samples_leaf': 20, 'min_samples_split': 20, 'min_weight_fraction_leaf': 0.0, 'monotonic_cst': None, 'n_estimators': 64, 'n_jobs': None, 'oob_score': False, 'random_state': 42, 'verbose': 0, 'warm_start': False}
Loaded switching model for budget 88
{'bootstrap': np.False_, 'ccp_alpha': 0.0, 'class_weight': None, 'criterion': 'gini', 'max_depth': None, 'max_features': 0.1730277679004, 'max_leaf_nodes': None, 'max_samples': None, 'min_impurity_decrease': 0.0, 'min_samples_leaf': 20, 'min_samples_split': 20, 'min_weight_fraction_leaf': 0.0, 'monotonic_cst': None, 'n_estimators': 64, 'n_jobs': None, 'oob_score': False, 'random_state': 42, 'verbose': 0, 'warm_start': False}
Loaded switching model for budget 500
{'bootstrap': np.False_, 'ccp_alpha': 0.0, 'class_weight': None, 'criterion': 'gini', 'max_depth': None, 'max_features': 0.1730277679004, 'max_leaf_nodes': None, 'max_samples': None, 'min_impurity_decrease': 0.0, 'min_samples_leaf': 20, 'min_samples_split': 20, 'min_weight_fraction_leaf': 0.0, 'monotonic_cst': None, 'n_estimators': 64, 'n_jobs': None, 'oob_score': False, 'random_state': 42, 'verbose': 0, 'warm_start': False}
Loaded switching model for budget 700
{'bootstrap': np.False_, 'ccp_alpha': 0.0, 'class_weight': None, 'criterion': 'gini', 'max_depth': None, 'max_features': 0.1730277679004, 'max_leaf_nodes': None, 'max_samples': None, 'min_impurity_decrease': 0.0, 'min_samples_leaf': 20, 'min_samples_split': 20, 'min_weight_fraction_leaf': 0.0, 'monotonic_cst': None, 'n_estimators': 64, 'n_jobs': None, 'oob_score': False, 'random_state': 42, 'verbose': 0, 'warm_start': False}
Loaded switching model for budget 40
{'bootstrap': np.False_, 'ccp_alpha': 0.0, 'class_weight': None, 'criterion': 'gini', 'max_depth': None, 'max_features': 0.1730277679004, 'max_leaf_nodes': None, 'max_samples': None, 'min_impurity_decrease': 0.0, 'min_samples_leaf': 20, 'min_samples_split': 20, 'min_weight_fraction_leaf': 0.0, 'monotonic_cst': None, 'n_estimators': 64, 'n_jobs': None, 'oob_score': False, 'random_state': 42, 'verbose': 0, 'warm_start': False}
Loaded switching model for budget 550
{'bootstrap': np.False_, 'ccp_alpha': 0.0, 'class_weight': None, 'criterion': 'gini', 'max_depth': None, 'max_features': 0.1730277679004, 'max_leaf_nodes': None, 'max_samples': None, 'min_impurity_decrease': 0.0, 'min_samples_leaf': 20, 'min_samples_split': 20, 'min_weight_fraction_leaf': 0.0, 'monotonic_cst': None, 'n_estimators': 64, 'n_jobs': None, 'oob_score': False, 'random_state': 42, 'verbose': 0, 'warm_start': False}
Loaded switching model for budget 450
{'bootstrap': np.False_, 'ccp_alpha': 0.0, 'class_weight': None, 'criterion': 'gini', 'max_depth': None, 'max_features': 0.1730277679004, 'max_leaf_nodes': None, 'max_samples': None, 'min_impurity_decrease': 0.0, 'min_samples_leaf': 20, 'min_samples_split': 20, 'min_weight_fraction_leaf': 0.0, 'monotonic_cst': None, 'n_estimators': 64, 'n_jobs': None, 'oob_score': False, 'random_state': 42, 'verbose': 0, 'warm_start': False}
Loaded switching model for budget 950
{'bootstrap': np.False_, 'ccp_alpha': 0.0, 'class_weight': None, 'criterion': 'gini', 'max_depth': None, 'max_features': 0.1730277679004, 'max_leaf_nodes': None, 'max_samples': None, 'min_impurity_decrease': 0.0, 'min_samples_leaf': 20, 'min_samples_split': 20, 'min_weight_fraction_leaf': 0.0, 'monotonic_cst': None, 'n_estimators': 64, 'n_jobs': None, 'oob_score': False, 'random_state': 42, 'verbose': 0, 'warm_start': False}
Loaded switching model for budget 64
{'bootstrap': np.False_, 'ccp_alpha': 0.0, 'class_weight': None, 'criterion': 'gini', 'max_depth': None, 'max_features': 0.1730277679004, 'max_leaf_nodes': None, 'max_samples': None, 'min_impurity_decrease': 0.0, 'min_samples_leaf': 20, 'min_samples_split': 20, 'min_weight_fraction_leaf': 0.0, 'monotonic_cst': None, 'n_estimators': 64, 'n_jobs': None, 'oob_score': False, 'random_state': 42, 'verbose': 0, 'warm_start': False}
Loaded switching model for budget 80
{'bootstrap': np.False_, 'ccp_alpha': 0.0, 'class_weight': None, 'criterion': 'gini', 'max_depth': None, 'max_features': 0.1730277679004, 'max_leaf_nodes': None, 'max_samples': None, 'min_impurity_decrease': 0.0, 'min_samples_leaf': 20, 'min_samples_split': 20, 'min_weight_fraction_leaf': 0.0, 'monotonic_cst': None, 'n_estimators': 64, 'n_jobs': None, 'oob_score': False, 'random_state': 42, 'verbose': 0, 'warm_start': False}
Loaded switching model for budget 250
{'bootstrap': np.False_, 'ccp_alpha': 0.0, 'class_weight': None, 'criterion': 'gini', 'max_depth': None, 'max_features': 0.1730277679004, 'max_leaf_nodes': None, 'max_samples': None, 'min_impurity_decrease': 0.0, 'min_samples_leaf': 20, 'min_samples_split': 20, 'min_weight_fraction_leaf': 0.0, 'monotonic_cst': None, 'n_estimators': 64, 'n_jobs': None, 'oob_score': False, 'random_state': 42, 'verbose': 0, 'warm_start': False}
Loaded switching model for budget 200
{'bootstrap': np.False_, 'ccp_alpha': 0.0, 'class_weight': None, 'criterion': 'gini', 'max_depth': None, 'max_features': 0.1730277679004, 'max_leaf_nodes': None, 'max_samples': None, 'min_impurity_decrease': 0.0, 'min_samples_leaf': 20, 'min_samples_split': 20, 'min_weight_fraction_leaf': 0.0, 'monotonic_cst': None, 'n_estimators': 64, 'n_jobs': None, 'oob_score': False, 'random_state': 42, 'verbose': 0, 'warm_start': False}
Loaded switching model for budget 72
{'bootstrap': np.False_, 'ccp_alpha': 0.0, 'class_weight': None, 'criterion': 'gini', 'max_depth': None, 'max_features': 0.1730277679004, 'max_leaf_nodes': None, 'max_samples': None, 'min_impurity_decrease': 0.0, 'min_samples_leaf': 20, 'min_samples_split': 20, 'min_weight_fraction_leaf': 0.0, 'monotonic_cst': None, 'n_estimators': 64, 'n_jobs': None, 'oob_score': False, 'random_state': 42, 'verbose': 0, 'warm_start': False}
Loaded switching model for budget 350
{'bootstrap': np.False_, 'ccp_alpha': 0.0, 'class_weight': None, 'criterion': 'gini', 'max_depth': None, 'max_features': 0.1730277679004, 'max_leaf_nodes': None, 'max_samples': None, 'min_impurity_decrease': 0.0, 'min_samples_leaf': 20, 'min_samples_split': 20, 'min_weight_fraction_leaf': 0.0, 'monotonic_cst': None, 'n_estimators': 64, 'n_jobs': None, 'oob_score': False, 'random_state': 42, 'verbose': 0, 'warm_start': False}
Loaded switching model for budget 100
{'bootstrap': np.False_, 'ccp_alpha': 0.0, 'class_weight': None, 'criterion': 'gini', 'max_depth': None, 'max_features': 0.1730277679004, 'max_leaf_nodes': None, 'max_samples': None, 'min_impurity_decrease': 0.0, 'min_samples_leaf': 20, 'min_samples_split': 20, 'min_weight_fraction_leaf': 0.0, 'monotonic_cst': None, 'n_estimators': 64, 'n_jobs': None, 'oob_score': False, 'random_state': 42, 'verbose': 0, 'warm_start': False}
Loaded switching model for budget 900
{'bootstrap': np.False_, 'ccp_alpha': 0.0, 'class_weight': None, 'criterion': 'gini', 'max_depth': None, 'max_features': 0.1730277679004, 'max_leaf_nodes': None, 'max_samples': None, 'min_impurity_decrease': 0.0, 'min_samples_leaf': 20, 'min_samples_split': 20, 'min_weight_fraction_leaf': 0.0, 'monotonic_cst': None, 'n_estimators': 64, 'n_jobs': None, 'oob_score': False, 'random_state': 42, 'verbose': 0, 'warm_start': False}
Loaded switching model for budget 600
{'bootstrap': np.False_, 'ccp_alpha': 0.0, 'class_weight': None, 'criterion': 'gini', 'max_depth': None, 'max_features': 0.1730277679004, 'max_leaf_nodes': None, 'max_samples': None, 'min_impurity_decrease': 0.0, 'min_samples_leaf': 20, 'min_samples_split': 20, 'min_weight_fraction_leaf': 0.0, 'monotonic_cst': None, 'n_estimators': 64, 'n_jobs': None, 'oob_score': False, 'random_state': 42, 'verbose': 0, 'warm_start': False}
Loaded switching model for budget 16
{'bootstrap': np.False_, 'ccp_alpha': 0.0, 'class_weight': None, 'criterion': 'gini', 'max_depth': None, 'max_features': 0.1730277679004, 'max_leaf_nodes': None, 'max_samples': None, 'min_impurity_decrease': 0.0, 'min_samples_leaf': 20, 'min_samples_split': 20, 'min_weight_fraction_leaf': 0.0, 'monotonic_cst': None, 'n_estimators': 64, 'n_jobs': None, 'oob_score': False, 'random_state': 42, 'verbose': 0, 'warm_start': False}
Loaded switching model for budget 750
{'bootstrap': np.False_, 'ccp_alpha': 0.0, 'class_weight': None, 'criterion': 'gini', 'max_depth': None, 'max_features': 0.1730277679004, 'max_leaf_nodes': None, 'max_samples': None, 'min_impurity_decrease': 0.0, 'min_samples_leaf': 20, 'min_samples_split': 20, 'min_weight_fraction_leaf': 0.0, 'monotonic_cst': None, 'n_estimators': 64, 'n_jobs': None, 'oob_score': False, 'random_state': 42, 'verbose': 0, 'warm_start': False}
Loaded switching model for budget 850
{'bootstrap': np.False_, 'ccp_alpha': 0.0, 'class_weight': None, 'criterion': 'gini', 'max_depth': None, 'max_features': 0.1730277679004, 'max_leaf_nodes': None, 'max_samples': None, 'min_impurity_decrease': 0.0, 'min_samples_leaf': 20, 'min_samples_split': 20, 'min_weight_fraction_leaf': 0.0, 'monotonic_cst': None, 'n_estimators': 64, 'n_jobs': None, 'oob_score': False, 'random_state': 42, 'verbose': 0, 'warm_start': False}
Loaded switching model for budget 96
{'bootstrap': np.False_, 'ccp_alpha': 0.0, 'class_weight': None, 'criterion': 'gini', 'max_depth': None, 'max_features': 0.1730277679004, 'max_leaf_nodes': None, 'max_samples': None, 'min_impurity_decrease': 0.0, 'min_samples_leaf': 20, 'min_samples_split': 20, 'min_weight_fraction_leaf': 0.0, 'monotonic_cst': None, 'n_estimators': 64, 'n_jobs': None, 'oob_score': False, 'random_state': 42, 'verbose': 0, 'warm_start': False}
Loaded switching model for budget 150
{'bootstrap': np.False_, 'ccp_alpha': 0.0, 'class_weight': None, 'criterion': 'gini', 'max_depth': None, 'max_features': 0.1730277679004, 'max_leaf_nodes': None, 'max_samples': None, 'min_impurity_decrease': 0.0, 'min_samples_leaf': 20, 'min_samples_split': 20, 'min_weight_fraction_leaf': 0.0, 'monotonic_cst': None, 'n_estimators': 64, 'n_jobs': None, 'oob_score': False, 'random_state': 42, 'verbose': 0, 'warm_start': False}
Loaded switching model for budget 400
{'bootstrap': np.False_, 'ccp_alpha': 0.0, 'class_weight': None, 'criterion': 'gini', 'max_depth': None, 'max_features': 0.1730277679004, 'max_leaf_nodes': None, 'max_samples': None, 'min_impurity_decrease': 0.0, 'min_samples_leaf': 20, 'min_samples_split': 20, 'min_weight_fraction_leaf': 0.0, 'monotonic_cst': None, 'n_estimators': 64, 'n_jobs': None, 'oob_score': False, 'random_state': 42, 'verbose': 0, 'warm_start': False}
Loaded switching model for budget 8
Loaded performance model for budget 16: 
{'bootstrap': np.True_, 'ccp_alpha': 0.0, 'criterion': 'squared_error', 'max_depth': None, 'max_features': 0.2233668995562, 'max_leaf_nodes': None, 'max_samples': None, 'min_impurity_decrease': 0.0, 'min_samples_leaf': 17, 'min_samples_split': 9, 'min_weight_fraction_leaf': 0.0, 'monotonic_cst': None, 'n_estimators': 105, 'n_jobs': None, 'oob_score': False, 'random_state': 42, 'verbose': 0, 'warm_start': False}
Loaded performance model for budget 88: 
{'bootstrap': np.True_, 'ccp_alpha': 0.0, 'criterion': 'squared_error', 'max_depth': None, 'max_features': 0.117214313522, 'max_leaf_nodes': None, 'max_samples': None, 'min_impurity_decrease': 0.0, 'min_samples_leaf': 20, 'min_samples_split': 19, 'min_weight_fraction_leaf': 0.0, 'monotonic_cst': None, 'n_estimators': 16, 'n_jobs': None, 'oob_score': False, 'random_state': 42, 'verbose': 0, 'warm_start': False}
Loaded performance model for budget 56: 
{'bootstrap': np.True_, 'ccp_alpha': 0.0, 'criterion': 'squared_error', 'max_depth': None, 'max_features': 0.1484508483726, 'max_leaf_nodes': None, 'max_samples': None, 'min_impurity_decrease': 0.0, 'min_samples_leaf': 10, 'min_samples_split': 16, 'min_weight_fraction_leaf': 0.0, 'monotonic_cst': None, 'n_estimators': 47, 'n_jobs': None, 'oob_score': False, 'random_state': 42, 'verbose': 0, 'warm_start': False}
Loaded performance model for budget 800: 
{'bootstrap': np.True_, 'ccp_alpha': 0.0, 'criterion': 'squared_error', 'max_depth': None, 'max_features': 0.8247536462165, 'max_leaf_nodes': None, 'max_samples': None, 'min_impurity_decrease': 0.0, 'min_samples_leaf': 17, 'min_samples_split': 11, 'min_weight_fraction_leaf': 0.0, 'monotonic_cst': None, 'n_estimators': 69, 'n_jobs': None, 'oob_score': False, 'random_state': 42, 'verbose': 0, 'warm_start': False}
Loaded performance model for budget 100: 
{'bootstrap': np.True_, 'ccp_alpha': 0.0, 'criterion': 'squared_error', 'max_depth': None, 'max_features': 0.141081376316, 'max_leaf_nodes': None, 'max_samples': None, 'min_impurity_decrease': 0.0, 'min_samples_leaf': 3, 'min_samples_split': 3, 'min_weight_fraction_leaf': 0.0, 'monotonic_cst': None, 'n_estimators': 70, 'n_jobs': None, 'oob_score': False, 'random_state': 42, 'verbose': 0, 'warm_start': False}
Loaded performance model for budget 96: 
{'bootstrap': np.True_, 'ccp_alpha': 0.0, 'criterion': 'squared_error', 'max_depth': None, 'max_features': 0.2233668995562, 'max_leaf_nodes': None, 'max_samples': None, 'min_impurity_decrease': 0.0, 'min_samples_leaf': 17, 'min_samples_split': 9, 'min_weight_fraction_leaf': 0.0, 'monotonic_cst': None, 'n_estimators': 105, 'n_jobs': None, 'oob_score': False, 'random_state': 42, 'verbose': 0, 'warm_start': False}
Loaded performance model for budget 64: 
{'bootstrap': np.True_, 'ccp_alpha': 0.0, 'criterion': 'squared_error', 'max_depth': None, 'max_features': 0.1324700646355, 'max_leaf_nodes': None, 'max_samples': None, 'min_impurity_decrease': 0.0, 'min_samples_leaf': 2, 'min_samples_split': 18, 'min_weight_fraction_leaf': 0.0, 'monotonic_cst': None, 'n_estimators': 36, 'n_jobs': None, 'oob_score': False, 'random_state': 42, 'verbose': 0, 'warm_start': False}
Loaded performance model for budget 350: 
{'bootstrap': np.False_, 'ccp_alpha': 0.0, 'criterion': 'squared_error', 'max_depth': None, 'max_features': 0.1322104866504, 'max_leaf_nodes': None, 'max_samples': None, 'min_impurity_decrease': 0.0, 'min_samples_leaf': 3, 'min_samples_split': 10, 'min_weight_fraction_leaf': 0.0, 'monotonic_cst': None, 'n_estimators': 46, 'n_jobs': None, 'oob_score': False, 'random_state': 42, 'verbose': 0, 'warm_start': False}
Loaded performance model for budget 650: 
{'bootstrap': np.False_, 'ccp_alpha': 0.0, 'criterion': 'squared_error', 'max_depth': None, 'max_features': 0.1377119310546, 'max_leaf_nodes': None, 'max_samples': None, 'min_impurity_decrease': 0.0, 'min_samples_leaf': 5, 'min_samples_split': 17, 'min_weight_fraction_leaf': 0.0, 'monotonic_cst': None, 'n_estimators': 49, 'n_jobs': None, 'oob_score': False, 'random_state': 42, 'verbose': 0, 'warm_start': False}
Loaded performance model for budget 80: 
{'bootstrap': np.True_, 'ccp_alpha': 0.0, 'criterion': 'squared_error', 'max_depth': None, 'max_features': 0.1600335176358, 'max_leaf_nodes': None, 'max_samples': None, 'min_impurity_decrease': 0.0, 'min_samples_leaf': 3, 'min_samples_split': 16, 'min_weight_fraction_leaf': 0.0, 'monotonic_cst': None, 'n_estimators': 46, 'n_jobs': None, 'oob_score': False, 'random_state': 42, 'verbose': 0, 'warm_start': False}
Loaded performance model for budget 8: 
{'bootstrap': np.False_, 'ccp_alpha': 0.0, 'criterion': 'squared_error', 'max_depth': None, 'max_features': 0.1130442231666, 'max_leaf_nodes': None, 'max_samples': None, 'min_impurity_decrease': 0.0, 'min_samples_leaf': 13, 'min_samples_split': 9, 'min_weight_fraction_leaf': 0.0, 'monotonic_cst': None, 'n_estimators': 70, 'n_jobs': None, 'oob_score': False, 'random_state': 42, 'verbose': 0, 'warm_start': False}
Loaded performance model for budget 750: 
{'bootstrap': np.True_, 'ccp_alpha': 0.0, 'criterion': 'squared_error', 'max_depth': None, 'max_features': 0.8908668343161, 'max_leaf_nodes': None, 'max_samples': None, 'min_impurity_decrease': 0.0, 'min_samples_leaf': 14, 'min_samples_split': 4, 'min_weight_fraction_leaf': 0.0, 'monotonic_cst': None, 'n_estimators': 33, 'n_jobs': None, 'oob_score': False, 'random_state': 42, 'verbose': 0, 'warm_start': False}
Loaded performance model for budget 500: 
{'bootstrap': np.False_, 'ccp_alpha': 0.0, 'criterion': 'squared_error', 'max_depth': None, 'max_features': 0.1883967201891, 'max_leaf_nodes': None, 'max_samples': None, 'min_impurity_decrease': 0.0, 'min_samples_leaf': 2, 'min_samples_split': 6, 'min_weight_fraction_leaf': 0.0, 'monotonic_cst': None, 'n_estimators': 77, 'n_jobs': None, 'oob_score': False, 'random_state': 42, 'verbose': 0, 'warm_start': False}
Loaded performance model for budget 24: 
{'bootstrap': np.True_, 'ccp_alpha': 0.0, 'criterion': 'squared_error', 'max_depth': None, 'max_features': 0.1564409568108, 'max_leaf_nodes': None, 'max_samples': None, 'min_impurity_decrease': 0.0, 'min_samples_leaf': 3, 'min_samples_split': 16, 'min_weight_fraction_leaf': 0.0, 'monotonic_cst': None, 'n_estimators': 46, 'n_jobs': None, 'oob_score': False, 'random_state': 42, 'verbose': 0, 'warm_start': False}
Loaded performance model for budget 400: 
{'bootstrap': np.False_, 'ccp_alpha': 0.0, 'criterion': 'squared_error', 'max_depth': None, 'max_features': 0.1456352583816, 'max_leaf_nodes': None, 'max_samples': None, 'min_impurity_decrease': 0.0, 'min_samples_leaf': 9, 'min_samples_split': 8, 'min_weight_fraction_leaf': 0.0, 'monotonic_cst': None, 'n_estimators': 33, 'n_jobs': None, 'oob_score': False, 'random_state': 42, 'verbose': 0, 'warm_start': False}
Loaded performance model for budget 700: 
{'bootstrap': np.False_, 'ccp_alpha': 0.0, 'criterion': 'squared_error', 'max_depth': None, 'max_features': 0.290429326629, 'max_leaf_nodes': None, 'max_samples': None, 'min_impurity_decrease': 0.0, 'min_samples_leaf': 11, 'min_samples_split': 16, 'min_weight_fraction_leaf': 0.0, 'monotonic_cst': None, 'n_estimators': 49, 'n_jobs': None, 'oob_score': False, 'random_state': 42, 'verbose': 0, 'warm_start': False}
Loaded performance model for budget 300: 
{'bootstrap': np.False_, 'ccp_alpha': 0.0, 'criterion': 'squared_error', 'max_depth': None, 'max_features': 0.1348237026093, 'max_leaf_nodes': None, 'max_samples': None, 'min_impurity_decrease': 0.0, 'min_samples_leaf': 4, 'min_samples_split': 2, 'min_weight_fraction_leaf': 0.0, 'monotonic_cst': None, 'n_estimators': 61, 'n_jobs': None, 'oob_score': False, 'random_state': 42, 'verbose': 0, 'warm_start': False}
Loaded performance model for budget 600: 
{'bootstrap': np.False_, 'ccp_alpha': 0.0, 'criterion': 'squared_error', 'max_depth': None, 'max_features': 0.1263340563205, 'max_leaf_nodes': None, 'max_samples': None, 'min_impurity_decrease': 0.0, 'min_samples_leaf': 10, 'min_samples_split': 5, 'min_weight_fraction_leaf': 0.0, 'monotonic_cst': None, 'n_estimators': 59, 'n_jobs': None, 'oob_score': False, 'random_state': 42, 'verbose': 0, 'warm_start': False}
Loaded performance model for budget 900: 
{'bootstrap': np.True_, 'ccp_alpha': 0.0, 'criterion': 'squared_error', 'max_depth': None, 'max_features': 0.1058992401063, 'max_leaf_nodes': None, 'max_samples': None, 'min_impurity_decrease': 0.0, 'min_samples_leaf': 19, 'min_samples_split': 18, 'min_weight_fraction_leaf': 0.0, 'monotonic_cst': None, 'n_estimators': 105, 'n_jobs': None, 'oob_score': False, 'random_state': 42, 'verbose': 0, 'warm_start': False}
Loaded performance model for budget 950: 
{'bootstrap': np.True_, 'ccp_alpha': 0.0, 'criterion': 'squared_error', 'max_depth': None, 'max_features': 0.1101525424081, 'max_leaf_nodes': None, 'max_samples': None, 'min_impurity_decrease': 0.0, 'min_samples_leaf': 13, 'min_samples_split': 13, 'min_weight_fraction_leaf': 0.0, 'monotonic_cst': None, 'n_estimators': 104, 'n_jobs': None, 'oob_score': False, 'random_state': 42, 'verbose': 0, 'warm_start': False}
Loaded performance model for budget 850: 
{'bootstrap': np.True_, 'ccp_alpha': 0.0, 'criterion': 'squared_error', 'max_depth': None, 'max_features': 0.1938398049052, 'max_leaf_nodes': None, 'max_samples': None, 'min_impurity_decrease': 0.0, 'min_samples_leaf': 20, 'min_samples_split': 9, 'min_weight_fraction_leaf': 0.0, 'monotonic_cst': None, 'n_estimators': 102, 'n_jobs': None, 'oob_score': False, 'random_state': 42, 'verbose': 0, 'warm_start': False}
Loaded performance model for budget 550: 
{'bootstrap': np.True_, 'ccp_alpha': 0.0, 'criterion': 'squared_error', 'max_depth': None, 'max_features': 0.1270447095511, 'max_leaf_nodes': None, 'max_samples': None, 'min_impurity_decrease': 0.0, 'min_samples_leaf': 2, 'min_samples_split': 20, 'min_weight_fraction_leaf': 0.0, 'monotonic_cst': None, 'n_estimators': 66, 'n_jobs': None, 'oob_score': False, 'random_state': 42, 'verbose': 0, 'warm_start': False}
Loaded performance model for budget 32: 
{'bootstrap': np.True_, 'ccp_alpha': 0.0, 'criterion': 'squared_error', 'max_depth': None, 'max_features': 0.1935674288917, 'max_leaf_nodes': None, 'max_samples': None, 'min_impurity_decrease': 0.0, 'min_samples_leaf': 16, 'min_samples_split': 16, 'min_weight_fraction_leaf': 0.0, 'monotonic_cst': None, 'n_estimators': 48, 'n_jobs': None, 'oob_score': False, 'random_state': 42, 'verbose': 0, 'warm_start': False}
Loaded performance model for budget 200: 
{'bootstrap': np.False_, 'ccp_alpha': 0.0, 'criterion': 'squared_error', 'max_depth': None, 'max_features': 0.1202796919656, 'max_leaf_nodes': None, 'max_samples': None, 'min_impurity_decrease': 0.0, 'min_samples_leaf': 7, 'min_samples_split': 2, 'min_weight_fraction_leaf': 0.0, 'monotonic_cst': None, 'n_estimators': 85, 'n_jobs': None, 'oob_score': False, 'random_state': 42, 'verbose': 0, 'warm_start': False}
Loaded performance model for budget 72: 
{'bootstrap': np.True_, 'ccp_alpha': 0.0, 'criterion': 'squared_error', 'max_depth': None, 'max_features': 0.1593118504448, 'max_leaf_nodes': None, 'max_samples': None, 'min_impurity_decrease': 0.0, 'min_samples_leaf': 1, 'min_samples_split': 20, 'min_weight_fraction_leaf': 0.0, 'monotonic_cst': None, 'n_estimators': 33, 'n_jobs': None, 'oob_score': False, 'random_state': 42, 'verbose': 0, 'warm_start': False}
Loaded performance model for budget 250: 
{'bootstrap': np.True_, 'ccp_alpha': 0.0, 'criterion': 'squared_error', 'max_depth': None, 'max_features': 0.1089558181446, 'max_leaf_nodes': None, 'max_samples': None, 'min_impurity_decrease': 0.0, 'min_samples_leaf': 3, 'min_samples_split': 8, 'min_weight_fraction_leaf': 0.0, 'monotonic_cst': None, 'n_estimators': 17, 'n_jobs': None, 'oob_score': False, 'random_state': 42, 'verbose': 0, 'warm_start': False}
Loaded performance model for budget 450: 
{'bootstrap': np.False_, 'ccp_alpha': 0.0, 'criterion': 'squared_error', 'max_depth': None, 'max_features': 0.1332103399259, 'max_leaf_nodes': None, 'max_samples': None, 'min_impurity_decrease': 0.0, 'min_samples_leaf': 1, 'min_samples_split': 15, 'min_weight_fraction_leaf': 0.0, 'monotonic_cst': None, 'n_estimators': 60, 'n_jobs': None, 'oob_score': False, 'random_state': 42, 'verbose': 0, 'warm_start': False}
Loaded performance model for budget 48: 
{'bootstrap': np.True_, 'ccp_alpha': 0.0, 'criterion': 'squared_error', 'max_depth': None, 'max_features': 0.1012755697106, 'max_leaf_nodes': None, 'max_samples': None, 'min_impurity_decrease': 0.0, 'min_samples_leaf': 2, 'min_samples_split': 20, 'min_weight_fraction_leaf': 0.0, 'monotonic_cst': None, 'n_estimators': 44, 'n_jobs': None, 'oob_score': False, 'random_state': 42, 'verbose': 0, 'warm_start': False}
Loaded performance model for budget 150: 
{'bootstrap': np.False_, 'ccp_alpha': 0.0, 'criterion': 'squared_error', 'max_depth': None, 'max_features': 0.1453199283068, 'max_leaf_nodes': None, 'max_samples': None, 'min_impurity_decrease': 0.0, 'min_samples_leaf': 9, 'min_samples_split': 8, 'min_weight_fraction_leaf': 0.0, 'monotonic_cst': None, 'n_estimators': 37, 'n_jobs': None, 'oob_score': False, 'random_state': 42, 'verbose': 0, 'warm_start': False}
Loaded performance model for budget 40: 
{'bootstrap': np.True_, 'ccp_alpha': 0.0, 'criterion': 'squared_error', 'max_depth': None, 'max_features': 0.1307685811107, 'max_leaf_nodes': None, 'max_samples': None, 'min_impurity_decrease': 0.0, 'min_samples_leaf': 13, 'min_samples_split': 2, 'min_weight_fraction_leaf': 0.0, 'monotonic_cst': None, 'n_estimators': 104, 'n_jobs': None, 'oob_score': False, 'random_state': 42, 'verbose': 0, 'warm_start': False}
Processing (fid=1, iid=8, rep=0)...
Processing (fid=1, iid=8, rep=1)...
Processing (fid=1, iid=8, rep=2)...
Processing (fid=1, iid=8, rep=3)...
Processing (fid=1, iid=8, rep=4)...
Processing (fid=1, iid=8, rep=5)...
Processing (fid=1, iid=8, rep=6)...
Processing (fid=1, iid=8, rep=7)...
Processing (fid=1, iid=8, rep=8)...
Processing (fid=1, iid=8, rep=9)...
Processing (fid=1, iid=8, rep=10)...
Processing (fid=1, iid=8, rep=11)...
Processing (fid=1, iid=8, rep=12)...
Processing (fid=1, iid=8, rep=13)...
Processing (fid=1, iid=8, rep=14)...
Processing (fid=1, iid=8, rep=15)...
Processing (fid=1, iid=8, rep=16)...
Processing (fid=1, iid=8, rep=17)...
Processing (fid=1, iid=8, rep=18)...
Processing (fid=1, iid=8, rep=19)...
Processing (fid=1, iid=9, rep=0)...
Processing (fid=1, iid=9, rep=1)...
Processing (fid=1, iid=9, rep=2)...
Processing (fid=1, iid=9, rep=3)...
Processing (fid=1, iid=9, rep=4)...
Processing (fid=1, iid=9, rep=5)...
Processing (fid=1, iid=9, rep=6)...
Processing (fid=1, iid=9, rep=7)...
Processing (fid=1, iid=9, rep=8)...
Processing (fid=1, iid=9, rep=9)...
Processing (fid=1, iid=9, rep=10)...
Processing (fid=1, iid=9, rep=11)...
Processing (fid=1, iid=9, rep=12)...
Processing (fid=1, iid=9, rep=13)...
Processing (fid=1, iid=9, rep=14)...
Processing (fid=1, iid=9, rep=15)...
Processing (fid=1, iid=9, rep=16)...
Processing (fid=1, iid=9, rep=17)...
Processing (fid=1, iid=9, rep=18)...
Processing (fid=1, iid=9, rep=19)...
Processing (fid=2, iid=8, rep=0)...
Processing (fid=2, iid=8, rep=1)...
Processing (fid=2, iid=8, rep=2)...
Processing (fid=2, iid=8, rep=3)...
Processing (fid=2, iid=8, rep=4)...
Processing (fid=2, iid=8, rep=5)...
Processing (fid=2, iid=8, rep=6)...
Processing (fid=2, iid=8, rep=7)...
Processing (fid=2, iid=8, rep=8)...
Processing (fid=2, iid=8, rep=9)...
Processing (fid=2, iid=8, rep=10)...
Processing (fid=2, iid=8, rep=11)...
Processing (fid=2, iid=8, rep=12)...
Processing (fid=2, iid=8, rep=13)...
Processing (fid=2, iid=8, rep=14)...
Processing (fid=2, iid=8, rep=15)...
Processing (fid=2, iid=8, rep=16)...
Processing (fid=2, iid=8, rep=17)...
Processing (fid=2, iid=8, rep=18)...
Processing (fid=2, iid=8, rep=19)...
Processing (fid=2, iid=9, rep=0)...
Processing (fid=2, iid=9, rep=1)...
Processing (fid=2, iid=9, rep=2)...
Processing (fid=2, iid=9, rep=3)...
Processing (fid=2, iid=9, rep=4)...
Processing (fid=2, iid=9, rep=5)...
Processing (fid=2, iid=9, rep=6)...
Processing (fid=2, iid=9, rep=7)...
Processing (fid=2, iid=9, rep=8)...
Processing (fid=2, iid=9, rep=9)...
Processing (fid=2, iid=9, rep=10)...
Processing (fid=2, iid=9, rep=11)...
Processing (fid=2, iid=9, rep=12)...
Processing (fid=2, iid=9, rep=13)...
Processing (fid=2, iid=9, rep=14)...
Processing (fid=2, iid=9, rep=15)...
Processing (fid=2, iid=9, rep=16)...
Processing (fid=2, iid=9, rep=17)...
Processing (fid=2, iid=9, rep=18)...
Processing (fid=2, iid=9, rep=19)...
Processing (fid=3, iid=8, rep=0)...
Processing (fid=3, iid=8, rep=1)...
Processing (fid=3, iid=8, rep=2)...
Processing (fid=3, iid=8, rep=3)...
Processing (fid=3, iid=8, rep=4)...
Processing (fid=3, iid=8, rep=5)...
Processing (fid=3, iid=8, rep=6)...
Processing (fid=3, iid=8, rep=7)...
Processing (fid=3, iid=8, rep=8)...
Processing (fid=3, iid=8, rep=9)...
Processing (fid=3, iid=8, rep=10)...
Processing (fid=3, iid=8, rep=11)...
Processing (fid=3, iid=8, rep=12)...
Processing (fid=3, iid=8, rep=13)...
Processing (fid=3, iid=8, rep=14)...
Processing (fid=3, iid=8, rep=15)...
Processing (fid=3, iid=8, rep=16)...
Processing (fid=3, iid=8, rep=17)...
Processing (fid=3, iid=8, rep=18)...
Processing (fid=3, iid=8, rep=19)...
Processing (fid=3, iid=9, rep=0)...
Processing (fid=3, iid=9, rep=1)...
Processing (fid=3, iid=9, rep=2)...
Processing (fid=3, iid=9, rep=3)...
Processing (fid=3, iid=9, rep=4)...
Processing (fid=3, iid=9, rep=5)...
Processing (fid=3, iid=9, rep=6)...
Processing (fid=3, iid=9, rep=7)...
Processing (fid=3, iid=9, rep=8)...
Processing (fid=3, iid=9, rep=9)...
Processing (fid=3, iid=9, rep=10)...
Processing (fid=3, iid=9, rep=11)...
Processing (fid=3, iid=9, rep=12)...
Processing (fid=3, iid=9, rep=13)...
Processing (fid=3, iid=9, rep=14)...
Processing (fid=3, iid=9, rep=15)...
Processing (fid=3, iid=9, rep=16)...
Processing (fid=3, iid=9, rep=17)...
Processing (fid=3, iid=9, rep=18)...
Processing (fid=3, iid=9, rep=19)...
Processing (fid=4, iid=8, rep=0)...
Processing (fid=4, iid=8, rep=1)...
Processing (fid=4, iid=8, rep=2)...
Processing (fid=4, iid=8, rep=3)...
Processing (fid=4, iid=8, rep=4)...
Processing (fid=4, iid=8, rep=5)...
Processing (fid=4, iid=8, rep=6)...
Processing (fid=4, iid=8, rep=7)...
Processing (fid=4, iid=8, rep=8)...
Processing (fid=4, iid=8, rep=9)...
Processing (fid=4, iid=8, rep=10)...
Processing (fid=4, iid=8, rep=11)...
Processing (fid=4, iid=8, rep=12)...
Processing (fid=4, iid=8, rep=13)...
Processing (fid=4, iid=8, rep=14)...
Processing (fid=4, iid=8, rep=15)...
Processing (fid=4, iid=8, rep=16)...
Processing (fid=4, iid=8, rep=17)...
Processing (fid=4, iid=8, rep=18)...
Processing (fid=4, iid=8, rep=19)...
Processing (fid=4, iid=9, rep=0)...
Processing (fid=4, iid=9, rep=1)...
Processing (fid=4, iid=9, rep=2)...
Processing (fid=4, iid=9, rep=3)...
Processing (fid=4, iid=9, rep=4)...
Processing (fid=4, iid=9, rep=5)...
Processing (fid=4, iid=9, rep=6)...
Processing (fid=4, iid=9, rep=7)...
Processing (fid=4, iid=9, rep=8)...
Processing (fid=4, iid=9, rep=9)...
Processing (fid=4, iid=9, rep=10)...
Processing (fid=4, iid=9, rep=11)...
Processing (fid=4, iid=9, rep=12)...
Processing (fid=4, iid=9, rep=13)...
Processing (fid=4, iid=9, rep=14)...
Processing (fid=4, iid=9, rep=15)...
Processing (fid=4, iid=9, rep=16)...
Processing (fid=4, iid=9, rep=17)...
Processing (fid=4, iid=9, rep=18)...
Processing (fid=4, iid=9, rep=19)...
Processing (fid=5, iid=8, rep=0)...
Processing (fid=5, iid=8, rep=1)...
Processing (fid=5, iid=8, rep=2)...
Processing (fid=5, iid=8, rep=3)...
Processing (fid=5, iid=8, rep=4)...
Processing (fid=5, iid=8, rep=5)...
Processing (fid=5, iid=8, rep=6)...
Processing (fid=5, iid=8, rep=7)...
Processing (fid=5, iid=8, rep=8)...
Processing (fid=5, iid=8, rep=9)...
Processing (fid=5, iid=8, rep=10)...
Processing (fid=5, iid=8, rep=11)...
Processing (fid=5, iid=8, rep=12)...
Processing (fid=5, iid=8, rep=13)...
Processing (fid=5, iid=8, rep=14)...
Processing (fid=5, iid=8, rep=15)...
Processing (fid=5, iid=8, rep=16)...
Processing (fid=5, iid=8, rep=17)...
Processing (fid=5, iid=8, rep=18)...
Processing (fid=5, iid=8, rep=19)...
Processing (fid=5, iid=9, rep=0)...
Processing (fid=5, iid=9, rep=1)...
Processing (fid=5, iid=9, rep=2)...
Processing (fid=5, iid=9, rep=3)...
Processing (fid=5, iid=9, rep=4)...
Processing (fid=5, iid=9, rep=5)...
Processing (fid=5, iid=9, rep=6)...
Processing (fid=5, iid=9, rep=7)...
Processing (fid=5, iid=9, rep=8)...
Processing (fid=5, iid=9, rep=9)...
Processing (fid=5, iid=9, rep=10)...
Processing (fid=5, iid=9, rep=11)...
Processing (fid=5, iid=9, rep=12)...
Processing (fid=5, iid=9, rep=13)...
Processing (fid=5, iid=9, rep=14)...
Processing (fid=5, iid=9, rep=15)...
Processing (fid=5, iid=9, rep=16)...
Processing (fid=5, iid=9, rep=17)...
Processing (fid=5, iid=9, rep=18)...
Processing (fid=5, iid=9, rep=19)...
Processing (fid=6, iid=8, rep=0)...
Processing (fid=6, iid=8, rep=1)...
Processing (fid=6, iid=8, rep=2)...
Processing (fid=6, iid=8, rep=3)...
Processing (fid=6, iid=8, rep=4)...
Processing (fid=6, iid=8, rep=5)...
Processing (fid=6, iid=8, rep=6)...
Processing (fid=6, iid=8, rep=7)...
Processing (fid=6, iid=8, rep=8)...
Processing (fid=6, iid=8, rep=9)...
Processing (fid=6, iid=8, rep=10)...
Processing (fid=6, iid=8, rep=11)...
Processing (fid=6, iid=8, rep=12)...
Processing (fid=6, iid=8, rep=13)...
Processing (fid=6, iid=8, rep=14)...
Processing (fid=6, iid=8, rep=15)...
Processing (fid=6, iid=8, rep=16)...
Processing (fid=6, iid=8, rep=17)...
Processing (fid=6, iid=8, rep=18)...
Processing (fid=6, iid=8, rep=19)...
Processing (fid=6, iid=9, rep=0)...
Processing (fid=6, iid=9, rep=1)...
Processing (fid=6, iid=9, rep=2)...
Processing (fid=6, iid=9, rep=3)...
Processing (fid=6, iid=9, rep=4)...
Processing (fid=6, iid=9, rep=5)...
Processing (fid=6, iid=9, rep=6)...
Processing (fid=6, iid=9, rep=7)...
Processing (fid=6, iid=9, rep=8)...
Processing (fid=6, iid=9, rep=9)...
Processing (fid=6, iid=9, rep=10)...
Processing (fid=6, iid=9, rep=11)...
Processing (fid=6, iid=9, rep=12)...
Processing (fid=6, iid=9, rep=13)...
Processing (fid=6, iid=9, rep=14)...
Processing (fid=6, iid=9, rep=15)...
Processing (fid=6, iid=9, rep=16)...
Processing (fid=6, iid=9, rep=17)...
Processing (fid=6, iid=9, rep=18)...
Processing (fid=6, iid=9, rep=19)...
Processing (fid=7, iid=8, rep=0)...
Processing (fid=7, iid=8, rep=1)...
Processing (fid=7, iid=8, rep=2)...
Processing (fid=7, iid=8, rep=3)...
Processing (fid=7, iid=8, rep=4)...
Processing (fid=7, iid=8, rep=5)...
Processing (fid=7, iid=8, rep=6)...
Processing (fid=7, iid=8, rep=7)...
Processing (fid=7, iid=8, rep=8)...
Processing (fid=7, iid=8, rep=9)...
Processing (fid=7, iid=8, rep=10)...
Processing (fid=7, iid=8, rep=11)...
Processing (fid=7, iid=8, rep=12)...
Processing (fid=7, iid=8, rep=13)...
Processing (fid=7, iid=8, rep=14)...
Processing (fid=7, iid=8, rep=15)...
Processing (fid=7, iid=8, rep=16)...
Processing (fid=7, iid=8, rep=17)...
Processing (fid=7, iid=8, rep=18)...
Processing (fid=7, iid=8, rep=19)...
Processing (fid=7, iid=9, rep=0)...
Processing (fid=7, iid=9, rep=1)...
Processing (fid=7, iid=9, rep=2)...
Processing (fid=7, iid=9, rep=3)...
Processing (fid=7, iid=9, rep=4)...
Processing (fid=7, iid=9, rep=5)...
Processing (fid=7, iid=9, rep=6)...
Processing (fid=7, iid=9, rep=7)...
Processing (fid=7, iid=9, rep=8)...
Processing (fid=7, iid=9, rep=9)...
Processing (fid=7, iid=9, rep=10)...
Processing (fid=7, iid=9, rep=11)...
Processing (fid=7, iid=9, rep=12)...
Processing (fid=7, iid=9, rep=13)...
Processing (fid=7, iid=9, rep=14)...
Processing (fid=7, iid=9, rep=15)...
Processing (fid=7, iid=9, rep=16)...
Processing (fid=7, iid=9, rep=17)...
Processing (fid=7, iid=9, rep=18)...
Processing (fid=7, iid=9, rep=19)...
Processing (fid=8, iid=8, rep=0)...
Processing (fid=8, iid=8, rep=1)...
Processing (fid=8, iid=8, rep=2)...
Processing (fid=8, iid=8, rep=3)...
Processing (fid=8, iid=8, rep=4)...
Processing (fid=8, iid=8, rep=5)...
Processing (fid=8, iid=8, rep=6)...
Processing (fid=8, iid=8, rep=7)...
Processing (fid=8, iid=8, rep=8)...
Processing (fid=8, iid=8, rep=9)...
Processing (fid=8, iid=8, rep=10)...
Processing (fid=8, iid=8, rep=11)...
Processing (fid=8, iid=8, rep=12)...
Processing (fid=8, iid=8, rep=13)...
Processing (fid=8, iid=8, rep=14)...
Processing (fid=8, iid=8, rep=15)...
Processing (fid=8, iid=8, rep=16)...
Processing (fid=8, iid=8, rep=17)...
Processing (fid=8, iid=8, rep=18)...
Processing (fid=8, iid=8, rep=19)...
Processing (fid=8, iid=9, rep=0)...
Processing (fid=8, iid=9, rep=1)...
Processing (fid=8, iid=9, rep=2)...
Processing (fid=8, iid=9, rep=3)...
Processing (fid=8, iid=9, rep=4)...
Processing (fid=8, iid=9, rep=5)...
Processing (fid=8, iid=9, rep=6)...
Processing (fid=8, iid=9, rep=7)...
Processing (fid=8, iid=9, rep=8)...
Processing (fid=8, iid=9, rep=9)...
Processing (fid=8, iid=9, rep=10)...
Processing (fid=8, iid=9, rep=11)...
Processing (fid=8, iid=9, rep=12)...
Processing (fid=8, iid=9, rep=13)...
Processing (fid=8, iid=9, rep=14)...
Processing (fid=8, iid=9, rep=15)...
Processing (fid=8, iid=9, rep=16)...
Processing (fid=8, iid=9, rep=17)...
Processing (fid=8, iid=9, rep=18)...
Processing (fid=8, iid=9, rep=19)...
Processing (fid=9, iid=8, rep=0)...
Processing (fid=9, iid=8, rep=1)...
Processing (fid=9, iid=8, rep=2)...
Processing (fid=9, iid=8, rep=3)...
Processing (fid=9, iid=8, rep=4)...
Processing (fid=9, iid=8, rep=5)...
Processing (fid=9, iid=8, rep=6)...
Processing (fid=9, iid=8, rep=7)...
Processing (fid=9, iid=8, rep=8)...
Processing (fid=9, iid=8, rep=9)...
Processing (fid=9, iid=8, rep=10)...
Processing (fid=9, iid=8, rep=11)...
Processing (fid=9, iid=8, rep=12)...
Processing (fid=9, iid=8, rep=13)...
Processing (fid=9, iid=8, rep=14)...
Processing (fid=9, iid=8, rep=15)...
Processing (fid=9, iid=8, rep=16)...
Processing (fid=9, iid=8, rep=17)...
Processing (fid=9, iid=8, rep=18)...
Processing (fid=9, iid=8, rep=19)...
Processing (fid=9, iid=9, rep=0)...
Processing (fid=9, iid=9, rep=1)...
Processing (fid=9, iid=9, rep=2)...
Processing (fid=9, iid=9, rep=3)...
Processing (fid=9, iid=9, rep=4)...
Processing (fid=9, iid=9, rep=5)...
Processing (fid=9, iid=9, rep=6)...
Processing (fid=9, iid=9, rep=7)...
Processing (fid=9, iid=9, rep=8)...
Processing (fid=9, iid=9, rep=9)...
Processing (fid=9, iid=9, rep=10)...
Processing (fid=9, iid=9, rep=11)...
Processing (fid=9, iid=9, rep=12)...
Processing (fid=9, iid=9, rep=13)...
Processing (fid=9, iid=9, rep=14)...
Processing (fid=9, iid=9, rep=15)...
Processing (fid=9, iid=9, rep=16)...
Processing (fid=9, iid=9, rep=17)...
Processing (fid=9, iid=9, rep=18)...
Processing (fid=9, iid=9, rep=19)...
Processing (fid=10, iid=8, rep=0)...
Processing (fid=10, iid=8, rep=1)...
Processing (fid=10, iid=8, rep=2)...
Processing (fid=10, iid=8, rep=3)...
Processing (fid=10, iid=8, rep=4)...
Processing (fid=10, iid=8, rep=5)...
Processing (fid=10, iid=8, rep=6)...
Processing (fid=10, iid=8, rep=7)...
Processing (fid=10, iid=8, rep=8)...
Processing (fid=10, iid=8, rep=9)...
Processing (fid=10, iid=8, rep=10)...
Processing (fid=10, iid=8, rep=11)...
Processing (fid=10, iid=8, rep=12)...
Processing (fid=10, iid=8, rep=13)...
Processing (fid=10, iid=8, rep=14)...
Processing (fid=10, iid=8, rep=15)...
Processing (fid=10, iid=8, rep=16)...
Processing (fid=10, iid=8, rep=17)...
Processing (fid=10, iid=8, rep=18)...
Processing (fid=10, iid=8, rep=19)...
Processing (fid=10, iid=9, rep=0)...
Processing (fid=10, iid=9, rep=1)...
Processing (fid=10, iid=9, rep=2)...
Processing (fid=10, iid=9, rep=3)...
Processing (fid=10, iid=9, rep=4)...
Processing (fid=10, iid=9, rep=5)...
Processing (fid=10, iid=9, rep=6)...
Processing (fid=10, iid=9, rep=7)...
Processing (fid=10, iid=9, rep=8)...
Processing (fid=10, iid=9, rep=9)...
Processing (fid=10, iid=9, rep=10)...
Processing (fid=10, iid=9, rep=11)...
Processing (fid=10, iid=9, rep=12)...
Processing (fid=10, iid=9, rep=13)...
Processing (fid=10, iid=9, rep=14)...
Processing (fid=10, iid=9, rep=15)...
Processing (fid=10, iid=9, rep=16)...
Processing (fid=10, iid=9, rep=17)...
Processing (fid=10, iid=9, rep=18)...
Processing (fid=10, iid=9, rep=19)...
Processing (fid=11, iid=8, rep=0)...
Processing (fid=11, iid=8, rep=1)...
Processing (fid=11, iid=8, rep=2)...
Processing (fid=11, iid=8, rep=3)...
Processing (fid=11, iid=8, rep=4)...
Processing (fid=11, iid=8, rep=5)...
Processing (fid=11, iid=8, rep=6)...
Processing (fid=11, iid=8, rep=7)...
Processing (fid=11, iid=8, rep=8)...
Processing (fid=11, iid=8, rep=9)...
Processing (fid=11, iid=8, rep=10)...
Processing (fid=11, iid=8, rep=11)...
Processing (fid=11, iid=8, rep=12)...
Processing (fid=11, iid=8, rep=13)...
Processing (fid=11, iid=8, rep=14)...
Processing (fid=11, iid=8, rep=15)...
Processing (fid=11, iid=8, rep=16)...
Processing (fid=11, iid=8, rep=17)...
Processing (fid=11, iid=8, rep=18)...
Processing (fid=11, iid=8, rep=19)...
Processing (fid=11, iid=9, rep=0)...
Processing (fid=11, iid=9, rep=1)...
Processing (fid=11, iid=9, rep=2)...
Processing (fid=11, iid=9, rep=3)...
Processing (fid=11, iid=9, rep=4)...
Processing (fid=11, iid=9, rep=5)...
Processing (fid=11, iid=9, rep=6)...
Processing (fid=11, iid=9, rep=7)...
Processing (fid=11, iid=9, rep=8)...
Processing (fid=11, iid=9, rep=9)...
Processing (fid=11, iid=9, rep=10)...
Processing (fid=11, iid=9, rep=11)...
Processing (fid=11, iid=9, rep=12)...
Processing (fid=11, iid=9, rep=13)...
Processing (fid=11, iid=9, rep=14)...
Processing (fid=11, iid=9, rep=15)...
Processing (fid=11, iid=9, rep=16)...
Processing (fid=11, iid=9, rep=17)...
Processing (fid=11, iid=9, rep=18)...
Processing (fid=11, iid=9, rep=19)...
Processing (fid=12, iid=8, rep=0)...
Processing (fid=12, iid=8, rep=1)...
Processing (fid=12, iid=8, rep=2)...
Processing (fid=12, iid=8, rep=3)...
Processing (fid=12, iid=8, rep=4)...
Processing (fid=12, iid=8, rep=5)...
Processing (fid=12, iid=8, rep=6)...
Processing (fid=12, iid=8, rep=7)...
Processing (fid=12, iid=8, rep=8)...
Processing (fid=12, iid=8, rep=9)...
Processing (fid=12, iid=8, rep=10)...
Processing (fid=12, iid=8, rep=11)...
Processing (fid=12, iid=8, rep=12)...
Processing (fid=12, iid=8, rep=13)...
Processing (fid=12, iid=8, rep=14)...
Processing (fid=12, iid=8, rep=15)...
Processing (fid=12, iid=8, rep=16)...
Processing (fid=12, iid=8, rep=17)...
Processing (fid=12, iid=8, rep=18)...
Processing (fid=12, iid=8, rep=19)...
Processing (fid=12, iid=9, rep=0)...
Processing (fid=12, iid=9, rep=1)...
Processing (fid=12, iid=9, rep=2)...
Processing (fid=12, iid=9, rep=3)...
Processing (fid=12, iid=9, rep=4)...
Processing (fid=12, iid=9, rep=5)...
Processing (fid=12, iid=9, rep=6)...
Processing (fid=12, iid=9, rep=7)...
Processing (fid=12, iid=9, rep=8)...
Processing (fid=12, iid=9, rep=9)...
Processing (fid=12, iid=9, rep=10)...
Processing (fid=12, iid=9, rep=11)...
Processing (fid=12, iid=9, rep=12)...
Processing (fid=12, iid=9, rep=13)...
Processing (fid=12, iid=9, rep=14)...
Processing (fid=12, iid=9, rep=15)...
Processing (fid=12, iid=9, rep=16)...
Processing (fid=12, iid=9, rep=17)...
Processing (fid=12, iid=9, rep=18)...
Processing (fid=12, iid=9, rep=19)...
Processing (fid=13, iid=8, rep=0)...
Processing (fid=13, iid=8, rep=1)...
Processing (fid=13, iid=8, rep=2)...
Processing (fid=13, iid=8, rep=3)...
Processing (fid=13, iid=8, rep=4)...
Processing (fid=13, iid=8, rep=5)...
Processing (fid=13, iid=8, rep=6)...
Processing (fid=13, iid=8, rep=7)...
Processing (fid=13, iid=8, rep=8)...
Processing (fid=13, iid=8, rep=9)...
Processing (fid=13, iid=8, rep=10)...
Processing (fid=13, iid=8, rep=11)...
Processing (fid=13, iid=8, rep=12)...
Processing (fid=13, iid=8, rep=13)...
Processing (fid=13, iid=8, rep=14)...
Processing (fid=13, iid=8, rep=15)...
Processing (fid=13, iid=8, rep=16)...
Processing (fid=13, iid=8, rep=17)...
Processing (fid=13, iid=8, rep=18)...
Processing (fid=13, iid=8, rep=19)...
Processing (fid=13, iid=9, rep=0)...
Processing (fid=13, iid=9, rep=1)...
Processing (fid=13, iid=9, rep=2)...
Processing (fid=13, iid=9, rep=3)...
Processing (fid=13, iid=9, rep=4)...
Processing (fid=13, iid=9, rep=5)...
Processing (fid=13, iid=9, rep=6)...
Processing (fid=13, iid=9, rep=7)...
Processing (fid=13, iid=9, rep=8)...
Processing (fid=13, iid=9, rep=9)...
Processing (fid=13, iid=9, rep=10)...
Processing (fid=13, iid=9, rep=11)...
Processing (fid=13, iid=9, rep=12)...
Processing (fid=13, iid=9, rep=13)...
Processing (fid=13, iid=9, rep=14)...
Processing (fid=13, iid=9, rep=15)...
Processing (fid=13, iid=9, rep=16)...
Processing (fid=13, iid=9, rep=17)...
Processing (fid=13, iid=9, rep=18)...
Processing (fid=13, iid=9, rep=19)...
Processing (fid=14, iid=8, rep=0)...
Processing (fid=14, iid=8, rep=1)...
Processing (fid=14, iid=8, rep=2)...
Processing (fid=14, iid=8, rep=3)...
Processing (fid=14, iid=8, rep=4)...
Processing (fid=14, iid=8, rep=5)...
Processing (fid=14, iid=8, rep=6)...
Processing (fid=14, iid=8, rep=7)...
Processing (fid=14, iid=8, rep=8)...
Processing (fid=14, iid=8, rep=9)...
Processing (fid=14, iid=8, rep=10)...
Processing (fid=14, iid=8, rep=11)...
Processing (fid=14, iid=8, rep=12)...
Processing (fid=14, iid=8, rep=13)...
Processing (fid=14, iid=8, rep=14)...
Processing (fid=14, iid=8, rep=15)...
Processing (fid=14, iid=8, rep=16)...
Processing (fid=14, iid=8, rep=17)...
Processing (fid=14, iid=8, rep=18)...
Processing (fid=14, iid=8, rep=19)...
Processing (fid=14, iid=9, rep=0)...
Processing (fid=14, iid=9, rep=1)...
Processing (fid=14, iid=9, rep=2)...
Processing (fid=14, iid=9, rep=3)...
Processing (fid=14, iid=9, rep=4)...
Processing (fid=14, iid=9, rep=5)...
Processing (fid=14, iid=9, rep=6)...
Processing (fid=14, iid=9, rep=7)...
Processing (fid=14, iid=9, rep=8)...
Processing (fid=14, iid=9, rep=9)...
Processing (fid=14, iid=9, rep=10)...
Processing (fid=14, iid=9, rep=11)...
Processing (fid=14, iid=9, rep=12)...
Processing (fid=14, iid=9, rep=13)...
Processing (fid=14, iid=9, rep=14)...
Processing (fid=14, iid=9, rep=15)...
Processing (fid=14, iid=9, rep=16)...
Processing (fid=14, iid=9, rep=17)...
Processing (fid=14, iid=9, rep=18)...
Processing (fid=14, iid=9, rep=19)...
Processing (fid=15, iid=8, rep=0)...
Processing (fid=15, iid=8, rep=1)...
Processing (fid=15, iid=8, rep=2)...
Processing (fid=15, iid=8, rep=3)...
Processing (fid=15, iid=8, rep=4)...
Processing (fid=15, iid=8, rep=5)...
Processing (fid=15, iid=8, rep=6)...
Processing (fid=15, iid=8, rep=7)...
Processing (fid=15, iid=8, rep=8)...
Processing (fid=15, iid=8, rep=9)...
Processing (fid=15, iid=8, rep=10)...
Processing (fid=15, iid=8, rep=11)...
Processing (fid=15, iid=8, rep=12)...
Processing (fid=15, iid=8, rep=13)...
Processing (fid=15, iid=8, rep=14)...
Processing (fid=15, iid=8, rep=15)...
Processing (fid=15, iid=8, rep=16)...
Processing (fid=15, iid=8, rep=17)...
Processing (fid=15, iid=8, rep=18)...
Processing (fid=15, iid=8, rep=19)...
Processing (fid=15, iid=9, rep=0)...
Processing (fid=15, iid=9, rep=1)...
Processing (fid=15, iid=9, rep=2)...
Processing (fid=15, iid=9, rep=3)...
Processing (fid=15, iid=9, rep=4)...
Processing (fid=15, iid=9, rep=5)...
Processing (fid=15, iid=9, rep=6)...
Processing (fid=15, iid=9, rep=7)...
Processing (fid=15, iid=9, rep=8)...
Processing (fid=15, iid=9, rep=9)...
Processing (fid=15, iid=9, rep=10)...
Processing (fid=15, iid=9, rep=11)...
Processing (fid=15, iid=9, rep=12)...
Processing (fid=15, iid=9, rep=13)...
Processing (fid=15, iid=9, rep=14)...
Processing (fid=15, iid=9, rep=15)...
Processing (fid=15, iid=9, rep=16)...
Processing (fid=15, iid=9, rep=17)...
Processing (fid=15, iid=9, rep=18)...
Processing (fid=15, iid=9, rep=19)...
Processing (fid=16, iid=8, rep=0)...
Processing (fid=16, iid=8, rep=1)...
Processing (fid=16, iid=8, rep=2)...
Processing (fid=16, iid=8, rep=3)...
Processing (fid=16, iid=8, rep=4)...
Processing (fid=16, iid=8, rep=5)...
Processing (fid=16, iid=8, rep=6)...
Processing (fid=16, iid=8, rep=7)...
Processing (fid=16, iid=8, rep=8)...
Processing (fid=16, iid=8, rep=9)...
Processing (fid=16, iid=8, rep=10)...
Processing (fid=16, iid=8, rep=11)...
Processing (fid=16, iid=8, rep=12)...
Processing (fid=16, iid=8, rep=13)...
Processing (fid=16, iid=8, rep=14)...
Processing (fid=16, iid=8, rep=15)...
Processing (fid=16, iid=8, rep=16)...
Processing (fid=16, iid=8, rep=17)...
Processing (fid=16, iid=8, rep=18)...
Processing (fid=16, iid=8, rep=19)...
Processing (fid=16, iid=9, rep=0)...
Processing (fid=16, iid=9, rep=1)...
Processing (fid=16, iid=9, rep=2)...
Processing (fid=16, iid=9, rep=3)...
Processing (fid=16, iid=9, rep=4)...
Processing (fid=16, iid=9, rep=5)...
Processing (fid=16, iid=9, rep=6)...
Processing (fid=16, iid=9, rep=7)...
Processing (fid=16, iid=9, rep=8)...
Processing (fid=16, iid=9, rep=9)...
Processing (fid=16, iid=9, rep=10)...
Processing (fid=16, iid=9, rep=11)...
Processing (fid=16, iid=9, rep=12)...
Processing (fid=16, iid=9, rep=13)...
Processing (fid=16, iid=9, rep=14)...
Processing (fid=16, iid=9, rep=15)...
Processing (fid=16, iid=9, rep=16)...
Processing (fid=16, iid=9, rep=17)...
Processing (fid=16, iid=9, rep=18)...
Processing (fid=16, iid=9, rep=19)...
Processing (fid=17, iid=8, rep=0)...
Processing (fid=17, iid=8, rep=1)...
Processing (fid=17, iid=8, rep=2)...
Processing (fid=17, iid=8, rep=3)...
Processing (fid=17, iid=8, rep=4)...
Processing (fid=17, iid=8, rep=5)...
Processing (fid=17, iid=8, rep=6)...
Processing (fid=17, iid=8, rep=7)...
Processing (fid=17, iid=8, rep=8)...
Processing (fid=17, iid=8, rep=9)...
Processing (fid=17, iid=8, rep=10)...
Processing (fid=17, iid=8, rep=11)...
Processing (fid=17, iid=8, rep=12)...
Processing (fid=17, iid=8, rep=13)...
Processing (fid=17, iid=8, rep=14)...
Processing (fid=17, iid=8, rep=15)...
Processing (fid=17, iid=8, rep=16)...
Processing (fid=17, iid=8, rep=17)...
Processing (fid=17, iid=8, rep=18)...
Processing (fid=17, iid=8, rep=19)...
Processing (fid=17, iid=9, rep=0)...
Processing (fid=17, iid=9, rep=1)...
Processing (fid=17, iid=9, rep=2)...
Processing (fid=17, iid=9, rep=3)...
Processing (fid=17, iid=9, rep=4)...
Processing (fid=17, iid=9, rep=5)...
Processing (fid=17, iid=9, rep=6)...
Processing (fid=17, iid=9, rep=7)...
Processing (fid=17, iid=9, rep=8)...
Processing (fid=17, iid=9, rep=9)...
Processing (fid=17, iid=9, rep=10)...
Processing (fid=17, iid=9, rep=11)...
Processing (fid=17, iid=9, rep=12)...
Processing (fid=17, iid=9, rep=13)...
Processing (fid=17, iid=9, rep=14)...
Processing (fid=17, iid=9, rep=15)...
Processing (fid=17, iid=9, rep=16)...
Processing (fid=17, iid=9, rep=17)...
Processing (fid=17, iid=9, rep=18)...
Processing (fid=17, iid=9, rep=19)...
Processing (fid=18, iid=8, rep=0)...
Processing (fid=18, iid=8, rep=1)...
Processing (fid=18, iid=8, rep=2)...
Processing (fid=18, iid=8, rep=3)...
Processing (fid=18, iid=8, rep=4)...
Processing (fid=18, iid=8, rep=5)...
Processing (fid=18, iid=8, rep=6)...
Processing (fid=18, iid=8, rep=7)...
Processing (fid=18, iid=8, rep=8)...
Processing (fid=18, iid=8, rep=9)...
Processing (fid=18, iid=8, rep=10)...
Processing (fid=18, iid=8, rep=11)...
Processing (fid=18, iid=8, rep=12)...
Processing (fid=18, iid=8, rep=13)...
Processing (fid=18, iid=8, rep=14)...
Processing (fid=18, iid=8, rep=15)...
Processing (fid=18, iid=8, rep=16)...
Processing (fid=18, iid=8, rep=17)...
Processing (fid=18, iid=8, rep=18)...
Processing (fid=18, iid=8, rep=19)...
Processing (fid=18, iid=9, rep=0)...
Processing (fid=18, iid=9, rep=1)...
Processing (fid=18, iid=9, rep=2)...
Processing (fid=18, iid=9, rep=3)...
Processing (fid=18, iid=9, rep=4)...
Processing (fid=18, iid=9, rep=5)...
Processing (fid=18, iid=9, rep=6)...
Processing (fid=18, iid=9, rep=7)...
Processing (fid=18, iid=9, rep=8)...
Processing (fid=18, iid=9, rep=9)...
Processing (fid=18, iid=9, rep=10)...
Processing (fid=18, iid=9, rep=11)...
Processing (fid=18, iid=9, rep=12)...
Processing (fid=18, iid=9, rep=13)...
Processing (fid=18, iid=9, rep=14)...
Processing (fid=18, iid=9, rep=15)...
Processing (fid=18, iid=9, rep=16)...
Processing (fid=18, iid=9, rep=17)...
Processing (fid=18, iid=9, rep=18)...
Processing (fid=18, iid=9, rep=19)...
Processing (fid=19, iid=8, rep=0)...
Processing (fid=19, iid=8, rep=1)...
Processing (fid=19, iid=8, rep=2)...
Processing (fid=19, iid=8, rep=3)...
Processing (fid=19, iid=8, rep=4)...
Processing (fid=19, iid=8, rep=5)...
Processing (fid=19, iid=8, rep=6)...
Processing (fid=19, iid=8, rep=7)...
Processing (fid=19, iid=8, rep=8)...
Processing (fid=19, iid=8, rep=9)...
Processing (fid=19, iid=8, rep=10)...
Processing (fid=19, iid=8, rep=11)...
Processing (fid=19, iid=8, rep=12)...
Processing (fid=19, iid=8, rep=13)...
Processing (fid=19, iid=8, rep=14)...
Processing (fid=19, iid=8, rep=15)...
Processing (fid=19, iid=8, rep=16)...
Processing (fid=19, iid=8, rep=17)...
Processing (fid=19, iid=8, rep=18)...
Processing (fid=19, iid=8, rep=19)...
Processing (fid=19, iid=9, rep=0)...
Processing (fid=19, iid=9, rep=1)...
Processing (fid=19, iid=9, rep=2)...
Processing (fid=19, iid=9, rep=3)...
Processing (fid=19, iid=9, rep=4)...
Processing (fid=19, iid=9, rep=5)...
Processing (fid=19, iid=9, rep=6)...
Processing (fid=19, iid=9, rep=7)...
Processing (fid=19, iid=9, rep=8)...
Processing (fid=19, iid=9, rep=9)...
Processing (fid=19, iid=9, rep=10)...
Processing (fid=19, iid=9, rep=11)...
Processing (fid=19, iid=9, rep=12)...
Processing (fid=19, iid=9, rep=13)...
Processing (fid=19, iid=9, rep=14)...
Processing (fid=19, iid=9, rep=15)...
Processing (fid=19, iid=9, rep=16)...
Processing (fid=19, iid=9, rep=17)...
Processing (fid=19, iid=9, rep=18)...
Processing (fid=19, iid=9, rep=19)...
Processing (fid=20, iid=8, rep=0)...
Processing (fid=20, iid=8, rep=1)...
Processing (fid=20, iid=8, rep=2)...
Processing (fid=20, iid=8, rep=3)...
Processing (fid=20, iid=8, rep=4)...
Processing (fid=20, iid=8, rep=5)...
Processing (fid=20, iid=8, rep=6)...
Processing (fid=20, iid=8, rep=7)...
Processing (fid=20, iid=8, rep=8)...
Processing (fid=20, iid=8, rep=9)...
Processing (fid=20, iid=8, rep=10)...
Processing (fid=20, iid=8, rep=11)...
Processing (fid=20, iid=8, rep=12)...
Processing (fid=20, iid=8, rep=13)...
Processing (fid=20, iid=8, rep=14)...
Processing (fid=20, iid=8, rep=15)...
Processing (fid=20, iid=8, rep=16)...
Processing (fid=20, iid=8, rep=17)...
Processing (fid=20, iid=8, rep=18)...
Processing (fid=20, iid=8, rep=19)...
Processing (fid=20, iid=9, rep=0)...
Processing (fid=20, iid=9, rep=1)...
Processing (fid=20, iid=9, rep=2)...
Processing (fid=20, iid=9, rep=3)...
Processing (fid=20, iid=9, rep=4)...
Processing (fid=20, iid=9, rep=5)...
Processing (fid=20, iid=9, rep=6)...
Processing (fid=20, iid=9, rep=7)...
Processing (fid=20, iid=9, rep=8)...
Processing (fid=20, iid=9, rep=9)...
Processing (fid=20, iid=9, rep=10)...
Processing (fid=20, iid=9, rep=11)...
Processing (fid=20, iid=9, rep=12)...
Processing (fid=20, iid=9, rep=13)...
Processing (fid=20, iid=9, rep=14)...
Processing (fid=20, iid=9, rep=15)...
Processing (fid=20, iid=9, rep=16)...
Processing (fid=20, iid=9, rep=17)...
Processing (fid=20, iid=9, rep=18)...
Processing (fid=20, iid=9, rep=19)...
Processing (fid=21, iid=8, rep=0)...
Processing (fid=21, iid=8, rep=1)...
Processing (fid=21, iid=8, rep=2)...
Processing (fid=21, iid=8, rep=3)...
Processing (fid=21, iid=8, rep=4)...
Processing (fid=21, iid=8, rep=5)...
Processing (fid=21, iid=8, rep=6)...
Processing (fid=21, iid=8, rep=7)...
Processing (fid=21, iid=8, rep=8)...
Processing (fid=21, iid=8, rep=9)...
Processing (fid=21, iid=8, rep=10)...
Processing (fid=21, iid=8, rep=11)...
Processing (fid=21, iid=8, rep=12)...
Processing (fid=21, iid=8, rep=13)...
Processing (fid=21, iid=8, rep=14)...
Processing (fid=21, iid=8, rep=15)...
Processing (fid=21, iid=8, rep=16)...
Processing (fid=21, iid=8, rep=17)...
Processing (fid=21, iid=8, rep=18)...
Processing (fid=21, iid=8, rep=19)...
Processing (fid=21, iid=9, rep=0)...
Processing (fid=21, iid=9, rep=1)...
Processing (fid=21, iid=9, rep=2)...
Processing (fid=21, iid=9, rep=3)...
Processing (fid=21, iid=9, rep=4)...
Processing (fid=21, iid=9, rep=5)...
Processing (fid=21, iid=9, rep=6)...
Processing (fid=21, iid=9, rep=7)...
Processing (fid=21, iid=9, rep=8)...
Processing (fid=21, iid=9, rep=9)...
Processing (fid=21, iid=9, rep=10)...
Processing (fid=21, iid=9, rep=11)...
Processing (fid=21, iid=9, rep=12)...
Processing (fid=21, iid=9, rep=13)...
Processing (fid=21, iid=9, rep=14)...
Processing (fid=21, iid=9, rep=15)...
Processing (fid=21, iid=9, rep=16)...
Processing (fid=21, iid=9, rep=17)...
Processing (fid=21, iid=9, rep=18)...
Processing (fid=21, iid=9, rep=19)...
Processing (fid=22, iid=8, rep=0)...
Processing (fid=22, iid=8, rep=1)...
Processing (fid=22, iid=8, rep=2)...
Processing (fid=22, iid=8, rep=3)...
Processing (fid=22, iid=8, rep=4)...
Processing (fid=22, iid=8, rep=5)...
Processing (fid=22, iid=8, rep=6)...
Processing (fid=22, iid=8, rep=7)...
Processing (fid=22, iid=8, rep=8)...
Processing (fid=22, iid=8, rep=9)...
Processing (fid=22, iid=8, rep=10)...
Processing (fid=22, iid=8, rep=11)...
Processing (fid=22, iid=8, rep=12)...
Processing (fid=22, iid=8, rep=13)...
Processing (fid=22, iid=8, rep=14)...
Processing (fid=22, iid=8, rep=15)...
Processing (fid=22, iid=8, rep=16)...
Processing (fid=22, iid=8, rep=17)...
Processing (fid=22, iid=8, rep=18)...
Processing (fid=22, iid=8, rep=19)...
Processing (fid=22, iid=9, rep=0)...
Processing (fid=22, iid=9, rep=1)...
Processing (fid=22, iid=9, rep=2)...
Processing (fid=22, iid=9, rep=3)...
Processing (fid=22, iid=9, rep=4)...
Processing (fid=22, iid=9, rep=5)...
Processing (fid=22, iid=9, rep=6)...
Processing (fid=22, iid=9, rep=7)...
Processing (fid=22, iid=9, rep=8)...
Processing (fid=22, iid=9, rep=9)...
Processing (fid=22, iid=9, rep=10)...
Processing (fid=22, iid=9, rep=11)...
Processing (fid=22, iid=9, rep=12)...
Processing (fid=22, iid=9, rep=13)...
Processing (fid=22, iid=9, rep=14)...
Processing (fid=22, iid=9, rep=15)...
Processing (fid=22, iid=9, rep=16)...
Processing (fid=22, iid=9, rep=17)...
Processing (fid=22, iid=9, rep=18)...
Processing (fid=22, iid=9, rep=19)...
Processing (fid=23, iid=8, rep=0)...
Processing (fid=23, iid=8, rep=1)...
Processing (fid=23, iid=8, rep=2)...
Processing (fid=23, iid=8, rep=3)...
Processing (fid=23, iid=8, rep=4)...
Processing (fid=23, iid=8, rep=5)...
Processing (fid=23, iid=8, rep=6)...
Processing (fid=23, iid=8, rep=7)...
Processing (fid=23, iid=8, rep=8)...
Processing (fid=23, iid=8, rep=9)...
Processing (fid=23, iid=8, rep=10)...
Processing (fid=23, iid=8, rep=11)...
Processing (fid=23, iid=8, rep=12)...
Processing (fid=23, iid=8, rep=13)...
Processing (fid=23, iid=8, rep=14)...
Processing (fid=23, iid=8, rep=15)...
Processing (fid=23, iid=8, rep=16)...
Processing (fid=23, iid=8, rep=17)...
Processing (fid=23, iid=8, rep=18)...
Processing (fid=23, iid=8, rep=19)...
Processing (fid=23, iid=9, rep=0)...
Processing (fid=23, iid=9, rep=1)...
Processing (fid=23, iid=9, rep=2)...
Processing (fid=23, iid=9, rep=3)...
Processing (fid=23, iid=9, rep=4)...
Processing (fid=23, iid=9, rep=5)...
Processing (fid=23, iid=9, rep=6)...
Processing (fid=23, iid=9, rep=7)...
Processing (fid=23, iid=9, rep=8)...
Processing (fid=23, iid=9, rep=9)...
Processing (fid=23, iid=9, rep=10)...
Processing (fid=23, iid=9, rep=11)...
Processing (fid=23, iid=9, rep=12)...
Processing (fid=23, iid=9, rep=13)...
Processing (fid=23, iid=9, rep=14)...
Processing (fid=23, iid=9, rep=15)...
Processing (fid=23, iid=9, rep=16)...
Processing (fid=23, iid=9, rep=17)...
Processing (fid=23, iid=9, rep=18)...
Processing (fid=23, iid=9, rep=19)...
Processing (fid=24, iid=8, rep=0)...
Processing (fid=24, iid=8, rep=1)...
Processing (fid=24, iid=8, rep=2)...
Processing (fid=24, iid=8, rep=3)...
Processing (fid=24, iid=8, rep=4)...
Processing (fid=24, iid=8, rep=5)...
Processing (fid=24, iid=8, rep=6)...
Processing (fid=24, iid=8, rep=7)...
Processing (fid=24, iid=8, rep=8)...
Processing (fid=24, iid=8, rep=9)...
Processing (fid=24, iid=8, rep=10)...
Processing (fid=24, iid=8, rep=11)...
Processing (fid=24, iid=8, rep=12)...
Processing (fid=24, iid=8, rep=13)...
Processing (fid=24, iid=8, rep=14)...
Processing (fid=24, iid=8, rep=15)...
Processing (fid=24, iid=8, rep=16)...
Processing (fid=24, iid=8, rep=17)...
Processing (fid=24, iid=8, rep=18)...
Processing (fid=24, iid=8, rep=19)...
Processing (fid=24, iid=9, rep=0)...
Processing (fid=24, iid=9, rep=1)...
Processing (fid=24, iid=9, rep=2)...
Processing (fid=24, iid=9, rep=3)...
Processing (fid=24, iid=9, rep=4)...
Processing (fid=24, iid=9, rep=5)...
Processing (fid=24, iid=9, rep=6)...
Processing (fid=24, iid=9, rep=7)...
Processing (fid=24, iid=9, rep=8)...
Processing (fid=24, iid=9, rep=9)...
Processing (fid=24, iid=9, rep=10)...
Processing (fid=24, iid=9, rep=11)...
Processing (fid=24, iid=9, rep=12)...
Processing (fid=24, iid=9, rep=13)...
Processing (fid=24, iid=9, rep=14)...
Processing (fid=24, iid=9, rep=15)...
Processing (fid=24, iid=9, rep=16)...
Processing (fid=24, iid=9, rep=17)...
Processing (fid=24, iid=9, rep=18)...
Processing (fid=24, iid=9, rep=19)...
Incremental results saved to: ../results/testSet/selector_results_old_tuning_75.csv
