{'threshold_b100': 0.85, 'threshold_b150': 0.55, 'threshold_b16': 0.7, 'threshold_b200': 0.9, 'threshold_b24': 0.4, 'threshold_b250': 0.3, 'threshold_b300': 0.1, 'threshold_b32': 0.5, 'threshold_b350': 0.85, 'threshold_b40': 0.7, 'threshold_b400': 1.0, 'threshold_b450': 0.3, 'threshold_b48': 1.0, 'threshold_b500plus': 0.3, 'threshold_b56': 0.9, 'threshold_b64': 0.55, 'threshold_b72': 0.85, 'threshold_b8': 0.9, 'threshold_b80': 0.95, 'threshold_b88': 1.0, 'threshold_b96': 0.7}
1.0
{'bootstrap': np.True_, 'ccp_alpha': 0.0, 'class_weight': None, 'criterion': 'gini', 'max_depth': None, 'max_features': 0.3058904424636, 'max_leaf_nodes': None, 'max_samples': None, 'min_impurity_decrease': 0.0, 'min_samples_leaf': 2, 'min_samples_split': 15, 'min_weight_fraction_leaf': 0.0, 'monotonic_cst': None, 'n_estimators': 119, 'n_jobs': None, 'oob_score': False, 'random_state': None, 'verbose': 0, 'warm_start': False}
0.5
{'bootstrap': np.True_, 'ccp_alpha': 0.0, 'class_weight': None, 'criterion': 'gini', 'max_depth': None, 'max_features': 0.3058904424636, 'max_leaf_nodes': None, 'max_samples': None, 'min_impurity_decrease': 0.0, 'min_samples_leaf': 2, 'min_samples_split': 15, 'min_weight_fraction_leaf': 0.0, 'monotonic_cst': None, 'n_estimators': 119, 'n_jobs': None, 'oob_score': False, 'random_state': None, 'verbose': 0, 'warm_start': False}
0.1
{'bootstrap': np.True_, 'ccp_alpha': 0.0, 'class_weight': None, 'criterion': 'gini', 'max_depth': None, 'max_features': 0.3058904424636, 'max_leaf_nodes': None, 'max_samples': None, 'min_impurity_decrease': 0.0, 'min_samples_leaf': 2, 'min_samples_split': 15, 'min_weight_fraction_leaf': 0.0, 'monotonic_cst': None, 'n_estimators': 119, 'n_jobs': None, 'oob_score': False, 'random_state': None, 'verbose': 0, 'warm_start': False}
0.9
{'bootstrap': np.True_, 'ccp_alpha': 0.0, 'class_weight': None, 'criterion': 'gini', 'max_depth': None, 'max_features': 0.3058904424636, 'max_leaf_nodes': None, 'max_samples': None, 'min_impurity_decrease': 0.0, 'min_samples_leaf': 2, 'min_samples_split': 15, 'min_weight_fraction_leaf': 0.0, 'monotonic_cst': None, 'n_estimators': 119, 'n_jobs': None, 'oob_score': False, 'random_state': None, 'verbose': 0, 'warm_start': False}
0.3
{'bootstrap': np.True_, 'ccp_alpha': 0.0, 'class_weight': None, 'criterion': 'gini', 'max_depth': None, 'max_features': 0.3058904424636, 'max_leaf_nodes': None, 'max_samples': None, 'min_impurity_decrease': 0.0, 'min_samples_leaf': 2, 'min_samples_split': 15, 'min_weight_fraction_leaf': 0.0, 'monotonic_cst': None, 'n_estimators': 119, 'n_jobs': None, 'oob_score': False, 'random_state': None, 'verbose': 0, 'warm_start': False}
0.3
{'bootstrap': np.True_, 'ccp_alpha': 0.0, 'class_weight': None, 'criterion': 'gini', 'max_depth': None, 'max_features': 0.3058904424636, 'max_leaf_nodes': None, 'max_samples': None, 'min_impurity_decrease': 0.0, 'min_samples_leaf': 2, 'min_samples_split': 15, 'min_weight_fraction_leaf': 0.0, 'monotonic_cst': None, 'n_estimators': 119, 'n_jobs': None, 'oob_score': False, 'random_state': None, 'verbose': 0, 'warm_start': False}
0.4
{'bootstrap': np.True_, 'ccp_alpha': 0.0, 'class_weight': None, 'criterion': 'gini', 'max_depth': None, 'max_features': 0.3058904424636, 'max_leaf_nodes': None, 'max_samples': None, 'min_impurity_decrease': 0.0, 'min_samples_leaf': 2, 'min_samples_split': 15, 'min_weight_fraction_leaf': 0.0, 'monotonic_cst': None, 'n_estimators': 119, 'n_jobs': None, 'oob_score': False, 'random_state': None, 'verbose': 0, 'warm_start': False}
1.0
{'bootstrap': np.True_, 'ccp_alpha': 0.0, 'class_weight': None, 'criterion': 'gini', 'max_depth': None, 'max_features': 0.3058904424636, 'max_leaf_nodes': None, 'max_samples': None, 'min_impurity_decrease': 0.0, 'min_samples_leaf': 2, 'min_samples_split': 15, 'min_weight_fraction_leaf': 0.0, 'monotonic_cst': None, 'n_estimators': 119, 'n_jobs': None, 'oob_score': False, 'random_state': None, 'verbose': 0, 'warm_start': False}
0.3
{'bootstrap': np.True_, 'ccp_alpha': 0.0, 'class_weight': None, 'criterion': 'gini', 'max_depth': None, 'max_features': 0.3058904424636, 'max_leaf_nodes': None, 'max_samples': None, 'min_impurity_decrease': 0.0, 'min_samples_leaf': 2, 'min_samples_split': 15, 'min_weight_fraction_leaf': 0.0, 'monotonic_cst': None, 'n_estimators': 119, 'n_jobs': None, 'oob_score': False, 'random_state': None, 'verbose': 0, 'warm_start': False}
0.3
{'bootstrap': np.True_, 'ccp_alpha': 0.0, 'class_weight': None, 'criterion': 'gini', 'max_depth': None, 'max_features': 0.3058904424636, 'max_leaf_nodes': None, 'max_samples': None, 'min_impurity_decrease': 0.0, 'min_samples_leaf': 2, 'min_samples_split': 15, 'min_weight_fraction_leaf': 0.0, 'monotonic_cst': None, 'n_estimators': 119, 'n_jobs': None, 'oob_score': False, 'random_state': None, 'verbose': 0, 'warm_start': False}
0.7
{'bootstrap': np.True_, 'ccp_alpha': 0.0, 'class_weight': None, 'criterion': 'gini', 'max_depth': None, 'max_features': 0.3058904424636, 'max_leaf_nodes': None, 'max_samples': None, 'min_impurity_decrease': 0.0, 'min_samples_leaf': 2, 'min_samples_split': 15, 'min_weight_fraction_leaf': 0.0, 'monotonic_cst': None, 'n_estimators': 119, 'n_jobs': None, 'oob_score': False, 'random_state': None, 'verbose': 0, 'warm_start': False}
0.3
{'bootstrap': np.True_, 'ccp_alpha': 0.0, 'class_weight': None, 'criterion': 'gini', 'max_depth': None, 'max_features': 0.3058904424636, 'max_leaf_nodes': None, 'max_samples': None, 'min_impurity_decrease': 0.0, 'min_samples_leaf': 2, 'min_samples_split': 15, 'min_weight_fraction_leaf': 0.0, 'monotonic_cst': None, 'n_estimators': 119, 'n_jobs': None, 'oob_score': False, 'random_state': None, 'verbose': 0, 'warm_start': False}
0.3
{'bootstrap': np.True_, 'ccp_alpha': 0.0, 'class_weight': None, 'criterion': 'gini', 'max_depth': None, 'max_features': 0.3058904424636, 'max_leaf_nodes': None, 'max_samples': None, 'min_impurity_decrease': 0.0, 'min_samples_leaf': 2, 'min_samples_split': 15, 'min_weight_fraction_leaf': 0.0, 'monotonic_cst': None, 'n_estimators': 119, 'n_jobs': None, 'oob_score': False, 'random_state': None, 'verbose': 0, 'warm_start': False}
0.3
{'bootstrap': np.True_, 'ccp_alpha': 0.0, 'class_weight': None, 'criterion': 'gini', 'max_depth': None, 'max_features': 0.3058904424636, 'max_leaf_nodes': None, 'max_samples': None, 'min_impurity_decrease': 0.0, 'min_samples_leaf': 2, 'min_samples_split': 15, 'min_weight_fraction_leaf': 0.0, 'monotonic_cst': None, 'n_estimators': 119, 'n_jobs': None, 'oob_score': False, 'random_state': None, 'verbose': 0, 'warm_start': False}
0.55
{'bootstrap': np.True_, 'ccp_alpha': 0.0, 'class_weight': None, 'criterion': 'gini', 'max_depth': None, 'max_features': 0.3058904424636, 'max_leaf_nodes': None, 'max_samples': None, 'min_impurity_decrease': 0.0, 'min_samples_leaf': 2, 'min_samples_split': 15, 'min_weight_fraction_leaf': 0.0, 'monotonic_cst': None, 'n_estimators': 119, 'n_jobs': None, 'oob_score': False, 'random_state': None, 'verbose': 0, 'warm_start': False}
0.95
{'bootstrap': np.True_, 'ccp_alpha': 0.0, 'class_weight': None, 'criterion': 'gini', 'max_depth': None, 'max_features': 0.3058904424636, 'max_leaf_nodes': None, 'max_samples': None, 'min_impurity_decrease': 0.0, 'min_samples_leaf': 2, 'min_samples_split': 15, 'min_weight_fraction_leaf': 0.0, 'monotonic_cst': None, 'n_estimators': 119, 'n_jobs': None, 'oob_score': False, 'random_state': None, 'verbose': 0, 'warm_start': False}
0.3
{'bootstrap': np.True_, 'ccp_alpha': 0.0, 'class_weight': None, 'criterion': 'gini', 'max_depth': None, 'max_features': 0.3058904424636, 'max_leaf_nodes': None, 'max_samples': None, 'min_impurity_decrease': 0.0, 'min_samples_leaf': 2, 'min_samples_split': 15, 'min_weight_fraction_leaf': 0.0, 'monotonic_cst': None, 'n_estimators': 119, 'n_jobs': None, 'oob_score': False, 'random_state': None, 'verbose': 0, 'warm_start': False}
0.9
{'bootstrap': np.True_, 'ccp_alpha': 0.0, 'class_weight': None, 'criterion': 'gini', 'max_depth': None, 'max_features': 0.3058904424636, 'max_leaf_nodes': None, 'max_samples': None, 'min_impurity_decrease': 0.0, 'min_samples_leaf': 2, 'min_samples_split': 15, 'min_weight_fraction_leaf': 0.0, 'monotonic_cst': None, 'n_estimators': 119, 'n_jobs': None, 'oob_score': False, 'random_state': None, 'verbose': 0, 'warm_start': False}
0.85
{'bootstrap': np.True_, 'ccp_alpha': 0.0, 'class_weight': None, 'criterion': 'gini', 'max_depth': None, 'max_features': 0.3058904424636, 'max_leaf_nodes': None, 'max_samples': None, 'min_impurity_decrease': 0.0, 'min_samples_leaf': 2, 'min_samples_split': 15, 'min_weight_fraction_leaf': 0.0, 'monotonic_cst': None, 'n_estimators': 119, 'n_jobs': None, 'oob_score': False, 'random_state': None, 'verbose': 0, 'warm_start': False}
0.85
{'bootstrap': np.True_, 'ccp_alpha': 0.0, 'class_weight': None, 'criterion': 'gini', 'max_depth': None, 'max_features': 0.3058904424636, 'max_leaf_nodes': None, 'max_samples': None, 'min_impurity_decrease': 0.0, 'min_samples_leaf': 2, 'min_samples_split': 15, 'min_weight_fraction_leaf': 0.0, 'monotonic_cst': None, 'n_estimators': 119, 'n_jobs': None, 'oob_score': False, 'random_state': None, 'verbose': 0, 'warm_start': False}
0.85
{'bootstrap': np.True_, 'ccp_alpha': 0.0, 'class_weight': None, 'criterion': 'gini', 'max_depth': None, 'max_features': 0.3058904424636, 'max_leaf_nodes': None, 'max_samples': None, 'min_impurity_decrease': 0.0, 'min_samples_leaf': 2, 'min_samples_split': 15, 'min_weight_fraction_leaf': 0.0, 'monotonic_cst': None, 'n_estimators': 119, 'n_jobs': None, 'oob_score': False, 'random_state': None, 'verbose': 0, 'warm_start': False}
0.3
{'bootstrap': np.True_, 'ccp_alpha': 0.0, 'class_weight': None, 'criterion': 'gini', 'max_depth': None, 'max_features': 0.3058904424636, 'max_leaf_nodes': None, 'max_samples': None, 'min_impurity_decrease': 0.0, 'min_samples_leaf': 2, 'min_samples_split': 15, 'min_weight_fraction_leaf': 0.0, 'monotonic_cst': None, 'n_estimators': 119, 'n_jobs': None, 'oob_score': False, 'random_state': None, 'verbose': 0, 'warm_start': False}
0.3
{'bootstrap': np.True_, 'ccp_alpha': 0.0, 'class_weight': None, 'criterion': 'gini', 'max_depth': None, 'max_features': 0.3058904424636, 'max_leaf_nodes': None, 'max_samples': None, 'min_impurity_decrease': 0.0, 'min_samples_leaf': 2, 'min_samples_split': 15, 'min_weight_fraction_leaf': 0.0, 'monotonic_cst': None, 'n_estimators': 119, 'n_jobs': None, 'oob_score': False, 'random_state': None, 'verbose': 0, 'warm_start': False}
0.7
{'bootstrap': np.True_, 'ccp_alpha': 0.0, 'class_weight': None, 'criterion': 'gini', 'max_depth': None, 'max_features': 0.3058904424636, 'max_leaf_nodes': None, 'max_samples': None, 'min_impurity_decrease': 0.0, 'min_samples_leaf': 2, 'min_samples_split': 15, 'min_weight_fraction_leaf': 0.0, 'monotonic_cst': None, 'n_estimators': 119, 'n_jobs': None, 'oob_score': False, 'random_state': None, 'verbose': 0, 'warm_start': False}
0.3
{'bootstrap': np.True_, 'ccp_alpha': 0.0, 'class_weight': None, 'criterion': 'gini', 'max_depth': None, 'max_features': 0.3058904424636, 'max_leaf_nodes': None, 'max_samples': None, 'min_impurity_decrease': 0.0, 'min_samples_leaf': 2, 'min_samples_split': 15, 'min_weight_fraction_leaf': 0.0, 'monotonic_cst': None, 'n_estimators': 119, 'n_jobs': None, 'oob_score': False, 'random_state': None, 'verbose': 0, 'warm_start': False}
0.3
{'bootstrap': np.True_, 'ccp_alpha': 0.0, 'class_weight': None, 'criterion': 'gini', 'max_depth': None, 'max_features': 0.3058904424636, 'max_leaf_nodes': None, 'max_samples': None, 'min_impurity_decrease': 0.0, 'min_samples_leaf': 2, 'min_samples_split': 15, 'min_weight_fraction_leaf': 0.0, 'monotonic_cst': None, 'n_estimators': 119, 'n_jobs': None, 'oob_score': False, 'random_state': None, 'verbose': 0, 'warm_start': False}
0.7
{'bootstrap': np.True_, 'ccp_alpha': 0.0, 'class_weight': None, 'criterion': 'gini', 'max_depth': None, 'max_features': 0.3058904424636, 'max_leaf_nodes': None, 'max_samples': None, 'min_impurity_decrease': 0.0, 'min_samples_leaf': 2, 'min_samples_split': 15, 'min_weight_fraction_leaf': 0.0, 'monotonic_cst': None, 'n_estimators': 119, 'n_jobs': None, 'oob_score': False, 'random_state': None, 'verbose': 0, 'warm_start': False}
0.55
{'bootstrap': np.True_, 'ccp_alpha': 0.0, 'class_weight': None, 'criterion': 'gini', 'max_depth': None, 'max_features': 0.3058904424636, 'max_leaf_nodes': None, 'max_samples': None, 'min_impurity_decrease': 0.0, 'min_samples_leaf': 2, 'min_samples_split': 15, 'min_weight_fraction_leaf': 0.0, 'monotonic_cst': None, 'n_estimators': 119, 'n_jobs': None, 'oob_score': False, 'random_state': None, 'verbose': 0, 'warm_start': False}
1.0
{'bootstrap': np.True_, 'ccp_alpha': 0.0, 'class_weight': None, 'criterion': 'gini', 'max_depth': None, 'max_features': 0.3058904424636, 'max_leaf_nodes': None, 'max_samples': None, 'min_impurity_decrease': 0.0, 'min_samples_leaf': 2, 'min_samples_split': 15, 'min_weight_fraction_leaf': 0.0, 'monotonic_cst': None, 'n_estimators': 119, 'n_jobs': None, 'oob_score': False, 'random_state': None, 'verbose': 0, 'warm_start': False}
0.9
{'bootstrap': np.True_, 'ccp_alpha': 0.0, 'class_weight': None, 'criterion': 'gini', 'max_depth': None, 'max_features': 0.3058904424636, 'max_leaf_nodes': None, 'max_samples': None, 'min_impurity_decrease': 0.0, 'min_samples_leaf': 2, 'min_samples_split': 15, 'min_weight_fraction_leaf': 0.0, 'monotonic_cst': None, 'n_estimators': 119, 'n_jobs': None, 'oob_score': False, 'random_state': None, 'verbose': 0, 'warm_start': False}
{'bootstrap': np.True_, 'ccp_alpha': 0.0, 'criterion': 'squared_error', 'max_depth': None, 'max_features': 0.2233668995562, 'max_leaf_nodes': None, 'max_samples': None, 'min_impurity_decrease': 0.0, 'min_samples_leaf': 17, 'min_samples_split': 9, 'min_weight_fraction_leaf': 0.0, 'monotonic_cst': None, 'n_estimators': 105, 'n_jobs': None, 'oob_score': False, 'random_state': 42, 'verbose': 0, 'warm_start': False}
{'bootstrap': np.True_, 'ccp_alpha': 0.0, 'criterion': 'squared_error', 'max_depth': None, 'max_features': 0.3414165519386, 'max_leaf_nodes': None, 'max_samples': None, 'min_impurity_decrease': 0.0, 'min_samples_leaf': 7, 'min_samples_split': 2, 'min_weight_fraction_leaf': 0.0, 'monotonic_cst': None, 'n_estimators': 115, 'n_jobs': None, 'oob_score': False, 'random_state': 42, 'verbose': 0, 'warm_start': False}
{'bootstrap': np.False_, 'ccp_alpha': 0.0, 'criterion': 'squared_error', 'max_depth': None, 'max_features': 0.1970905024576, 'max_leaf_nodes': None, 'max_samples': None, 'min_impurity_decrease': 0.0, 'min_samples_leaf': 15, 'min_samples_split': 10, 'min_weight_fraction_leaf': 0.0, 'monotonic_cst': None, 'n_estimators': 108, 'n_jobs': None, 'oob_score': False, 'random_state': 42, 'verbose': 0, 'warm_start': False}
{'bootstrap': np.True_, 'ccp_alpha': 0.0, 'criterion': 'squared_error', 'max_depth': None, 'max_features': 0.9352179458985, 'max_leaf_nodes': None, 'max_samples': None, 'min_impurity_decrease': 0.0, 'min_samples_leaf': 8, 'min_samples_split': 4, 'min_weight_fraction_leaf': 0.0, 'monotonic_cst': None, 'n_estimators': 35, 'n_jobs': None, 'oob_score': False, 'random_state': 42, 'verbose': 0, 'warm_start': False}
{'bootstrap': np.False_, 'ccp_alpha': 0.0, 'criterion': 'squared_error', 'max_depth': None, 'max_features': 0.2190513899714, 'max_leaf_nodes': None, 'max_samples': None, 'min_impurity_decrease': 0.0, 'min_samples_leaf': 5, 'min_samples_split': 20, 'min_weight_fraction_leaf': 0.0, 'monotonic_cst': None, 'n_estimators': 106, 'n_jobs': None, 'oob_score': False, 'random_state': 42, 'verbose': 0, 'warm_start': False}
{'bootstrap': np.False_, 'ccp_alpha': 0.0, 'criterion': 'squared_error', 'max_depth': None, 'max_features': 0.1403182892934, 'max_leaf_nodes': None, 'max_samples': None, 'min_impurity_decrease': 0.0, 'min_samples_leaf': 14, 'min_samples_split': 7, 'min_weight_fraction_leaf': 0.0, 'monotonic_cst': None, 'n_estimators': 58, 'n_jobs': None, 'oob_score': False, 'random_state': 42, 'verbose': 0, 'warm_start': False}
{'bootstrap': np.True_, 'ccp_alpha': 0.0, 'criterion': 'squared_error', 'max_depth': None, 'max_features': 0.2200734432892, 'max_leaf_nodes': None, 'max_samples': None, 'min_impurity_decrease': 0.0, 'min_samples_leaf': 20, 'min_samples_split': 3, 'min_weight_fraction_leaf': 0.0, 'monotonic_cst': None, 'n_estimators': 55, 'n_jobs': None, 'oob_score': False, 'random_state': 42, 'verbose': 0, 'warm_start': False}
{'bootstrap': np.False_, 'ccp_alpha': 0.0, 'criterion': 'squared_error', 'max_depth': None, 'max_features': 0.2116518360159, 'max_leaf_nodes': None, 'max_samples': None, 'min_impurity_decrease': 0.0, 'min_samples_leaf': 11, 'min_samples_split': 14, 'min_weight_fraction_leaf': 0.0, 'monotonic_cst': None, 'n_estimators': 79, 'n_jobs': None, 'oob_score': False, 'random_state': 42, 'verbose': 0, 'warm_start': False}
{'bootstrap': np.False_, 'ccp_alpha': 0.0, 'criterion': 'squared_error', 'max_depth': None, 'max_features': 0.2467799283439, 'max_leaf_nodes': None, 'max_samples': None, 'min_impurity_decrease': 0.0, 'min_samples_leaf': 2, 'min_samples_split': 3, 'min_weight_fraction_leaf': 0.0, 'monotonic_cst': None, 'n_estimators': 99, 'n_jobs': None, 'oob_score': False, 'random_state': 42, 'verbose': 0, 'warm_start': False}
{'bootstrap': np.False_, 'ccp_alpha': 0.0, 'criterion': 'squared_error', 'max_depth': None, 'max_features': 0.2845106717836, 'max_leaf_nodes': None, 'max_samples': None, 'min_impurity_decrease': 0.0, 'min_samples_leaf': 16, 'min_samples_split': 10, 'min_weight_fraction_leaf': 0.0, 'monotonic_cst': None, 'n_estimators': 71, 'n_jobs': None, 'oob_score': False, 'random_state': 42, 'verbose': 0, 'warm_start': False}
{'bootstrap': np.True_, 'ccp_alpha': 0.0, 'criterion': 'squared_error', 'max_depth': None, 'max_features': 0.2082124328917, 'max_leaf_nodes': None, 'max_samples': None, 'min_impurity_decrease': 0.0, 'min_samples_leaf': 20, 'min_samples_split': 20, 'min_weight_fraction_leaf': 0.0, 'monotonic_cst': None, 'n_estimators': 30, 'n_jobs': None, 'oob_score': False, 'random_state': 42, 'verbose': 0, 'warm_start': False}
{'bootstrap': np.True_, 'ccp_alpha': 0.0, 'criterion': 'squared_error', 'max_depth': None, 'max_features': 0.3972786502648, 'max_leaf_nodes': None, 'max_samples': None, 'min_impurity_decrease': 0.0, 'min_samples_leaf': 5, 'min_samples_split': 18, 'min_weight_fraction_leaf': 0.0, 'monotonic_cst': None, 'n_estimators': 81, 'n_jobs': None, 'oob_score': False, 'random_state': 42, 'verbose': 0, 'warm_start': False}
{'bootstrap': False, 'ccp_alpha': 0.0, 'criterion': 'squared_error', 'max_depth': None, 'max_features': 0.3013091229828, 'max_leaf_nodes': None, 'max_samples': None, 'min_impurity_decrease': 0.0, 'min_samples_leaf': 7, 'min_samples_split': 9, 'min_weight_fraction_leaf': 0.0, 'monotonic_cst': None, 'n_estimators': 55, 'n_jobs': None, 'oob_score': False, 'random_state': 42, 'verbose': 0, 'warm_start': False}
{'bootstrap': np.True_, 'ccp_alpha': 0.0, 'criterion': 'squared_error', 'max_depth': None, 'max_features': 0.3942005206942, 'max_leaf_nodes': None, 'max_samples': None, 'min_impurity_decrease': 0.0, 'min_samples_leaf': 20, 'min_samples_split': 15, 'min_weight_fraction_leaf': 0.0, 'monotonic_cst': None, 'n_estimators': 65, 'n_jobs': None, 'oob_score': False, 'random_state': 42, 'verbose': 0, 'warm_start': False}
{'bootstrap': np.True_, 'ccp_alpha': 0.0, 'criterion': 'squared_error', 'max_depth': None, 'max_features': 0.6502282557675, 'max_leaf_nodes': None, 'max_samples': None, 'min_impurity_decrease': 0.0, 'min_samples_leaf': 4, 'min_samples_split': 16, 'min_weight_fraction_leaf': 0.0, 'monotonic_cst': None, 'n_estimators': 112, 'n_jobs': None, 'oob_score': False, 'random_state': 42, 'verbose': 0, 'warm_start': False}
{'bootstrap': np.True_, 'ccp_alpha': 0.0, 'criterion': 'squared_error', 'max_depth': None, 'max_features': 0.6558490277268, 'max_leaf_nodes': None, 'max_samples': None, 'min_impurity_decrease': 0.0, 'min_samples_leaf': 16, 'min_samples_split': 14, 'min_weight_fraction_leaf': 0.0, 'monotonic_cst': None, 'n_estimators': 67, 'n_jobs': None, 'oob_score': False, 'random_state': 42, 'verbose': 0, 'warm_start': False}
{'bootstrap': np.False_, 'ccp_alpha': 0.0, 'criterion': 'squared_error', 'max_depth': None, 'max_features': 0.4412004758092, 'max_leaf_nodes': None, 'max_samples': None, 'min_impurity_decrease': 0.0, 'min_samples_leaf': 6, 'min_samples_split': 20, 'min_weight_fraction_leaf': 0.0, 'monotonic_cst': None, 'n_estimators': 99, 'n_jobs': None, 'oob_score': False, 'random_state': 42, 'verbose': 0, 'warm_start': False}
{'bootstrap': np.True_, 'ccp_alpha': 0.0, 'criterion': 'squared_error', 'max_depth': None, 'max_features': 0.6502282557675, 'max_leaf_nodes': None, 'max_samples': None, 'min_impurity_decrease': 0.0, 'min_samples_leaf': 4, 'min_samples_split': 16, 'min_weight_fraction_leaf': 0.0, 'monotonic_cst': None, 'n_estimators': 112, 'n_jobs': None, 'oob_score': False, 'random_state': 42, 'verbose': 0, 'warm_start': False}
{'bootstrap': np.True_, 'ccp_alpha': 0.0, 'criterion': 'squared_error', 'max_depth': None, 'max_features': 0.5544421246838, 'max_leaf_nodes': None, 'max_samples': None, 'min_impurity_decrease': 0.0, 'min_samples_leaf': 14, 'min_samples_split': 3, 'min_weight_fraction_leaf': 0.0, 'monotonic_cst': None, 'n_estimators': 37, 'n_jobs': None, 'oob_score': False, 'random_state': 42, 'verbose': 0, 'warm_start': False}
{'bootstrap': np.True_, 'ccp_alpha': 0.0, 'criterion': 'squared_error', 'max_depth': None, 'max_features': 0.1881347984239, 'max_leaf_nodes': None, 'max_samples': None, 'min_impurity_decrease': 0.0, 'min_samples_leaf': 14, 'min_samples_split': 9, 'min_weight_fraction_leaf': 0.0, 'monotonic_cst': None, 'n_estimators': 114, 'n_jobs': None, 'oob_score': False, 'random_state': 42, 'verbose': 0, 'warm_start': False}
{'bootstrap': np.True_, 'ccp_alpha': 0.0, 'criterion': 'squared_error', 'max_depth': None, 'max_features': 0.9880286924407, 'max_leaf_nodes': None, 'max_samples': None, 'min_impurity_decrease': 0.0, 'min_samples_leaf': 7, 'min_samples_split': 9, 'min_weight_fraction_leaf': 0.0, 'monotonic_cst': None, 'n_estimators': 98, 'n_jobs': None, 'oob_score': False, 'random_state': 42, 'verbose': 0, 'warm_start': False}
{'bootstrap': False, 'ccp_alpha': 0.0, 'criterion': 'squared_error', 'max_depth': None, 'max_features': 0.3006127719866, 'max_leaf_nodes': None, 'max_samples': None, 'min_impurity_decrease': 0.0, 'min_samples_leaf': 1, 'min_samples_split': 20, 'min_weight_fraction_leaf': 0.0, 'monotonic_cst': None, 'n_estimators': 98, 'n_jobs': None, 'oob_score': False, 'random_state': 42, 'verbose': 0, 'warm_start': False}
{'bootstrap': np.True_, 'ccp_alpha': 0.0, 'criterion': 'squared_error', 'max_depth': None, 'max_features': 0.2233668995562, 'max_leaf_nodes': None, 'max_samples': None, 'min_impurity_decrease': 0.0, 'min_samples_leaf': 17, 'min_samples_split': 9, 'min_weight_fraction_leaf': 0.0, 'monotonic_cst': None, 'n_estimators': 105, 'n_jobs': None, 'oob_score': False, 'random_state': 42, 'verbose': 0, 'warm_start': False}
{'bootstrap': np.False_, 'ccp_alpha': 0.0, 'criterion': 'squared_error', 'max_depth': None, 'max_features': 0.2112206569873, 'max_leaf_nodes': None, 'max_samples': None, 'min_impurity_decrease': 0.0, 'min_samples_leaf': 2, 'min_samples_split': 17, 'min_weight_fraction_leaf': 0.0, 'monotonic_cst': None, 'n_estimators': 65, 'n_jobs': None, 'oob_score': False, 'random_state': 42, 'verbose': 0, 'warm_start': False}
{'bootstrap': np.True_, 'ccp_alpha': 0.0, 'criterion': 'squared_error', 'max_depth': None, 'max_features': 0.1341925904102, 'max_leaf_nodes': None, 'max_samples': None, 'min_impurity_decrease': 0.0, 'min_samples_leaf': 1, 'min_samples_split': 20, 'min_weight_fraction_leaf': 0.0, 'monotonic_cst': None, 'n_estimators': 99, 'n_jobs': None, 'oob_score': False, 'random_state': 42, 'verbose': 0, 'warm_start': False}
{'bootstrap': np.False_, 'ccp_alpha': 0.0, 'criterion': 'squared_error', 'max_depth': None, 'max_features': 0.2039479917337, 'max_leaf_nodes': None, 'max_samples': None, 'min_impurity_decrease': 0.0, 'min_samples_leaf': 7, 'min_samples_split': 15, 'min_weight_fraction_leaf': 0.0, 'monotonic_cst': None, 'n_estimators': 50, 'n_jobs': None, 'oob_score': False, 'random_state': 42, 'verbose': 0, 'warm_start': False}
{'bootstrap': np.True_, 'ccp_alpha': 0.0, 'criterion': 'squared_error', 'max_depth': None, 'max_features': 0.9768206542691, 'max_leaf_nodes': None, 'max_samples': None, 'min_impurity_decrease': 0.0, 'min_samples_leaf': 7, 'min_samples_split': 17, 'min_weight_fraction_leaf': 0.0, 'monotonic_cst': None, 'n_estimators': 104, 'n_jobs': None, 'oob_score': False, 'random_state': 42, 'verbose': 0, 'warm_start': False}
{'bootstrap': np.True_, 'ccp_alpha': 0.0, 'criterion': 'squared_error', 'max_depth': None, 'max_features': 0.2233668995562, 'max_leaf_nodes': None, 'max_samples': None, 'min_impurity_decrease': 0.0, 'min_samples_leaf': 17, 'min_samples_split': 9, 'min_weight_fraction_leaf': 0.0, 'monotonic_cst': None, 'n_estimators': 105, 'n_jobs': None, 'oob_score': False, 'random_state': 42, 'verbose': 0, 'warm_start': False}
{'bootstrap': np.False_, 'ccp_alpha': 0.0, 'criterion': 'squared_error', 'max_depth': None, 'max_features': 0.1401909857479, 'max_leaf_nodes': None, 'max_samples': None, 'min_impurity_decrease': 0.0, 'min_samples_leaf': 2, 'min_samples_split': 7, 'min_weight_fraction_leaf': 0.0, 'monotonic_cst': None, 'n_estimators': 110, 'n_jobs': None, 'oob_score': False, 'random_state': 42, 'verbose': 0, 'warm_start': False}
{'bootstrap': np.True_, 'ccp_alpha': 0.0, 'criterion': 'squared_error', 'max_depth': None, 'max_features': 0.1684095050959, 'max_leaf_nodes': None, 'max_samples': None, 'min_impurity_decrease': 0.0, 'min_samples_leaf': 8, 'min_samples_split': 2, 'min_weight_fraction_leaf': 0.0, 'monotonic_cst': None, 'n_estimators': 118, 'n_jobs': None, 'oob_score': False, 'random_state': 42, 'verbose': 0, 'warm_start': False}
Processing (fid=1, iid=6, rep=0)...
Processing (fid=1, iid=6, rep=1)...
Processing (fid=1, iid=6, rep=2)...
Processing (fid=1, iid=6, rep=3)...
Processing (fid=1, iid=6, rep=4)...
Processing (fid=1, iid=6, rep=5)...
Processing (fid=1, iid=6, rep=6)...
Processing (fid=1, iid=6, rep=7)...
Processing (fid=1, iid=6, rep=8)...
Processing (fid=1, iid=6, rep=9)...
Processing (fid=1, iid=6, rep=10)...
Processing (fid=1, iid=6, rep=11)...
Processing (fid=1, iid=6, rep=12)...
Processing (fid=1, iid=6, rep=13)...
Processing (fid=1, iid=6, rep=14)...
Processing (fid=1, iid=6, rep=15)...
Processing (fid=1, iid=6, rep=16)...
Processing (fid=1, iid=6, rep=17)...
Processing (fid=1, iid=6, rep=18)...
Processing (fid=1, iid=6, rep=19)...
Processing (fid=1, iid=7, rep=0)...
Processing (fid=1, iid=7, rep=1)...
Processing (fid=1, iid=7, rep=2)...
Processing (fid=1, iid=7, rep=3)...
Processing (fid=1, iid=7, rep=4)...
Processing (fid=1, iid=7, rep=5)...
Processing (fid=1, iid=7, rep=6)...
Processing (fid=1, iid=7, rep=7)...
Processing (fid=1, iid=7, rep=8)...
Processing (fid=1, iid=7, rep=9)...
Processing (fid=1, iid=7, rep=10)...
Processing (fid=1, iid=7, rep=11)...
Processing (fid=1, iid=7, rep=12)...
Processing (fid=1, iid=7, rep=13)...
Processing (fid=1, iid=7, rep=14)...
Processing (fid=1, iid=7, rep=15)...
Processing (fid=1, iid=7, rep=16)...
Processing (fid=1, iid=7, rep=17)...
Processing (fid=1, iid=7, rep=18)...
Processing (fid=1, iid=7, rep=19)...
Processing (fid=2, iid=6, rep=0)...
Processing (fid=2, iid=6, rep=1)...
Processing (fid=2, iid=6, rep=2)...
Processing (fid=2, iid=6, rep=3)...
Processing (fid=2, iid=6, rep=4)...
Processing (fid=2, iid=6, rep=5)...
Processing (fid=2, iid=6, rep=6)...
Processing (fid=2, iid=6, rep=7)...
Processing (fid=2, iid=6, rep=8)...
Processing (fid=2, iid=6, rep=9)...
Processing (fid=2, iid=6, rep=10)...
Processing (fid=2, iid=6, rep=11)...
Processing (fid=2, iid=6, rep=12)...
Processing (fid=2, iid=6, rep=13)...
Processing (fid=2, iid=6, rep=14)...
Processing (fid=2, iid=6, rep=15)...
Processing (fid=2, iid=6, rep=16)...
Processing (fid=2, iid=6, rep=17)...
Processing (fid=2, iid=6, rep=18)...
Processing (fid=2, iid=6, rep=19)...
Processing (fid=2, iid=7, rep=0)...
Processing (fid=2, iid=7, rep=1)...
Processing (fid=2, iid=7, rep=2)...
Processing (fid=2, iid=7, rep=3)...
Processing (fid=2, iid=7, rep=4)...
Processing (fid=2, iid=7, rep=5)...
Processing (fid=2, iid=7, rep=6)...
Processing (fid=2, iid=7, rep=7)...
Processing (fid=2, iid=7, rep=8)...
Processing (fid=2, iid=7, rep=9)...
Processing (fid=2, iid=7, rep=10)...
Processing (fid=2, iid=7, rep=11)...
Processing (fid=2, iid=7, rep=12)...
Processing (fid=2, iid=7, rep=13)...
Processing (fid=2, iid=7, rep=14)...
Processing (fid=2, iid=7, rep=15)...
Processing (fid=2, iid=7, rep=16)...
Processing (fid=2, iid=7, rep=17)...
Processing (fid=2, iid=7, rep=18)...
Processing (fid=2, iid=7, rep=19)...
Processing (fid=3, iid=6, rep=0)...
Processing (fid=3, iid=6, rep=1)...
Processing (fid=3, iid=6, rep=2)...
Processing (fid=3, iid=6, rep=3)...
Processing (fid=3, iid=6, rep=4)...
Processing (fid=3, iid=6, rep=5)...
Processing (fid=3, iid=6, rep=6)...
Processing (fid=3, iid=6, rep=7)...
Processing (fid=3, iid=6, rep=8)...
Processing (fid=3, iid=6, rep=9)...
Processing (fid=3, iid=6, rep=10)...
Processing (fid=3, iid=6, rep=11)...
Processing (fid=3, iid=6, rep=12)...
Processing (fid=3, iid=6, rep=13)...
Processing (fid=3, iid=6, rep=14)...
Processing (fid=3, iid=6, rep=15)...
Processing (fid=3, iid=6, rep=16)...
Processing (fid=3, iid=6, rep=17)...
Processing (fid=3, iid=6, rep=18)...
Processing (fid=3, iid=6, rep=19)...
Processing (fid=3, iid=7, rep=0)...
Processing (fid=3, iid=7, rep=1)...
Processing (fid=3, iid=7, rep=2)...
Processing (fid=3, iid=7, rep=3)...
Processing (fid=3, iid=7, rep=4)...
Processing (fid=3, iid=7, rep=5)...
Processing (fid=3, iid=7, rep=6)...
Processing (fid=3, iid=7, rep=7)...
Processing (fid=3, iid=7, rep=8)...
Processing (fid=3, iid=7, rep=9)...
Processing (fid=3, iid=7, rep=10)...
Processing (fid=3, iid=7, rep=11)...
Processing (fid=3, iid=7, rep=12)...
Processing (fid=3, iid=7, rep=13)...
Processing (fid=3, iid=7, rep=14)...
Processing (fid=3, iid=7, rep=15)...
Processing (fid=3, iid=7, rep=16)...
Processing (fid=3, iid=7, rep=17)...
Processing (fid=3, iid=7, rep=18)...
Processing (fid=3, iid=7, rep=19)...
Processing (fid=4, iid=6, rep=0)...
Processing (fid=4, iid=6, rep=1)...
Processing (fid=4, iid=6, rep=2)...
Processing (fid=4, iid=6, rep=3)...
Processing (fid=4, iid=6, rep=4)...
Processing (fid=4, iid=6, rep=5)...
Processing (fid=4, iid=6, rep=6)...
Processing (fid=4, iid=6, rep=7)...
Processing (fid=4, iid=6, rep=8)...
Processing (fid=4, iid=6, rep=9)...
Processing (fid=4, iid=6, rep=10)...
Processing (fid=4, iid=6, rep=11)...
Processing (fid=4, iid=6, rep=12)...
Processing (fid=4, iid=6, rep=13)...
Processing (fid=4, iid=6, rep=14)...
Processing (fid=4, iid=6, rep=15)...
Processing (fid=4, iid=6, rep=16)...
Processing (fid=4, iid=6, rep=17)...
Processing (fid=4, iid=6, rep=18)...
Processing (fid=4, iid=6, rep=19)...
Processing (fid=4, iid=7, rep=0)...
Processing (fid=4, iid=7, rep=1)...
Processing (fid=4, iid=7, rep=2)...
Processing (fid=4, iid=7, rep=3)...
Processing (fid=4, iid=7, rep=4)...
Processing (fid=4, iid=7, rep=5)...
Processing (fid=4, iid=7, rep=6)...
Processing (fid=4, iid=7, rep=7)...
Processing (fid=4, iid=7, rep=8)...
Processing (fid=4, iid=7, rep=9)...
Processing (fid=4, iid=7, rep=10)...
Processing (fid=4, iid=7, rep=11)...
Processing (fid=4, iid=7, rep=12)...
Processing (fid=4, iid=7, rep=13)...
Processing (fid=4, iid=7, rep=14)...
Processing (fid=4, iid=7, rep=15)...
Processing (fid=4, iid=7, rep=16)...
Processing (fid=4, iid=7, rep=17)...
Processing (fid=4, iid=7, rep=18)...
Processing (fid=4, iid=7, rep=19)...
Processing (fid=5, iid=6, rep=0)...
Processing (fid=5, iid=6, rep=1)...
Processing (fid=5, iid=6, rep=2)...
Processing (fid=5, iid=6, rep=3)...
Processing (fid=5, iid=6, rep=4)...
Processing (fid=5, iid=6, rep=5)...
Processing (fid=5, iid=6, rep=6)...
Processing (fid=5, iid=6, rep=7)...
Processing (fid=5, iid=6, rep=8)...
Processing (fid=5, iid=6, rep=9)...
Processing (fid=5, iid=6, rep=10)...
Processing (fid=5, iid=6, rep=11)...
Processing (fid=5, iid=6, rep=12)...
Processing (fid=5, iid=6, rep=13)...
Processing (fid=5, iid=6, rep=14)...
Processing (fid=5, iid=6, rep=15)...
Processing (fid=5, iid=6, rep=16)...
Processing (fid=5, iid=6, rep=17)...
Processing (fid=5, iid=6, rep=18)...
Processing (fid=5, iid=6, rep=19)...
Processing (fid=5, iid=7, rep=0)...
Processing (fid=5, iid=7, rep=1)...
Processing (fid=5, iid=7, rep=2)...
Processing (fid=5, iid=7, rep=3)...
Processing (fid=5, iid=7, rep=4)...
Processing (fid=5, iid=7, rep=5)...
Processing (fid=5, iid=7, rep=6)...
Processing (fid=5, iid=7, rep=7)...
Processing (fid=5, iid=7, rep=8)...
Processing (fid=5, iid=7, rep=9)...
Processing (fid=5, iid=7, rep=10)...
Processing (fid=5, iid=7, rep=11)...
Processing (fid=5, iid=7, rep=12)...
Processing (fid=5, iid=7, rep=13)...
Processing (fid=5, iid=7, rep=14)...
Processing (fid=5, iid=7, rep=15)...
Processing (fid=5, iid=7, rep=16)...
Processing (fid=5, iid=7, rep=17)...
Processing (fid=5, iid=7, rep=18)...
Processing (fid=5, iid=7, rep=19)...
Processing (fid=6, iid=6, rep=0)...
Processing (fid=6, iid=6, rep=1)...
Processing (fid=6, iid=6, rep=2)...
Processing (fid=6, iid=6, rep=3)...
Processing (fid=6, iid=6, rep=4)...
Processing (fid=6, iid=6, rep=5)...
Processing (fid=6, iid=6, rep=6)...
Processing (fid=6, iid=6, rep=7)...
Processing (fid=6, iid=6, rep=8)...
Processing (fid=6, iid=6, rep=9)...
Processing (fid=6, iid=6, rep=10)...
Processing (fid=6, iid=6, rep=11)...
Processing (fid=6, iid=6, rep=12)...
Processing (fid=6, iid=6, rep=13)...
Processing (fid=6, iid=6, rep=14)...
Processing (fid=6, iid=6, rep=15)...
Processing (fid=6, iid=6, rep=16)...
Processing (fid=6, iid=6, rep=17)...
Processing (fid=6, iid=6, rep=18)...
Processing (fid=6, iid=6, rep=19)...
Processing (fid=6, iid=7, rep=0)...
Processing (fid=6, iid=7, rep=1)...
Processing (fid=6, iid=7, rep=2)...
Processing (fid=6, iid=7, rep=3)...
Processing (fid=6, iid=7, rep=4)...
Processing (fid=6, iid=7, rep=5)...
Processing (fid=6, iid=7, rep=6)...
Processing (fid=6, iid=7, rep=7)...
Processing (fid=6, iid=7, rep=8)...
Processing (fid=6, iid=7, rep=9)...
Processing (fid=6, iid=7, rep=10)...
Processing (fid=6, iid=7, rep=11)...
Processing (fid=6, iid=7, rep=12)...
Processing (fid=6, iid=7, rep=13)...
Processing (fid=6, iid=7, rep=14)...
Processing (fid=6, iid=7, rep=15)...
Processing (fid=6, iid=7, rep=16)...
Processing (fid=6, iid=7, rep=17)...
Processing (fid=6, iid=7, rep=18)...
Processing (fid=6, iid=7, rep=19)...
Processing (fid=7, iid=6, rep=0)...
Processing (fid=7, iid=6, rep=1)...
Processing (fid=7, iid=6, rep=2)...
Processing (fid=7, iid=6, rep=3)...
Processing (fid=7, iid=6, rep=4)...
Processing (fid=7, iid=6, rep=5)...
Processing (fid=7, iid=6, rep=6)...
Processing (fid=7, iid=6, rep=7)...
Processing (fid=7, iid=6, rep=8)...
Processing (fid=7, iid=6, rep=9)...
Processing (fid=7, iid=6, rep=10)...
Processing (fid=7, iid=6, rep=11)...
Processing (fid=7, iid=6, rep=12)...
Processing (fid=7, iid=6, rep=13)...
Processing (fid=7, iid=6, rep=14)...
Processing (fid=7, iid=6, rep=15)...
Processing (fid=7, iid=6, rep=16)...
Processing (fid=7, iid=6, rep=17)...
Processing (fid=7, iid=6, rep=18)...
Processing (fid=7, iid=6, rep=19)...
Processing (fid=7, iid=7, rep=0)...
Processing (fid=7, iid=7, rep=1)...
Processing (fid=7, iid=7, rep=2)...
Processing (fid=7, iid=7, rep=3)...
Processing (fid=7, iid=7, rep=4)...
Processing (fid=7, iid=7, rep=5)...
Processing (fid=7, iid=7, rep=6)...
Processing (fid=7, iid=7, rep=7)...
Processing (fid=7, iid=7, rep=8)...
Processing (fid=7, iid=7, rep=9)...
Processing (fid=7, iid=7, rep=10)...
Processing (fid=7, iid=7, rep=11)...
Processing (fid=7, iid=7, rep=12)...
Processing (fid=7, iid=7, rep=13)...
Processing (fid=7, iid=7, rep=14)...
Processing (fid=7, iid=7, rep=15)...
Processing (fid=7, iid=7, rep=16)...
Processing (fid=7, iid=7, rep=17)...
Processing (fid=7, iid=7, rep=18)...
Processing (fid=7, iid=7, rep=19)...
Processing (fid=8, iid=6, rep=0)...
Processing (fid=8, iid=6, rep=1)...
Processing (fid=8, iid=6, rep=2)...
Processing (fid=8, iid=6, rep=3)...
Processing (fid=8, iid=6, rep=4)...
Processing (fid=8, iid=6, rep=5)...
Processing (fid=8, iid=6, rep=6)...
Processing (fid=8, iid=6, rep=7)...
Processing (fid=8, iid=6, rep=8)...
Processing (fid=8, iid=6, rep=9)...
Processing (fid=8, iid=6, rep=10)...
Processing (fid=8, iid=6, rep=11)...
Processing (fid=8, iid=6, rep=12)...
Processing (fid=8, iid=6, rep=13)...
Processing (fid=8, iid=6, rep=14)...
Processing (fid=8, iid=6, rep=15)...
Processing (fid=8, iid=6, rep=16)...
Processing (fid=8, iid=6, rep=17)...
Processing (fid=8, iid=6, rep=18)...
Processing (fid=8, iid=6, rep=19)...
Processing (fid=8, iid=7, rep=0)...
Processing (fid=8, iid=7, rep=1)...
Processing (fid=8, iid=7, rep=2)...
Processing (fid=8, iid=7, rep=3)...
Processing (fid=8, iid=7, rep=4)...
Processing (fid=8, iid=7, rep=5)...
Processing (fid=8, iid=7, rep=6)...
Processing (fid=8, iid=7, rep=7)...
Processing (fid=8, iid=7, rep=8)...
Processing (fid=8, iid=7, rep=9)...
Processing (fid=8, iid=7, rep=10)...
Processing (fid=8, iid=7, rep=11)...
Processing (fid=8, iid=7, rep=12)...
Processing (fid=8, iid=7, rep=13)...
Processing (fid=8, iid=7, rep=14)...
Processing (fid=8, iid=7, rep=15)...
Processing (fid=8, iid=7, rep=16)...
Processing (fid=8, iid=7, rep=17)...
Processing (fid=8, iid=7, rep=18)...
Processing (fid=8, iid=7, rep=19)...
Processing (fid=9, iid=6, rep=0)...
Processing (fid=9, iid=6, rep=1)...
Processing (fid=9, iid=6, rep=2)...
Processing (fid=9, iid=6, rep=3)...
Processing (fid=9, iid=6, rep=4)...
Processing (fid=9, iid=6, rep=5)...
Processing (fid=9, iid=6, rep=6)...
Processing (fid=9, iid=6, rep=7)...
Processing (fid=9, iid=6, rep=8)...
Processing (fid=9, iid=6, rep=9)...
Processing (fid=9, iid=6, rep=10)...
Processing (fid=9, iid=6, rep=11)...
Processing (fid=9, iid=6, rep=12)...
Processing (fid=9, iid=6, rep=13)...
Processing (fid=9, iid=6, rep=14)...
Processing (fid=9, iid=6, rep=15)...
Processing (fid=9, iid=6, rep=16)...
Processing (fid=9, iid=6, rep=17)...
Processing (fid=9, iid=6, rep=18)...
Processing (fid=9, iid=6, rep=19)...
Processing (fid=9, iid=7, rep=0)...
Processing (fid=9, iid=7, rep=1)...
Processing (fid=9, iid=7, rep=2)...
Processing (fid=9, iid=7, rep=3)...
Processing (fid=9, iid=7, rep=4)...
Processing (fid=9, iid=7, rep=5)...
Processing (fid=9, iid=7, rep=6)...
Processing (fid=9, iid=7, rep=7)...
Processing (fid=9, iid=7, rep=8)...
Processing (fid=9, iid=7, rep=9)...
Processing (fid=9, iid=7, rep=10)...
Processing (fid=9, iid=7, rep=11)...
Processing (fid=9, iid=7, rep=12)...
Processing (fid=9, iid=7, rep=13)...
Processing (fid=9, iid=7, rep=14)...
Processing (fid=9, iid=7, rep=15)...
Processing (fid=9, iid=7, rep=16)...
Processing (fid=9, iid=7, rep=17)...
Processing (fid=9, iid=7, rep=18)...
Processing (fid=9, iid=7, rep=19)...
Processing (fid=10, iid=6, rep=0)...
Processing (fid=10, iid=6, rep=1)...
Processing (fid=10, iid=6, rep=2)...
Processing (fid=10, iid=6, rep=3)...
Processing (fid=10, iid=6, rep=4)...
Processing (fid=10, iid=6, rep=5)...
Processing (fid=10, iid=6, rep=6)...
Processing (fid=10, iid=6, rep=7)...
Processing (fid=10, iid=6, rep=8)...
Processing (fid=10, iid=6, rep=9)...
Processing (fid=10, iid=6, rep=10)...
Processing (fid=10, iid=6, rep=11)...
Processing (fid=10, iid=6, rep=12)...
Processing (fid=10, iid=6, rep=13)...
Processing (fid=10, iid=6, rep=14)...
Processing (fid=10, iid=6, rep=15)...
Processing (fid=10, iid=6, rep=16)...
Processing (fid=10, iid=6, rep=17)...
Processing (fid=10, iid=6, rep=18)...
Processing (fid=10, iid=6, rep=19)...
Processing (fid=10, iid=7, rep=0)...
Processing (fid=10, iid=7, rep=1)...
Processing (fid=10, iid=7, rep=2)...
Processing (fid=10, iid=7, rep=3)...
Processing (fid=10, iid=7, rep=4)...
Processing (fid=10, iid=7, rep=5)...
Processing (fid=10, iid=7, rep=6)...
Processing (fid=10, iid=7, rep=7)...
Processing (fid=10, iid=7, rep=8)...
Processing (fid=10, iid=7, rep=9)...
Processing (fid=10, iid=7, rep=10)...
Processing (fid=10, iid=7, rep=11)...
Processing (fid=10, iid=7, rep=12)...
Processing (fid=10, iid=7, rep=13)...
Processing (fid=10, iid=7, rep=14)...
Processing (fid=10, iid=7, rep=15)...
Processing (fid=10, iid=7, rep=16)...
Processing (fid=10, iid=7, rep=17)...
Processing (fid=10, iid=7, rep=18)...
Processing (fid=10, iid=7, rep=19)...
Processing (fid=11, iid=6, rep=0)...
Processing (fid=11, iid=6, rep=1)...
Processing (fid=11, iid=6, rep=2)...
Processing (fid=11, iid=6, rep=3)...
Processing (fid=11, iid=6, rep=4)...
Processing (fid=11, iid=6, rep=5)...
Processing (fid=11, iid=6, rep=6)...
Processing (fid=11, iid=6, rep=7)...
Processing (fid=11, iid=6, rep=8)...
Processing (fid=11, iid=6, rep=9)...
Processing (fid=11, iid=6, rep=10)...
Processing (fid=11, iid=6, rep=11)...
Processing (fid=11, iid=6, rep=12)...
Processing (fid=11, iid=6, rep=13)...
Processing (fid=11, iid=6, rep=14)...
Processing (fid=11, iid=6, rep=15)...
Processing (fid=11, iid=6, rep=16)...
Processing (fid=11, iid=6, rep=17)...
Processing (fid=11, iid=6, rep=18)...
Processing (fid=11, iid=6, rep=19)...
Processing (fid=11, iid=7, rep=0)...
Processing (fid=11, iid=7, rep=1)...
Processing (fid=11, iid=7, rep=2)...
Processing (fid=11, iid=7, rep=3)...
Processing (fid=11, iid=7, rep=4)...
Processing (fid=11, iid=7, rep=5)...
Processing (fid=11, iid=7, rep=6)...
Processing (fid=11, iid=7, rep=7)...
Processing (fid=11, iid=7, rep=8)...
Processing (fid=11, iid=7, rep=9)...
Processing (fid=11, iid=7, rep=10)...
Processing (fid=11, iid=7, rep=11)...
Processing (fid=11, iid=7, rep=12)...
Processing (fid=11, iid=7, rep=13)...
Processing (fid=11, iid=7, rep=14)...
Processing (fid=11, iid=7, rep=15)...
Processing (fid=11, iid=7, rep=16)...
Processing (fid=11, iid=7, rep=17)...
Processing (fid=11, iid=7, rep=18)...
Processing (fid=11, iid=7, rep=19)...
Processing (fid=12, iid=6, rep=0)...
Processing (fid=12, iid=6, rep=1)...
Processing (fid=12, iid=6, rep=2)...
Processing (fid=12, iid=6, rep=3)...
Processing (fid=12, iid=6, rep=4)...
Processing (fid=12, iid=6, rep=5)...
Processing (fid=12, iid=6, rep=6)...
Processing (fid=12, iid=6, rep=7)...
Processing (fid=12, iid=6, rep=8)...
Processing (fid=12, iid=6, rep=9)...
Processing (fid=12, iid=6, rep=10)...
Processing (fid=12, iid=6, rep=11)...
Processing (fid=12, iid=6, rep=12)...
Processing (fid=12, iid=6, rep=13)...
Processing (fid=12, iid=6, rep=14)...
Processing (fid=12, iid=6, rep=15)...
Processing (fid=12, iid=6, rep=16)...
Processing (fid=12, iid=6, rep=17)...
Processing (fid=12, iid=6, rep=18)...
Processing (fid=12, iid=6, rep=19)...
Processing (fid=12, iid=7, rep=0)...
Processing (fid=12, iid=7, rep=1)...
Processing (fid=12, iid=7, rep=2)...
Processing (fid=12, iid=7, rep=3)...
Processing (fid=12, iid=7, rep=4)...
Processing (fid=12, iid=7, rep=5)...
Processing (fid=12, iid=7, rep=6)...
Processing (fid=12, iid=7, rep=7)...
Processing (fid=12, iid=7, rep=8)...
Processing (fid=12, iid=7, rep=9)...
Processing (fid=12, iid=7, rep=10)...
Processing (fid=12, iid=7, rep=11)...
Processing (fid=12, iid=7, rep=12)...
Processing (fid=12, iid=7, rep=13)...
Processing (fid=12, iid=7, rep=14)...
Processing (fid=12, iid=7, rep=15)...
Processing (fid=12, iid=7, rep=16)...
Processing (fid=12, iid=7, rep=17)...
Processing (fid=12, iid=7, rep=18)...
Processing (fid=12, iid=7, rep=19)...
Processing (fid=13, iid=6, rep=0)...
Processing (fid=13, iid=6, rep=1)...
Processing (fid=13, iid=6, rep=2)...
Processing (fid=13, iid=6, rep=3)...
Processing (fid=13, iid=6, rep=4)...
Processing (fid=13, iid=6, rep=5)...
Processing (fid=13, iid=6, rep=6)...
Processing (fid=13, iid=6, rep=7)...
Processing (fid=13, iid=6, rep=8)...
Processing (fid=13, iid=6, rep=9)...
Processing (fid=13, iid=6, rep=10)...
Processing (fid=13, iid=6, rep=11)...
Processing (fid=13, iid=6, rep=12)...
Processing (fid=13, iid=6, rep=13)...
Processing (fid=13, iid=6, rep=14)...
Processing (fid=13, iid=6, rep=15)...
Processing (fid=13, iid=6, rep=16)...
Processing (fid=13, iid=6, rep=17)...
Processing (fid=13, iid=6, rep=18)...
Processing (fid=13, iid=6, rep=19)...
Processing (fid=13, iid=7, rep=0)...
Processing (fid=13, iid=7, rep=1)...
Processing (fid=13, iid=7, rep=2)...
Processing (fid=13, iid=7, rep=3)...
Processing (fid=13, iid=7, rep=4)...
Processing (fid=13, iid=7, rep=5)...
Processing (fid=13, iid=7, rep=6)...
Processing (fid=13, iid=7, rep=7)...
Processing (fid=13, iid=7, rep=8)...
Processing (fid=13, iid=7, rep=9)...
Processing (fid=13, iid=7, rep=10)...
Processing (fid=13, iid=7, rep=11)...
Processing (fid=13, iid=7, rep=12)...
Processing (fid=13, iid=7, rep=13)...
Processing (fid=13, iid=7, rep=14)...
Processing (fid=13, iid=7, rep=15)...
Processing (fid=13, iid=7, rep=16)...
Processing (fid=13, iid=7, rep=17)...
Processing (fid=13, iid=7, rep=18)...
Processing (fid=13, iid=7, rep=19)...
Processing (fid=14, iid=6, rep=0)...
Processing (fid=14, iid=6, rep=1)...
Processing (fid=14, iid=6, rep=2)...
Processing (fid=14, iid=6, rep=3)...
Processing (fid=14, iid=6, rep=4)...
Processing (fid=14, iid=6, rep=5)...
Processing (fid=14, iid=6, rep=6)...
Processing (fid=14, iid=6, rep=7)...
Processing (fid=14, iid=6, rep=8)...
Processing (fid=14, iid=6, rep=9)...
Processing (fid=14, iid=6, rep=10)...
Processing (fid=14, iid=6, rep=11)...
Processing (fid=14, iid=6, rep=12)...
Processing (fid=14, iid=6, rep=13)...
Processing (fid=14, iid=6, rep=14)...
Processing (fid=14, iid=6, rep=15)...
Processing (fid=14, iid=6, rep=16)...
Processing (fid=14, iid=6, rep=17)...
Processing (fid=14, iid=6, rep=18)...
Processing (fid=14, iid=6, rep=19)...
Processing (fid=14, iid=7, rep=0)...
Processing (fid=14, iid=7, rep=1)...
Processing (fid=14, iid=7, rep=2)...
Processing (fid=14, iid=7, rep=3)...
Processing (fid=14, iid=7, rep=4)...
Processing (fid=14, iid=7, rep=5)...
Processing (fid=14, iid=7, rep=6)...
Processing (fid=14, iid=7, rep=7)...
Processing (fid=14, iid=7, rep=8)...
Processing (fid=14, iid=7, rep=9)...
Processing (fid=14, iid=7, rep=10)...
Processing (fid=14, iid=7, rep=11)...
Processing (fid=14, iid=7, rep=12)...
Processing (fid=14, iid=7, rep=13)...
Processing (fid=14, iid=7, rep=14)...
Processing (fid=14, iid=7, rep=15)...
Processing (fid=14, iid=7, rep=16)...
Processing (fid=14, iid=7, rep=17)...
Processing (fid=14, iid=7, rep=18)...
Processing (fid=14, iid=7, rep=19)...
Processing (fid=15, iid=6, rep=0)...
Processing (fid=15, iid=6, rep=1)...
Processing (fid=15, iid=6, rep=2)...
Processing (fid=15, iid=6, rep=3)...
Processing (fid=15, iid=6, rep=4)...
Processing (fid=15, iid=6, rep=5)...
Processing (fid=15, iid=6, rep=6)...
Processing (fid=15, iid=6, rep=7)...
Processing (fid=15, iid=6, rep=8)...
Processing (fid=15, iid=6, rep=9)...
Processing (fid=15, iid=6, rep=10)...
Processing (fid=15, iid=6, rep=11)...
Processing (fid=15, iid=6, rep=12)...
Processing (fid=15, iid=6, rep=13)...
Processing (fid=15, iid=6, rep=14)...
Processing (fid=15, iid=6, rep=15)...
Processing (fid=15, iid=6, rep=16)...
Processing (fid=15, iid=6, rep=17)...
Processing (fid=15, iid=6, rep=18)...
Processing (fid=15, iid=6, rep=19)...
Processing (fid=15, iid=7, rep=0)...
Processing (fid=15, iid=7, rep=1)...
Processing (fid=15, iid=7, rep=2)...
Processing (fid=15, iid=7, rep=3)...
Processing (fid=15, iid=7, rep=4)...
Processing (fid=15, iid=7, rep=5)...
Processing (fid=15, iid=7, rep=6)...
Processing (fid=15, iid=7, rep=7)...
Processing (fid=15, iid=7, rep=8)...
Processing (fid=15, iid=7, rep=9)...
Processing (fid=15, iid=7, rep=10)...
Processing (fid=15, iid=7, rep=11)...
Processing (fid=15, iid=7, rep=12)...
Processing (fid=15, iid=7, rep=13)...
Processing (fid=15, iid=7, rep=14)...
Processing (fid=15, iid=7, rep=15)...
Processing (fid=15, iid=7, rep=16)...
Processing (fid=15, iid=7, rep=17)...
Processing (fid=15, iid=7, rep=18)...
Processing (fid=15, iid=7, rep=19)...
Processing (fid=16, iid=6, rep=0)...
Processing (fid=16, iid=6, rep=1)...
Processing (fid=16, iid=6, rep=2)...
Processing (fid=16, iid=6, rep=3)...
Processing (fid=16, iid=6, rep=4)...
Processing (fid=16, iid=6, rep=5)...
Processing (fid=16, iid=6, rep=6)...
Processing (fid=16, iid=6, rep=7)...
Processing (fid=16, iid=6, rep=8)...
Processing (fid=16, iid=6, rep=9)...
Processing (fid=16, iid=6, rep=10)...
Processing (fid=16, iid=6, rep=11)...
Processing (fid=16, iid=6, rep=12)...
Processing (fid=16, iid=6, rep=13)...
Processing (fid=16, iid=6, rep=14)...
Processing (fid=16, iid=6, rep=15)...
Processing (fid=16, iid=6, rep=16)...
Processing (fid=16, iid=6, rep=17)...
Processing (fid=16, iid=6, rep=18)...
Processing (fid=16, iid=6, rep=19)...
Processing (fid=16, iid=7, rep=0)...
Processing (fid=16, iid=7, rep=1)...
Processing (fid=16, iid=7, rep=2)...
Processing (fid=16, iid=7, rep=3)...
Processing (fid=16, iid=7, rep=4)...
Processing (fid=16, iid=7, rep=5)...
Processing (fid=16, iid=7, rep=6)...
Processing (fid=16, iid=7, rep=7)...
Processing (fid=16, iid=7, rep=8)...
Processing (fid=16, iid=7, rep=9)...
Processing (fid=16, iid=7, rep=10)...
Processing (fid=16, iid=7, rep=11)...
Processing (fid=16, iid=7, rep=12)...
Processing (fid=16, iid=7, rep=13)...
Processing (fid=16, iid=7, rep=14)...
Processing (fid=16, iid=7, rep=15)...
Processing (fid=16, iid=7, rep=16)...
Processing (fid=16, iid=7, rep=17)...
Processing (fid=16, iid=7, rep=18)...
Processing (fid=16, iid=7, rep=19)...
Processing (fid=17, iid=6, rep=0)...
Processing (fid=17, iid=6, rep=1)...
Processing (fid=17, iid=6, rep=2)...
Processing (fid=17, iid=6, rep=3)...
Processing (fid=17, iid=6, rep=4)...
Processing (fid=17, iid=6, rep=5)...
Processing (fid=17, iid=6, rep=6)...
Processing (fid=17, iid=6, rep=7)...
Processing (fid=17, iid=6, rep=8)...
Processing (fid=17, iid=6, rep=9)...
Processing (fid=17, iid=6, rep=10)...
Processing (fid=17, iid=6, rep=11)...
Processing (fid=17, iid=6, rep=12)...
Processing (fid=17, iid=6, rep=13)...
Processing (fid=17, iid=6, rep=14)...
Processing (fid=17, iid=6, rep=15)...
Processing (fid=17, iid=6, rep=16)...
Processing (fid=17, iid=6, rep=17)...
Processing (fid=17, iid=6, rep=18)...
Processing (fid=17, iid=6, rep=19)...
Processing (fid=17, iid=7, rep=0)...
Processing (fid=17, iid=7, rep=1)...
Processing (fid=17, iid=7, rep=2)...
Processing (fid=17, iid=7, rep=3)...
Processing (fid=17, iid=7, rep=4)...
Processing (fid=17, iid=7, rep=5)...
Processing (fid=17, iid=7, rep=6)...
Processing (fid=17, iid=7, rep=7)...
Processing (fid=17, iid=7, rep=8)...
Processing (fid=17, iid=7, rep=9)...
Processing (fid=17, iid=7, rep=10)...
Processing (fid=17, iid=7, rep=11)...
Processing (fid=17, iid=7, rep=12)...
Processing (fid=17, iid=7, rep=13)...
Processing (fid=17, iid=7, rep=14)...
Processing (fid=17, iid=7, rep=15)...
Processing (fid=17, iid=7, rep=16)...
Processing (fid=17, iid=7, rep=17)...
Processing (fid=17, iid=7, rep=18)...
Processing (fid=17, iid=7, rep=19)...
Processing (fid=18, iid=6, rep=0)...
Processing (fid=18, iid=6, rep=1)...
Processing (fid=18, iid=6, rep=2)...
Processing (fid=18, iid=6, rep=3)...
Processing (fid=18, iid=6, rep=4)...
Processing (fid=18, iid=6, rep=5)...
Processing (fid=18, iid=6, rep=6)...
Processing (fid=18, iid=6, rep=7)...
Processing (fid=18, iid=6, rep=8)...
Processing (fid=18, iid=6, rep=9)...
Processing (fid=18, iid=6, rep=10)...
Processing (fid=18, iid=6, rep=11)...
Processing (fid=18, iid=6, rep=12)...
Processing (fid=18, iid=6, rep=13)...
Processing (fid=18, iid=6, rep=14)...
Processing (fid=18, iid=6, rep=15)...
Processing (fid=18, iid=6, rep=16)...
Processing (fid=18, iid=6, rep=17)...
Processing (fid=18, iid=6, rep=18)...
Processing (fid=18, iid=6, rep=19)...
Processing (fid=18, iid=7, rep=0)...
Processing (fid=18, iid=7, rep=1)...
Processing (fid=18, iid=7, rep=2)...
Processing (fid=18, iid=7, rep=3)...
Processing (fid=18, iid=7, rep=4)...
Processing (fid=18, iid=7, rep=5)...
Processing (fid=18, iid=7, rep=6)...
Processing (fid=18, iid=7, rep=7)...
Processing (fid=18, iid=7, rep=8)...
Processing (fid=18, iid=7, rep=9)...
Processing (fid=18, iid=7, rep=10)...
Processing (fid=18, iid=7, rep=11)...
Processing (fid=18, iid=7, rep=12)...
Processing (fid=18, iid=7, rep=13)...
Processing (fid=18, iid=7, rep=14)...
Processing (fid=18, iid=7, rep=15)...
Processing (fid=18, iid=7, rep=16)...
Processing (fid=18, iid=7, rep=17)...
Processing (fid=18, iid=7, rep=18)...
Processing (fid=18, iid=7, rep=19)...
Processing (fid=19, iid=6, rep=0)...
Processing (fid=19, iid=6, rep=1)...
Processing (fid=19, iid=6, rep=2)...
Processing (fid=19, iid=6, rep=3)...
Processing (fid=19, iid=6, rep=4)...
Processing (fid=19, iid=6, rep=5)...
Processing (fid=19, iid=6, rep=6)...
Processing (fid=19, iid=6, rep=7)...
Processing (fid=19, iid=6, rep=8)...
Processing (fid=19, iid=6, rep=9)...
Processing (fid=19, iid=6, rep=10)...
Processing (fid=19, iid=6, rep=11)...
Processing (fid=19, iid=6, rep=12)...
Processing (fid=19, iid=6, rep=13)...
Processing (fid=19, iid=6, rep=14)...
Processing (fid=19, iid=6, rep=15)...
Processing (fid=19, iid=6, rep=16)...
Processing (fid=19, iid=6, rep=17)...
Processing (fid=19, iid=6, rep=18)...
Processing (fid=19, iid=6, rep=19)...
Processing (fid=19, iid=7, rep=0)...
Processing (fid=19, iid=7, rep=1)...
Processing (fid=19, iid=7, rep=2)...
Processing (fid=19, iid=7, rep=3)...
Processing (fid=19, iid=7, rep=4)...
Processing (fid=19, iid=7, rep=5)...
Processing (fid=19, iid=7, rep=6)...
Processing (fid=19, iid=7, rep=7)...
Processing (fid=19, iid=7, rep=8)...
Processing (fid=19, iid=7, rep=9)...
Processing (fid=19, iid=7, rep=10)...
Processing (fid=19, iid=7, rep=11)...
Processing (fid=19, iid=7, rep=12)...
Processing (fid=19, iid=7, rep=13)...
Processing (fid=19, iid=7, rep=14)...
Processing (fid=19, iid=7, rep=15)...
Processing (fid=19, iid=7, rep=16)...
Processing (fid=19, iid=7, rep=17)...
Processing (fid=19, iid=7, rep=18)...
Processing (fid=19, iid=7, rep=19)...
Processing (fid=20, iid=6, rep=0)...
Processing (fid=20, iid=6, rep=1)...
Processing (fid=20, iid=6, rep=2)...
Processing (fid=20, iid=6, rep=3)...
Processing (fid=20, iid=6, rep=4)...
Processing (fid=20, iid=6, rep=5)...
Processing (fid=20, iid=6, rep=6)...
Processing (fid=20, iid=6, rep=7)...
Processing (fid=20, iid=6, rep=8)...
Processing (fid=20, iid=6, rep=9)...
Processing (fid=20, iid=6, rep=10)...
Processing (fid=20, iid=6, rep=11)...
Processing (fid=20, iid=6, rep=12)...
Processing (fid=20, iid=6, rep=13)...
Processing (fid=20, iid=6, rep=14)...
Processing (fid=20, iid=6, rep=15)...
Processing (fid=20, iid=6, rep=16)...
Processing (fid=20, iid=6, rep=17)...
Processing (fid=20, iid=6, rep=18)...
Processing (fid=20, iid=6, rep=19)...
Processing (fid=20, iid=7, rep=0)...
Processing (fid=20, iid=7, rep=1)...
Processing (fid=20, iid=7, rep=2)...
Processing (fid=20, iid=7, rep=3)...
Processing (fid=20, iid=7, rep=4)...
Processing (fid=20, iid=7, rep=5)...
Processing (fid=20, iid=7, rep=6)...
Processing (fid=20, iid=7, rep=7)...
Processing (fid=20, iid=7, rep=8)...
Processing (fid=20, iid=7, rep=9)...
Processing (fid=20, iid=7, rep=10)...
Processing (fid=20, iid=7, rep=11)...
Processing (fid=20, iid=7, rep=12)...
Processing (fid=20, iid=7, rep=13)...
Processing (fid=20, iid=7, rep=14)...
Processing (fid=20, iid=7, rep=15)...
Processing (fid=20, iid=7, rep=16)...
Processing (fid=20, iid=7, rep=17)...
Processing (fid=20, iid=7, rep=18)...
Processing (fid=20, iid=7, rep=19)...
Processing (fid=21, iid=6, rep=0)...
Processing (fid=21, iid=6, rep=1)...
Processing (fid=21, iid=6, rep=2)...
Processing (fid=21, iid=6, rep=3)...
Processing (fid=21, iid=6, rep=4)...
Processing (fid=21, iid=6, rep=5)...
Processing (fid=21, iid=6, rep=6)...
Processing (fid=21, iid=6, rep=7)...
Processing (fid=21, iid=6, rep=8)...
Processing (fid=21, iid=6, rep=9)...
Processing (fid=21, iid=6, rep=10)...
Processing (fid=21, iid=6, rep=11)...
Processing (fid=21, iid=6, rep=12)...
Processing (fid=21, iid=6, rep=13)...
Processing (fid=21, iid=6, rep=14)...
Processing (fid=21, iid=6, rep=15)...
Processing (fid=21, iid=6, rep=16)...
Processing (fid=21, iid=6, rep=17)...
Processing (fid=21, iid=6, rep=18)...
Processing (fid=21, iid=6, rep=19)...
Processing (fid=21, iid=7, rep=0)...
Processing (fid=21, iid=7, rep=1)...
Processing (fid=21, iid=7, rep=2)...
Processing (fid=21, iid=7, rep=3)...
Processing (fid=21, iid=7, rep=4)...
Processing (fid=21, iid=7, rep=5)...
Processing (fid=21, iid=7, rep=6)...
Processing (fid=21, iid=7, rep=7)...
Processing (fid=21, iid=7, rep=8)...
Processing (fid=21, iid=7, rep=9)...
Processing (fid=21, iid=7, rep=10)...
Processing (fid=21, iid=7, rep=11)...
Processing (fid=21, iid=7, rep=12)...
Processing (fid=21, iid=7, rep=13)...
Processing (fid=21, iid=7, rep=14)...
Processing (fid=21, iid=7, rep=15)...
Processing (fid=21, iid=7, rep=16)...
Processing (fid=21, iid=7, rep=17)...
Processing (fid=21, iid=7, rep=18)...
Processing (fid=21, iid=7, rep=19)...
Processing (fid=22, iid=6, rep=0)...
Processing (fid=22, iid=6, rep=1)...
Processing (fid=22, iid=6, rep=2)...
Processing (fid=22, iid=6, rep=3)...
Processing (fid=22, iid=6, rep=4)...
Processing (fid=22, iid=6, rep=5)...
Processing (fid=22, iid=6, rep=6)...
Processing (fid=22, iid=6, rep=7)...
Processing (fid=22, iid=6, rep=8)...
Processing (fid=22, iid=6, rep=9)...
Processing (fid=22, iid=6, rep=10)...
Processing (fid=22, iid=6, rep=11)...
Processing (fid=22, iid=6, rep=12)...
Processing (fid=22, iid=6, rep=13)...
Processing (fid=22, iid=6, rep=14)...
Processing (fid=22, iid=6, rep=15)...
Processing (fid=22, iid=6, rep=16)...
Processing (fid=22, iid=6, rep=17)...
Processing (fid=22, iid=6, rep=18)...
Processing (fid=22, iid=6, rep=19)...
Processing (fid=22, iid=7, rep=0)...
Processing (fid=22, iid=7, rep=1)...
Processing (fid=22, iid=7, rep=2)...
Processing (fid=22, iid=7, rep=3)...
Processing (fid=22, iid=7, rep=4)...
Processing (fid=22, iid=7, rep=5)...
Processing (fid=22, iid=7, rep=6)...
Processing (fid=22, iid=7, rep=7)...
Processing (fid=22, iid=7, rep=8)...
Processing (fid=22, iid=7, rep=9)...
Processing (fid=22, iid=7, rep=10)...
Processing (fid=22, iid=7, rep=11)...
Processing (fid=22, iid=7, rep=12)...
Processing (fid=22, iid=7, rep=13)...
Processing (fid=22, iid=7, rep=14)...
Processing (fid=22, iid=7, rep=15)...
Processing (fid=22, iid=7, rep=16)...
Processing (fid=22, iid=7, rep=17)...
Processing (fid=22, iid=7, rep=18)...
Processing (fid=22, iid=7, rep=19)...
Processing (fid=23, iid=6, rep=0)...
Processing (fid=23, iid=6, rep=1)...
Processing (fid=23, iid=6, rep=2)...
Processing (fid=23, iid=6, rep=3)...
Processing (fid=23, iid=6, rep=4)...
Processing (fid=23, iid=6, rep=5)...
Processing (fid=23, iid=6, rep=6)...
Processing (fid=23, iid=6, rep=7)...
Processing (fid=23, iid=6, rep=8)...
Processing (fid=23, iid=6, rep=9)...
Processing (fid=23, iid=6, rep=10)...
Processing (fid=23, iid=6, rep=11)...
Processing (fid=23, iid=6, rep=12)...
Processing (fid=23, iid=6, rep=13)...
Processing (fid=23, iid=6, rep=14)...
Processing (fid=23, iid=6, rep=15)...
Processing (fid=23, iid=6, rep=16)...
Processing (fid=23, iid=6, rep=17)...
Processing (fid=23, iid=6, rep=18)...
Processing (fid=23, iid=6, rep=19)...
Processing (fid=23, iid=7, rep=0)...
Processing (fid=23, iid=7, rep=1)...
Processing (fid=23, iid=7, rep=2)...
Processing (fid=23, iid=7, rep=3)...
Processing (fid=23, iid=7, rep=4)...
Processing (fid=23, iid=7, rep=5)...
Processing (fid=23, iid=7, rep=6)...
Processing (fid=23, iid=7, rep=7)...
Processing (fid=23, iid=7, rep=8)...
Processing (fid=23, iid=7, rep=9)...
Processing (fid=23, iid=7, rep=10)...
Processing (fid=23, iid=7, rep=11)...
Processing (fid=23, iid=7, rep=12)...
Processing (fid=23, iid=7, rep=13)...
Processing (fid=23, iid=7, rep=14)...
Processing (fid=23, iid=7, rep=15)...
Processing (fid=23, iid=7, rep=16)...
Processing (fid=23, iid=7, rep=17)...
Processing (fid=23, iid=7, rep=18)...
Processing (fid=23, iid=7, rep=19)...
Processing (fid=24, iid=6, rep=0)...
Processing (fid=24, iid=6, rep=1)...
Processing (fid=24, iid=6, rep=2)...
Processing (fid=24, iid=6, rep=3)...
Processing (fid=24, iid=6, rep=4)...
Processing (fid=24, iid=6, rep=5)...
Processing (fid=24, iid=6, rep=6)...
Processing (fid=24, iid=6, rep=7)...
Processing (fid=24, iid=6, rep=8)...
Processing (fid=24, iid=6, rep=9)...
Processing (fid=24, iid=6, rep=10)...
Processing (fid=24, iid=6, rep=11)...
Processing (fid=24, iid=6, rep=12)...
Processing (fid=24, iid=6, rep=13)...
Processing (fid=24, iid=6, rep=14)...
Processing (fid=24, iid=6, rep=15)...
Processing (fid=24, iid=6, rep=16)...
Processing (fid=24, iid=6, rep=17)...
Processing (fid=24, iid=6, rep=18)...
Processing (fid=24, iid=6, rep=19)...
Processing (fid=24, iid=7, rep=0)...
Processing (fid=24, iid=7, rep=1)...
Processing (fid=24, iid=7, rep=2)...
Processing (fid=24, iid=7, rep=3)...
Processing (fid=24, iid=7, rep=4)...
Processing (fid=24, iid=7, rep=5)...
Processing (fid=24, iid=7, rep=6)...
Processing (fid=24, iid=7, rep=7)...
Processing (fid=24, iid=7, rep=8)...
Processing (fid=24, iid=7, rep=9)...
Processing (fid=24, iid=7, rep=10)...
Processing (fid=24, iid=7, rep=11)...
Processing (fid=24, iid=7, rep=12)...
Processing (fid=24, iid=7, rep=13)...
Processing (fid=24, iid=7, rep=14)...
Processing (fid=24, iid=7, rep=15)...
Processing (fid=24, iid=7, rep=16)...
Processing (fid=24, iid=7, rep=17)...
Processing (fid=24, iid=7, rep=18)...
Processing (fid=24, iid=7, rep=19)...
Incremental results saved to: ../results/newInstances/selector_results_l_BFGS_b_normalized_dec_threshold.csv
