[INFO][abstract_initial_design.py:87] Reducing the number of initial configurations from 50 to 37 (max_ratio == 0.25).
[INFO][abstract_initial_design.py:139] Using 37 initial design configurations and 0 additional configurations.
[INFO][abstract_intensifier.py:307] Using only one seed for deterministic scenario.
Evaluating config: Configuration(values={
  'rf_classifierbootstrap': np.False_,
  'rf_classifiermax_features': 0.1527131210081,
  'rf_classifiermin_samples_leaf': 20,
  'rf_classifiermin_samples_split': 11,
  'rf_classifiern_estimators': 24,
})
Config Configuration(values={
  'rf_classifierbootstrap': np.False_,
  'rf_classifiermax_features': 0.1527131210081,
  'rf_classifiermin_samples_leaf': 20,
  'rf_classifiermin_samples_split': 11,
  'rf_classifiern_estimators': 24,
}) → Total CV precision: 4790.240233756299
[INFO][abstract_intensifier.py:517] Added config 6a05d8 as new incumbent because there are no incumbents yet.
Evaluating config: Configuration(values={
  'rf_classifierbootstrap': np.True_,
  'rf_classifiermax_features': 0.8396634325385,
  'rf_classifiermin_samples_leaf': 3,
  'rf_classifiermin_samples_split': 14,
  'rf_classifiern_estimators': 53,
})
Config Configuration(values={
  'rf_classifierbootstrap': np.True_,
  'rf_classifiermax_features': 0.8396634325385,
  'rf_classifiermin_samples_leaf': 3,
  'rf_classifiermin_samples_split': 14,
  'rf_classifiern_estimators': 53,
}) → Total CV precision: 4654.9996402331
[INFO][abstract_intensifier.py:596] Added config 1fd642 and rejected config 6a05d8 as incumbent because it is not better than the incumbents on 1 instances: 
Evaluating config: Configuration(values={
  'rf_classifierbootstrap': np.True_,
  'rf_classifiermax_features': 0.4820481372997,
  'rf_classifiermin_samples_leaf': 11,
  'rf_classifiermin_samples_split': 5,
  'rf_classifiern_estimators': 116,
})
Config Configuration(values={
  'rf_classifierbootstrap': np.True_,
  'rf_classifiermax_features': 0.4820481372997,
  'rf_classifiermin_samples_leaf': 11,
  'rf_classifiermin_samples_split': 5,
  'rf_classifiern_estimators': 116,
}) → Total CV precision: 4698.224490896198
Evaluating config: Configuration(values={
  'rf_classifierbootstrap': np.False_,
  'rf_classifiermax_features': 0.7194256727584,
  'rf_classifiermin_samples_leaf': 8,
  'rf_classifiermin_samples_split': 18,
  'rf_classifiern_estimators': 29,
})
Config Configuration(values={
  'rf_classifierbootstrap': np.False_,
  'rf_classifiermax_features': 0.7194256727584,
  'rf_classifiermin_samples_leaf': 8,
  'rf_classifiermin_samples_split': 18,
  'rf_classifiern_estimators': 29,
}) → Total CV precision: 4770.8908529081
Evaluating config: Configuration(values={
  'rf_classifierbootstrap': np.False_,
  'rf_classifiermax_features': 0.3265367062762,
  'rf_classifiermin_samples_leaf': 3,
  'rf_classifiermin_samples_split': 17,
  'rf_classifiern_estimators': 45,
})
Config Configuration(values={
  'rf_classifierbootstrap': np.False_,
  'rf_classifiermax_features': 0.3265367062762,
  'rf_classifiermin_samples_leaf': 3,
  'rf_classifiermin_samples_split': 17,
  'rf_classifiern_estimators': 45,
}) → Total CV precision: 4717.2107717543995
Evaluating config: Configuration(values={
  'rf_classifierbootstrap': np.True_,
  'rf_classifiermax_features': 0.6518046521582,
  'rf_classifiermin_samples_leaf': 16,
  'rf_classifiermin_samples_split': 2,
  'rf_classifiern_estimators': 78,
})
Config Configuration(values={
  'rf_classifierbootstrap': np.True_,
  'rf_classifiermax_features': 0.6518046521582,
  'rf_classifiermin_samples_leaf': 16,
  'rf_classifiermin_samples_split': 2,
  'rf_classifiern_estimators': 78,
}) → Total CV precision: 4675.3470436567995
Evaluating config: Configuration(values={
  'rf_classifierbootstrap': np.True_,
  'rf_classifiermax_features': 0.2203338197432,
  'rf_classifiermin_samples_leaf': 8,
  'rf_classifiermin_samples_split': 13,
  'rf_classifiern_estimators': 61,
})
Config Configuration(values={
  'rf_classifierbootstrap': np.True_,
  'rf_classifiermax_features': 0.2203338197432,
  'rf_classifiermin_samples_leaf': 8,
  'rf_classifiermin_samples_split': 13,
  'rf_classifiern_estimators': 61,
}) → Total CV precision: 4812.697841501799
Evaluating config: Configuration(values={
  'rf_classifierbootstrap': np.False_,
  'rf_classifiermax_features': 0.9951749708503,
  'rf_classifiermin_samples_leaf': 15,
  'rf_classifiermin_samples_split': 8,
  'rf_classifiern_estimators': 20,
})
Config Configuration(values={
  'rf_classifierbootstrap': np.False_,
  'rf_classifiermax_features': 0.9951749708503,
  'rf_classifiermin_samples_leaf': 15,
  'rf_classifiermin_samples_split': 8,
  'rf_classifiern_estimators': 20,
}) → Total CV precision: 5134.4229908852985
Evaluating config: Configuration(values={
  'rf_classifierbootstrap': np.False_,
  'rf_classifiermax_features': 0.5066244599409,
  'rf_classifiermin_samples_leaf': 10,
  'rf_classifiermin_samples_split': 3,
  'rf_classifiern_estimators': 48,
})
Config Configuration(values={
  'rf_classifierbootstrap': np.False_,
  'rf_classifiermax_features': 0.5066244599409,
  'rf_classifiermin_samples_leaf': 10,
  'rf_classifiermin_samples_split': 3,
  'rf_classifiern_estimators': 48,
}) → Total CV precision: 4741.630100653299
Evaluating config: Configuration(values={
  'rf_classifierbootstrap': np.True_,
  'rf_classifiermax_features': 0.715943945013,
  'rf_classifiermin_samples_leaf': 13,
  'rf_classifiermin_samples_split': 16,
  'rf_classifiern_estimators': 26,
})
Config Configuration(values={
  'rf_classifierbootstrap': np.True_,
  'rf_classifiermax_features': 0.715943945013,
  'rf_classifiermin_samples_leaf': 13,
  'rf_classifiermin_samples_split': 16,
  'rf_classifiern_estimators': 26,
}) → Total CV precision: 4685.712594065801
Evaluating config: Configuration(values={
  'rf_classifierbootstrap': np.True_,
  'rf_classifiermax_features': 0.1632389716804,
  'rf_classifiermin_samples_leaf': 1,
  'rf_classifiermin_samples_split': 8,
  'rf_classifiern_estimators': 34,
})
Config Configuration(values={
  'rf_classifierbootstrap': np.True_,
  'rf_classifiermax_features': 0.1632389716804,
  'rf_classifiermin_samples_leaf': 1,
  'rf_classifiermin_samples_split': 8,
  'rf_classifiern_estimators': 34,
}) → Total CV precision: 4736.460792111098
Evaluating config: Configuration(values={
  'rf_classifierbootstrap': np.False_,
  'rf_classifiermax_features': 0.8221072035842,
  'rf_classifiermin_samples_leaf': 17,
  'rf_classifiermin_samples_split': 12,
  'rf_classifiern_estimators': 100,
})
Config Configuration(values={
  'rf_classifierbootstrap': np.False_,
  'rf_classifiermax_features': 0.8221072035842,
  'rf_classifiermin_samples_leaf': 17,
  'rf_classifiermin_samples_split': 12,
  'rf_classifiern_estimators': 100,
}) → Total CV precision: 4936.303347382999
Evaluating config: Configuration(values={
  'rf_classifierbootstrap': np.False_,
  'rf_classifiermax_features': 0.3152346570045,
  'rf_classifiermin_samples_leaf': 13,
  'rf_classifiermin_samples_split': 15,
  'rf_classifiern_estimators': 91,
})
Config Configuration(values={
  'rf_classifierbootstrap': np.False_,
  'rf_classifiermax_features': 0.3152346570045,
  'rf_classifiermin_samples_leaf': 13,
  'rf_classifiermin_samples_split': 15,
  'rf_classifiern_estimators': 91,
}) → Total CV precision: 4759.142442217999
Evaluating config: Configuration(values={
  'rf_classifierbootstrap': np.True_,
  'rf_classifiermax_features': 0.893243728485,
  'rf_classifiermin_samples_leaf': 6,
  'rf_classifiermin_samples_split': 9,
  'rf_classifiern_estimators': 38,
})
Config Configuration(values={
  'rf_classifierbootstrap': np.True_,
  'rf_classifiermax_features': 0.893243728485,
  'rf_classifiermin_samples_leaf': 6,
  'rf_classifiermin_samples_split': 9,
  'rf_classifiern_estimators': 38,
}) → Total CV precision: 4685.2551876750995
Evaluating config: Configuration(values={
  'rf_classifierbootstrap': np.True_,
  'rf_classifiermax_features': 0.4354880423285,
  'rf_classifiermin_samples_leaf': 18,
  'rf_classifiermin_samples_split': 19,
  'rf_classifiern_estimators': 18,
})
Config Configuration(values={
  'rf_classifierbootstrap': np.True_,
  'rf_classifiermax_features': 0.4354880423285,
  'rf_classifiermin_samples_leaf': 18,
  'rf_classifiermin_samples_split': 19,
  'rf_classifiern_estimators': 18,
}) → Total CV precision: 4878.6583640042
Evaluating config: Configuration(values={
  'rf_classifierbootstrap': np.False_,
  'rf_classifiermax_features': 0.5639479378238,
  'rf_classifiermin_samples_leaf': 5,
  'rf_classifiermin_samples_split': 5,
  'rf_classifiern_estimators': 68,
})
Config Configuration(values={
  'rf_classifierbootstrap': np.False_,
  'rf_classifiermax_features': 0.5639479378238,
  'rf_classifiermin_samples_leaf': 5,
  'rf_classifiermin_samples_split': 5,
  'rf_classifiern_estimators': 68,
}) → Total CV precision: 4672.3140548257
Evaluating config: Configuration(values={
  'rf_classifierbootstrap': np.False_,
  'rf_classifiermax_features': 0.3912563025951,
  'rf_classifiermin_samples_leaf': 14,
  'rf_classifiermin_samples_split': 13,
  'rf_classifiern_estimators': 27,
})
Config Configuration(values={
  'rf_classifierbootstrap': np.False_,
  'rf_classifiermax_features': 0.3912563025951,
  'rf_classifiermin_samples_leaf': 14,
  'rf_classifiermin_samples_split': 13,
  'rf_classifiern_estimators': 27,
}) → Total CV precision: 4663.749795343799
Evaluating config: Configuration(values={
  'rf_classifierbootstrap': np.True_,
  'rf_classifiermax_features': 0.600131400954,
  'rf_classifiermin_samples_leaf': 10,
  'rf_classifiermin_samples_split': 7,
  'rf_classifiern_estimators': 124,
})
Config Configuration(values={
  'rf_classifierbootstrap': np.True_,
  'rf_classifiermax_features': 0.600131400954,
  'rf_classifiermin_samples_leaf': 10,
  'rf_classifiermin_samples_split': 7,
  'rf_classifiern_estimators': 124,
}) → Total CV precision: 4705.864154372299
Evaluating config: Configuration(values={
  'rf_classifierbootstrap': np.True_,
  'rf_classifiermax_features': 0.2706892211922,
  'rf_classifiermin_samples_leaf': 17,
  'rf_classifiermin_samples_split': 17,
  'rf_classifiern_estimators': 56,
})
Config Configuration(values={
  'rf_classifierbootstrap': np.True_,
  'rf_classifiermax_features': 0.2706892211922,
  'rf_classifiermin_samples_leaf': 17,
  'rf_classifiermin_samples_split': 17,
  'rf_classifiern_estimators': 56,
}) → Total CV precision: 4739.3932511209
Evaluating config: Configuration(values={
  'rf_classifierbootstrap': np.False_,
  'rf_classifiermax_features': 0.9300155727193,
  'rf_classifiermin_samples_leaf': 2,
  'rf_classifiermin_samples_split': 3,
  'rf_classifiern_estimators': 22,
})
Config Configuration(values={
  'rf_classifierbootstrap': np.False_,
  'rf_classifiermax_features': 0.9300155727193,
  'rf_classifiermin_samples_leaf': 2,
  'rf_classifiermin_samples_split': 3,
  'rf_classifiern_estimators': 22,
}) → Total CV precision: 5096.720498225599
Evaluating config: Configuration(values={
  'rf_classifierbootstrap': np.False_,
  'rf_classifiermax_features': 0.1994429268874,
  'rf_classifiermin_samples_leaf': 7,
  'rf_classifiermin_samples_split': 6,
  'rf_classifiern_estimators': 18,
})
Config Configuration(values={
  'rf_classifierbootstrap': np.False_,
  'rf_classifiermax_features': 0.1994429268874,
  'rf_classifiermin_samples_leaf': 7,
  'rf_classifiermin_samples_split': 6,
  'rf_classifiern_estimators': 18,
}) → Total CV precision: 4892.994803722098
Evaluating config: Configuration(values={
  'rf_classifierbootstrap': np.True_,
  'rf_classifiermax_features': 0.7779096888378,
  'rf_classifiermin_samples_leaf': 12,
  'rf_classifiermin_samples_split': 18,
  'rf_classifiern_estimators': 65,
})
Config Configuration(values={
  'rf_classifierbootstrap': np.True_,
  'rf_classifiermax_features': 0.7779096888378,
  'rf_classifiermin_samples_leaf': 12,
  'rf_classifiermin_samples_split': 18,
  'rf_classifiern_estimators': 65,
}) → Total CV precision: 4645.0447506281
[INFO][abstract_intensifier.py:596] Added config e7ad97 and rejected config 1fd642 as incumbent because it is not better than the incumbents on 1 instances: 
Evaluating config: Configuration(values={
  'rf_classifierbootstrap': np.True_,
  'rf_classifiermax_features': 0.5433618646115,
  'rf_classifiermin_samples_leaf': 5,
  'rf_classifiermin_samples_split': 10,
  'rf_classifiern_estimators': 83,
})
Config Configuration(values={
  'rf_classifierbootstrap': np.True_,
  'rf_classifiermax_features': 0.5433618646115,
  'rf_classifiermin_samples_leaf': 5,
  'rf_classifiermin_samples_split': 10,
  'rf_classifiern_estimators': 83,
}) → Total CV precision: 4690.682176562599
Evaluating config: Configuration(values={
  'rf_classifierbootstrap': np.False_,
  'rf_classifiermax_features': 0.6713778025471,
  'rf_classifiermin_samples_leaf': 19,
  'rf_classifiermin_samples_split': 14,
  'rf_classifiern_estimators': 42,
})
Config Configuration(values={
  'rf_classifierbootstrap': np.False_,
  'rf_classifiermax_features': 0.6713778025471,
  'rf_classifiermin_samples_leaf': 19,
  'rf_classifiermin_samples_split': 14,
  'rf_classifiern_estimators': 42,
}) → Total CV precision: 4781.292608942399
Evaluating config: Configuration(values={
  'rf_classifierbootstrap': np.False_,
  'rf_classifiermax_features': 0.2672074934468,
  'rf_classifiermin_samples_leaf': 4,
  'rf_classifiermin_samples_split': 20,
  'rf_classifiern_estimators': 107,
})
Config Configuration(values={
  'rf_classifierbootstrap': np.False_,
  'rf_classifiermax_features': 0.2672074934468,
  'rf_classifiermin_samples_leaf': 4,
  'rf_classifiermin_samples_split': 20,
  'rf_classifiern_estimators': 107,
}) → Total CV precision: 4767.473657565399
Evaluating config: Configuration(values={
  'rf_classifierbootstrap': np.True_,
  'rf_classifiermax_features': 0.9545918953605,
  'rf_classifiermin_samples_leaf': 19,
  'rf_classifiermin_samples_split': 5,
  'rf_classifiern_estimators': 32,
})
Config Configuration(values={
  'rf_classifierbootstrap': np.True_,
  'rf_classifiermax_features': 0.9545918953605,
  'rf_classifiermin_samples_leaf': 19,
  'rf_classifiermin_samples_split': 5,
  'rf_classifiern_estimators': 32,
}) → Total CV precision: 4729.533853924499
Evaluating config: Configuration(values={
  'rf_classifierbootstrap': np.True_,
  'rf_classifiermax_features': 0.3737000736408,
  'rf_classifiermin_samples_leaf': 7,
  'rf_classifiermin_samples_split': 15,
  'rf_classifiern_estimators': 24,
})
Config Configuration(values={
  'rf_classifierbootstrap': np.True_,
  'rf_classifiermax_features': 0.3737000736408,
  'rf_classifiermin_samples_leaf': 7,
  'rf_classifiermin_samples_split': 15,
  'rf_classifiern_estimators': 24,
}) → Total CV precision: 4778.6647976463
Evaluating config: Configuration(values={
  'rf_classifierbootstrap': np.False_,
  'rf_classifiermax_features': 0.6106572516263,
  'rf_classifiermin_samples_leaf': 11,
  'rf_classifiermin_samples_split': 9,
  'rf_classifiern_estimators': 51,
})
Config Configuration(values={
  'rf_classifierbootstrap': np.False_,
  'rf_classifiermax_features': 0.6106572516263,
  'rf_classifiermin_samples_leaf': 11,
  'rf_classifiermin_samples_split': 9,
  'rf_classifiern_estimators': 51,
}) → Total CV precision: 4743.772918887099
Evaluating config: Configuration(values={
  'rf_classifierbootstrap': np.False_,
  'rf_classifiermax_features': 0.4414306222461,
  'rf_classifiermin_samples_leaf': 16,
  'rf_classifiermin_samples_split': 8,
  'rf_classifiern_estimators': 72,
})
Config Configuration(values={
  'rf_classifierbootstrap': np.False_,
  'rf_classifiermax_features': 0.4414306222461,
  'rf_classifiermin_samples_leaf': 16,
  'rf_classifiermin_samples_split': 8,
  'rf_classifiern_estimators': 72,
}) → Total CV precision: 4684.995689839999
Evaluating config: Configuration(values={
  'rf_classifierbootstrap': np.True_,
  'rf_classifiermax_features': 0.7662786398083,
  'rf_classifiermin_samples_leaf': 3,
  'rf_classifiermin_samples_split': 11,
  'rf_classifiern_estimators': 17,
})
Config Configuration(values={
  'rf_classifierbootstrap': np.True_,
  'rf_classifiermax_features': 0.7662786398083,
  'rf_classifiermin_samples_leaf': 3,
  'rf_classifiermin_samples_split': 11,
  'rf_classifiern_estimators': 17,
}) → Total CV precision: 4798.7760548018
Evaluating config: Configuration(values={
  'rf_classifierbootstrap': np.True_,
  'rf_classifiermax_features': 0.1115862125531,
  'rf_classifiermin_samples_leaf': 14,
  'rf_classifiermin_samples_split': 4,
  'rf_classifiern_estimators': 36,
})
Config Configuration(values={
  'rf_classifierbootstrap': np.True_,
  'rf_classifiermax_features': 0.1115862125531,
  'rf_classifiermin_samples_leaf': 14,
  'rf_classifiermin_samples_split': 4,
  'rf_classifiern_estimators': 36,
}) → Total CV precision: 4795.059274797599
Evaluating config: Configuration(values={
  'rf_classifierbootstrap': np.False_,
  'rf_classifiermax_features': 0.8868610248901,
  'rf_classifiermin_samples_leaf': 9,
  'rf_classifiermin_samples_split': 16,
  'rf_classifiern_estimators': 97,
})
Config Configuration(values={
  'rf_classifierbootstrap': np.False_,
  'rf_classifiermax_features': 0.8868610248901,
  'rf_classifiermin_samples_leaf': 9,
  'rf_classifiermin_samples_split': 16,
  'rf_classifiern_estimators': 97,
}) → Total CV precision: 5064.409097758099
Evaluating config: Configuration(values={
  'rf_classifierbootstrap': np.False_,
  'rf_classifiermax_features': 0.4683308317326,
  'rf_classifiermin_samples_leaf': 2,
  'rf_classifiermin_samples_split': 14,
  'rf_classifiern_estimators': 20,
})
Config Configuration(values={
  'rf_classifierbootstrap': np.False_,
  'rf_classifiermax_features': 0.4683308317326,
  'rf_classifiermin_samples_leaf': 2,
  'rf_classifiermin_samples_split': 14,
  'rf_classifiern_estimators': 20,
}) → Total CV precision: 4707.1259998315
Evaluating config: Configuration(values={
  'rf_classifierbootstrap': np.True_,
  'rf_classifiermax_features': 0.7341290522367,
  'rf_classifiermin_samples_leaf': 17,
  'rf_classifiermin_samples_split': 10,
  'rf_classifiern_estimators': 59,
})
Config Configuration(values={
  'rf_classifierbootstrap': np.True_,
  'rf_classifiermax_features': 0.7341290522367,
  'rf_classifiermin_samples_leaf': 17,
  'rf_classifiermin_samples_split': 10,
  'rf_classifiern_estimators': 59,
}) → Total CV precision: 4741.0157529684
Evaluating config: Configuration(values={
  'rf_classifierbootstrap': np.True_,
  'rf_classifiermax_features': 0.137142313458,
  'rf_classifiermin_samples_leaf': 10,
  'rf_classifiermin_samples_split': 19,
  'rf_classifiern_estimators': 81,
})
Config Configuration(values={
  'rf_classifierbootstrap': np.True_,
  'rf_classifiermax_features': 0.137142313458,
  'rf_classifiermin_samples_leaf': 10,
  'rf_classifiermin_samples_split': 19,
  'rf_classifiern_estimators': 81,
}) → Total CV precision: 4758.284322609099
Evaluating config: Configuration(values={
  'rf_classifierbootstrap': np.False_,
  'rf_classifiermax_features': 0.8524849892594,
  'rf_classifiermin_samples_leaf': 13,
  'rf_classifiermin_samples_split': 6,
  'rf_classifiern_estimators': 44,
})
Config Configuration(values={
  'rf_classifierbootstrap': np.False_,
  'rf_classifiermax_features': 0.8524849892594,
  'rf_classifiermin_samples_leaf': 13,
  'rf_classifiermin_samples_split': 6,
  'rf_classifiern_estimators': 44,
}) → Total CV precision: 4990.151276341398
Evaluating config: Configuration(values={
  'rf_classifierbootstrap': np.False_,
  'rf_classifiermax_features': 0.2347557818517,
  'rf_classifiermin_samples_leaf': 18,
  'rf_classifiermin_samples_split': 3,
  'rf_classifiern_estimators': 30,
})
Config Configuration(values={
  'rf_classifierbootstrap': np.False_,
  'rf_classifiermax_features': 0.2347557818517,
  'rf_classifiermin_samples_leaf': 18,
  'rf_classifiermin_samples_split': 3,
  'rf_classifiern_estimators': 30,
}) → Total CV precision: 4739.943330980399
Evaluating config: Configuration(values={
  'rf_classifierbootstrap': np.True_,
  'rf_classifiermax_features': 0.7980817135269,
  'rf_classifiermin_samples_leaf': 1,
  'rf_classifiermin_samples_split': 18,
  'rf_classifiern_estimators': 62,
})
Config Configuration(values={
  'rf_classifierbootstrap': np.True_,
  'rf_classifiermax_features': 0.7980817135269,
  'rf_classifiermin_samples_leaf': 1,
  'rf_classifiermin_samples_split': 18,
  'rf_classifiern_estimators': 62,
}) → Total CV precision: 4596.802872446699
[INFO][abstract_intensifier.py:596] Added config 298f98 and rejected config e7ad97 as incumbent because it is not better than the incumbents on 1 instances: 
Evaluating config: Configuration(values={
  'rf_classifierbootstrap': np.True_,
  'rf_classifiermax_features': 0.8054679664446,
  'rf_classifiermin_samples_leaf': 3,
  'rf_classifiermin_samples_split': 20,
  'rf_classifiern_estimators': 63,
})
Config Configuration(values={
  'rf_classifierbootstrap': np.True_,
  'rf_classifiermax_features': 0.8054679664446,
  'rf_classifiermin_samples_leaf': 3,
  'rf_classifiermin_samples_split': 20,
  'rf_classifiern_estimators': 63,
}) → Total CV precision: 4743.2385010904
Evaluating config: Configuration(values={
  'rf_classifierbootstrap': np.True_,
  'rf_classifiermax_features': 0.8088783661559,
  'rf_classifiermin_samples_leaf': 2,
  'rf_classifiermin_samples_split': 18,
  'rf_classifiern_estimators': 63,
})
Config Configuration(values={
  'rf_classifierbootstrap': np.True_,
  'rf_classifiermax_features': 0.8088783661559,
  'rf_classifiermin_samples_leaf': 2,
  'rf_classifiermin_samples_split': 18,
  'rf_classifiern_estimators': 63,
}) → Total CV precision: 4630.390155397199
Evaluating config: Configuration(values={
  'rf_classifierbootstrap': np.True_,
  'rf_classifiermax_features': 0.7952722239771,
  'rf_classifiermin_samples_leaf': 1,
  'rf_classifiermin_samples_split': 18,
  'rf_classifiern_estimators': 64,
})
Config Configuration(values={
  'rf_classifierbootstrap': np.True_,
  'rf_classifiermax_features': 0.7952722239771,
  'rf_classifiermin_samples_leaf': 1,
  'rf_classifiermin_samples_split': 18,
  'rf_classifiern_estimators': 64,
}) → Total CV precision: 4659.2331464605995
Evaluating config: Configuration(values={
  'rf_classifierbootstrap': np.True_,
  'rf_classifiermax_features': 0.9176273794574,
  'rf_classifiermin_samples_leaf': 1,
  'rf_classifiermin_samples_split': 11,
  'rf_classifiern_estimators': 63,
})
Config Configuration(values={
  'rf_classifierbootstrap': np.True_,
  'rf_classifiermax_features': 0.9176273794574,
  'rf_classifiermin_samples_leaf': 1,
  'rf_classifiermin_samples_split': 11,
  'rf_classifiern_estimators': 63,
}) → Total CV precision: 4516.3051458218
[INFO][abstract_intensifier.py:596] Added config 31a103 and rejected config 298f98 as incumbent because it is not better than the incumbents on 1 instances: 
Evaluating config: Configuration(values={
  'rf_classifierbootstrap': np.False_,
  'rf_classifiermax_features': 0.874588764986,
  'rf_classifiermin_samples_leaf': 4,
  'rf_classifiermin_samples_split': 18,
  'rf_classifiern_estimators': 46,
})
Config Configuration(values={
  'rf_classifierbootstrap': np.False_,
  'rf_classifiermax_features': 0.874588764986,
  'rf_classifiermin_samples_leaf': 4,
  'rf_classifiermin_samples_split': 18,
  'rf_classifiern_estimators': 46,
}) → Total CV precision: 4978.906703179398
Evaluating config: Configuration(values={
  'rf_classifierbootstrap': np.False_,
  'rf_classifiermax_features': 0.5683567298652,
  'rf_classifiermin_samples_leaf': 4,
  'rf_classifiermin_samples_split': 12,
  'rf_classifiern_estimators': 17,
})
Config Configuration(values={
  'rf_classifierbootstrap': np.False_,
  'rf_classifiermax_features': 0.5683567298652,
  'rf_classifiermin_samples_leaf': 4,
  'rf_classifiermin_samples_split': 12,
  'rf_classifiern_estimators': 17,
}) → Total CV precision: 4796.316773350199
Evaluating config: Configuration(values={
  'rf_classifierbootstrap': np.True_,
  'rf_classifiermax_features': 0.7845921898729,
  'rf_classifiermin_samples_leaf': 2,
  'rf_classifiermin_samples_split': 18,
  'rf_classifiern_estimators': 62,
})
Config Configuration(values={
  'rf_classifierbootstrap': np.True_,
  'rf_classifiermax_features': 0.7845921898729,
  'rf_classifiermin_samples_leaf': 2,
  'rf_classifiermin_samples_split': 18,
  'rf_classifiern_estimators': 62,
}) → Total CV precision: 4677.8210470696995
Evaluating config: Configuration(values={
  'rf_classifierbootstrap': np.True_,
  'rf_classifiermax_features': 0.917329715662,
  'rf_classifiermin_samples_leaf': 1,
  'rf_classifiermin_samples_split': 10,
  'rf_classifiern_estimators': 64,
})
Config Configuration(values={
  'rf_classifierbootstrap': np.True_,
  'rf_classifiermax_features': 0.917329715662,
  'rf_classifiermin_samples_leaf': 1,
  'rf_classifiermin_samples_split': 10,
  'rf_classifiern_estimators': 64,
}) → Total CV precision: 4605.177984853999
Evaluating config: Configuration(values={
  'rf_classifierbootstrap': np.True_,
  'rf_classifiermax_features': 0.9217670684658,
  'rf_classifiermin_samples_leaf': 1,
  'rf_classifiermin_samples_split': 11,
  'rf_classifiern_estimators': 63,
})
Config Configuration(values={
  'rf_classifierbootstrap': np.True_,
  'rf_classifiermax_features': 0.9217670684658,
  'rf_classifiermin_samples_leaf': 1,
  'rf_classifiermin_samples_split': 11,
  'rf_classifiern_estimators': 63,
}) → Total CV precision: 4521.798921408499
Evaluating config: Configuration(values={
  'rf_classifierbootstrap': np.False_,
  'rf_classifiermax_features': 0.3703574070618,
  'rf_classifiermin_samples_leaf': 3,
  'rf_classifiermin_samples_split': 2,
  'rf_classifiern_estimators': 38,
})
Config Configuration(values={
  'rf_classifierbootstrap': np.False_,
  'rf_classifiermax_features': 0.3703574070618,
  'rf_classifiermin_samples_leaf': 3,
  'rf_classifiermin_samples_split': 2,
  'rf_classifiern_estimators': 38,
}) → Total CV precision: 4678.5979305190995
Evaluating config: Configuration(values={
  'rf_classifierbootstrap': np.True_,
  'rf_classifiermax_features': 0.9223303264985,
  'rf_classifiermin_samples_leaf': 1,
  'rf_classifiermin_samples_split': 11,
  'rf_classifiern_estimators': 63,
})
Config Configuration(values={
  'rf_classifierbootstrap': np.True_,
  'rf_classifiermax_features': 0.9223303264985,
  'rf_classifiermin_samples_leaf': 1,
  'rf_classifiermin_samples_split': 11,
  'rf_classifiern_estimators': 63,
}) → Total CV precision: 4517.543423358698
Evaluating config: Configuration(values={
  'rf_classifierbootstrap': np.True_,
  'rf_classifiermax_features': 0.9251518984289,
  'rf_classifiermin_samples_leaf': 1,
  'rf_classifiermin_samples_split': 10,
  'rf_classifiern_estimators': 66,
})
Config Configuration(values={
  'rf_classifierbootstrap': np.True_,
  'rf_classifiermax_features': 0.9251518984289,
  'rf_classifiermin_samples_leaf': 1,
  'rf_classifiermin_samples_split': 10,
  'rf_classifiern_estimators': 66,
}) → Total CV precision: 4591.284134575499
[INFO][smbo.py:327] Finished 50 trials.
Evaluating config: Configuration(values={
  'rf_classifierbootstrap': np.True_,
  'rf_classifiermax_features': 0.9244814823246,
  'rf_classifiermin_samples_leaf': 1,
  'rf_classifiermin_samples_split': 12,
  'rf_classifiern_estimators': 63,
})
Config Configuration(values={
  'rf_classifierbootstrap': np.True_,
  'rf_classifiermax_features': 0.9244814823246,
  'rf_classifiermin_samples_leaf': 1,
  'rf_classifiermin_samples_split': 12,
  'rf_classifiern_estimators': 63,
}) → Total CV precision: 4526.123398015299
Evaluating config: Configuration(values={
  'rf_classifierbootstrap': np.True_,
  'rf_classifiermax_features': 0.9406972851668,
  'rf_classifiermin_samples_leaf': 12,
  'rf_classifiermin_samples_split': 14,
  'rf_classifiern_estimators': 22,
})
Config Configuration(values={
  'rf_classifierbootstrap': np.True_,
  'rf_classifiermax_features': 0.9406972851668,
  'rf_classifiermin_samples_leaf': 12,
  'rf_classifiermin_samples_split': 14,
  'rf_classifiern_estimators': 22,
}) → Total CV precision: 4824.0246476845
Evaluating config: Configuration(values={
  'rf_classifierbootstrap': np.True_,
  'rf_classifiermax_features': 0.3428810479916,
  'rf_classifiermin_samples_leaf': 13,
  'rf_classifiermin_samples_split': 18,
  'rf_classifiern_estimators': 42,
})
Config Configuration(values={
  'rf_classifierbootstrap': np.True_,
  'rf_classifiermax_features': 0.3428810479916,
  'rf_classifiermin_samples_leaf': 13,
  'rf_classifiermin_samples_split': 18,
  'rf_classifiern_estimators': 42,
}) → Total CV precision: 4765.149511756299
Evaluating config: Configuration(values={
  'rf_classifierbootstrap': np.True_,
  'rf_classifiermax_features': 0.9176699299088,
  'rf_classifiermin_samples_leaf': 1,
  'rf_classifiermin_samples_split': 11,
  'rf_classifiern_estimators': 63,
})
Config Configuration(values={
  'rf_classifierbootstrap': np.True_,
  'rf_classifiermax_features': 0.9176699299088,
  'rf_classifiermin_samples_leaf': 1,
  'rf_classifiermin_samples_split': 11,
  'rf_classifiern_estimators': 63,
}) → Total CV precision: 4516.3051458218
Evaluating config: Configuration(values={
  'rf_classifierbootstrap': np.False_,
  'rf_classifiermax_features': 0.9180507752232,
  'rf_classifiermin_samples_leaf': 1,
  'rf_classifiermin_samples_split': 11,
  'rf_classifiern_estimators': 39,
})
Config Configuration(values={
  'rf_classifierbootstrap': np.False_,
  'rf_classifiermax_features': 0.9180507752232,
  'rf_classifiermin_samples_leaf': 1,
  'rf_classifiermin_samples_split': 11,
  'rf_classifiern_estimators': 39,
}) → Total CV precision: 5165.853359750498
Evaluating config: Configuration(values={
  'rf_classifierbootstrap': np.False_,
  'rf_classifiermax_features': 0.9180841063089,
  'rf_classifiermin_samples_leaf': 1,
  'rf_classifiermin_samples_split': 11,
  'rf_classifiern_estimators': 23,
})
Config Configuration(values={
  'rf_classifierbootstrap': np.False_,
  'rf_classifiermax_features': 0.9180841063089,
  'rf_classifiermin_samples_leaf': 1,
  'rf_classifiermin_samples_split': 11,
  'rf_classifiern_estimators': 23,
}) → Total CV precision: 5115.899394782699
Evaluating config: Configuration(values={
  'rf_classifierbootstrap': np.False_,
  'rf_classifiermax_features': 0.9180573986085,
  'rf_classifiermin_samples_leaf': 1,
  'rf_classifiermin_samples_split': 11,
  'rf_classifiern_estimators': 26,
})
Config Configuration(values={
  'rf_classifierbootstrap': np.False_,
  'rf_classifiermax_features': 0.9180573986085,
  'rf_classifiermin_samples_leaf': 1,
  'rf_classifiermin_samples_split': 11,
  'rf_classifiern_estimators': 26,
}) → Total CV precision: 5136.236307551799
Evaluating config: Configuration(values={
  'rf_classifierbootstrap': np.True_,
  'rf_classifiermax_features': 0.5687800713687,
  'rf_classifiermin_samples_leaf': 16,
  'rf_classifiermin_samples_split': 13,
  'rf_classifiern_estimators': 61,
})
Config Configuration(values={
  'rf_classifierbootstrap': np.True_,
  'rf_classifiermax_features': 0.5687800713687,
  'rf_classifiermin_samples_leaf': 16,
  'rf_classifiermin_samples_split': 13,
  'rf_classifiern_estimators': 61,
}) → Total CV precision: 4698.081772896199
Evaluating config: Configuration(values={
  'rf_classifierbootstrap': np.True_,
  'rf_classifiermax_features': 0.9178000268678,
  'rf_classifiermin_samples_leaf': 1,
  'rf_classifiermin_samples_split': 11,
  'rf_classifiern_estimators': 24,
})
Config Configuration(values={
  'rf_classifierbootstrap': np.True_,
  'rf_classifiermax_features': 0.9178000268678,
  'rf_classifiermin_samples_leaf': 1,
  'rf_classifiermin_samples_split': 11,
  'rf_classifiern_estimators': 24,
}) → Total CV precision: 4891.634823386901
Evaluating config: Configuration(values={
  'rf_classifierbootstrap': np.True_,
  'rf_classifiermax_features': 0.9181646292921,
  'rf_classifiermin_samples_leaf': 1,
  'rf_classifiermin_samples_split': 11,
  'rf_classifiern_estimators': 23,
})
Config Configuration(values={
  'rf_classifierbootstrap': np.True_,
  'rf_classifiermax_features': 0.9181646292921,
  'rf_classifiermin_samples_leaf': 1,
  'rf_classifiermin_samples_split': 11,
  'rf_classifiern_estimators': 23,
}) → Total CV precision: 4793.6837096747995
Evaluating config: Configuration(values={
  'rf_classifierbootstrap': np.False_,
  'rf_classifiermax_features': 0.9180714011592,
  'rf_classifiermin_samples_leaf': 1,
  'rf_classifiermin_samples_split': 11,
  'rf_classifiern_estimators': 24,
})
Config Configuration(values={
  'rf_classifierbootstrap': np.False_,
  'rf_classifiermax_features': 0.9180714011592,
  'rf_classifiermin_samples_leaf': 1,
  'rf_classifiermin_samples_split': 11,
  'rf_classifiern_estimators': 24,
}) → Total CV precision: 5150.0800973261985
Evaluating config: Configuration(values={
  'rf_classifierbootstrap': np.False_,
  'rf_classifiermax_features': 0.9180654311916,
  'rf_classifiermin_samples_leaf': 1,
  'rf_classifiermin_samples_split': 11,
  'rf_classifiern_estimators': 62,
})
Config Configuration(values={
  'rf_classifierbootstrap': np.False_,
  'rf_classifiermax_features': 0.9180654311916,
  'rf_classifiermin_samples_leaf': 1,
  'rf_classifiermin_samples_split': 11,
  'rf_classifiern_estimators': 62,
}) → Total CV precision: 5143.4678904311995
Evaluating config: Configuration(values={
  'rf_classifierbootstrap': np.True_,
  'rf_classifiermax_features': 0.5448250873589,
  'rf_classifiermin_samples_leaf': 3,
  'rf_classifiermin_samples_split': 12,
  'rf_classifiern_estimators': 68,
})
Config Configuration(values={
  'rf_classifierbootstrap': np.True_,
  'rf_classifiermax_features': 0.5448250873589,
  'rf_classifiermin_samples_leaf': 3,
  'rf_classifiermin_samples_split': 12,
  'rf_classifiern_estimators': 68,
}) → Total CV precision: 4691.5437672364
Evaluating config: Configuration(values={
  'rf_classifierbootstrap': np.False_,
  'rf_classifiermax_features': 0.9540667306134,
  'rf_classifiermin_samples_leaf': 5,
  'rf_classifiermin_samples_split': 6,
  'rf_classifiern_estimators': 26,
})
Config Configuration(values={
  'rf_classifierbootstrap': np.False_,
  'rf_classifiermax_features': 0.9540667306134,
  'rf_classifiermin_samples_leaf': 5,
  'rf_classifiermin_samples_split': 6,
  'rf_classifiern_estimators': 26,
}) → Total CV precision: 5181.6830111702975
Evaluating config: Configuration(values={
  'rf_classifierbootstrap': np.False_,
  'rf_classifiermax_features': 0.9177598325482,
  'rf_classifiermin_samples_leaf': 18,
  'rf_classifiermin_samples_split': 11,
  'rf_classifiern_estimators': 64,
})
Config Configuration(values={
  'rf_classifierbootstrap': np.False_,
  'rf_classifiermax_features': 0.9177598325482,
  'rf_classifiermin_samples_leaf': 18,
  'rf_classifiermin_samples_split': 11,
  'rf_classifiern_estimators': 64,
}) → Total CV precision: 4935.862348042399
Evaluating config: Configuration(values={
  'rf_classifierbootstrap': np.False_,
  'rf_classifiermax_features': 0.1640568443185,
  'rf_classifiermin_samples_leaf': 4,
  'rf_classifiermin_samples_split': 15,
  'rf_classifiern_estimators': 43,
})
Config Configuration(values={
  'rf_classifierbootstrap': np.False_,
  'rf_classifiermax_features': 0.1640568443185,
  'rf_classifiermin_samples_leaf': 4,
  'rf_classifiermin_samples_split': 15,
  'rf_classifiern_estimators': 43,
}) → Total CV precision: 4722.781638033699
Evaluating config: Configuration(values={
  'rf_classifierbootstrap': np.False_,
  'rf_classifiermax_features': 0.8590277358679,
  'rf_classifiermin_samples_leaf': 3,
  'rf_classifiermin_samples_split': 11,
  'rf_classifiern_estimators': 30,
})
Config Configuration(values={
  'rf_classifierbootstrap': np.False_,
  'rf_classifiermax_features': 0.8590277358679,
  'rf_classifiermin_samples_leaf': 3,
  'rf_classifiermin_samples_split': 11,
  'rf_classifiern_estimators': 30,
}) → Total CV precision: 4953.970334529498
Evaluating config: Configuration(values={
  'rf_classifierbootstrap': np.False_,
  'rf_classifiermax_features': 0.9178159264532,
  'rf_classifiermin_samples_leaf': 18,
  'rf_classifiermin_samples_split': 11,
  'rf_classifiern_estimators': 62,
})
Config Configuration(values={
  'rf_classifierbootstrap': np.False_,
  'rf_classifiermax_features': 0.9178159264532,
  'rf_classifiermin_samples_leaf': 18,
  'rf_classifiermin_samples_split': 11,
  'rf_classifiern_estimators': 62,
}) → Total CV precision: 4951.900109410199
Evaluating config: Configuration(values={
  'rf_classifierbootstrap': np.False_,
  'rf_classifiermax_features': 0.9189369502678,
  'rf_classifiermin_samples_leaf': 1,
  'rf_classifiermin_samples_split': 11,
  'rf_classifiern_estimators': 62,
})
Config Configuration(values={
  'rf_classifierbootstrap': np.False_,
  'rf_classifiermax_features': 0.9189369502678,
  'rf_classifiermin_samples_leaf': 1,
  'rf_classifiermin_samples_split': 11,
  'rf_classifiern_estimators': 62,
}) → Total CV precision: 5146.182028919799
Evaluating config: Configuration(values={
  'rf_classifierbootstrap': np.True_,
  'rf_classifiermax_features': 0.9182900270596,
  'rf_classifiermin_samples_leaf': 1,
  'rf_classifiermin_samples_split': 11,
  'rf_classifiern_estimators': 63,
})
Config Configuration(values={
  'rf_classifierbootstrap': np.True_,
  'rf_classifiermax_features': 0.9182900270596,
  'rf_classifiermin_samples_leaf': 1,
  'rf_classifiermin_samples_split': 11,
  'rf_classifiern_estimators': 63,
}) → Total CV precision: 4517.369072204199
Evaluating config: Configuration(values={
  'rf_classifierbootstrap': np.True_,
  'rf_classifiermax_features': 0.9177529922228,
  'rf_classifiermin_samples_leaf': 1,
  'rf_classifiermin_samples_split': 11,
  'rf_classifiern_estimators': 63,
})
Config Configuration(values={
  'rf_classifierbootstrap': np.True_,
  'rf_classifiermax_features': 0.9177529922228,
  'rf_classifiermin_samples_leaf': 1,
  'rf_classifiermin_samples_split': 11,
  'rf_classifiern_estimators': 63,
}) → Total CV precision: 4516.3051458218
Evaluating config: Configuration(values={
  'rf_classifierbootstrap': np.False_,
  'rf_classifiermax_features': 0.609545970111,
  'rf_classifiermin_samples_leaf': 13,
  'rf_classifiermin_samples_split': 7,
  'rf_classifiern_estimators': 29,
})
Config Configuration(values={
  'rf_classifierbootstrap': np.False_,
  'rf_classifiermax_features': 0.609545970111,
  'rf_classifiermin_samples_leaf': 13,
  'rf_classifiermin_samples_split': 7,
  'rf_classifiern_estimators': 29,
}) → Total CV precision: 4791.4674155098
Evaluating config: Configuration(values={
  'rf_classifierbootstrap': np.True_,
  'rf_classifiermax_features': 0.9183294971217,
  'rf_classifiermin_samples_leaf': 1,
  'rf_classifiermin_samples_split': 11,
  'rf_classifiern_estimators': 63,
})
Config Configuration(values={
  'rf_classifierbootstrap': np.True_,
  'rf_classifiermax_features': 0.9183294971217,
  'rf_classifiermin_samples_leaf': 1,
  'rf_classifiermin_samples_split': 11,
  'rf_classifiern_estimators': 63,
}) → Total CV precision: 4517.369072204199
Evaluating config: Configuration(values={
  'rf_classifierbootstrap': np.True_,
  'rf_classifiermax_features': 0.9179310686655,
  'rf_classifiermin_samples_leaf': 1,
  'rf_classifiermin_samples_split': 11,
  'rf_classifiern_estimators': 63,
})
Config Configuration(values={
  'rf_classifierbootstrap': np.True_,
  'rf_classifiermax_features': 0.9179310686655,
  'rf_classifiermin_samples_leaf': 1,
  'rf_classifiermin_samples_split': 11,
  'rf_classifiern_estimators': 63,
}) → Total CV precision: 4516.3051458218
Evaluating config: Configuration(values={
  'rf_classifierbootstrap': np.False_,
  'rf_classifiermax_features': 0.2602937968797,
  'rf_classifiermin_samples_leaf': 3,
  'rf_classifiermin_samples_split': 14,
  'rf_classifiern_estimators': 48,
})
Config Configuration(values={
  'rf_classifierbootstrap': np.False_,
  'rf_classifiermax_features': 0.2602937968797,
  'rf_classifiermin_samples_leaf': 3,
  'rf_classifiermin_samples_split': 14,
  'rf_classifiern_estimators': 48,
}) → Total CV precision: 4758.050101347299
Evaluating config: Configuration(values={
  'rf_classifierbootstrap': np.True_,
  'rf_classifiermax_features': 0.9182356826026,
  'rf_classifiermin_samples_leaf': 1,
  'rf_classifiermin_samples_split': 11,
  'rf_classifiern_estimators': 63,
})
Config Configuration(values={
  'rf_classifierbootstrap': np.True_,
  'rf_classifiermax_features': 0.9182356826026,
  'rf_classifiermin_samples_leaf': 1,
  'rf_classifiermin_samples_split': 11,
  'rf_classifiern_estimators': 63,
}) → Total CV precision: 4517.369072204199
Evaluating config: Configuration(values={
  'rf_classifierbootstrap': np.False_,
  'rf_classifiermax_features': 0.1706012873422,
  'rf_classifiermin_samples_leaf': 19,
  'rf_classifiermin_samples_split': 3,
  'rf_classifiern_estimators': 91,
})
Config Configuration(values={
  'rf_classifierbootstrap': np.False_,
  'rf_classifiermax_features': 0.1706012873422,
  'rf_classifiermin_samples_leaf': 19,
  'rf_classifiermin_samples_split': 3,
  'rf_classifiern_estimators': 91,
}) → Total CV precision: 4790.1391590316
Evaluating config: Configuration(values={
  'rf_classifierbootstrap': np.False_,
  'rf_classifiermax_features': 0.9177529922228,
  'rf_classifiermin_samples_leaf': 1,
  'rf_classifiermin_samples_split': 11,
  'rf_classifiern_estimators': 63,
})
Config Configuration(values={
  'rf_classifierbootstrap': np.False_,
  'rf_classifiermax_features': 0.9177529922228,
  'rf_classifiermin_samples_leaf': 1,
  'rf_classifiermin_samples_split': 11,
  'rf_classifiern_estimators': 63,
}) → Total CV precision: 5172.0711907925
Evaluating config: Configuration(values={
  'rf_classifierbootstrap': np.False_,
  'rf_classifiermax_features': 0.9176699299088,
  'rf_classifiermin_samples_leaf': 1,
  'rf_classifiermin_samples_split': 11,
  'rf_classifiern_estimators': 63,
})
Config Configuration(values={
  'rf_classifierbootstrap': np.False_,
  'rf_classifiermax_features': 0.9176699299088,
  'rf_classifiermin_samples_leaf': 1,
  'rf_classifiermin_samples_split': 11,
  'rf_classifiern_estimators': 63,
}) → Total CV precision: 5172.0711907925
Evaluating config: Configuration(values={
  'rf_classifierbootstrap': np.True_,
  'rf_classifiermax_features': 0.1698033330781,
  'rf_classifiermin_samples_leaf': 1,
  'rf_classifiermin_samples_split': 11,
  'rf_classifiern_estimators': 63,
})
Config Configuration(values={
  'rf_classifierbootstrap': np.True_,
  'rf_classifiermax_features': 0.1698033330781,
  'rf_classifiermin_samples_leaf': 1,
  'rf_classifiermin_samples_split': 11,
  'rf_classifiern_estimators': 63,
}) → Total CV precision: 4727.901358915399
Evaluating config: Configuration(values={
  'rf_classifierbootstrap': np.True_,
  'rf_classifiermax_features': 0.2707041744496,
  'rf_classifiermin_samples_leaf': 1,
  'rf_classifiermin_samples_split': 11,
  'rf_classifiern_estimators': 63,
})
Config Configuration(values={
  'rf_classifierbootstrap': np.True_,
  'rf_classifiermax_features': 0.2707041744496,
  'rf_classifiermin_samples_leaf': 1,
  'rf_classifiermin_samples_split': 11,
  'rf_classifiern_estimators': 63,
}) → Total CV precision: 4758.096762154299
Evaluating config: Configuration(values={
  'rf_classifierbootstrap': np.True_,
  'rf_classifiermax_features': 0.5935694770731,
  'rf_classifiermin_samples_leaf': 1,
  'rf_classifiermin_samples_split': 11,
  'rf_classifiern_estimators': 63,
})
Config Configuration(values={
  'rf_classifierbootstrap': np.True_,
  'rf_classifiermax_features': 0.5935694770731,
  'rf_classifiermin_samples_leaf': 1,
  'rf_classifiermin_samples_split': 11,
  'rf_classifiern_estimators': 63,
}) → Total CV precision: 4669.942294735099
Evaluating config: Configuration(values={
  'rf_classifierbootstrap': np.True_,
  'rf_classifiermax_features': 0.8849098722335,
  'rf_classifiermin_samples_leaf': 17,
  'rf_classifiermin_samples_split': 11,
  'rf_classifiern_estimators': 26,
})
Config Configuration(values={
  'rf_classifierbootstrap': np.True_,
  'rf_classifiermax_features': 0.8849098722335,
  'rf_classifiermin_samples_leaf': 17,
  'rf_classifiermin_samples_split': 11,
  'rf_classifiern_estimators': 26,
}) → Total CV precision: 4763.5976464827
Evaluating config: Configuration(values={
  'rf_classifierbootstrap': np.True_,
  'rf_classifiermax_features': 0.6027045147448,
  'rf_classifiermin_samples_leaf': 1,
  'rf_classifiermin_samples_split': 11,
  'rf_classifiern_estimators': 63,
})
Config Configuration(values={
  'rf_classifierbootstrap': np.True_,
  'rf_classifiermax_features': 0.6027045147448,
  'rf_classifiermin_samples_leaf': 1,
  'rf_classifiermin_samples_split': 11,
  'rf_classifiern_estimators': 63,
}) → Total CV precision: 4583.1397353895
Evaluating config: Configuration(values={
  'rf_classifierbootstrap': np.True_,
  'rf_classifiermax_features': 0.620967249468,
  'rf_classifiermin_samples_leaf': 1,
  'rf_classifiermin_samples_split': 11,
  'rf_classifiern_estimators': 63,
})
Config Configuration(values={
  'rf_classifierbootstrap': np.True_,
  'rf_classifiermax_features': 0.620967249468,
  'rf_classifiermin_samples_leaf': 1,
  'rf_classifiermin_samples_split': 11,
  'rf_classifiern_estimators': 63,
}) → Total CV precision: 4679.549824553099
Evaluating config: Configuration(values={
  'rf_classifierbootstrap': np.True_,
  'rf_classifiermax_features': 0.9177529922228,
  'rf_classifiermin_samples_leaf': 11,
  'rf_classifiermin_samples_split': 3,
  'rf_classifiern_estimators': 63,
})
Config Configuration(values={
  'rf_classifierbootstrap': np.True_,
  'rf_classifiermax_features': 0.9177529922228,
  'rf_classifiermin_samples_leaf': 11,
  'rf_classifiermin_samples_split': 3,
  'rf_classifiern_estimators': 63,
}) → Total CV precision: 4742.876237337299
Evaluating config: Configuration(values={
  'rf_classifierbootstrap': np.True_,
  'rf_classifiermax_features': 0.9176821352814,
  'rf_classifiermin_samples_leaf': 8,
  'rf_classifiermin_samples_split': 13,
  'rf_classifiern_estimators': 63,
})
Config Configuration(values={
  'rf_classifierbootstrap': np.True_,
  'rf_classifiermax_features': 0.9176821352814,
  'rf_classifiermin_samples_leaf': 8,
  'rf_classifiermin_samples_split': 13,
  'rf_classifiern_estimators': 63,
}) → Total CV precision: 4737.5049036457995
Evaluating config: Configuration(values={
  'rf_classifierbootstrap': np.True_,
  'rf_classifiermax_features': 0.9176502782687,
  'rf_classifiermin_samples_leaf': 2,
  'rf_classifiermin_samples_split': 2,
  'rf_classifiern_estimators': 63,
})
Config Configuration(values={
  'rf_classifierbootstrap': np.True_,
  'rf_classifiermax_features': 0.9176502782687,
  'rf_classifiermin_samples_leaf': 2,
  'rf_classifiermin_samples_split': 2,
  'rf_classifiern_estimators': 63,
}) → Total CV precision: 4601.121665598399
Evaluating config: Configuration(values={
  'rf_classifierbootstrap': np.True_,
  'rf_classifiermax_features': 0.9176892421293,
  'rf_classifiermin_samples_leaf': 8,
  'rf_classifiermin_samples_split': 9,
  'rf_classifiern_estimators': 63,
})
Config Configuration(values={
  'rf_classifierbootstrap': np.True_,
  'rf_classifiermax_features': 0.9176892421293,
  'rf_classifiermin_samples_leaf': 8,
  'rf_classifiermin_samples_split': 9,
  'rf_classifiern_estimators': 63,
}) → Total CV precision: 4737.5049036457995
Evaluating config: Configuration(values={
  'rf_classifierbootstrap': np.True_,
  'rf_classifiermax_features': 0.1976457054728,
  'rf_classifiermin_samples_leaf': 15,
  'rf_classifiermin_samples_split': 14,
  'rf_classifiern_estimators': 44,
})
Config Configuration(values={
  'rf_classifierbootstrap': np.True_,
  'rf_classifiermax_features': 0.1976457054728,
  'rf_classifiermin_samples_leaf': 15,
  'rf_classifiermin_samples_split': 14,
  'rf_classifiern_estimators': 44,
}) → Total CV precision: 4687.4474670346
Evaluating config: Configuration(values={
  'rf_classifierbootstrap': np.True_,
  'rf_classifiermax_features': 0.8857473494148,
  'rf_classifiermin_samples_leaf': 5,
  'rf_classifiermin_samples_split': 9,
  'rf_classifiern_estimators': 55,
})
Config Configuration(values={
  'rf_classifierbootstrap': np.True_,
  'rf_classifiermax_features': 0.8857473494148,
  'rf_classifiermin_samples_leaf': 5,
  'rf_classifiermin_samples_split': 9,
  'rf_classifiern_estimators': 55,
}) → Total CV precision: 4685.1849132627995
Evaluating config: Configuration(values={
  'rf_classifierbootstrap': np.False_,
  'rf_classifiermax_features': 0.8884131501583,
  'rf_classifiermin_samples_leaf': 17,
  'rf_classifiermin_samples_split': 15,
  'rf_classifiern_estimators': 28,
})
Config Configuration(values={
  'rf_classifierbootstrap': np.False_,
  'rf_classifiermax_features': 0.8884131501583,
  'rf_classifiermin_samples_leaf': 17,
  'rf_classifiermin_samples_split': 15,
  'rf_classifiern_estimators': 28,
}) → Total CV precision: 4963.9242193362
Evaluating config: Configuration(values={
  'rf_classifierbootstrap': np.True_,
  'rf_classifiermax_features': 0.9176699299088,
  'rf_classifiermin_samples_leaf': 8,
  'rf_classifiermin_samples_split': 11,
  'rf_classifiern_estimators': 63,
})
Config Configuration(values={
  'rf_classifierbootstrap': np.True_,
  'rf_classifiermax_features': 0.9176699299088,
  'rf_classifiermin_samples_leaf': 8,
  'rf_classifiermin_samples_split': 11,
  'rf_classifiern_estimators': 63,
}) → Total CV precision: 4737.5049036457995
Evaluating config: Configuration(values={
  'rf_classifierbootstrap': np.True_,
  'rf_classifiermax_features': 0.9174716493863,
  'rf_classifiermin_samples_leaf': 1,
  'rf_classifiermin_samples_split': 17,
  'rf_classifiern_estimators': 63,
})
Config Configuration(values={
  'rf_classifierbootstrap': np.True_,
  'rf_classifiermax_features': 0.9174716493863,
  'rf_classifiermin_samples_leaf': 1,
  'rf_classifiermin_samples_split': 17,
  'rf_classifiern_estimators': 63,
}) → Total CV precision: 4558.179755445699
Evaluating config: Configuration(values={
  'rf_classifierbootstrap': np.True_,
  'rf_classifiermax_features': 0.9176697750999,
  'rf_classifiermin_samples_leaf': 1,
  'rf_classifiermin_samples_split': 10,
  'rf_classifiern_estimators': 63,
})
Config Configuration(values={
  'rf_classifierbootstrap': np.True_,
  'rf_classifiermax_features': 0.9176697750999,
  'rf_classifiermin_samples_leaf': 1,
  'rf_classifiermin_samples_split': 10,
  'rf_classifiern_estimators': 63,
}) → Total CV precision: 4578.5139607694
Evaluating config: Configuration(values={
  'rf_classifierbootstrap': np.True_,
  'rf_classifiermax_features': 0.9177407219619,
  'rf_classifiermin_samples_leaf': 1,
  'rf_classifiermin_samples_split': 5,
  'rf_classifiern_estimators': 63,
})
Config Configuration(values={
  'rf_classifierbootstrap': np.True_,
  'rf_classifiermax_features': 0.9177407219619,
  'rf_classifiermin_samples_leaf': 1,
  'rf_classifiermin_samples_split': 5,
  'rf_classifiern_estimators': 63,
}) → Total CV precision: 4634.2488389015
Evaluating config: Configuration(values={
  'rf_classifierbootstrap': np.True_,
  'rf_classifiermax_features': 0.9179310686655,
  'rf_classifiermin_samples_leaf': 1,
  'rf_classifiermin_samples_split': 2,
  'rf_classifiern_estimators': 63,
})
Config Configuration(values={
  'rf_classifierbootstrap': np.True_,
  'rf_classifiermax_features': 0.9179310686655,
  'rf_classifiermin_samples_leaf': 1,
  'rf_classifiermin_samples_split': 2,
  'rf_classifiern_estimators': 63,
}) → Total CV precision: 4612.978675209899
Evaluating config: Configuration(values={
  'rf_classifierbootstrap': np.True_,
  'rf_classifiermax_features': 0.9176001752308,
  'rf_classifiermin_samples_leaf': 1,
  'rf_classifiermin_samples_split': 16,
  'rf_classifiern_estimators': 47,
})
Config Configuration(values={
  'rf_classifierbootstrap': np.True_,
  'rf_classifiermax_features': 0.9176001752308,
  'rf_classifiermin_samples_leaf': 1,
  'rf_classifiermin_samples_split': 16,
  'rf_classifiern_estimators': 47,
}) → Total CV precision: 4643.930006189499
Evaluating config: Configuration(values={
  'rf_classifierbootstrap': np.True_,
  'rf_classifiermax_features': 0.9179138744091,
  'rf_classifiermin_samples_leaf': 1,
  'rf_classifiermin_samples_split': 13,
  'rf_classifiern_estimators': 49,
})
Config Configuration(values={
  'rf_classifierbootstrap': np.True_,
  'rf_classifiermax_features': 0.9179138744091,
  'rf_classifiermin_samples_leaf': 1,
  'rf_classifiermin_samples_split': 13,
  'rf_classifiern_estimators': 49,
}) → Total CV precision: 4585.942422644499
Evaluating config: Configuration(values={
  'rf_classifierbootstrap': np.True_,
  'rf_classifiermax_features': 0.6739703607023,
  'rf_classifiermin_samples_leaf': 10,
  'rf_classifiermin_samples_split': 9,
  'rf_classifiern_estimators': 19,
})
Config Configuration(values={
  'rf_classifierbootstrap': np.True_,
  'rf_classifiermax_features': 0.6739703607023,
  'rf_classifiermin_samples_leaf': 10,
  'rf_classifiermin_samples_split': 9,
  'rf_classifiern_estimators': 19,
}) → Total CV precision: 4776.841323909799
[INFO][smbo.py:327] Finished 100 trials.
Evaluating config: Configuration(values={
  'rf_classifierbootstrap': np.True_,
  'rf_classifiermax_features': 0.9175451452965,
  'rf_classifiermin_samples_leaf': 1,
  'rf_classifiermin_samples_split': 11,
  'rf_classifiern_estimators': 48,
})
Config Configuration(values={
  'rf_classifierbootstrap': np.True_,
  'rf_classifiermax_features': 0.9175451452965,
  'rf_classifiermin_samples_leaf': 1,
  'rf_classifiermin_samples_split': 11,
  'rf_classifiern_estimators': 48,
}) → Total CV precision: 4617.039544945899
Evaluating config: Configuration(values={
  'rf_classifierbootstrap': np.False_,
  'rf_classifiermax_features': 0.4764859368316,
  'rf_classifiermin_samples_leaf': 11,
  'rf_classifiermin_samples_split': 17,
  'rf_classifiern_estimators': 20,
})
Config Configuration(values={
  'rf_classifierbootstrap': np.False_,
  'rf_classifiermax_features': 0.4764859368316,
  'rf_classifiermin_samples_leaf': 11,
  'rf_classifiermin_samples_split': 17,
  'rf_classifiern_estimators': 20,
}) → Total CV precision: 4748.762277669499
Evaluating config: Configuration(values={
  'rf_classifierbootstrap': np.True_,
  'rf_classifiermax_features': 0.9176273794574,
  'rf_classifiermin_samples_leaf': 1,
  'rf_classifiermin_samples_split': 12,
  'rf_classifiern_estimators': 63,
})
Config Configuration(values={
  'rf_classifierbootstrap': np.True_,
  'rf_classifiermax_features': 0.9176273794574,
  'rf_classifiermin_samples_leaf': 1,
  'rf_classifiermin_samples_split': 12,
  'rf_classifiern_estimators': 63,
}) → Total CV precision: 4538.8421613879
Evaluating config: Configuration(values={
  'rf_classifierbootstrap': np.True_,
  'rf_classifiermax_features': 0.9179310686655,
  'rf_classifiermin_samples_leaf': 1,
  'rf_classifiermin_samples_split': 20,
  'rf_classifiern_estimators': 63,
})
Config Configuration(values={
  'rf_classifierbootstrap': np.True_,
  'rf_classifiermax_features': 0.9179310686655,
  'rf_classifiermin_samples_leaf': 1,
  'rf_classifiermin_samples_split': 20,
  'rf_classifiern_estimators': 63,
}) → Total CV precision: 4572.530356123099
Evaluating config: Configuration(values={
  'rf_classifierbootstrap': np.False_,
  'rf_classifiermax_features': 0.8042770140531,
  'rf_classifiermin_samples_leaf': 1,
  'rf_classifiermin_samples_split': 17,
  'rf_classifiern_estimators': 20,
})
Config Configuration(values={
  'rf_classifierbootstrap': np.False_,
  'rf_classifiermax_features': 0.8042770140531,
  'rf_classifiermin_samples_leaf': 1,
  'rf_classifiermin_samples_split': 17,
  'rf_classifiern_estimators': 20,
}) → Total CV precision: 4920.569113837499
Evaluating config: Configuration(values={
  'rf_classifierbootstrap': np.True_,
  'rf_classifiermax_features': 0.4049305450371,
  'rf_classifiermin_samples_leaf': 4,
  'rf_classifiermin_samples_split': 3,
  'rf_classifiern_estimators': 90,
})
Config Configuration(values={
  'rf_classifierbootstrap': np.True_,
  'rf_classifiermax_features': 0.4049305450371,
  'rf_classifiermin_samples_leaf': 4,
  'rf_classifiermin_samples_split': 3,
  'rf_classifiern_estimators': 90,
}) → Total CV precision: 4678.785524889299
Evaluating config: Configuration(values={
  'rf_classifierbootstrap': np.True_,
  'rf_classifiermax_features': 0.9176699299088,
  'rf_classifiermin_samples_leaf': 1,
  'rf_classifiermin_samples_split': 11,
  'rf_classifiern_estimators': 65,
})
Config Configuration(values={
  'rf_classifierbootstrap': np.True_,
  'rf_classifiermax_features': 0.9176699299088,
  'rf_classifiermin_samples_leaf': 1,
  'rf_classifiermin_samples_split': 11,
  'rf_classifiern_estimators': 65,
}) → Total CV precision: 4587.287685101398
Evaluating config: Configuration(values={
  'rf_classifierbootstrap': np.True_,
  'rf_classifiermax_features': 0.9177529922228,
  'rf_classifiermin_samples_leaf': 1,
  'rf_classifiermin_samples_split': 11,
  'rf_classifiern_estimators': 64,
})
Config Configuration(values={
  'rf_classifierbootstrap': np.True_,
  'rf_classifiermax_features': 0.9177529922228,
  'rf_classifiermin_samples_leaf': 1,
  'rf_classifiermin_samples_split': 11,
  'rf_classifiern_estimators': 64,
}) → Total CV precision: 4537.979993749099
Evaluating config: Configuration(values={
  'rf_classifierbootstrap': np.True_,
  'rf_classifiermax_features': 0.9177471036973,
  'rf_classifiermin_samples_leaf': 1,
  'rf_classifiermin_samples_split': 11,
  'rf_classifiern_estimators': 66,
})
Config Configuration(values={
  'rf_classifierbootstrap': np.True_,
  'rf_classifiermax_features': 0.9177471036973,
  'rf_classifiermin_samples_leaf': 1,
  'rf_classifiermin_samples_split': 11,
  'rf_classifiern_estimators': 66,
}) → Total CV precision: 4611.6911278728985
Evaluating config: Configuration(values={
  'rf_classifierbootstrap': np.False_,
  'rf_classifiermax_features': 0.8987268896803,
  'rf_classifiermin_samples_leaf': 6,
  'rf_classifiermin_samples_split': 8,
  'rf_classifiern_estimators': 58,
})
Config Configuration(values={
  'rf_classifierbootstrap': np.False_,
  'rf_classifiermax_features': 0.8987268896803,
  'rf_classifiermin_samples_leaf': 6,
  'rf_classifiermin_samples_split': 8,
  'rf_classifiern_estimators': 58,
}) → Total CV precision: 5167.531036965399
Evaluating config: Configuration(values={
  'rf_classifierbootstrap': np.True_,
  'rf_classifiermax_features': 0.9177018909844,
  'rf_classifiermin_samples_leaf': 1,
  'rf_classifiermin_samples_split': 11,
  'rf_classifiern_estimators': 63,
})
Config Configuration(values={
  'rf_classifierbootstrap': np.True_,
  'rf_classifiermax_features': 0.9177018909844,
  'rf_classifiermin_samples_leaf': 1,
  'rf_classifiermin_samples_split': 11,
  'rf_classifiern_estimators': 63,
}) → Total CV precision: 4516.3051458218
Evaluating config: Configuration(values={
  'rf_classifierbootstrap': np.True_,
  'rf_classifiermax_features': 0.1772027756776,
  'rf_classifiermin_samples_leaf': 1,
  'rf_classifiermin_samples_split': 9,
  'rf_classifiern_estimators': 35,
})
Config Configuration(values={
  'rf_classifierbootstrap': np.True_,
  'rf_classifiermax_features': 0.1772027756776,
  'rf_classifiermin_samples_leaf': 1,
  'rf_classifiermin_samples_split': 9,
  'rf_classifiern_estimators': 35,
}) → Total CV precision: 4797.063650301199
Evaluating config: Configuration(values={
  'rf_classifierbootstrap': np.True_,
  'rf_classifiermax_features': 0.918301534902,
  'rf_classifiermin_samples_leaf': 1,
  'rf_classifiermin_samples_split': 11,
  'rf_classifiern_estimators': 23,
})
Config Configuration(values={
  'rf_classifierbootstrap': np.True_,
  'rf_classifiermax_features': 0.918301534902,
  'rf_classifiermin_samples_leaf': 1,
  'rf_classifiermin_samples_split': 11,
  'rf_classifiern_estimators': 23,
}) → Total CV precision: 4793.6837096747995
Evaluating config: Configuration(values={
  'rf_classifierbootstrap': np.False_,
  'rf_classifiermax_features': 0.1865673289369,
  'rf_classifiermin_samples_leaf': 3,
  'rf_classifiermin_samples_split': 10,
  'rf_classifiern_estimators': 18,
})
Config Configuration(values={
  'rf_classifierbootstrap': np.False_,
  'rf_classifiermax_features': 0.1865673289369,
  'rf_classifiermin_samples_leaf': 3,
  'rf_classifiermin_samples_split': 10,
  'rf_classifiern_estimators': 18,
}) → Total CV precision: 4731.937107012199
Evaluating config: Configuration(values={
  'rf_classifierbootstrap': np.True_,
  'rf_classifiermax_features': 0.9184406751647,
  'rf_classifiermin_samples_leaf': 1,
  'rf_classifiermin_samples_split': 11,
  'rf_classifiern_estimators': 23,
})
Config Configuration(values={
  'rf_classifierbootstrap': np.True_,
  'rf_classifiermax_features': 0.9184406751647,
  'rf_classifiermin_samples_leaf': 1,
  'rf_classifiermin_samples_split': 11,
  'rf_classifiern_estimators': 23,
}) → Total CV precision: 4805.658198573899
Evaluating config: Configuration(values={
  'rf_classifierbootstrap': np.True_,
  'rf_classifiermax_features': 0.9185768414613,
  'rf_classifiermin_samples_leaf': 1,
  'rf_classifiermin_samples_split': 11,
  'rf_classifiern_estimators': 23,
})
Config Configuration(values={
  'rf_classifierbootstrap': np.True_,
  'rf_classifiermax_features': 0.9185768414613,
  'rf_classifiermin_samples_leaf': 1,
  'rf_classifiermin_samples_split': 11,
  'rf_classifiern_estimators': 23,
}) → Total CV precision: 4805.658198573899
Evaluating config: Configuration(values={
  'rf_classifierbootstrap': np.True_,
  'rf_classifiermax_features': 0.9182316430574,
  'rf_classifiermin_samples_leaf': 1,
  'rf_classifiermin_samples_split': 11,
  'rf_classifiern_estimators': 24,
})
Config Configuration(values={
  'rf_classifierbootstrap': np.True_,
  'rf_classifiermax_features': 0.9182316430574,
  'rf_classifiermin_samples_leaf': 1,
  'rf_classifiermin_samples_split': 11,
  'rf_classifiern_estimators': 24,
}) → Total CV precision: 4832.4893539089
Evaluating config: Configuration(values={
  'rf_classifierbootstrap': np.True_,
  'rf_classifiermax_features': 0.9176645829733,
  'rf_classifiermin_samples_leaf': 1,
  'rf_classifiermin_samples_split': 11,
  'rf_classifiern_estimators': 63,
})
Config Configuration(values={
  'rf_classifierbootstrap': np.True_,
  'rf_classifiermax_features': 0.9176645829733,
  'rf_classifiermin_samples_leaf': 1,
  'rf_classifiermin_samples_split': 11,
  'rf_classifiern_estimators': 63,
}) → Total CV precision: 4516.3051458218
Evaluating config: Configuration(values={
  'rf_classifierbootstrap': np.True_,
  'rf_classifiermax_features': 0.9176607513138,
  'rf_classifiermin_samples_leaf': 1,
  'rf_classifiermin_samples_split': 11,
  'rf_classifiern_estimators': 63,
})
Config Configuration(values={
  'rf_classifierbootstrap': np.True_,
  'rf_classifiermax_features': 0.9176607513138,
  'rf_classifiermin_samples_leaf': 1,
  'rf_classifiermin_samples_split': 11,
  'rf_classifiern_estimators': 63,
}) → Total CV precision: 4516.3051458218
Evaluating config: Configuration(values={
  'rf_classifierbootstrap': np.True_,
  'rf_classifiermax_features': 0.1314159608016,
  'rf_classifiermin_samples_leaf': 11,
  'rf_classifiermin_samples_split': 5,
  'rf_classifiern_estimators': 38,
})
Config Configuration(values={
  'rf_classifierbootstrap': np.True_,
  'rf_classifiermax_features': 0.1314159608016,
  'rf_classifiermin_samples_leaf': 11,
  'rf_classifiermin_samples_split': 5,
  'rf_classifiern_estimators': 38,
}) → Total CV precision: 4825.9005851882
Evaluating config: Configuration(values={
  'rf_classifierbootstrap': np.True_,
  'rf_classifiermax_features': 0.9163635144998,
  'rf_classifiermin_samples_leaf': 1,
  'rf_classifiermin_samples_split': 11,
  'rf_classifiern_estimators': 63,
})
Config Configuration(values={
  'rf_classifierbootstrap': np.True_,
  'rf_classifiermax_features': 0.9163635144998,
  'rf_classifiermin_samples_leaf': 1,
  'rf_classifiermin_samples_split': 11,
  'rf_classifiern_estimators': 63,
}) → Total CV precision: 4563.914837292099
Evaluating config: Configuration(values={
  'rf_classifierbootstrap': np.True_,
  'rf_classifiermax_features': 0.9162941205349,
  'rf_classifiermin_samples_leaf': 1,
  'rf_classifiermin_samples_split': 11,
  'rf_classifiern_estimators': 63,
})
Config Configuration(values={
  'rf_classifierbootstrap': np.True_,
  'rf_classifiermax_features': 0.9162941205349,
  'rf_classifiermin_samples_leaf': 1,
  'rf_classifiermin_samples_split': 11,
  'rf_classifiern_estimators': 63,
}) → Total CV precision: 4563.914837292099
Evaluating config: Configuration(values={
  'rf_classifierbootstrap': np.True_,
  'rf_classifiermax_features': 0.9232627646102,
  'rf_classifiermin_samples_leaf': 1,
  'rf_classifiermin_samples_split': 11,
  'rf_classifiern_estimators': 63,
})
Config Configuration(values={
  'rf_classifierbootstrap': np.True_,
  'rf_classifiermax_features': 0.9232627646102,
  'rf_classifiermin_samples_leaf': 1,
  'rf_classifiermin_samples_split': 11,
  'rf_classifiern_estimators': 63,
}) → Total CV precision: 4517.543423358698
Evaluating config: Configuration(values={
  'rf_classifierbootstrap': np.True_,
  'rf_classifiermax_features': 0.9228822344898,
  'rf_classifiermin_samples_leaf': 1,
  'rf_classifiermin_samples_split': 11,
  'rf_classifiern_estimators': 63,
})
Config Configuration(values={
  'rf_classifierbootstrap': np.True_,
  'rf_classifiermax_features': 0.9228822344898,
  'rf_classifiermin_samples_leaf': 1,
  'rf_classifiermin_samples_split': 11,
  'rf_classifiern_estimators': 63,
}) → Total CV precision: 4517.543423358698
Evaluating config: Configuration(values={
  'rf_classifierbootstrap': np.False_,
  'rf_classifiermax_features': 0.9183900122834,
  'rf_classifiermin_samples_leaf': 1,
  'rf_classifiermin_samples_split': 12,
  'rf_classifiern_estimators': 66,
})
Config Configuration(values={
  'rf_classifierbootstrap': np.False_,
  'rf_classifiermax_features': 0.9183900122834,
  'rf_classifiermin_samples_leaf': 1,
  'rf_classifiermin_samples_split': 12,
  'rf_classifiern_estimators': 66,
}) → Total CV precision: 5140.670162008799
Evaluating config: Configuration(values={
  'rf_classifierbootstrap': np.False_,
  'rf_classifiermax_features': 0.9850726807688,
  'rf_classifiermin_samples_leaf': 8,
  'rf_classifiermin_samples_split': 16,
  'rf_classifiern_estimators': 19,
})
Config Configuration(values={
  'rf_classifierbootstrap': np.False_,
  'rf_classifiermax_features': 0.9850726807688,
  'rf_classifiermin_samples_leaf': 8,
  'rf_classifiermin_samples_split': 16,
  'rf_classifiern_estimators': 19,
}) → Total CV precision: 5046.076337106899
Evaluating config: Configuration(values={
  'rf_classifierbootstrap': np.False_,
  'rf_classifiermax_features': 0.1333541809831,
  'rf_classifiermin_samples_leaf': 9,
  'rf_classifiermin_samples_split': 5,
  'rf_classifiern_estimators': 27,
})
Config Configuration(values={
  'rf_classifierbootstrap': np.False_,
  'rf_classifiermax_features': 0.1333541809831,
  'rf_classifiermin_samples_leaf': 9,
  'rf_classifiermin_samples_split': 5,
  'rf_classifiern_estimators': 27,
}) → Total CV precision: 4865.803927175199
Evaluating config: Configuration(values={
  'rf_classifierbootstrap': np.True_,
  'rf_classifiermax_features': 0.7074957987481,
  'rf_classifiermin_samples_leaf': 5,
  'rf_classifiermin_samples_split': 12,
  'rf_classifiern_estimators': 21,
})
Config Configuration(values={
  'rf_classifierbootstrap': np.True_,
  'rf_classifiermax_features': 0.7074957987481,
  'rf_classifiermin_samples_leaf': 5,
  'rf_classifiermin_samples_split': 12,
  'rf_classifiern_estimators': 21,
}) → Total CV precision: 4706.847847059701
Evaluating config: Configuration(values={
  'rf_classifierbootstrap': np.True_,
  'rf_classifiermax_features': 0.917869481981,
  'rf_classifiermin_samples_leaf': 1,
  'rf_classifiermin_samples_split': 11,
  'rf_classifiern_estimators': 63,
})
Config Configuration(values={
  'rf_classifierbootstrap': np.True_,
  'rf_classifiermax_features': 0.917869481981,
  'rf_classifiermin_samples_leaf': 1,
  'rf_classifiermin_samples_split': 11,
  'rf_classifiern_estimators': 63,
}) → Total CV precision: 4516.3051458218
Evaluating config: Configuration(values={
  'rf_classifierbootstrap': np.True_,
  'rf_classifiermax_features': 0.9180356725777,
  'rf_classifiermin_samples_leaf': 1,
  'rf_classifiermin_samples_split': 11,
  'rf_classifiern_estimators': 63,
})
Config Configuration(values={
  'rf_classifierbootstrap': np.True_,
  'rf_classifiermax_features': 0.9180356725777,
  'rf_classifiermin_samples_leaf': 1,
  'rf_classifiermin_samples_split': 11,
  'rf_classifiern_estimators': 63,
}) → Total CV precision: 4517.369072204199
Evaluating config: Configuration(values={
  'rf_classifierbootstrap': np.True_,
  'rf_classifiermax_features': 0.9179797969426,
  'rf_classifiermin_samples_leaf': 1,
  'rf_classifiermin_samples_split': 11,
  'rf_classifiern_estimators': 63,
})
Config Configuration(values={
  'rf_classifierbootstrap': np.True_,
  'rf_classifiermax_features': 0.9179797969426,
  'rf_classifiermin_samples_leaf': 1,
  'rf_classifiermin_samples_split': 11,
  'rf_classifiern_estimators': 63,
}) → Total CV precision: 4516.3051458218
Evaluating config: Configuration(values={
  'rf_classifierbootstrap': np.True_,
  'rf_classifiermax_features': 0.9177529922228,
  'rf_classifiermin_samples_leaf': 1,
  'rf_classifiermin_samples_split': 13,
  'rf_classifiern_estimators': 63,
})
Config Configuration(values={
  'rf_classifierbootstrap': np.True_,
  'rf_classifiermax_features': 0.9177529922228,
  'rf_classifiermin_samples_leaf': 1,
  'rf_classifiermin_samples_split': 13,
  'rf_classifiern_estimators': 63,
}) → Total CV precision: 4545.955794734698
Evaluating config: Configuration(values={
  'rf_classifierbootstrap': np.True_,
  'rf_classifiermax_features': 0.9178732978406,
  'rf_classifiermin_samples_leaf': 18,
  'rf_classifiermin_samples_split': 11,
  'rf_classifiern_estimators': 63,
})
Config Configuration(values={
  'rf_classifierbootstrap': np.True_,
  'rf_classifiermax_features': 0.9178732978406,
  'rf_classifiermin_samples_leaf': 18,
  'rf_classifiermin_samples_split': 11,
  'rf_classifiern_estimators': 63,
}) → Total CV precision: 4714.9717086824
Evaluating config: Configuration(values={
  'rf_classifierbootstrap': np.True_,
  'rf_classifiermax_features': 0.9176807014174,
  'rf_classifiermin_samples_leaf': 1,
  'rf_classifiermin_samples_split': 11,
  'rf_classifiern_estimators': 63,
})
Config Configuration(values={
  'rf_classifierbootstrap': np.True_,
  'rf_classifiermax_features': 0.9176807014174,
  'rf_classifiermin_samples_leaf': 1,
  'rf_classifiermin_samples_split': 11,
  'rf_classifiern_estimators': 63,
}) → Total CV precision: 4516.3051458218
Evaluating config: Configuration(values={
  'rf_classifierbootstrap': np.True_,
  'rf_classifiermax_features': 0.9177016443329,
  'rf_classifiermin_samples_leaf': 1,
  'rf_classifiermin_samples_split': 11,
  'rf_classifiern_estimators': 63,
})
Config Configuration(values={
  'rf_classifierbootstrap': np.True_,
  'rf_classifiermax_features': 0.9177016443329,
  'rf_classifiermin_samples_leaf': 1,
  'rf_classifiermin_samples_split': 11,
  'rf_classifiern_estimators': 63,
}) → Total CV precision: 4516.3051458218
Evaluating config: Configuration(values={
  'rf_classifierbootstrap': np.False_,
  'rf_classifiermax_features': 0.9886367250363,
  'rf_classifiermin_samples_leaf': 7,
  'rf_classifiermin_samples_split': 9,
  'rf_classifiern_estimators': 56,
})
Config Configuration(values={
  'rf_classifierbootstrap': np.False_,
  'rf_classifiermax_features': 0.9886367250363,
  'rf_classifiermin_samples_leaf': 7,
  'rf_classifiermin_samples_split': 9,
  'rf_classifiern_estimators': 56,
}) → Total CV precision: 5088.845734354498
Evaluating config: Configuration(values={
  'rf_classifierbootstrap': np.True_,
  'rf_classifiermax_features': 0.9178204999121,
  'rf_classifiermin_samples_leaf': 1,
  'rf_classifiermin_samples_split': 11,
  'rf_classifiern_estimators': 63,
})
Config Configuration(values={
  'rf_classifierbootstrap': np.True_,
  'rf_classifiermax_features': 0.9178204999121,
  'rf_classifiermin_samples_leaf': 1,
  'rf_classifiermin_samples_split': 11,
  'rf_classifiern_estimators': 63,
}) → Total CV precision: 4516.3051458218
Evaluating config: Configuration(values={
  'rf_classifierbootstrap': np.False_,
  'rf_classifiermax_features': 0.6232947179325,
  'rf_classifiermin_samples_leaf': 17,
  'rf_classifiermin_samples_split': 19,
  'rf_classifiern_estimators': 37,
})
Config Configuration(values={
  'rf_classifierbootstrap': np.False_,
  'rf_classifiermax_features': 0.6232947179325,
  'rf_classifiermin_samples_leaf': 17,
  'rf_classifiermin_samples_split': 19,
  'rf_classifiern_estimators': 37,
}) → Total CV precision: 4726.332260262199
Evaluating config: Configuration(values={
  'rf_classifierbootstrap': np.True_,
  'rf_classifiermax_features': 0.9178844706346,
  'rf_classifiermin_samples_leaf': 1,
  'rf_classifiermin_samples_split': 11,
  'rf_classifiern_estimators': 63,
})
Config Configuration(values={
  'rf_classifierbootstrap': np.True_,
  'rf_classifiermax_features': 0.9178844706346,
  'rf_classifiermin_samples_leaf': 1,
  'rf_classifiermin_samples_split': 11,
  'rf_classifiern_estimators': 63,
}) → Total CV precision: 4516.3051458218
Evaluating config: Configuration(values={
  'rf_classifierbootstrap': np.True_,
  'rf_classifiermax_features': 0.917869481981,
  'rf_classifiermin_samples_leaf': 1,
  'rf_classifiermin_samples_split': 19,
  'rf_classifiern_estimators': 63,
})
Config Configuration(values={
  'rf_classifierbootstrap': np.True_,
  'rf_classifiermax_features': 0.917869481981,
  'rf_classifiermin_samples_leaf': 1,
  'rf_classifiermin_samples_split': 19,
  'rf_classifiern_estimators': 63,
}) → Total CV precision: 4607.973997957999
Evaluating config: Configuration(values={
  'rf_classifierbootstrap': np.True_,
  'rf_classifiermax_features': 0.9176699299088,
  'rf_classifiermin_samples_leaf': 1,
  'rf_classifiermin_samples_split': 14,
  'rf_classifiern_estimators': 63,
})
Config Configuration(values={
  'rf_classifierbootstrap': np.True_,
  'rf_classifiermax_features': 0.9176699299088,
  'rf_classifiermin_samples_leaf': 1,
  'rf_classifiermin_samples_split': 14,
  'rf_classifiern_estimators': 63,
}) → Total CV precision: 4546.553829886399
Evaluating config: Configuration(values={
  'rf_classifierbootstrap': np.True_,
  'rf_classifiermax_features': 0.9178037014511,
  'rf_classifiermin_samples_leaf': 1,
  'rf_classifiermin_samples_split': 11,
  'rf_classifiern_estimators': 63,
})
Config Configuration(values={
  'rf_classifierbootstrap': np.True_,
  'rf_classifiermax_features': 0.9178037014511,
  'rf_classifiermin_samples_leaf': 1,
  'rf_classifiermin_samples_split': 11,
  'rf_classifiern_estimators': 63,
}) → Total CV precision: 4516.3051458218
Evaluating config: Configuration(values={
  'rf_classifierbootstrap': np.False_,
  'rf_classifiermax_features': 0.8157268223237,
  'rf_classifiermin_samples_leaf': 3,
  'rf_classifiermin_samples_split': 17,
  'rf_classifiern_estimators': 21,
})
Config Configuration(values={
  'rf_classifierbootstrap': np.False_,
  'rf_classifiermax_features': 0.8157268223237,
  'rf_classifiermin_samples_leaf': 3,
  'rf_classifiermin_samples_split': 17,
  'rf_classifiern_estimators': 21,
}) → Total CV precision: 4870.426441178899
Evaluating config: Configuration(values={
  'rf_classifierbootstrap': np.True_,
  'rf_classifiermax_features': 0.9179589348869,
  'rf_classifiermin_samples_leaf': 1,
  'rf_classifiermin_samples_split': 11,
  'rf_classifiern_estimators': 63,
})
Config Configuration(values={
  'rf_classifierbootstrap': np.True_,
  'rf_classifiermax_features': 0.9179589348869,
  'rf_classifiermin_samples_leaf': 1,
  'rf_classifiermin_samples_split': 11,
  'rf_classifiern_estimators': 63,
}) → Total CV precision: 4516.3051458218
Evaluating config: Configuration(values={
  'rf_classifierbootstrap': np.True_,
  'rf_classifiermax_features': 0.917661288572,
  'rf_classifiermin_samples_leaf': 1,
  'rf_classifiermin_samples_split': 9,
  'rf_classifiern_estimators': 63,
})
Config Configuration(values={
  'rf_classifierbootstrap': np.True_,
  'rf_classifiermax_features': 0.917661288572,
  'rf_classifiermin_samples_leaf': 1,
  'rf_classifiermin_samples_split': 9,
  'rf_classifiern_estimators': 63,
}) → Total CV precision: 4571.321021815499
Evaluating config: Configuration(values={
  'rf_classifierbootstrap': np.True_,
  'rf_classifiermax_features': 0.9176645829733,
  'rf_classifiermin_samples_leaf': 1,
  'rf_classifiermin_samples_split': 10,
  'rf_classifiern_estimators': 63,
})
Config Configuration(values={
  'rf_classifierbootstrap': np.True_,
  'rf_classifiermax_features': 0.9176645829733,
  'rf_classifiermin_samples_leaf': 1,
  'rf_classifiermin_samples_split': 10,
  'rf_classifiern_estimators': 63,
}) → Total CV precision: 4578.5139607694
Evaluating config: Configuration(values={
  'rf_classifierbootstrap': np.True_,
  'rf_classifiermax_features': 0.9177016443329,
  'rf_classifiermin_samples_leaf': 1,
  'rf_classifiermin_samples_split': 11,
  'rf_classifiern_estimators': 40,
})
Config Configuration(values={
  'rf_classifierbootstrap': np.True_,
  'rf_classifiermax_features': 0.9177016443329,
  'rf_classifiermin_samples_leaf': 1,
  'rf_classifiermin_samples_split': 11,
  'rf_classifiern_estimators': 40,
}) → Total CV precision: 4619.7735727086
Evaluating config: Configuration(values={
  'rf_classifierbootstrap': np.False_,
  'rf_classifiermax_features': 0.9995529741178,
  'rf_classifiermin_samples_leaf': 7,
  'rf_classifiermin_samples_split': 11,
  'rf_classifiern_estimators': 68,
})
Config Configuration(values={
  'rf_classifierbootstrap': np.False_,
  'rf_classifiermax_features': 0.9995529741178,
  'rf_classifiermin_samples_leaf': 7,
  'rf_classifiermin_samples_split': 11,
  'rf_classifiern_estimators': 68,
}) → Total CV precision: 5057.327134303398
Evaluating config: Configuration(values={
  'rf_classifierbootstrap': np.True_,
  'rf_classifiermax_features': 0.9176807014174,
  'rf_classifiermin_samples_leaf': 1,
  'rf_classifiermin_samples_split': 11,
  'rf_classifiern_estimators': 40,
})
Config Configuration(values={
  'rf_classifierbootstrap': np.True_,
  'rf_classifiermax_features': 0.9176807014174,
  'rf_classifiermin_samples_leaf': 1,
  'rf_classifiermin_samples_split': 11,
  'rf_classifiern_estimators': 40,
}) → Total CV precision: 4619.7735727086
Evaluating config: Configuration(values={
  'rf_classifierbootstrap': np.True_,
  'rf_classifiermax_features': 0.9176324393489,
  'rf_classifiermin_samples_leaf': 1,
  'rf_classifiermin_samples_split': 11,
  'rf_classifiern_estimators': 63,
})
Config Configuration(values={
  'rf_classifierbootstrap': np.True_,
  'rf_classifiermax_features': 0.9176324393489,
  'rf_classifiermin_samples_leaf': 1,
  'rf_classifiermin_samples_split': 11,
  'rf_classifiern_estimators': 63,
}) → Total CV precision: 4516.3051458218
[INFO][smbo.py:327] Finished 150 trials.
[INFO][smbo.py:335] Configuration budget is exhausted:
[INFO][smbo.py:336] --- Remaining wallclock time: inf
[INFO][smbo.py:337] --- Remaining cpu time: inf
[INFO][smbo.py:338] --- Remaining trials: 0
Best configuration found:
  rf_classifierbootstrap: True
  rf_classifiermax_features: 0.9176273794574
  rf_classifiermin_samples_leaf: 1
  rf_classifiermin_samples_split: 11
  rf_classifiern_estimators: 63
Saved switching model for budget 8 to ../data/models/tuned_models/switching_models_normalized/switching_model_B8_trained.pkl
Saved switching model for budget 16 to ../data/models/tuned_models/switching_models_normalized/switching_model_B16_trained.pkl
Saved switching model for budget 24 to ../data/models/tuned_models/switching_models_normalized/switching_model_B24_trained.pkl
Saved switching model for budget 32 to ../data/models/tuned_models/switching_models_normalized/switching_model_B32_trained.pkl
Saved switching model for budget 40 to ../data/models/tuned_models/switching_models_normalized/switching_model_B40_trained.pkl
Saved switching model for budget 48 to ../data/models/tuned_models/switching_models_normalized/switching_model_B48_trained.pkl
Saved switching model for budget 56 to ../data/models/tuned_models/switching_models_normalized/switching_model_B56_trained.pkl
Saved switching model for budget 64 to ../data/models/tuned_models/switching_models_normalized/switching_model_B64_trained.pkl
Saved switching model for budget 72 to ../data/models/tuned_models/switching_models_normalized/switching_model_B72_trained.pkl
Saved switching model for budget 80 to ../data/models/tuned_models/switching_models_normalized/switching_model_B80_trained.pkl
Saved switching model for budget 88 to ../data/models/tuned_models/switching_models_normalized/switching_model_B88_trained.pkl
Saved switching model for budget 96 to ../data/models/tuned_models/switching_models_normalized/switching_model_B96_trained.pkl
Saved switching model for budget 100 to ../data/models/tuned_models/switching_models_normalized/switching_model_B100_trained.pkl
Saved switching model for budget 150 to ../data/models/tuned_models/switching_models_normalized/switching_model_B150_trained.pkl
Saved switching model for budget 200 to ../data/models/tuned_models/switching_models_normalized/switching_model_B200_trained.pkl
Saved switching model for budget 250 to ../data/models/tuned_models/switching_models_normalized/switching_model_B250_trained.pkl
Saved switching model for budget 300 to ../data/models/tuned_models/switching_models_normalized/switching_model_B300_trained.pkl
Saved switching model for budget 350 to ../data/models/tuned_models/switching_models_normalized/switching_model_B350_trained.pkl
Saved switching model for budget 400 to ../data/models/tuned_models/switching_models_normalized/switching_model_B400_trained.pkl
Saved switching model for budget 450 to ../data/models/tuned_models/switching_models_normalized/switching_model_B450_trained.pkl
Saved switching model for budget 500 to ../data/models/tuned_models/switching_models_normalized/switching_model_B500_trained.pkl
Saved switching model for budget 550 to ../data/models/tuned_models/switching_models_normalized/switching_model_B550_trained.pkl
Saved switching model for budget 600 to ../data/models/tuned_models/switching_models_normalized/switching_model_B600_trained.pkl
Saved switching model for budget 650 to ../data/models/tuned_models/switching_models_normalized/switching_model_B650_trained.pkl
Saved switching model for budget 700 to ../data/models/tuned_models/switching_models_normalized/switching_model_B700_trained.pkl
Saved switching model for budget 750 to ../data/models/tuned_models/switching_models_normalized/switching_model_B750_trained.pkl
Saved switching model for budget 800 to ../data/models/tuned_models/switching_models_normalized/switching_model_B800_trained.pkl
Saved switching model for budget 850 to ../data/models/tuned_models/switching_models_normalized/switching_model_B850_trained.pkl
Saved switching model for budget 900 to ../data/models/tuned_models/switching_models_normalized/switching_model_B900_trained.pkl
Saved switching model for budget 950 to ../data/models/tuned_models/switching_models_normalized/switching_model_B950_trained.pkl
All final switching models trained and saved successfully.
