[INFO][abstract_initial_design.py:139] Using 210 initial design configurations and 1 additional configurations.
[INFO][abstract_intensifier.py:307] Using only one seed for deterministic scenario.
[INFO][abstract_intensifier.py:517] Added config 8ab52f as new incumbent because there are no incumbents yet.
[INFO][abstract_intensifier.py:596] Added config 43d98f and rejected config 8ab52f as incumbent because it is not better than the incumbents on 1 instances: 
[INFO][abstract_intensifier.py:596] Added config 80671a and rejected config 43d98f as incumbent because it is not better than the incumbents on 1 instances: 
[INFO][abstract_intensifier.py:596] Added config dfb4c8 and rejected config 80671a as incumbent because it is not better than the incumbents on 1 instances: 
[INFO][smbo.py:327] Finished 50 trials.
[INFO][smbo.py:327] Finished 100 trials.
[INFO][smbo.py:327] Finished 150 trials.
[INFO][abstract_intensifier.py:596] Added config 92d2c3 and rejected config dfb4c8 as incumbent because it is not better than the incumbents on 1 instances: 
[INFO][smbo.py:327] Finished 200 trials.
[INFO][abstract_intensifier.py:596] Added config 383ad5 and rejected config 92d2c3 as incumbent because it is not better than the incumbents on 1 instances: 
[INFO][abstract_intensifier.py:596] Added config 8b78a9 and rejected config 383ad5 as incumbent because it is not better than the incumbents on 1 instances: 
[INFO][smbo.py:327] Finished 250 trials.
[INFO][smbo.py:327] Finished 300 trials.
[INFO][smbo.py:327] Finished 350 trials.
[INFO][abstract_intensifier.py:596] Added config f7dc18 and rejected config 8b78a9 as incumbent because it is not better than the incumbents on 1 instances: 
[INFO][smbo.py:327] Finished 400 trials.
[INFO][smbo.py:327] Finished 450 trials.
[INFO][smbo.py:327] Finished 500 trials.
[INFO][smbo.py:327] Finished 550 trials.
[INFO][smbo.py:327] Finished 600 trials.
[INFO][smbo.py:327] Finished 650 trials.
[INFO][smbo.py:327] Finished 700 trials.
[INFO][smbo.py:327] Finished 750 trials.
[INFO][abstract_intensifier.py:596] Added config d1e3e8 and rejected config f7dc18 as incumbent because it is not better than the incumbents on 1 instances: 
[INFO][smbo.py:327] Finished 800 trials.
[INFO][smbo.py:327] Finished 850 trials.
[INFO][smbo.py:327] Finished 900 trials.
[INFO][smbo.py:327] Finished 950 trials.
[INFO][smbo.py:327] Finished 1000 trials.
[INFO][smbo.py:335] Configuration budget is exhausted:
[INFO][smbo.py:336] --- Remaining wallclock time: inf
[INFO][smbo.py:337] --- Remaining cpu time: inf
[INFO][smbo.py:338] --- Remaining trials: 0

Best threshold configuration found:
  threshold_b100: 1.0
  threshold_b150: 0.85
  threshold_b16: 0.1
  threshold_b200: 0.3
  threshold_b24: 0.15
  threshold_b250: 0.9
  threshold_b300: 0.85
  threshold_b32: 0.7
  threshold_b350: 0.25
  threshold_b40: 0.95
  threshold_b400: 0.9
  threshold_b450: 0.2
  threshold_b48: 0.7
  threshold_b500plus: 0.8
  threshold_b56: 0.75
  threshold_b64: 0.5
  threshold_b72: 0.55
  threshold_b8: 0.25
  threshold_b80: 0.9
  threshold_b88: 0.8
  threshold_b96: 0.1
