[INFO][abstract_initial_design.py:139] Using 210 initial design configurations and 1 additional configurations.
[INFO][abstract_intensifier.py:307] Using only one seed for deterministic scenario.
[INFO][abstract_intensifier.py:517] Added config 8ab52f as new incumbent because there are no incumbents yet.
[INFO][abstract_intensifier.py:596] Added config 4f85c9 and rejected config 8ab52f as incumbent because it is not better than the incumbents on 1 instances: 
[INFO][abstract_intensifier.py:596] Added config 8125d0 and rejected config 4f85c9 as incumbent because it is not better than the incumbents on 1 instances: 
[INFO][abstract_intensifier.py:596] Added config d08027 and rejected config 8125d0 as incumbent because it is not better than the incumbents on 1 instances: 
[INFO][abstract_intensifier.py:596] Added config 559082 and rejected config d08027 as incumbent because it is not better than the incumbents on 1 instances: 
[INFO][smbo.py:327] Finished 50 trials.
[INFO][smbo.py:327] Finished 100 trials.
[INFO][abstract_intensifier.py:596] Added config b8a01b and rejected config 559082 as incumbent because it is not better than the incumbents on 1 instances: 
[INFO][smbo.py:327] Finished 150 trials.
[INFO][smbo.py:327] Finished 200 trials.
[INFO][abstract_intensifier.py:596] Added config 89a55f and rejected config b8a01b as incumbent because it is not better than the incumbents on 1 instances: 
[INFO][abstract_intensifier.py:596] Added config 5a609e and rejected config 89a55f as incumbent because it is not better than the incumbents on 1 instances: 
[INFO][smbo.py:327] Finished 250 trials.
[INFO][abstract_intensifier.py:596] Added config a65f39 and rejected config 5a609e as incumbent because it is not better than the incumbents on 1 instances: 
[INFO][abstract_intensifier.py:596] Added config ce3331 and rejected config a65f39 as incumbent because it is not better than the incumbents on 1 instances: 
[INFO][smbo.py:327] Finished 300 trials.
[INFO][abstract_intensifier.py:596] Added config bf1c4f and rejected config ce3331 as incumbent because it is not better than the incumbents on 1 instances: 
[INFO][abstract_intensifier.py:596] Added config 8db791 and rejected config bf1c4f as incumbent because it is not better than the incumbents on 1 instances: 
[INFO][abstract_intensifier.py:596] Added config 8506da and rejected config 8db791 as incumbent because it is not better than the incumbents on 1 instances: 
[INFO][abstract_intensifier.py:596] Added config 83ce2f and rejected config 8506da as incumbent because it is not better than the incumbents on 1 instances: 
[INFO][smbo.py:327] Finished 350 trials.
[INFO][abstract_intensifier.py:596] Added config 17e13f and rejected config 83ce2f as incumbent because it is not better than the incumbents on 1 instances: 
[INFO][smbo.py:327] Finished 400 trials.
[INFO][abstract_intensifier.py:596] Added config d5da3e and rejected config 17e13f as incumbent because it is not better than the incumbents on 1 instances: 
[INFO][smbo.py:327] Finished 450 trials.
[INFO][abstract_intensifier.py:596] Added config 4e7665 and rejected config d5da3e as incumbent because it is not better than the incumbents on 1 instances: 
[INFO][smbo.py:327] Finished 500 trials.
[INFO][abstract_intensifier.py:596] Added config fdf7bb and rejected config 4e7665 as incumbent because it is not better than the incumbents on 1 instances: 
[INFO][smbo.py:327] Finished 550 trials.
[INFO][abstract_intensifier.py:596] Added config 1b4c60 and rejected config fdf7bb as incumbent because it is not better than the incumbents on 1 instances: 
[INFO][abstract_intensifier.py:596] Added config e3c740 and rejected config 1b4c60 as incumbent because it is not better than the incumbents on 1 instances: 
[INFO][abstract_intensifier.py:596] Added config 30c2b5 and rejected config e3c740 as incumbent because it is not better than the incumbents on 1 instances: 
[INFO][smbo.py:327] Finished 600 trials.
[INFO][abstract_intensifier.py:596] Added config 3f40e3 and rejected config 30c2b5 as incumbent because it is not better than the incumbents on 1 instances: 
[INFO][smbo.py:327] Finished 650 trials.
[INFO][smbo.py:327] Finished 700 trials.
[INFO][abstract_intensifier.py:596] Added config c04d2c and rejected config 3f40e3 as incumbent because it is not better than the incumbents on 1 instances: 
[INFO][abstract_intensifier.py:596] Added config 74e8fc and rejected config c04d2c as incumbent because it is not better than the incumbents on 1 instances: 
[INFO][smbo.py:327] Finished 750 trials.
[INFO][abstract_intensifier.py:596] Added config 36c5dc and rejected config 74e8fc as incumbent because it is not better than the incumbents on 1 instances: 
[INFO][smbo.py:327] Finished 800 trials.
[INFO][abstract_intensifier.py:596] Added config d81f30 and rejected config 36c5dc as incumbent because it is not better than the incumbents on 1 instances: 
[INFO][abstract_intensifier.py:596] Added config 967050 and rejected config d81f30 as incumbent because it is not better than the incumbents on 1 instances: 
[INFO][smbo.py:327] Finished 850 trials.
[INFO][smbo.py:327] Finished 900 trials.
[INFO][abstract_intensifier.py:596] Added config 388e18 and rejected config 967050 as incumbent because it is not better than the incumbents on 1 instances: 
[INFO][smbo.py:327] Finished 950 trials.
[INFO][abstract_intensifier.py:596] Added config 4f46b8 and rejected config 388e18 as incumbent because it is not better than the incumbents on 1 instances: 
[INFO][smbo.py:327] Finished 1000 trials.
[INFO][smbo.py:335] Configuration budget is exhausted:
[INFO][smbo.py:336] --- Remaining wallclock time: inf
[INFO][smbo.py:337] --- Remaining cpu time: inf
[INFO][smbo.py:338] --- Remaining trials: 0

Best threshold configuration found:
  threshold_b100: 0.4
  threshold_b150: 0.35
  threshold_b16: 0.15
  threshold_b200: 0.95
  threshold_b24: 0.75
  threshold_b250: 0.8
  threshold_b300: 0.85
  threshold_b32: 0.5
  threshold_b350: 0.4
  threshold_b40: 0.35
  threshold_b400: 0.3
  threshold_b450: 0.55
  threshold_b48: 0.2
  threshold_b500plus: 0.45
  threshold_b56: 0.3
  threshold_b64: 0.55
  threshold_b72: 0.7
  threshold_b8: 1.0
  threshold_b80: 0.5
  threshold_b88: 0.2
  threshold_b96: 0.6
