[INFO][abstract_initial_design.py:87] Reducing the number of initial configurations from 60 to 18 (max_ratio == 0.25).
[INFO][abstract_initial_design.py:139] Using 18 initial design configurations and 0 additional configurations.
[INFO][abstract_intensifier.py:307] Using only one seed for deterministic scenario.
1334.8163933337
1383.7965616837
1320.5653792454
1224.2638006963
1443.7672147749
[INFO][abstract_intensifier.py:517] Added config 26fdc2 as new incumbent because there are no incumbents yet.
1374.9859153186999
1345.1971612755
1371.713983321
1212.7031318662
1380.7479757685
[INFO][abstract_intensifier.py:596] Added config 8a205f and rejected config 26fdc2 as incumbent because it is not better than the incumbents on 1 instances: 
1324.2089290053002
1259.9940070224998
1359.4601691325001
1177.9121559710002
1337.5770998966
[INFO][abstract_intensifier.py:596] Added config 9b0ae0 and rejected config 8a205f as incumbent because it is not better than the incumbents on 1 instances: 
1335.9841027749
1281.1043391443
1307.9371437741
1178.1731156942
1452.5775401851001
1325.1205917163002
1265.5672917511
1387.8448165835998
1140.6477010712001
1389.3714735125
1578.0535971601998
1394.1261050009
1445.5240380329
1226.8463294434
1588.5025092205
1491.9057632909
1437.4064669549002
1424.2673062009
1280.8523731178002
1507.1229108666998
1543.3160641677
1339.9380576789
1325.8381454148
1166.4752070122
1489.8880149402
1341.6300354123
1361.6701642408
1387.1548657204
1183.2635686249
1516.0165443288
1455.7561142335999
1380.8053107868
1369.5766548986999
1242.1307117245
1430.901318652
1355.6329849283002
1349.3391857740999
1329.6127541032
1164.0255348571
1385.7639527423
1456.8628211514
1440.3213867210002
1435.8378060225
1214.8197153441001
1429.3378301847001
1340.4957061497998
1303.2592261044
1383.3506795667001
1201.0171437383
1453.3713050795
1444.1611135553
1307.7604080163
1283.4298577615
1187.6353940819001
1443.2656876091
1380.9209239860002
1336.8239143674
1362.5766124343
1168.6648263956
1465.5801366759
1355.0381870432002
1297.1655986273
1425.1543287895001
1180.1764353056
1408.9804921246998
1371.5250710072
1327.8822759717
1388.7433734487
1194.2173066462
1446.0062465193
1349.7112581838
1294.5350522246
1396.6020875054
1125.9826635848
1416.008948614
1454.522898136
1295.7415735351
1398.6187106065
1167.2263746724002
1483.355493286
1442.0988817114999
1282.7174775985
1424.9273337827
1159.061467398
1427.8298233614
1443.3899264219003
1318.1273640276
1435.0790852356
1163.7581943068
1415.9137017292999
1432.8111852723
1341.8331727227
1446.4903833182002
1165.6585127839
1443.4146221313
1432.9017885291
1281.2223726222
1360.3340284904998
1150.3962735755
1431.9097259174
1539.8658679428
1359.1844995172
1303.4664068212
1269.3105067049
1461.5942245874999
1353.2771035042
1266.7059951821
1381.8565788764
1211.1467934285
1409.570827047
1432.8111852723
1341.8161977886
1453.2045208864001
1165.6585127839
1443.4146221313
1361.184558173
1282.7183122837
1369.7807649162
1191.4290296755
1452.9452282756001
1451.1748536087002
1400.4122652224
1460.3813442078
1132.6351842232
1421.6259634629
1357.9478654322002
1325.6263471069
1361.4750488166999
1196.8121783519
1470.7972562425
1444.7769809654
1368.9490211857
1392.6044778317
1189.3073673285
1448.9633586006
1455.2855101483
1410.5903412444
1459.9664267397998
1174.858303524
1435.6433084834998
1322.7331373567001
1295.0355277514
1415.4774668124
1181.0953784982
1397.5949978828003
1402.8303546578
1325.4620324532998
1407.0208172021
1195.0921512956002
1474.6562778225998
1657.1416900805
1330.6202291349
1538.9834249727
1218.5146855564
1535.2194007015
1384.1779087409
1325.9101761869001
1392.4613560893
1230.6938292035002
1432.903872588
1402.6782966663
1281.1715012153
1398.5972285417001
1165.0247680245
1448.9316762214999
1370.9787259102
1332.0407193604
1393.6695548835
1205.5889877352001
1362.4219876703
1377.8739831636
1282.0490947029
1321.0057251016
1181.5153858991
1405.9332574006
1367.7292798248
1317.4451026241
1318.6519820395
1212.8657356072
1443.7083473644998
1369.0763628181999
1338.7941927834
1337.3670626304
1129.8167601243
1397.8115558531
1419.1048538304
1297.7757886677
1339.2497774209
1248.2228971982
1430.1068896647998
1384.1779087409
1325.9101761869001
1392.4613560893
1230.6938292035002
1432.903872588
1461.6988220198
1411.4941131692
1448.8870105772
1093.9029248854
1408.8105559235
1471.431807389
1403.6110619292
1447.6652980610002
1103.9570796791002
1415.2083226046998
1376.4451076674
1250.8101963871
1360.9850998602
1201.1798975539
1407.2331712004002
1381.7692897107
1283.6191369172998
1333.0541131399
1146.9831655381
1357.7685522246
1368.4884284377001
1297.0199024905999
1348.0592712188
1161.3609530664003
1386.3682500771
1358.8521077552
1317.7564664613997
1364.2121785711001
1210.1610951959
1365.6643985065
1374.2864038071998
1257.414432633
1306.1919321607002
1127.4293114483
1374.9997611704
[INFO][abstract_intensifier.py:596] Added config 42860c and rejected config 9b0ae0 as incumbent because it is not better than the incumbents on 1 instances: 
1330.8514310313
1291.8223406329
1390.7789684447002
1143.0978409559
1409.0254828512002
[INFO][smbo.py:327] Finished 50 trials.
1488.4597164405
1344.9919682794998
1400.1396911322
1193.8270075951
1534.4566308983
1410.2526364609998
1309.0796635861998
1377.638590137
1179.4282622746
1378.0312429123
1454.8559528564
1333.7196192462
1300.1383891599
1149.8129794446
1405.4446404986002
1436.5113444345
1310.5257071256
1415.8137837834001
1236.4268077019
1486.3581998168002
1350.0955434786001
1278.2945612929998
1340.1088771378
1139.5875645498
1390.0998735028002
1368.3433529075
1341.8940503384
1370.0439088654002
1176.5880990279002
1379.1688780432999
1383.4303548319
1299.3032111161
1395.4465476957
1196.2964076032
1395.8790607048
1405.2816100600003
1285.9721516851
1431.8545291396001
1280.7990461897
1532.606149999
1447.0301867193998
1383.6558885354
1442.7193815228002
1172.9190859786002
1533.7987019186
1381.4829386142
1281.5631289832
1328.2745487718
1133.318334683
1434.1751494192
1509.2366897223
1422.7519199982999
1408.5978536608
1216.0051412527
1443.7023952905
1381.4829386142
1281.5631289832
1328.2745487718
1133.318334683
1434.1751494192
1381.4829386142
1281.5631289832
1328.2745487718
1133.318334683
1434.1751494192
1381.4829386142
1281.5631289832
1328.2745487718
1133.318334683
1434.1751494192
1381.4829386142
1281.5631289832
1328.2745487718
1133.318334683
1434.1751494192
1381.4829386142
1281.5631289832
1328.2745487718
1133.318334683
1434.1751494192
1315.7045441788
1325.9414645288
1354.8260682575
1266.4708227079
1388.4895652946998
1536.3924654208
1346.6579960591
1430.465827391
1172.3973456911
1490.1359230972998
1324.7490633713
1329.2882153722999
1370.5014391724999
1165.0590747416002
1449.4021127960002
1305.6864836814
1261.5279099276
1352.4940354083
1210.9244823909999
1420.5416874415
1324.7490633713
1329.2882153722999
1370.5014391724999
1165.0590747416002
1449.4021127960002
1315.7045441788
1325.9414645288
1354.8260682575
1266.4708227079
1388.4895652946998
1337.2078895349
1359.8598704870997
1304.9459388013001
1260.786121135
1429.5505500417999
1359.4045025966
1419.1007617425
1427.3328964055002
1274.4428094744999
1554.2486313690001
1357.1037764338
1322.8850230406001
1377.4122575538
1199.2376056223002
1471.9100824370998
[INFO][smbo.py:335] Configuration budget is exhausted:
[INFO][smbo.py:336] --- Remaining wallclock time: inf
[INFO][smbo.py:337] --- Remaining cpu time: inf
[INFO][smbo.py:338] --- Remaining trials: 0
