[INFO][abstract_initial_design.py:87] Reducing the number of initial configurations from 60 to 18 (max_ratio == 0.25).
[INFO][abstract_initial_design.py:139] Using 18 initial design configurations and 0 additional configurations.
[INFO][abstract_intensifier.py:307] Using only one seed for deterministic scenario.
849.2671919929
714.0153854138999
827.8209807494
731.6572669069001
772.7519413054999
[INFO][abstract_intensifier.py:517] Added config 26fdc2 as new incumbent because there are no incumbents yet.
811.1056702428
719.3099982322001
733.7061476952
713.9342049141
725.0084669432
[INFO][abstract_intensifier.py:596] Added config 8a205f and rejected config 26fdc2 as incumbent because it is not better than the incumbents on 1 instances: 
825.6222096317999
749.2498841945
769.0488194771
709.3904721038
781.3187553472999
847.0393158408999
697.5401422557
735.4891948237
720.6262062501
739.5807164998
805.8685306882999
706.2472937123999
731.3074926465999
702.1745175048001
719.1992749870999
[INFO][abstract_intensifier.py:596] Added config 87cf8a and rejected config 8a205f as incumbent because it is not better than the incumbents on 1 instances: 
889.8190495713
828.3533216594001
869.5098563114999
744.4087197511001
871.6584883289
767.0397559113999
750.2465282936
757.8208574293
691.383426699
792.1602271577999
845.3282050255
758.2202484188999
832.7117791749001
742.0945419372999
761.4793580152
776.5831614252999
684.4050310143
717.9411101256
672.627406525
720.6515575413
[INFO][abstract_intensifier.py:596] Added config b7ad6c and rejected config 87cf8a as incumbent because it is not better than the incumbents on 1 instances: 
824.4549208098999
781.6495456299999
828.1100681255
726.5108294506
772.3415748335999
781.6409708732
709.2230665949
804.7294738173999
705.8415939281999
756.4096746739
895.7313339895
840.6490492949
912.1547667700002
712.7665065693
796.8055575919
809.3793241481999
742.3361947257
769.0647552073999
671.1135701210001
724.3919389232
806.4636951012
731.5540330056
758.3406048015
739.0598601119
771.2383212960999
848.6210624962
757.1838410692
863.6706568815
739.6595789935
806.4169356993
832.8871118642
712.890029339
752.7196812742
694.7403791796
734.589463456
829.7087120261999
736.7735126335999
793.5135826897001
743.9755909163
799.9216998388
813.9094370162
702.7625911806001
757.4941852863999
695.0978471528
701.968072206
830.9033963621
691.9382517349
748.7978426387
691.9854514292001
766.6846060502
798.9482560925
694.9756269162999
725.7167078990999
648.0925856476
779.8294698545001
799.9904108098001
690.7688025681999
707.9480960420999
703.7344519919
756.9222393194
810.8225031208999
682.5252894998
761.9261774700999
715.1186449774
762.6524038265
846.936847293
736.5605808498
774.8593378350001
690.2989475548
761.1382933846
856.1400020284
751.579474201
754.6503208686
713.6510896747
771.3395173736
800.6457509541999
737.3579564477
786.0589236419
787.2977078458999
757.509559414
736.1787740522
672.4871453286
717.6359926414
710.4457380477
737.2948273804
733.2485646421001
702.3221890005
750.9529232247
700.0596732781999
756.9283622242
816.2553660322
683.5451404410001
725.1424830654
695.6342337364
764.9508230502
838.4147694138
682.9758281072001
754.0675055925999
712.6010556443
770.7322518043
783.0021457043
680.4047864311
706.3310897384
759.9260577488001
775.5356657588
845.9101172818999
712.0582420589999
714.0026167566
700.2334761311
747.1747803173
801.0176886694
703.9817713503
738.8815550628001
697.2559535705
754.6232600015
843.1104562961999
771.7419728904999
785.6626652185
788.3897918867
886.9138970864999
853.9256132813999
859.3374380072
930.6228189734
868.0380829926
893.1008259664002
792.4740455845
703.0508270505
716.9809772796
687.384114322
749.5933262533999
770.4777077263
694.6306092639
712.5800733189001
698.2837680926
757.3796016361
794.157084257
679.9888438377
728.2306820058
748.0860014822999
750.3978231489
787.6239771326
686.8872201447
720.2558453816
723.1462991931999
743.8739789089
787.3656197245
688.8689747985
705.8342995682999
730.7139115609
748.2379025744999
834.7810484675
723.1303084297999
752.5816701453
710.0284145082999
767.9618348059
782.1740926447001
691.7285732901
680.1859863525999
697.7772583366999
754.3767626751
800.5776149111
679.4838831810999
743.9523410591999
732.4859795996999
763.808538821
803.3801452615
701.4908856646
734.9621518793
675.7306904638
775.6629865373
819.0923963646001
675.5161080307
709.5120728651
708.5541371904001
728.2169937467
837.3986905913
722.4902104788999
769.1271089072999
712.8302544849998
740.5518364694999
765.0140041098
650.9875179665
765.1468555565
711.8705061618
751.8272247261
765.0140041098
650.9875179665
765.1468555565
711.8705061618
751.8272247261
856.8781788325
755.1486076896
790.0702163184001
716.4225615631
758.4757535363999
803.5122244997999
745.074531425
722.7662234284999
685.0305555952
724.2558613757
772.0014499176
696.2133280568
693.4991579161
698.5151936827001
722.5580315004
[INFO][smbo.py:327] Finished 50 trials.
860.1177780438002
824.3954314019999
879.5392018144
702.5711962293
902.9042742807001
775.8426028583999
675.5067867905
718.5599993574
701.9785115503
734.9888551427999
811.6442951481001
682.6385779967
738.6202756002999
719.3336575705
757.6058015211
784.4363683536999
691.951530603
736.983465957
704.2607014094001
728.5396586382
820.7456424273
702.4025906311
752.2938072494
730.7848636395001
768.3121907575
795.7565863281
744.7235175394
754.2574753895
738.3410020933
745.6890773076
801.5756789356999
709.9006034112999
711.0804849098
702.6344790527
801.2080286014
792.5622098926999
702.8712561522
741.5409453826
706.3009159548
741.8381528836001
795.9411199509
732.0815943779999
744.1859609794
728.8983291540001
777.8760504047
911.8208908301999
830.9824019599
903.0381263422998
729.5561525279
768.3946940016999
779.90650116
712.3615101465
733.8541276039
694.3540223077
775.4987947996
759.9933819706
701.9163822749999
722.8278504685
675.6461921454
710.0958293012001
[INFO][abstract_intensifier.py:596] Added config 148a7c and rejected config b7ad6c as incumbent because it is not better than the incumbents on 1 instances: 
746.7922074901
672.6034981442999
722.6717462585
701.3607787884
749.4608264697
805.4582361795
678.0843369534
728.2388415593
710.1382849429
693.7057680236001
812.4114953337
704.2261530616
715.2650685638
707.8828969415
768.5522872983
813.3287316484
698.3483742495
699.6240021506999
704.6992611906
729.0793154625
876.8115178579999
884.4588188473999
866.7164256795
801.8814745307
881.4112399866999
770.9841317171
705.8452327448
721.4890762486
706.6167303734999
750.9406836998
774.9957812826999
692.144738157
719.9778971968
739.0199058055
783.2906566967
808.6868374548
666.8390894565
736.9884477418
744.8294154442001
701.0539224066999
774.9957812826999
692.144738157
719.9778971968
739.0199058055
783.2906566967
794.6097257583999
716.1034236357001
751.9599824417
695.3892272682999
720.6146404096
770.2665034316999
712.9847524054001
729.5605839817999
715.5452798729999
732.7592731078
765.9862111017001
742.7486319796999
739.4380347787001
715.7631065318999
722.4609849205
803.6784235327
752.1221612101
816.1320216849999
719.919944602
846.4686655771
[INFO][smbo.py:335] Configuration budget is exhausted:
[INFO][smbo.py:336] --- Remaining wallclock time: inf
[INFO][smbo.py:337] --- Remaining cpu time: inf
[INFO][smbo.py:338] --- Remaining trials: 0
