[INFO][abstract_initial_design.py:87] Reducing the number of initial configurations from 60 to 18 (max_ratio == 0.25).
[INFO][abstract_initial_design.py:139] Using 18 initial design configurations and 0 additional configurations.
[INFO][abstract_intensifier.py:307] Using only one seed for deterministic scenario.
765.3885124281001
709.7636040479999
669.7454089923
674.4799473616
665.7366677955
[INFO][abstract_intensifier.py:517] Added config 26fdc2 as new incumbent because there are no incumbents yet.
697.368061466
684.7185340276001
664.9941307711999
632.7843255152001
714.7383513658
[INFO][abstract_intensifier.py:596] Added config 8a205f and rejected config 26fdc2 as incumbent because it is not better than the incumbents on 1 instances: 
765.4491786058001
691.9355286071
694.5958324038
642.458172014
708.3993272584999
786.4560402838999
646.7360649109
656.7513624431999
636.3297985102
725.4257647161999
725.6017146651
641.9341806394
676.5191124245
661.074829619
671.0022330881
[INFO][abstract_intensifier.py:596] Added config 87cf8a and rejected config 8a205f as incumbent because it is not better than the incumbents on 1 instances: 
843.033488564
693.6147360017001
768.2704342585
711.019813978
777.5624260746999
779.8933992071
655.5840973669
668.8583715504
681.9012712089001
704.5668189897
797.3698700653999
650.3472959193
723.7890500792
670.7782960479001
757.4609516973
753.7034940111
609.6896850974999
626.279029993
658.9572474249001
676.9728530302
[INFO][abstract_intensifier.py:596] Added config b7ad6c and rejected config 87cf8a as incumbent because it is not better than the incumbents on 1 instances: 
756.9082142932
668.9141222135
728.5357404613999
706.9425198849999
743.6690951848
741.5693047140999
656.3017301433999
627.3664347345
660.426758188
706.8154855821999
811.8796575023
694.8853050841
761.8021031968999
736.6184926665999
758.0006793792
771.2722613955
683.6238984353
636.6113836442
638.9878502351
679.9803808734
765.3299979335
668.1144841798999
737.7001229547
675.9611228625001
742.4141110482
764.7228185364
684.0888153597
677.1786899152
664.6698379807999
708.9666913009
749.2309928536
655.9781369138
654.8129808317001
632.9451772497
702.1003268067
748.6363972192
693.9772518683001
663.1225890311999
624.2103829469
705.5122655555999
701.9298396702
639.3386454332999
677.3433975645999
614.5587147581
692.4046151011
[INFO][abstract_intensifier.py:596] Added config 46b4e3 and rejected config b7ad6c as incumbent because it is not better than the incumbents on 1 instances: 
745.7624682518
619.1291879258999
657.8059152282
643.9857752583
708.1789495966999
754.7119117711
643.3162386394001
663.9350405605999
578.2752564679
642.6534943516999
[INFO][abstract_intensifier.py:596] Added config df1f0b and rejected config 46b4e3 as incumbent because it is not better than the incumbents on 1 instances: 
749.6979293185
660.609944933
709.3847197120001
671.7316336942
697.6489351820001
776.7358464493
653.8272340064999
642.7521728693
663.3387151643
645.3926906431
782.1391970852999
680.8432276413
686.9765530182999
631.2046498686
713.0449551773
785.6380493201001
649.1884545554001
661.7260804148
654.646104855
711.0352416462999
761.6246629262
698.1907278153001
676.8728054753
673.4803377224
696.8798646181
762.1241242128
641.1453810344999
650.2349041036
617.1882727923
697.6167121457
771.2683132441
641.5842298107
675.7818732228
613.8403992262
702.9174563382
773.3362919629999
711.2605461075999
661.9314682456
631.3620753544001
702.4203713483
772.0938125048999
625.2066643633
640.3250211126
644.3144507291
691.3880555724
746.2139201272
638.6776826818
642.7860510218
622.0260899481
679.1593591902
734.5461231737
633.6629797092
690.8276711878
675.4561542459999
695.7621084169
705.5104606090999
632.9256271457
629.7472036532
636.3040498088
713.8412617285001
788.2103250072
667.3539892205999
671.097225151
685.7876172713
701.7931759647
888.5588304971
654.2811971129
710.7188139520999
723.2072317218
797.6683854439
772.4165864154
653.3854413221
657.2000940011
639.0289983022999
678.9502089012
747.1155019609
650.0766776088999
657.7561271998001
628.9680290726001
681.1423045443
753.805993358
645.4369475235999
664.5236668314
625.1796503815
669.0137356391999
722.5010562867999
666.7637275129
672.1258506506999
655.6941625834
679.2019651104
760.6841316888
630.4037844835
654.3006730866
634.6093674265
681.3383015044
815.0883248431999
688.3205553601999
629.3731834798
635.2761002954
672.5209539066
741.6200174946999
653.5223445944
670.5573040794
646.080693058
685.1879122874
753.805993358
645.4369475235999
664.5236668314
625.1796503815
669.0137356391999
723.1945694388
663.5374125111999
657.1772521631001
653.1223727273
696.4128470713
733.4600977711999
653.1884284344999
644.9163371950999
665.2623720390001
685.1828124811
758.0484107074999
661.6426410994001
642.9958775787
616.0663972361
658.7327840348
723.1945694388
663.5374125111999
657.1772521631001
653.1223727273
696.4128470713
769.7116472966
641.1342452686999
680.2575071524999
639.0364371623
663.7554736337
735.6222278
725.5481323126
687.2801121732
674.3368773406
687.5512516629001
779.9001766051
633.4946525770999
768.3636830009999
646.1635661657
703.3507545715
722.0100787761
619.6968874977999
608.8122195183
625.7731705975
679.9154182112
[INFO][abstract_intensifier.py:596] Added config f6e95d and rejected config df1f0b as incumbent because it is not better than the incumbents on 1 instances: 
[INFO][smbo.py:327] Finished 50 trials.
805.5000710355
670.0733430724
701.7567373754
711.8008356172
766.3519015157999
785.4328693955999
642.5327810744
621.3878000624
643.167778247
677.8133777226
750.3373459100001
620.9173226370001
657.1610825266
624.9935901254
661.1041408361
710.5063733159
628.1770786029999
604.5229630843
615.2243793794
671.4274456620001
[INFO][abstract_intensifier.py:596] Added config a47ba5 and rejected config f6e95d as incumbent because it is not better than the incumbents on 1 instances: 
750.3373459100001
620.9173226370001
657.1610825266
624.9935901254
661.1041408361
770.9190787683999
645.5492588842
649.9684838616
642.6844570359001
697.2835480417999
778.0032032987001
628.7580477487002
625.4296138137
633.0639694822
681.0087708062999
719.5646292879001
641.0037088268
594.8028422382
602.7512172094001
665.2354912288
[INFO][abstract_intensifier.py:596] Added config 549528 and rejected config a47ba5 as incumbent because it is not better than the incumbents on 1 instances: 
797.5747907887
707.6079490346
677.7628672673
665.7770731646
707.1035294384999
753.6702714313001
638.8492476671
659.5376053938
616.2088456866001
696.1293758373
768.5459183247999
675.4235282034
769.757828993
710.9922069231001
777.1567050287
753.6702714313001
638.8492476671
659.5376053938
616.2088456866001
696.1293758373
753.6702714313001
638.8492476671
659.5376053938
616.2088456866001
696.1293758373
767.9207762952001
636.5358776717001
676.1272464472
635.0809427622
675.3599153220999
752.1642277903
650.775971198
648.7648550289999
664.2906697989999
690.2817318234
689.933740321
600.6707349630999
619.2185778324999
634.2904893410999
643.3091251472
[INFO][abstract_intensifier.py:596] Added config 57494f and rejected config 549528 as incumbent because it is not better than the incumbents on 1 instances: 
694.3665547338001
635.0734583316
621.4337798946
659.8134727954
695.1369597174
786.2471333915
680.0977505403999
712.5856531581001
690.8102654549
752.4620905648
682.5813126781
613.5207675890999
639.7479607242
649.3675532310999
658.2751867986
707.8233848790001
615.3512124657
669.2996611757
675.6751226102
661.4534358388
706.4394431439
634.2917195191999
650.7063830740999
623.4658871616
679.3162083362
746.8668310809
613.962732922
655.5177750098999
647.9064804522
704.7524270795001
694.4001741003
649.1593634213
630.6806990717
618.2223050590001
678.7036655073
782.1990979688001
619.3835535133
679.3085558497
645.6088160191
663.4115510398
751.0412451500999
697.5352276107999
680.3032377901
626.9580385439999
659.7065312105999
[INFO][smbo.py:335] Configuration budget is exhausted:
[INFO][smbo.py:336] --- Remaining wallclock time: inf
[INFO][smbo.py:337] --- Remaining cpu time: inf
[INFO][smbo.py:338] --- Remaining trials: 0
