[INFO][abstract_initial_design.py:87] Reducing the number of initial configurations from 60 to 18 (max_ratio == 0.25).
[INFO][abstract_initial_design.py:139] Using 18 initial design configurations and 0 additional configurations.
[INFO][abstract_intensifier.py:307] Using only one seed for deterministic scenario.
721.6120302856
657.5848268688001
660.7848400005
679.4098438961
667.7804137203
[INFO][abstract_intensifier.py:517] Added config 26fdc2 as new incumbent because there are no incumbents yet.
758.9116718170999
674.9665500188
659.3872859486
627.8069126915001
702.1641914646
744.1456540012
644.0491108848
664.458373535
657.7794671797999
648.6083592264999
[INFO][abstract_intensifier.py:596] Added config 9b0ae0 and rejected config 26fdc2 as incumbent because it is not better than the incumbents on 1 instances: 
732.106748929
649.4435139423999
676.4296560706
634.1580330319
663.8394581127
[INFO][abstract_intensifier.py:596] Added config 71b0a5 and rejected config 9b0ae0 as incumbent because it is not better than the incumbents on 1 instances: 
729.8045112676
625.5856477505
667.618227664
647.6150638426
631.3811523515
[INFO][abstract_intensifier.py:596] Added config 87cf8a and rejected config 71b0a5 as incumbent because it is not better than the incumbents on 1 instances: 
786.1775347019999
770.0303462441
731.6188850899
636.0854739207999
742.0679187225
802.672203458
676.386645798
630.2360883709
668.5686724256
671.4111442294
770.4038250932999
686.1751413611
739.9590447966
634.6687912711
712.728624721
727.8303117247999
645.7695450023
669.4651608684001
652.4483151111
626.4102017667999
748.1345793584
691.9620481658
683.6514532578
604.2105816719
696.325155713
746.9022262503
651.8870761003
676.4630607673
660.7881824601
663.8444457803
829.0024109445999
706.1790636385
728.257180181
642.4253472652001
678.4905460729001
793.6637926986
665.5223778756999
643.9061782716001
649.6534990341
650.608642988
794.1654274770999
683.2957845601
719.2550147575998
666.6937506584
644.2025658199
745.6151885695
645.9816318727001
673.2179116583
669.5088502775
663.4936002761001
747.4920708366001
646.3800729662
634.5155614524
614.9960846806
691.1185961079
760.7673975767
665.8761392918
685.3059200747
604.280040673
658.1757627554
748.8810796033001
636.1271932760001
666.8602116765
633.4773832482
644.5812092153
762.1175678427999
668.5340781919
640.1364797143999
669.1990729229999
662.6820745905001
759.4303385685
659.1251125974
673.3485105856
626.9857445600999
679.3979173555999
735.8667613791999
635.7966560065
673.168827683
637.3327754018
660.7735590749
779.0682920984
696.0239363878
663.0681194227
658.3507083123
664.4356313304
778.0124560475
673.3788126145
697.3511725077
641.7278684159
677.2300467191
820.0892122696999
648.4621651417
671.5978888643999
631.6408998498999
674.3774384894
743.2116431253
633.1250887767
695.5797511966999
644.576117156
700.0510708101999
736.9909254253
625.1975565477001
669.4233656172
622.5533987169
667.2681230037999
730.3973252329
650.3879971845001
663.8239564987999
640.2708102943
671.1505564828001
738.2218031629
680.8568112267999
669.4962926024999
632.8812945173
667.8728229923
727.6429312948999
637.4045828659
663.6340280334
661.9072250616
691.6503637397
757.2942012207
647.4779672163002
669.2685443628
657.762785314
670.0806758552001
783.4106216168
631.6123021668
674.1694540879
658.2666402271
667.2462148592001
757.6075518048
643.1462275352
643.7867772643
622.5564262859
638.9963189013
706.7232376907
709.5688751142001
675.6990772363
638.0923464310999
654.7601748375
788.6367843314
744.2226906390999
758.6751458152999
731.3738958923
753.4567568317
731.6441005675001
637.0441331086
641.8393668239
644.4518274222
648.8688873384
699.4288079122
628.4049580000001
640.2444556625
661.2908679627
668.2636033535
[INFO][abstract_intensifier.py:596] Added config 5e9ca4 and rejected config 87cf8a as incumbent because it is not better than the incumbents on 1 instances: 
729.3759968433
635.6569872916
631.0851828583
654.734379312
658.9252909752
747.6819760097999
639.031744014
640.4205639707
645.5662713453
649.1781641580001
743.0292845367999
615.3787697684
621.7658981664
672.6601499254
615.6167238038
[INFO][abstract_intensifier.py:596] Added config be6e51 and rejected config 5e9ca4 as incumbent because it is not better than the incumbents on 1 instances: 
743.9970384631
663.2311887091
671.4993486215001
623.6933124770001
710.5272856842
714.8084079956
632.1398027471
619.7702015847999
653.9640861488
661.5532602375999
723.5612479468
669.2756330783
629.8554296062999
618.5759231761999
659.4053805651001
798.8272925402
581.9953038377
640.8120322291
606.5954856202
646.9014275825999
745.1138626016
622.1421890047
670.2446623904
637.6233939921
646.7040571966
773.6322693528
672.8670486379001
686.0002141632999
636.0243936037
623.8573275137
710.8234027655001
636.4304793237
648.2228921254
682.6396975927
672.0523528601
709.9996480014001
621.3901967802001
639.8024346821
688.7212107798
673.6571093611001
781.8836357339
667.3896472470001
678.3615369175
662.774495277
679.9953884212
719.2820293463
611.4402911031
675.8008092166999
635.5901144249
651.6597474141
774.5211194916
626.5136919547999
645.7172760085
646.5411567486999
661.9065850286
[INFO][smbo.py:327] Finished 50 trials.
783.0283827737999
687.6851076900999
720.8584101181
645.778746944
728.959583486
723.5612479468
669.2756330783
629.8554296062999
618.5759231761999
659.4053805651001
723.5612479468
669.2756330783
629.8554296062999
618.5759231761999
659.4053805651001
734.4863882335001
613.7678111545
641.5061394567
646.5521637331
658.1483186467
734.4863882335001
613.7678111545
641.5061394567
646.5521637331
658.1483186467
727.0350638752
678.7872192059
658.9226205144
633.5078631996
659.8467769893
732.6608910017
635.3733648599
616.9503685825
681.9851977661
619.8355422196
723.5612479468
669.2756330783
629.8554296062999
618.5759231761999
659.4053805651001
758.1347896146999
674.0329597084001
671.8597268469
689.2902663386001
653.1389737702
752.2750493194001
630.0500545799
633.3915880093999
648.8957767126
643.4678645079
787.9399236938
683.5963287344
720.9007125858
636.2352243879
706.8881419776999
737.742388911
635.3624195345001
644.4947358682
659.3461560799001
671.5256515708
725.6678868212999
600.359861379
667.0813187013999
633.2045673809
624.9597568103001
[INFO][abstract_intensifier.py:596] Added config c93c44 and rejected config be6e51 as incumbent because it is not better than the incumbents on 1 instances: 
769.6425248556
643.3821683064999
604.3415403808
596.7083943929
687.2449658797001
763.8099622548
650.3195302500001
674.6337786967999
599.4367562428
636.6938538877
724.7700031325
660.5791367713
689.6170025037
654.6840808178999
674.5351291807
724.1756125735
609.1009307259999
645.857344791
645.8692540986
694.3025678622
756.7503743482
675.6262077484
739.1447127214999
633.8823023698999
689.8643668283
709.3352858742999
614.3247370386999
640.2416670642
632.2056085893
682.888693081
709.3352858742999
614.3247370386999
640.2416670642
632.2056085893
682.888693081
725.6678868212999
600.359861379
667.0813187013999
633.2045673809
624.9597568103001
725.6678868212999
600.359861379
667.0813187013999
633.2045673809
624.9597568103001
725.6678868212999
600.359861379
667.0813187013999
633.2045673809
624.9597568103001
738.8996127818
589.9943475071
661.6074269371
624.3964230433
614.62233864
[INFO][abstract_intensifier.py:596] Added config 1b4348 and rejected config c93c44 as incumbent because it is not better than the incumbents on 1 instances: 
721.2763783187
679.9994208096
652.5734279312001
648.8233243575
709.0275030273
[INFO][smbo.py:335] Configuration budget is exhausted:
[INFO][smbo.py:336] --- Remaining wallclock time: inf
[INFO][smbo.py:337] --- Remaining cpu time: inf
[INFO][smbo.py:338] --- Remaining trials: 0
