[INFO][abstract_initial_design.py:87] Reducing the number of initial configurations from 60 to 18 (max_ratio == 0.25).
[INFO][abstract_initial_design.py:139] Using 18 initial design configurations and 0 additional configurations.
[INFO][abstract_intensifier.py:307] Using only one seed for deterministic scenario.
867.8720725154
820.4429726492999
911.6667947049
735.4162787773
824.0511026900999
[INFO][abstract_intensifier.py:517] Added config 26fdc2 as new incumbent because there are no incumbents yet.
860.3994631565
781.4142262350999
830.8243838170999
716.3308017174
821.0733046017
[INFO][abstract_intensifier.py:596] Added config 8a205f and rejected config 26fdc2 as incumbent because it is not better than the incumbents on 1 instances: 
933.2281241235
809.6479963567999
882.7334240897001
798.1400614475999
853.7144239581
862.2205063957999
788.3296248278
783.4399828155999
793.8440683202
806.5624350961
858.9796660971001
815.9904277702999
859.5418300734
714.7138493184
795.8018043565
1006.9723110762002
829.455950088
983.3944773296
847.6565605302
930.0465376999
835.7715722725
761.8024216608001
831.9590079317
739.5803041459
779.7540623167
[INFO][abstract_intensifier.py:596] Added config 423f12 and rejected config 8a205f as incumbent because it is not better than the incumbents on 1 instances: 
1034.690208822
810.2731803670999
899.6880779854
792.3286960155
939.7767232558999
894.2504662202
689.9886989897
812.2101618534999
734.9795500323
849.4376899722
973.8380822128
815.2830409788
877.930843086
823.0370851737
932.3379818234
907.2367144602999
802.6825602576998
840.0739947515
712.6021358177
841.1468017
1012.8072575199001
818.8152250921
885.403676122
831.6903219182
976.5207915313999
877.9802775874
828.1308042219999
847.8294066418999
697.9231936558999
811.2468151238
850.9714131961
799.3457122541
814.6366624595998
783.5526165432
888.9503618087001
879.3151054061
829.0775485342999
916.1041898039
727.4085701181
841.8796956064
900.2223126997999
817.6929942731999
850.5843156971
784.0660174506
863.7811271255
906.5105856168
823.7910762842
912.4080474615998
733.9349326096001
896.8833643590999
873.2359899
760.6063321976
813.1995019084
713.1666897027001
798.3875877508
904.0335568553
789.0547514842
889.4418342003
724.9953348260001
832.5134276059
878.2317527547
778.9600901555999
799.4930662219
711.0749201419
784.5903867893999
866.115849622
753.8238570741
852.1315116957999
759.0605175437
837.7577745853
919.9249725197001
789.9503144134001
832.7511273260001
737.0265972119
845.9873423866
895.3773763954
835.7601466502
848.2996289885
756.0182313078999
912.9744164297
952.0630370869001
826.0557239072
888.5442470462999
816.2292601638001
874.7489617949001
865.9747399993
827.6687084421001
862.0760142993
721.8625586004
813.0324217563
838.3546842837
763.473320628
827.7256556537001
734.0721403948999
850.2466416141
835.7715722725
761.8024216608001
831.9590079317
739.5803041459
779.7540623167
887.6493638388001
729.9423945432
781.2157961826
725.5969661045001
844.0172640644
876.3522501153001
747.5769273016999
850.5277766871
722.4261662132
784.3120122140999
887.6493638388001
729.9423945432
781.2157961826
725.5969661045001
844.0172640644
887.6493638388001
729.9423945432
781.2157961826
725.5969661045001
844.0172640644
835.7715722725
761.8024216608001
831.9590079317
739.5803041459
779.7540623167
900.7243475314999
857.5432838311999
934.0884390984999
745.6239183622001
869.2210720063999
1041.5948488134
944.3700401750001
950.5937411573
885.8852740325999
975.1858952999
855.1678795713001
717.6618875652
795.1937945439
668.7872410383
727.0563533991999
[INFO][abstract_intensifier.py:596] Added config 7fb6de and rejected config 423f12 as incumbent because it is not better than the incumbents on 1 instances: 
837.7452000124999
721.3012479372
783.6793173181
678.7124566979
747.5089409479999
811.1789882096999
701.2402537704
797.4637173880999
691.1761787354001
752.3337432443
[INFO][abstract_intensifier.py:596] Added config 8804c2 and rejected config 7fb6de as incumbent because it is not better than the incumbents on 1 instances: 
868.5305332206
748.0095405889999
803.8524387707
705.8344568399
818.1995957639001
896.7537030709
761.6571514747
812.2319521789999
739.5564518799999
794.5683388513
866.9337178076
803.9173552848999
842.8566146343999
723.1071564805
850.7866743503
845.6364652215
718.8347116371999
789.7577326734
728.7261205749
793.9167956878
852.4409338001
747.9198338487
818.0280863178
739.9445506369
763.3794055158
812.0059826359
706.6557736088998
794.7357261827
697.6487183528
750.6635264617
813.1112868150001
698.4058612181
791.6838125135
692.4789593792
745.6283261823
[INFO][abstract_intensifier.py:596] Added config 87a863 and rejected config 8804c2 as incumbent because it is not better than the incumbents on 1 instances: 
866.8730561471001
815.1458200000001
807.5160697386
679.4064323808
785.9498980425001
813.5408310975
696.9814019216001
786.0723942612
703.2765756278
758.1637649459999
826.4466328783
727.2257302958001
779.2952378933999
709.5507163427999
768.1686372443
871.8508934250999
826.5591965652
887.0930744989
742.4351351521
856.1132298244
826.4466328783
727.2257302958001
779.2952378933999
709.5507163427999
768.1686372443
838.0872677674001
779.663383415
759.6849342992999
692.2310506091001
777.8420246718001
[INFO][smbo.py:327] Finished 50 trials.
1009.6028039349001
821.8493637286
942.2827282516
833.4385169970001
901.7981635428
988.1060900297
890.8202534708
905.33381186
849.0924738582
1013.5869856545002
1003.6978246637
882.9912143754
937.7000101919999
869.570480484
1024.0988466955
996.8139838672
865.4936999709
918.2021038931
851.3756957109999
1025.7313728831
1009.3914373814
870.0832111784
979.7509432946
916.5231941379
1048.6760104746
860.3058627216001
820.3641930776
823.3159080205
686.8658327587
822.9827309146
1016.2748123880999
873.6256387
956.4297593595
894.5307002546999
1036.8740160616
1009.0663359944
859.7639698420999
958.093060557
887.6697754765
1044.5213630191001
910.3161125851
784.4207319887
833.8607187340999
739.0789803613
890.3738944276
880.8859942898
713.1880710328
795.0047163679999
727.2972643442
839.2088177112
1000.272207383
832.2232913884001
915.8712127064
869.7735448169999
959.336147211
821.8799749457
718.698679192
766.2960177471
684.3573802469
824.6350499063999
872.7329493164
712.9026101047
831.7079736042999
731.245867959
823.1405190195
812.3262351571001
710.8795937061
761.4545760546
686.0134491614999
824.8556713711
842.8367940466999
755.6376601164
831.1970174044001
679.5537792512999
795.0566556729
820.0610958407
717.0900129197
796.1986724476001
746.8758904084
790.6336717598001
839.0406815521
728.5690332047
786.2207483663999
702.4609395240001
763.3939008895
1001.4195651796999
833.7695211294
889.6635173822999
798.8678490877999
946.1268923447001
863.9095377053001
718.5702247191
793.0367178365
669.2823946473
743.9856238975001
817.0678578895
701.186185763
791.4697550182001
694.8117684297999
737.0728269362
817.0678578895
701.186185763
791.4697550182001
694.8117684297999
737.0728269362
816.9543142767
695.6334567231
798.6163467771
692.5506230204
741.8971777392001
834.0964987752
723.3785792773999
796.0079137483999
701.7868988342
743.7553804473
834.0964987752
723.3785792773999
796.0079137483999
701.7868988342
743.7553804473
872.4932058804
826.0647926214999
871.4944382479999
728.1786016589001
862.2259586624
[INFO][smbo.py:335] Configuration budget is exhausted:
[INFO][smbo.py:336] --- Remaining wallclock time: inf
[INFO][smbo.py:337] --- Remaining cpu time: inf
[INFO][smbo.py:338] --- Remaining trials: 0
