[INFO][abstract_initial_design.py:87] Reducing the number of initial configurations from 60 to 18 (max_ratio == 0.25).
[INFO][abstract_initial_design.py:139] Using 18 initial design configurations and 0 additional configurations.
[INFO][abstract_intensifier.py:307] Using only one seed for deterministic scenario.
1305.2262910467998
1274.9370540636
1307.2771581928
1210.7352351393001
1282.5804044615
[INFO][abstract_intensifier.py:517] Added config 26fdc2 as new incumbent because there are no incumbents yet.
1382.6236061392
1287.5850861454
1350.5037770577
1265.0119033813
1339.8009824895
1398.7307589829
1295.9218334916
1321.8229288696
1220.3448577188
1330.8536815482998
1441.9271206392
1261.8258182452
1288.7639305876
1113.7206970185
1312.8324640299002
1409.7625418072
1282.3499498646001
1358.6596841300002
1231.0763601681
1346.1856042837999
1456.8510447461
1513.486398208
1280.5572899788
1196.7189655806
1338.367196465
1483.3993973182
1300.7479229188998
1397.6779708275
1248.6681974566
1400.1590743817999
1390.6889114116002
1268.843251029
1258.0032451403
1196.6554738297998
1310.5696795344002
1453.1491611253
1252.9822580233
1379.4884276638
1285.4237941719
1274.9745535724
1313.1907349907
1300.2872143782001
1336.7092598081
1187.8113825637001
1337.0356243301999
1412.2400433798998
1265.4421838867
1335.5272970972
1241.9726814275
1297.0024967467
1421.0298186810999
1275.0556327170002
1338.1531466588
1171.8853881188
1395.0667341575
1443.6258662725
1233.3701402652
1365.3732703103
1181.6171732
1310.7596115093002
1420.3489410902998
1312.7574154191
1341.3338531856002
1140.7360385753
1336.2958832353002
1398.0804566026002
1225.5877752664
1298.4756786735
1189.7703887429
1320.0878383182
1347.1202754486999
1289.5646752202
1298.6848496235
1171.4692501156
1276.2639226412
1357.9416952637998
1278.6690866365
1375.9066118905998
1225.384691195
1288.7281802062002
1417.0294678157
1265.7326099177
1351.0929138933998
1134.7373350879
1294.6643359467
1350.8943768093
1288.1066852065
1329.8276298358999
1211.7067548278
1295.2213037938
1311.4240566531
1274.9370540636
1311.6220897778999
1210.3645405077
1306.6778283017
1339.044090114
1263.7371370744
1287.4814108940998
1164.7231026302
1305.0033357257
[INFO][abstract_intensifier.py:596] Added config 3ab314 and rejected config 26fdc2 as incumbent because it is not better than the incumbents on 1 instances: 
1399.8560176465999
1298.8900535325001
1349.7589305750998
1300.6454696206997
1410.2225706566999
1350.5031874432
1295.9596087633
1328.6323481371999
1225.6277770855
1272.9562020494
1500.5998223804
1263.6133844765
1351.2003172281002
1233.8120600501
1360.2260721887
1348.0692504016
1266.1189252089998
1342.8624278922998
1212.831747956
1264.0143799158
1399.8560176465999
1298.8900535325001
1349.7589305750998
1300.6454696206997
1410.2225706566999
1334.9409506947
1287.4349039999001
1306.8344898403
1195.7317439788999
1301.3116774629002
1339.044090114
1263.7371370744
1287.4814108940998
1164.7231026302
1305.0033357257
1438.5682434271002
1282.7331366834
1343.0683260646001
1140.6733486698
1311.9705267149
1399.8560176465999
1298.8900814284002
1349.7589305750998
1300.6454696206997
1410.2225706566999
1339.044090114
1263.7371370744
1287.4814108940998
1164.7231026302
1305.0033357257
1399.8560176465999
1298.8900814284002
1349.7589305750998
1300.6454696206997
1410.2225706566999
1460.2350703907
1262.5760332885
1309.6179329067
1212.2822345202999
1308.6454273073998
1621.9659799949
1319.3326951348001
1338.5630046364
1273.9124193829
1370.8017322979001
1342.4956419105
1296.4227699115
1299.5804321143
1183.7587448143
1303.6472475832
1305.2262910467998
1274.9370540636
1307.2771581928
1210.7352351393001
1282.5804044615
1336.7596394298998
1292.5541809677
1273.6781093944
1232.5971461817
1320.7932254264
1342.4291724802001
1296.7096350767001
1299.4507838047
1190.6877713722001
1301.1729693521002
1305.2262910467998
1274.9370540636
1307.2771581928
1210.7352351393001
1282.5804044615
1352.2787961906
1262.0176243366
1310.9225818706
1232.2991498582
1302.2719149495
1305.2262910467998
1274.9370540636
1307.2771581928
1210.7352351393001
1282.5804044615
1350.2569146586
1284.6417816665
1310.0244884513
1161.759591851
1300.6731577392
1336.2935061174
1262.3819012363
1303.8712870292
1165.3263507961
1311.1101331123
1450.6454117648
1291.52176894
1403.9508516619999
1209.8024188915
1330.5361505792998
1339.044090114
1263.7371370744
1287.4814108940998
1164.7231026302
1305.0033357257
1339.044090114
1263.7371370744
1287.4814108940998
1164.7231026302
1305.0033357257
1345.2399993547
1257.2026206319001
1324.7550632789
1194.2072538512
1312.3371608363
1340.5281463289
1263.7389988069
1317.8982250855001
1165.8659284834
1297.4656097704
1448.5955821781
1291.8376026894
1392.4467193604
1199.7407282544
1401.3271802514
1413.3740019958
1282.5608790872002
1230.1288003645
1212.83006626
1308.078761758
[INFO][smbo.py:327] Finished 50 trials.
1399.8560176465999
1299.0221356707002
1349.7589305750998
1289.6161700669
1410.2225706566999
1326.1907119525
1273.5254590975
1314.3313383855
1166.9190394802
1303.6230445154001
1405.2569730444998
1298.9464171254
1349.7589305750998
1289.6991755135
1410.2225706566999
1326.3365994683002
1241.5068593091
1312.320983386
1168.7825944963
1325.7532361423998
1382.1687432684998
1285.8537892997
1390.698882455
1256.4470263665999
1381.3458541456998
1404.3456049887
1243.9282478187001
1348.1299474060002
1199.5629273179
1316.2044522945998
1395.6532147167
1245.1250719908
1351.8856948137
1209.5064883877
1321.2149670175
1398.5502896303
1257.0099974057998
1374.2650299492
1205.4193229631
1283.9145364018
1339.044090114
1263.7371370744
1287.4814108940998
1164.7231026302
1305.0033357257
1418.1760064158002
1282.8104080901999
1352.2118929379
1135.8842030659998
1388.0444881475
1334.9409506947
1287.4349039999001
1306.8344898403
1195.7317439788999
1301.3116774629002
1372.0071813871998
1239.4519765175
1336.6797023212
1224.7721920647
1305.6236931682001
1342.4252502573
1246.9881247357
1316.1366430284
1215.0474171454
1304.9253905409998
1394.9723780596
1238.9410234518
1351.1847963680002
1235.7827232561
1321.7558744763
1339.044090114
1263.7371370744
1287.4814108940998
1164.7231026302
1305.0033357257
1338.6608266087
1263.7372271925
1290.0367723205
1165.269066163
1326.6497568205
1403.7425554681
1296.4689865435
1286.7667148876
1256.27616856
1357.6953682315
1455.3825783546
1296.8214701457
1367.3373157736
1206.8147474831
1335.5841624916
1353.4463505427
1302.2706962959
1332.2311058961
1235.9855696861
1352.7649464282001
1414.1694782731997
1281.1639570868
1396.0409083718
1234.0994774971998
1332.3926463051
1399.8560176465999
1298.8900814284002
1349.7589305750998
1300.6454696206997
1410.2225706566999
1338.5094727465998
1262.3558834455
1320.0288253678
1164.9069126005
1304.844811238
1339.044090114
1263.7371370744
1287.4814108940998
1164.7231026302
1305.0033357257
1366.5455648077
1259.8905327241
1324.3644859830001
1233.3391143814
1285.8134990593
1339.044090114
1263.7371370744
1287.4814108940998
1164.7231026302
1305.0033357257
[INFO][smbo.py:335] Configuration budget is exhausted:
[INFO][smbo.py:336] --- Remaining wallclock time: inf
[INFO][smbo.py:337] --- Remaining cpu time: inf
[INFO][smbo.py:338] --- Remaining trials: 0
