[INFO][abstract_initial_design.py:87] Reducing the number of initial configurations from 50 to 18 (max_ratio == 0.25).
[INFO][abstract_initial_design.py:139] Using 18 initial design configurations and 0 additional configurations.
[INFO][abstract_intensifier.py:307] Using only one seed for deterministic scenario.
1.0750917640627085
1.1109805061922917
1.2272287033079166
1.05257939486
1.0615485602460417
[INFO][abstract_intensifier.py:517] Added config 6c06af as new incumbent because there are no incumbents yet.
0.8910708667647917
0.8528890358660417
0.9273099846839583
0.7003263726554166
0.676218158691875
[INFO][abstract_intensifier.py:596] Added config d0fce0 and rejected config 6c06af as incumbent because it is not better than the incumbents on 1 instances: 
1.109330897058125
1.01877922319
1.04642376298
1.0464369737839583
1.051387553980625
0.861518739653125
0.8272097892016668
0.9462635436635415
0.6410743227647917
0.667727985416875
[INFO][abstract_intensifier.py:596] Added config f0dc8c and rejected config d0fce0 as incumbent because it is not better than the incumbents on 1 instances: 
1.086243896970625
1.019851525784375
1.071112513215
1.0293934742233335
1.0375261487675
0.92854782353
0.8645591892027084
0.9071049506758334
0.6877611140227082
0.7018089944629168
1.312592891904375
1.0779897603241666
1.2540962243285416
1.091463508445625
1.0773232762352085
0.950235543709375
0.7385449290175
0.9856184792541666
0.7674704069604166
0.7479854887912499
1.1244271867397917
1.0363703628172916
1.0898005002381248
1.05964094283125
1.0425114092520833
0.8250326859595832
0.8938378790216668
0.9248745361645834
0.7913359440741666
0.7417870833072918
1.275162996983125
1.0783769712833333
1.2590183743674999
1.091463508445625
1.0777044209614581
0.8833583512975
0.8446614887633334
0.9585875117860415
0.8416616715966667
0.6171825545152084
1.1342982925552083
1.0360131416395832
1.23200303441
1.0513420010927084
1.068252632455
0.8770037851970832
0.8171731221679167
0.9482297511839584
0.7533429038972916
0.6687204785839583
1.1101872460679165
1.0232331118275
1.0478261691060415
1.0672425400795833
1.0652077825410415
0.8299833450922915
0.6989004729839583
0.86349928502
0.7006256276770835
0.7189795587314584
[INFO][abstract_intensifier.py:596] Added config 5d5aa5 and rejected config f0dc8c as incumbent because it is not better than the incumbents on 1 instances: 
1.0907004976404167
1.0205065610635418
1.050515117654375
1.0339048794966665
1.0468765861922915
0.8251435077135416
0.7627965389399999
0.8981159111747916
0.7860457137160417
0.6833294064295834
0.8368724954268749
0.7076464685266667
0.8584025207495833
0.6978933097666666
0.6869366173802083
[INFO][abstract_intensifier.py:596] Added config 5a50b8 and rejected config 5d5aa5 as incumbent because it is not better than the incumbents on 1 instances: 
0.8369035887566667
0.7103881969372916
0.8587679725827083
0.6987742681654167
0.6869435208231249
0.8659217661983334
0.8512560285864583
0.9826034122637499
0.856231650109375
0.6703098868424999
0.8133071490377084
0.6673693872558334
0.9285362545045833
0.6050966266727082
0.7436581749783334
[INFO][abstract_intensifier.py:596] Added config ce4029 and rejected config 5a50b8 as incumbent because it is not better than the incumbents on 1 instances: 
0.8701553524560416
0.72096244252625
0.9211279545810417
0.6541088275472916
0.6612069140887499
1.1379207741933333
1.0360131416029168
1.225929320668958
1.0513420010927084
1.0501410762004169
0.8497787162983333
0.6536562917027083
0.9333134012829166
0.7305683701143749
0.6372283885195834
0.7902455193718751
0.6921322204035417
0.8978864397270833
0.7292999253516667
0.6301699113131249
[INFO][abstract_intensifier.py:596] Added config 0de1de and rejected config ce4029 as incumbent because it is not better than the incumbents on 1 instances: 
0.8770674497064583
0.761159520761875
0.9719230085385416
0.8095744450177081
0.6273308620612501
0.8851478748189584
0.7621111717835416
0.971977000905625
0.7879857547183333
0.6278696961816668
0.839587667526875
0.6747534764170833
0.8826021967010416
0.7293031450347917
0.618630526506875
0.8047413528085416
0.8078592191485415
0.9551841489508334
0.8625519071391665
0.6649280213897916
1.3499775540460417
1.0779895277110418
1.2551562920891668
1.0676534082545832
1.0779428457218752
0.835144186888125
0.7824245832322916
0.9707305667004166
0.69346638975375
0.6779315326508333
0.8283837113029168
0.8057093969170833
0.9774050905195834
0.6906042323739584
0.6999089951733334
1.1382817099443752
1.0239116117229166
1.0510449639072916
1.0381450603593751
1.0341114904279167
1.1001360475675
1.019950074271875
1.1062957141049998
1.0275181029047917
1.0643049923522916
0.8005551194564582
0.7631420969002084
0.9274819868116667
0.6772891733125
0.733717724124375
0.8237225364135415
0.6832413930495832
0.9362276894835417
0.6719800901370834
0.7411810788110416
0.8247354102950001
0.7982737683645832
0.918058238654375
0.6778005450239583
0.6772770608779166
0.7944109704291668
0.714091099756875
0.9100208397866666
0.6923437250393751
0.7159151181885418
1.090587956870625
1.0220046574820834
1.0557219345837499
1.0339048794966665
1.0469071884593748
0.801965544295625
0.7192509204566667
0.936217746606875
0.7202119487235417
0.7188171974554167
0.833994496873125
0.6917483370841667
0.9188980536749999
0.7372550451325
0.6191643945525
1.0563110506427085
1.0177300983008333
1.0396091795289584
1.0532311025020833
1.0631944219554166
0.9542957764745833
0.8609750320279166
0.9111969284112501
0.8168306669333333
0.6579147502554167
1.3474309907697917
1.0783132212262498
1.2590183743674999
1.0665073323070833
1.0773232766768752
0.8638373139329166
0.6926676548470834
0.9247197708008333
0.7372243377704167
0.6261943397106251
0.8622514603004166
0.8243016469312501
0.9333149644679166
0.6376655472345832
0.6541887565039582
0.7931848019666667
0.6736946545620834
0.9333831517316666
0.6633485821895833
0.73900773967125
0.8666774884145833
0.8129326635385415
0.9842445379639583
0.841225888178125
0.6162591370383335
0.7950879317293751
0.8239937788383332
0.9398140399179167
0.839888245055
0.688510026404375
[INFO][smbo.py:327] Finished 50 trials.
0.8234233783181251
0.7962282045845832
0.9157277004325001
0.6779552808577082
0.6828576599647916
0.9399495237329166
0.8800343449706249
0.9364188272325001
0.697598143945
0.6957789032325
0.9449025971295835
0.8783798560491666
0.958629702424375
0.7534814125870833
0.6957789032322916
0.8093571835770833
0.8076629204522916
0.9729599722647916
0.8177260431735417
0.7408497005829167
1.3474419888075
1.0783132165337501
1.259018374366875
1.0479622564872917
1.0750223024822918
1.2698482393102082
1.0795339355425
1.259018374366875
1.0269751419147917
1.07225231439625
1.0956443436731251
1.0171746502202084
1.0516259287139582
1.0483745218022917
1.0690721860789585
1.0828214398747917
1.0282736318027084
1.0602734212724998
1.0622324806610417
1.04217505319875
0.8340870123195834
0.6949299493162501
0.952028175550625
0.661080303790625
0.7661294451875
1.349879340053125
1.078053510931875
1.2590183743674999
1.091463508445625
1.071871431576875
0.8409039469564583
0.7712890869916667
0.9253653609762499
0.6425072611145833
0.6413132203133335
0.8310386178195833
0.8097569610706249
0.9303239846047916
0.713893496205625
0.6196831939710417
0.8406461966504167
0.7066965404870833
0.8887750894577082
0.7293856440333334
0.6135482480043749
0.8151929373143749
0.7382854359831249
0.8872592831099999
0.7294336253433333
0.6042883763575
1.0857628993597916
1.05319543814625
1.176909399199375
1.0513420044179165
1.0629680876452083
0.8290644481858335
0.7188776128045833
0.8886884218908333
0.7305185728156249
0.605818130058125
0.80186648330875
0.669788900120625
0.951690679149375
0.7177177682675001
0.7353082685652084
0.952599619315
0.8356376745879167
0.9518033241079167
0.9191356569062499
0.7330708960418749
0.90071961104125
0.7594877896652084
0.9715794470795834
0.778831195358125
0.6500920821287501
0.8342742067283334
0.716752454476875
0.8584307511508332
0.6978933096616667
0.6819270756739583
0.8385339848908333
0.7364809400106249
0.84870185339
0.6975338826160418
0.6792099239104167
1.3440085116420835
1.07770214284
1.259018374366875
1.0519472864104167
1.077323276234375
1.1092326601337499
1.0190389286535417
1.0598401211602082
1.0527949511656252
1.065170308261875
0.9573610905404166
0.8757366368681249
0.9617236182739582
0.8752255482985416
0.7116249394985417
0.7794421458977083
0.7471836391068751
0.9358495836614582
0.6723163436347916
0.730421729411875
[INFO][smbo.py:335] Configuration budget is exhausted:
[INFO][smbo.py:336] --- Remaining wallclock time: inf
[INFO][smbo.py:337] --- Remaining cpu time: inf
[INFO][smbo.py:338] --- Remaining trials: 0
