[INFO][abstract_initial_design.py:87] Reducing the number of initial configurations from 60 to 18 (max_ratio == 0.25).
[INFO][abstract_initial_design.py:139] Using 18 initial design configurations and 0 additional configurations.
[INFO][smbo.py:509] Continuing from previous run.
[INFO][abstract_intensifier.py:289] Added existing seed 1608637542 from runhistory to the intensifier.
[INFO][abstract_intensifier.py:307] Using only one seed for deterministic scenario.
1423.6663696394003
1230.9175256748
1307.0192389694
1122.3088448529
1311.6949069816
1425.5171352296002
1230.7036386647
1307.8819606389
1124.5219972169
1310.8279788361
1425.5171352296002
1230.7036386647
1307.8819606389
1124.5219972169
1310.8279788361
1423.6663696394003
1230.9175256748
1307.0192389694
1122.3088448529
1311.6949069816
1423.6663696394003
1230.9175256748
1307.0192389694
1122.3088448529
1311.6949069816
1400.5500701904002
1230.65692468
1310.8511429307
1123.702480532
1316.9747028095
[INFO][abstract_intensifier.py:596] Added config 917f64 and rejected config 42ac47 as incumbent because it is not better than the incumbents on 1 instances: 
1423.6663696394003
1230.9175256748
1307.0192389694
1122.3088448529
1311.6949069816
1462.2829683433
1319.1042046266998
1262.428545942
1197.6242268642
1392.9416060401
1407.2079218728
1274.1053505355
1342.1473804855
1152.1124259416
1305.9149375159
1422.0527625475
1268.0491903744
1302.0612403835999
1150.2799174205
1329.3171792201001
1423.2648840677
1269.2155457238
1307.0779598877998
1149.3310559869
1327.589121423
1391.727547458
1252.5633383144
1319.9102347311
1203.1139198535002
1348.5090727047
1442.169086345
1219.7844466683
1326.9419991549998
1168.0830503790999
1349.5878668261003
1404.416159639
1225.0278735864001
1311.3919576932
1173.0141490339
1324.744068645
[INFO][smbo.py:327] Finished 50 trials.
1418.6888979796
1244.2455904045
1291.816562048
1164.700588148
1327.8069318627
1404.4744310899
1231.9944323612
1312.3245647695
1165.6941209002998
1331.0600556859
1402.5531261406
1232.2678082918
1308.8777395736001
1127.6381088423
1318.0957516244
1402.5531261406
1232.2678082918
1308.8777395736001
1127.6381088423
1318.0957516244
1414.0417724262998
1234.8483622395
1293.5836745555
1132.7957930365
1309.8360941320002
1402.5531261406
1232.2678082918
1308.8777395736001
1127.6381088423
1318.0957516244
1400.5500701904002
1230.65692468
1310.8511429307
1123.702480532
1316.9747028095
1436.9841355786
1223.0744968343
1322.672219392
1221.3180122908
1341.7370802764
1420.1871304839
1220.7284582704
1317.644131387
1162.2335410265
1323.5019491934002
1447.1138015909
1198.4111993869
1321.330555341
1208.1671968372
1325.2447337999997
1400.5500701904002
1230.65692468
1310.8511429307
1123.702480532
1316.9747028095
1400.5500701904002
1230.65692468
1310.8511429307
1123.702480532
1316.9747028095
1394.2700857099999
1173.2417907349
1283.5544421249
1188.5721199566
1307.131128806
[INFO][abstract_intensifier.py:596] Added config 3c5875 and rejected config 917f64 as incumbent because it is not better than the incumbents on 1 instances: 
1400.5500701904002
1230.65692468
1310.8511429307
1123.702480532
1316.9747028095
1402.3357369248001
1283.6379657027
1313.9680119266
1171.9661648494
1381.3180938735
1467.5439186991998
1288.5998002766
1362.0979263194
1148.2335594858
1427.3111100965998
1400.5500701904002
1230.65692468
1310.8511429307
1123.702480532
1316.9747028095
1400.2082903783
1206.4560950668001
1282.485617507
1173.9035903365998
1320.784258803
1410.2116624958999
1187.6412643106
1278.9716508508
1182.6936178986
1314.0830602669998
1422.2563862821
1263.285654654
1325.0850413517
1225.7057352433999
1315.9043435188
1430.201114222
1201.6489311246
1298.6696724376002
1149.3821234639
1324.0371696466
1421.9092295054
1210.9478349631
1310.4694868643
1178.3414633392
1312.572773193
1434.7289425857002
1200.2305918477
1307.0232929166
1183.8969012870998
1333.2376807813
[INFO][smbo.py:335] Configuration budget is exhausted:
[INFO][smbo.py:336] --- Remaining wallclock time: inf
[INFO][smbo.py:337] --- Remaining cpu time: inf
[INFO][smbo.py:338] --- Remaining trials: 0
