[INFO][abstract_initial_design.py:87] Reducing the number of initial configurations from 60 to 18 (max_ratio == 0.25).
[INFO][abstract_initial_design.py:139] Using 18 initial design configurations and 0 additional configurations.
[INFO][abstract_intensifier.py:307] Using only one seed for deterministic scenario.
1369.5561319950002
1418.5817293371997
1465.1369438053
1090.1919015586
1568.2802611592
[INFO][abstract_intensifier.py:517] Added config 26fdc2 as new incumbent because there are no incumbents yet.
1370.1213027433
1495.8130724738999
1574.8732136562
1179.284055702
1570.4019747775997
1469.4807190865001
1926.394656173
1402.1624775276
1075.8415197386
1647.1241818828998
1380.3897915054
1458.0121178138997
1434.7076697607001
1181.4723313101
1532.1458785928999
1397.1756162128
1347.4619045706
1447.840081278
1085.4895763881
1566.3992630149
[INFO][abstract_intensifier.py:596] Added config 87cf8a and rejected config 26fdc2 as incumbent because it is not better than the incumbents on 1 instances: 
1558.3102828924
1416.0604538793
1582.6085756355
1196.4248583451
1429.6082200879
1472.0158765895999
1304.6255911229
1640.8649241312
1208.7687766981
1680.8375330325998
1557.6880506183002
1516.6271436463
1623.9616161056001
1233.7474035681998
1492.9776657815
1389.6392729003
1404.0932954473
1500.6032482280998
1085.1883829460999
1584.3876253385997
1492.1025914148
1550.3309287755
1656.4803546484
1240.8327591206998
1541.2612770924998
1387.8024795852998
1403.1330861059
1363.3669395622
1020.0396439045
1497.9957356773
[INFO][abstract_intensifier.py:596] Added config 1f00ce and rejected config 87cf8a as incumbent because it is not better than the incumbents on 1 instances: 
1449.9662464917
1454.3167320986001
1656.7823282984
1403.2449975999002
1689.9721507611998
1377.2322033243
1458.4103372177
1468.9163469359
1050.8393793180999
1545.9298628183
1450.7876691608
1400.9582138173
1577.4038752129998
1135.4203200892
1598.0438681750002
1402.3201020251
1410.8425728927998
1491.5082077147
1322.8552323440001
1575.1550092513999
1338.9057708013002
1458.3617665822999
1424.1383661915
1083.1753004652
1502.5103630122999
1450.3100905889999
1137.7621927621
1656.8662318497
1055.57058879
1597.7549339107
1461.4419276997
1504.1249975967999
1434.5433828353998
1099.5434186805
1559.6149746797
1355.279637818
1318.1309401284998
1416.7236961157
1123.7135167949
1550.2596643865
1461.4783949158
1482.250972049
1396.8423718657
1098.9149536422
1490.3369619388
1271.229096128
1469.9263824067
1508.2830824
1025.6175818672
1590.8399155386
1284.7364560429
1489.3502355792998
1520.2245643327
1037.5970147542998
1562.4058267812
1508.9334174673002
1469.4119535697
1680.6381239360999
1017.7892974407
1475.8613167269
1617.1079396958
1490.8339640401
1441.4074194933999
1286.5899970758
1579.2745695137999
1394.4718517709998
1418.8026897493
1449.2445539582
1030.8918542611
1525.0736215089998
1324.3395649653999
1318.4818294330998
1419.8642559344999
1130.3140150063
1550.1871431038999
1415.7199880416001
1436.7288384151
1389.5658772259
1003.6467192277
1502.4952110321
1416.4680074275002
1396.6465026413998
1406.160754867
1003.1214904946
1511.7327691674
1494.6999115712
1478.9609835651
1516.6427918288002
1119.6434212821
1485.3615407172001
1409.3885639372002
1403.5163768962
1375.5725904909
1000.3858697394
1511.2870088792
1416.4680074275002
1396.6465026413998
1406.160754867
1003.1214904946
1511.7327691674
1468.3573638716
1431.6521313954
1570.3539004938
1082.7781523226
1462.8283665168
1434.0737607905
1421.6790494342
1463.6958441017
1287.5463929827001
1597.6554206073001
1721.4079656542003
2060.8566564353
1470.1193456965
1543.6884251646002
1669.8086073721
1418.3640953267
1344.7168456530999
1379.3324400213999
1173.6468422425
1558.3245865267
1384.1593314014
1504.5025210822998
1419.5068638197
1070.0563339567002
1485.3785064763001
1313.2049834749
1327.4080853882
1378.2875180444998
1056.0138178051
1594.8930964656
[INFO][abstract_intensifier.py:596] Added config a3b60f and rejected config 1f00ce as incumbent because it is not better than the incumbents on 1 instances: 
1418.3640953267
1344.7168456530999
1379.3324400213999
1173.6468422425
1558.3245865267
1313.2049834749
1327.4080853882
1378.2875180444998
1056.0138178051
1594.8930964656
1412.8139514478
1414.4188417606001
1434.0960974076002
1063.6805825597999
1387.068825096
1418.3640953267
1344.7168456530999
1379.3324400213999
1173.6468422425
1558.3245865267
1437.6823764244
1450.3520924178001
1326.3974956061
1036.4435462224
1519.8744434579
1346.1712068132001
1522.795746514
1462.9681993619001
1129.9549974331999
1495.9365150827998
1346.1712068132001
1522.795746514
1462.9681993619001
1129.9549974331999
1495.9365150827998
1331.6575201503001
1470.2046306716998
1429.5418827003
1097.3949727454
1603.239713388
1499.0906776054999
1494.337789238
1463.545012072
1089.0266154801
1448.3633260141
1507.1139244687001
1529.2761427527998
1538.9693967079
1173.7634414386
1470.6876234114
1456.3352363854
1428.8401457761
1466.551469538
1108.254831879
1601.5907613557997
1530.9319844222
1495.8923084142998
1584.6651683594
1203.3090752037
1489.1116623465
1331.0457450581002
1333.2981556263999
1472.4686836708
1057.8432649152999
1557.5853684056
[INFO][smbo.py:327] Finished 50 trials.
1601.7265508413002
1406.3240029138
1669.0898402609998
1222.9713799357999
1403.9002129583
1380.8346468906
1456.2436878104
1478.6530098455
1078.0777429636
1595.4238677557
1465.467228506
1424.5721775073998
1371.2726273161
1148.3738868009
1569.3009646680998
1382.5241572726
1563.0228638382
1509.4744322911001
1096.0672993168
1473.6587381515
1382.5241572726
1563.0228638382
1509.4744322911001
1096.0672993168
1473.6587381515
1430.9580329431
1470.7876580834
1387.4974434557998
1077.8087889863
1552.5867739424002
1313.2049834749
1327.4080853882
1378.2875180444998
1056.0138178051
1594.8930964656
1380.8346468906
1456.2436878104
1478.6530098455
1078.0777429636
1595.4238677557
1382.0999457212001
1401.7160945639998
1540.5733851128
1170.1493297888
1565.1372382344
1399.0280870285999
1482.8159956434
1453.7986310748001
1036.5180622613002
1522.4807796984
1524.6818083762
1476.0204753451999
1573.4611523979
1429.0897473006999
1662.2816237864
1443.8223203055
1325.6524144873
1439.9767699604
1084.2984289109
1427.0299031559002
1325.5187935326
1472.1901954790997
1421.4846088968002
1048.1996804531
1481.0954809836999
1300.8267715543
1327.9478647101
1333.3092069053
1043.1496154487
1582.3816111866
[INFO][abstract_intensifier.py:596] Added config 048e1a and rejected config a3b60f as incumbent because it is not better than the incumbents on 1 instances: 
1300.8267715543
1327.9478647101
1333.3092069053
1043.1496154487
1582.3816111866
1300.8267715543
1327.9478647101
1333.3092069053
1043.1496154487
1582.3816111866
1310.3440261934
1329.2439342122
1360.8045014113
1047.1366232066998
1538.5994258304
[INFO][abstract_intensifier.py:596] Added config 78af28 and rejected config 048e1a as incumbent because it is not better than the incumbents on 1 instances: 
1476.4507033924
1498.9418728024998
1537.7824076205002
1138.3624684415
1404.1951299455
1310.3440261934
1329.2439342122
1360.8045014113
1047.1366232066998
1538.5994258304
1415.7199880416001
1436.7288384151
1389.5658772259
1003.6467192277
1502.4952110321
1414.623201354
1425.112871099
1407.682952406
1011.2048052738
1513.9734444767998
1369.7022371463
1472.5398062287
1338.7218332887
1094.6293772899
1618.677456791
1407.2671711624
1444.0961105264
1369.6885342434998
1057.4207583266998
1478.5874778966
1371.2806038539
1499.8940362515998
1378.6121386249001
1063.6594314564
1477.7076259532
1391.5482707202
1480.2575268368998
1431.4861326805
1123.594564624
1545.7770674734002
[INFO][smbo.py:335] Configuration budget is exhausted:
[INFO][smbo.py:336] --- Remaining wallclock time: inf
[INFO][smbo.py:337] --- Remaining cpu time: inf
[INFO][smbo.py:338] --- Remaining trials: 0
