[INFO][abstract_initial_design.py:87] Reducing the number of initial configurations from 50 to 18 (max_ratio == 0.25).
[INFO][abstract_initial_design.py:139] Using 18 initial design configurations and 0 additional configurations.
[INFO][abstract_intensifier.py:307] Using only one seed for deterministic scenario.
1.0082810108875
0.9661933619256249
0.9852637754275001
0.8906609672879165
0.864203944065625
[INFO][abstract_intensifier.py:517] Added config 6c06af as new incumbent because there are no incumbents yet.
0.5594563019795833
0.5855319849710416
0.6710088829231251
0.47168075592208336
0.5055951145677082
[INFO][abstract_intensifier.py:596] Added config d0fce0 and rejected config 6c06af as incumbent because it is not better than the incumbents on 1 instances: 
0.982046637070625
0.9578141778252083
0.968861861606875
0.892052573565
0.8373274389214582
0.5414456893147918
0.6211979366070833
0.7413221588760417
0.5195842232689584
0.47808895798
0.969029157120625
0.9675191656827082
0.9754977585572918
0.8922356023920834
0.8475664001808333
0.6489892788964584
0.5979195082385417
0.635685073704375
0.4104629761158333
0.5158912033591666
1.0086206350352083
0.9669802746991666
0.9832421677281251
0.8914133168318749
0.8631088959575
0.623995352185
0.7342398059933334
0.6859673794916666
0.5109165585285417
0.47607189911500003
0.9891579072910415
0.9365331267620834
0.9755253764731251
0.8927038214304166
0.8352444504404166
0.60743923580125
0.5000408592433333
0.7344744406189584
0.6396272813275
0.472099962990625
1.00862043059875
0.9652917946879166
0.9843639083079168
0.8914458205454168
0.86310889595625
0.6492438077452083
0.639285797741875
0.65630555707625
0.6569167599327083
0.5175211571406251
1.0082810108877083
0.9667637212156248
0.9852635857183335
0.8882194045560415
0.862824160994375
0.5473929237727083
0.608525619206875
0.7228963930941668
0.44494257773062507
0.474787818745
0.9639298039041667
0.92739180479875
0.8860368226641668
0.9345307834033335
0.8410574921110416
0.528077071874375
0.51042704054375
0.6238280799789583
0.43429853744979163
0.4509196568164583
[INFO][abstract_intensifier.py:596] Added config 5d5aa5 and rejected config d0fce0 as incumbent because it is not better than the incumbents on 1 instances: 
0.9343969842820833
0.983142205100625
0.9700996525397917
0.8872579918779167
0.8477429452941666
0.4907992514504167
0.5160909770766666
0.632806448871875
0.4415899414041667
0.451913884365625
[INFO][abstract_intensifier.py:596] Added config d1434f and rejected config 5d5aa5 as incumbent because it is not better than the incumbents on 1 instances: 
0.5242172799360417
0.5345754399572916
0.6327254771220833
0.40963290783041667
0.5377594560027085
0.5289582376252083
0.523002413045
0.630648452694375
0.4458425346947917
0.532238186630625
0.5289582376252083
0.523002413045
0.632726083696875
0.4121579978579167
0.5377594560027085
0.69200828290375
0.5368327131954166
0.6838344114966667
0.6042519717216667
0.49863316426124993
0.5618796927427084
0.5925173919322918
0.6722521052285415
0.5439075644385416
0.42130120238354163
0.5130969257985417
0.5675043547129166
0.6244809578233333
0.4434767317652083
0.4747457894197916
1.0082810108877083
0.9678752103129166
0.9852635857189586
0.8886177500672917
0.8631305560820832
0.5015836914239583
0.5164164259187499
0.634414078278125
0.433163269206875
0.451302495063125
0.5787748008506252
0.55024710617375
0.6180649905239584
0.46297223573208335
0.44824475233166666
1.0082810108875
0.9665478031941664
0.9852635857172918
0.8906609672883332
0.864203944065
0.9683266082110417
0.9677584123920833
0.9281725266020834
0.8947077849066666
0.8370802216129166
0.5787748008506252
0.5532762840072917
0.618064995435
0.45775190489041667
0.4466501834066667
0.5778027652179166
0.5522074633925
0.60189338357875
0.45774780153958333
0.448247429299375
0.4943280225241667
0.515875151338125
0.6328534608087499
0.43177790381979164
0.4470617607775
[INFO][abstract_intensifier.py:596] Added config 465817 and rejected config d1434f as incumbent because it is not better than the incumbents on 1 instances: 
0.5611762961335418
0.6351135458816667
0.6655590021364584
0.5248939125404167
0.4601153047314583
0.5704834862235418
0.5538148909520832
0.6242413559797917
0.46310270456374997
0.44824475168229166
0.5013580848779167
0.5158751788299999
0.6349013260602082
0.4329421784754166
0.4470617607775
1.008281010886875
0.9667703528364583
0.9852637754289584
0.8886177500677083
0.8641874783675
0.5118547701902083
0.5161882984524999
0.6349810174064583
0.43295885398520834
0.44711125675124996
0.6421194623183334
0.5736255789808332
0.6780148806514584
0.547416895968125
0.45935669793187495
0.9675621311339583
0.968932703486875
0.9754910165220835
0.8927738365881249
0.8305128301425
0.6336394614599999
0.5896079314637499
0.65138506051375
0.3801138956802083
0.4825181878043749
0.6367338655895833
0.6266085340449999
0.6594584576677084
0.3789706139041666
0.48614109078249995
0.636805809403125
0.606137969491875
0.6581821691454166
0.37893656346312504
0.4961528250583333
1.0086171711122918
0.9669736430772917
0.9827916372297917
0.8914134666793749
0.8631088959572916
1.008419295638125
0.966980274696875
0.9827916369779166
0.8914458205510416
0.8631088959566665
0.5001889585631251
0.5158751787416667
0.6348990281620833
0.43295885398520834
0.44711125676124996
0.9328288675852083
0.983092879839375
0.9700996065714584
0.8913956728447917
0.8477429452943749
0.5245992185372917
0.5122671289952083
0.6301905873841667
0.43095178985895827
0.44669284457416664
0.5250637839679168
0.512266808014375
0.6400263210612499
0.4266323348733333
0.44129165467666664
1.008419324985625
0.9677276288820834
0.9840289447512501
0.8918116623487501
0.8492339864583333
0.5208153104766667
0.5032065449129166
0.6200940978831251
0.39156389881958326
0.44025071314875
[INFO][abstract_intensifier.py:596] Added config 86d18c and rejected config 465817 as incumbent because it is not better than the incumbents on 1 instances: 
[INFO][smbo.py:327] Finished 50 trials.
0.5204922038358334
0.5056098392529166
0.6181590545733333
0.39156389890249993
0.44028841650041667
0.9234461390947916
0.9668999064754166
0.9774568302666667
0.8914808516791666
0.8639019277345833
0.9661132165608334
0.9531416021458334
0.9684865238875001
0.8983201668095833
0.8477212851708332
0.9534877848629167
0.9338125796545834
0.9296024089554166
0.8886705048068749
0.827815451901875
0.5208257287327084
0.5062345708670832
0.6200658974072917
0.3927443162025
0.44025001009583337
1.0082810108937499
0.9665446531487499
0.9843639083058334
0.8890231685860416
0.8641658182420834
0.51974543988875
0.4984462118854166
0.6394786637722916
0.39274060963020835
0.39768446281250003
[INFO][abstract_intensifier.py:596] Added config 057a81 and rejected config 86d18c as incumbent because it is not better than the incumbents on 1 instances: 
1.0082810108875
0.9661867303039583
0.9857143059270833
0.8886177500685416
0.8641874783675
0.5197384149316667
0.4967060525716666
0.6296493025783332
0.39191393011541664
0.39320163771937494
[INFO][abstract_intensifier.py:596] Added config 98b3c6 and rejected config 057a81 as incumbent because it is not better than the incumbents on 1 instances: 
0.5197384149316667
0.4817079328004166
0.6296472374791667
0.39191393011541664
0.3974371153939584
[INFO][abstract_intensifier.py:596] Added config d7e615 and rejected config 98b3c6 as incumbent because it is not better than the incumbents on 1 instances: 
0.9885782432304165
0.9691715962366667
0.9754845428033332
0.8952557335504168
0.849135825689375
0.6165316797352084
0.5627357752841665
0.6645367262774999
0.4122964119495833
0.48528187145125007
0.4808899355175001
0.6568119107664583
0.65734824059
0.4499963668522916
0.4864347399720834
1.0086206350354168
0.9652917946902083
0.9827916372308334
0.8914134666806248
0.863108895956875
0.5452012564400001
0.5500647566645834
0.653559061150625
0.39351483779999996
0.44047890267270834
0.9325127322302083
0.9246771809131249
0.9773993408489583
0.89272422318875
0.8279790566087499
0.5208222653510417
0.5066404762720833
0.6298304149445834
0.3919151941187499
0.44194323983458333
0.9270835807697916
0.9448592269981249
0.9687042442210417
0.907568396360625
0.8579666297958333
0.558573952626875
0.5272844003989583
0.6409938501002084
0.391299622875625
0.4408469326839583
0.5208246917035417
0.5310790308514582
0.6529806819731249
0.39240863448125
0.44113393439125
1.008760977085625
0.9652917946879166
0.9839884776591667
0.8912462565247916
0.8631470217914583
0.6421434090541667
0.7345365037341666
0.56434616749875
0.4764245312425
0.4973524337922916
0.57378161210125
0.48017652594062504
0.6491927176214584
0.6549666946974999
0.4685036237166666
0.528840881319375
0.5444672039218749
0.6488186648133333
0.394623308555
0.4967245498464584
0.6146697784110416
0.570440412055
0.6307488984941666
0.4663180547052084
0.4177417998239583
[INFO][smbo.py:335] Configuration budget is exhausted:
[INFO][smbo.py:336] --- Remaining wallclock time: inf
[INFO][smbo.py:337] --- Remaining cpu time: inf
[INFO][smbo.py:338] --- Remaining trials: 0
