[INFO][abstract_initial_design.py:87] Reducing the number of initial configurations from 60 to 18 (max_ratio == 0.25).
[INFO][abstract_initial_design.py:139] Using 18 initial design configurations and 0 additional configurations.
[INFO][abstract_intensifier.py:307] Using only one seed for deterministic scenario.
1321.8175734033998
1330.9621362446
1214.7029102486
1115.9751236806
1307.0016460307
[INFO][abstract_intensifier.py:517] Added config 26fdc2 as new incumbent because there are no incumbents yet.
1303.7991103299
1379.1507725166998
1415.074147817
1092.6293927317
1358.0487041673998
1483.0689890434
1370.9039150711
1387.5520724013002
1101.7656736123001
1343.4250769294
1350.9007075009001
1287.9753252441
1325.5039984262003
1123.2306719602002
1361.3084890126
1341.6440474235
1338.3066726545999
1316.1957322768
1076.1873594144
1265.6365954592
1508.8574126269
1364.4049243642
1335.3714735941003
1183.3270787785
1459.1175561818
1553.3410669527002
1463.617198167
1433.9465101706999
1267.4563493869
1634.5566176743
1471.7402096526
1351.8927681139999
1332.7882638146998
1143.7178313908
1385.0491474288
1412.9500579492
1325.6306794854
1327.2354060936
1201.1120552945
1398.9050064864
1418.6871394606999
1342.2323742438
1348.3823745692
1082.4749635388
1341.5940577611
1392.3158946556
1253.6132164485002
1363.9118354718998
1088.2535494759
1297.5357985567
1405.1526260177002
1389.4488156294
1398.4381957951
1199.1855968073
1448.4044621485
1348.4842138789002
1292.741392726
1323.0722240031
1146.3216705885998
1272.9386356087
1368.2993361462
1327.3764587504002
1409.4977405270001
1140.7770059625
1431.2177153722998
1374.5032579228
1328.2069920655
1279.3469489391
1089.9591254852999
1346.8199031881
1292.6026171423
1344.5269199417999
1373.9730705212
1052.2583580946
1317.1443647932
1400.847956021
1322.615846773
1199.6563710963
1121.0027107998
1361.0579827999
1320.6533243633003
1299.5524304956
1383.3701305129
1097.0288417855
1382.3323508032
1369.0848963389
1321.6519189642
1274.6626131993999
1096.1471404874
1289.629832233
1390.0851767944
1329.6399267069
1265.301670335
1052.122970636
1279.5417690777
1324.0610829457
1330.5648594074
1279.9754658678999
1073.6635097768
1338.7766821266998
1315.5584984607
1322.8571056732
1218.8827612147
1066.7809658442
1281.9316309851
[INFO][abstract_intensifier.py:596] Added config 528b70 and rejected config 26fdc2 as incumbent because it is not better than the incumbents on 1 instances: 
1358.0092104740002
1341.4377189336
1416.7004173039
1105.2382952338
1330.1299596827
1584.8918046618
1412.0566348599
1457.8346835984999
1303.4672777196001
1591.9167579262999
1325.7925715929
1303.0899836704998
1290.2961640321
1159.1844772636
1272.7125832364
1358.8175280525
1322.0414066897
1258.8439602301
1086.2788865966002
1264.7964762538
1647.0048969574
1411.2986160822002
1586.5529459578997
1215.7682098901
1553.6903962535
1588.9617891281
1450.4006594288999
1597.0300157513002
1228.8813211461
1535.4180750967
1374.6872401154
1353.2926593399
1273.5368263368
1112.8587186066
1310.4138076130998
1673.381381934
1486.8206022664
1458.9830263298
1267.9287901367
1565.9372009287
1678.7471321865
1441.6984251758001
1431.341784069
1217.8192785597
1555.1684019204
1619.5167458227002
1476.1639207612998
1496.0757685742
1250.5840767761001
1569.5613021482
1395.0081654929
1335.2557736636
1234.9127768924
1197.6805695223
1319.9009275537
1565.2366603264
1482.1205109169
1434.6787918854
1285.6244203525
1532.0454680762998
1354.7388025152002
1345.9212138992
1259.3413383531001
1103.6441617032
1311.9987851186
1347.3056577763
1334.3649817236
1218.7504489527
1091.9237531449
1300.9072602452998
1354.7388025152002
1345.9212138992
1259.3413383531001
1103.6441617032
1311.9987851186
1328.9749083853003
1335.3213655963
1245.1941192701001
1124.4567227192
1308.2804836578998
1347.3056577763
1334.3649817236
1218.7504489527
1091.9237531449
1300.9072602452998
1367.7898242042002
1339.4425345326
1273.212246136
1127.233193781
1263.205784627
1347.3056577763
1334.3649817236
1218.7504489527
1091.9237531449
1300.9072602452998
1354.7388025152002
1345.9212138992
1259.3413383531001
1103.6441617032
1311.9987851186
1288.9633687863002
1328.7498952084
1215.2843614867
1096.1761588376999
1286.1194736671
1323.7088819477
1331.4157988082
1253.5133983891
1104.6783924722001
1296.7341615267999
1334.8890377653001
1270.2085450294999
1429.3987274956
1074.6916840085
1242.1760094738001
1355.0090730591
1324.7840822935
1230.6695661976
1091.3653274525
1322.8373959239998
1341.15728098
1325.2423675173
1222.3889805725
1107.2890207024002
1325.9414807874
1343.0833218959
1325.6548433729
1292.9018691069
1145.3523443508
1321.9909164913001
1371.6013250473002
1339.8246714370998
1274.6861491889001
1166.1947945868
1355.8544776534
1363.9637329984
1304.7527639133
1412.0651994804
1241.9112475306
1457.8396664951
[INFO][smbo.py:327] Finished 50 trials.
1480.9795623435002
1344.7482244993
1249.0734127570001
1117.6785468203
1427.9993901331
1351.4471511342
1319.4672187893
1220.0455880995
1095.5413547296998
1296.7019325694
1351.4471511342
1322.2878634679998
1219.3220503283
1106.5691351863
1320.5807639364
1350.3971409405
1317.3209344935
1210.6275393137
1059.7453955091
1280.2749441022002
1364.7000793996
1321.5698638815
1219.9067175618
1104.6571664224
1291.8810449052999
1307.2683203959
1285.4317525473998
1323.2537303478002
1186.4227335174
1275.8684152179999
1364.7000793996
1321.5698638815
1219.9067175618
1104.6571664224
1291.8810449052999
1364.7000793996
1321.5698638815
1219.9067175618
1104.6571664224
1291.8810449052999
1386.4819328631002
1340.8029474300001
1379.850007966
1137.3070113041001
1408.1279601484
1344.9173806986
1342.2081175020999
1279.4394079692001
1083.1638398864
1279.9046346052999
1486.9773562366
1410.5863092128
1328.4483399592
1135.939647083
1477.2133950055
1358.5678566437002
1318.03893408
1210.6281028085
1063.7547377717
1282.1511198646
1368.2557452458
1324.9527053561
1241.7360513448998
1091.4038863594
1307.7334156732
1376.2302004802002
1317.5538765101
1186.4286430490001
1114.2836740625999
1313.6452556276
1373.7275774825
1340.4032916116
1222.4950284913
1050.9884544911001
1311.2749764381
1354.2505855878
1326.9558819672
1223.1601957062999
1084.383882958
1279.7243502499
1356.2133086505
1319.1352440478
1249.3272678927
1103.4381697326
1285.7645928035
1390.8153454429
1337.1801066686
1313.8530293201
1116.0688821282001
1363.3403161602
1356.2133086505
1319.1352440478
1249.3272678927
1103.4381697326
1285.7645928035
1356.2133086505
1319.1352440478
1249.3272678927
1103.4381697326
1285.7645928035
1317.4085032989
1304.3280274188
1225.3428815526
1057.9750792836
1289.1398446644
[INFO][abstract_intensifier.py:596] Added config 29fa76 and rejected config 528b70 as incumbent because it is not better than the incumbents on 1 instances: 
1292.3525210100001
1304.3280521586
1224.1642987403002
1064.9981128719
1301.8888758534
[INFO][abstract_intensifier.py:596] Added config 18bc39 and rejected config 29fa76 as incumbent because it is not better than the incumbents on 1 instances: 
1316.4998349311
1330.5104911221001
1302.7303040405002
1120.3651779625
1310.8050949382
1286.0633038173
1335.3959003552
1211.3076039329
1106.2958563362
1278.7739164114
1318.502542526
1318.3409323288
1269.2685779859
1153.996029941
1285.3060338692999
[INFO][smbo.py:335] Configuration budget is exhausted:
[INFO][smbo.py:336] --- Remaining wallclock time: inf
[INFO][smbo.py:337] --- Remaining cpu time: inf
[INFO][smbo.py:338] --- Remaining trials: 0
