[INFO][abstract_initial_design.py:87] Reducing the number of initial configurations from 50 to 18 (max_ratio == 0.25).
[INFO][abstract_initial_design.py:139] Using 18 initial design configurations and 0 additional configurations.
[INFO][abstract_intensifier.py:307] Using only one seed for deterministic scenario.
0.3771991998077084
0.22279189436375002
0.2194167844154167
0.07874180724270834
0.17756686856145834
[INFO][abstract_intensifier.py:517] Added config 6c06af as new incumbent because there are no incumbents yet.
0.28427352818520835
0.19447032973583334
0.14985925026395833
0.04630242683479167
0.2017775616839583
[INFO][abstract_intensifier.py:596] Added config d0fce0 and rejected config 6c06af as incumbent because it is not better than the incumbents on 1 instances: 
0.36890546855812495
0.22399602671895835
0.21134891162520833
0.07967743268312498
0.15536128129708332
0.2656258314814583
0.18857564059395834
0.19193419363270833
0.06675654414520832
0.1808189794439583
0.37693523801125
0.234209677536875
0.20067512476729166
0.08093929072958335
0.16805762489999998
0.2484676870072917
0.2868893832472916
0.16540719960083333
0.12863800131124997
1.1652252360589586
0.3660661573679167
0.22892347279125
0.20772468436520833
0.07808020874000002
0.1714859190714583
0.40678875573520834
0.33348270350562503
0.21601840228562497
0.10694875617270835
1.7566316278356247
0.3594369319908333
0.23109218084083336
0.17279258689812502
0.07714600794270834
0.16630861910395833
0.3215847559406251
0.29240446536770826
0.1724439865579167
0.11362092641291666
0.14008607027145834
0.3661480072964583
0.228813316690625
0.20788370324270836
0.07937410632291667
0.17071312285166665
0.26125676270479165
0.2973569815764583
0.14875994528687503
0.07395025274624997
0.13794878066437496
0.35344498021583337
0.22189615650208333
0.20662227499041663
0.07856189603458334
0.16743338899895832
0.339410055588125
0.20038389391020836
0.14151955645604167
0.09960152160875
0.16776859594395832
0.3705057240808333
0.23252937720541667
0.20597937476354164
0.07743341817104167
0.16199306689541662
0.2948368131
0.3225253686589583
0.13715765155833334
0.04324403016604166
0.19426318154999997
0.398401709401875
0.23125704988
0.20627777250208332
0.08007416088875
0.1722164853445833
0.31793780099125
0.185482412658125
0.07882800196374999
0.04138799685729166
0.13548672859312502
[INFO][abstract_intensifier.py:596] Added config d1434f and rejected config d0fce0 as incumbent because it is not better than the incumbents on 1 instances: 
0.30070936734416676
0.2852550433297916
0.17135872217999998
0.05544086931604167
0.144892002950625
0.22005690601541664
0.18416534263833337
0.16927911937937504
0.13743481355625
0.7191539673760415
0.3006986134047917
0.28865233123604167
0.17211327631020834
0.05634516937416668
0.15027678479041662
0.2918965842204167
0.18110314441624997
0.16595869765479168
0.083444756024375
0.15483367610083335
0.39167452559854166
0.3049849435189583
0.1771809918779167
0.09404876788354168
0.7540244461547914
0.39205943927479164
0.352792665265
0.17378741965250002
0.08183518709020832
0.7364954783716665
0.25450750926750004
0.18428615428375
0.15423185136854167
0.06010080370145832
0.1456117351889583
0.30069090964437506
0.28606118261645824
0.17135871315604165
0.05457974817666667
0.14472536027729166
0.22250251856250003
0.18276954742708332
0.14737395278749998
0.07599754289062499
0.7181941838206248
0.22779080443895833
0.18128890914333334
0.14824224830604166
0.07639566068520832
0.7180037087733331
0.3703896113989583
0.22269722070291667
0.21996470441500002
0.07844175838062499
0.17656370574458335
0.22675187903020833
0.18205053430354168
0.14824231844125002
0.07639829870124999
0.7143746580341664
0.40958119808229176
0.23110890467145834
0.20070978044083335
0.09565363233958335
0.1841184148302083
0.3134836174127083
0.20427289373270835
0.17585899125208337
0.09238230878374999
0.15234376420187498
0.24618423625187502
0.18327816793083335
0.15412654675208334
0.05986223725583331
0.15101006470083334
0.25431639598375
0.18287036019770836
0.16251556699041667
0.059671074501458324
0.14561177518166665
0.25017338029999997
0.18233248253104167
0.11739607229520835
0.048335351488125
0.15731653553895827
[INFO][abstract_intensifier.py:596] Added config 3aca9a and rejected config d1434f as incumbent because it is not better than the incumbents on 1 instances: 
0.37515393133791675
0.22247384839104167
0.22059297885916665
0.07837281104416668
0.17353949176562497
0.25091116810624997
0.18144666099666668
0.10440985946791667
0.049155570507083336
0.15702563422291665
[INFO][abstract_intensifier.py:596] Added config 64d114 and rejected config 3aca9a as incumbent because it is not better than the incumbents on 1 instances: 
0.34606207365354164
0.286858772075625
0.18599406769125001
0.05189880362291668
0.15943843194770832
0.24986276089249998
0.18173261240291666
0.11154002037104167
0.05427614372833333
0.15699781305291663
0.36894794674708337
0.22471052557166668
0.20041673035249996
0.07720741780416665
0.16703162210229164
0.2858420607377084
0.18980825098104168
0.19618592569875
0.13491962399124996
1.4797684901004167
0.252567453929375
0.1872730654854167
0.09726506333000001
0.054748225093125005
0.1570643977089583
0.37773394105020835
0.22505423237020833
0.1993065346083333
0.07843766093062501
0.16648718434270832
0.2491115045652083
0.18233190623
0.11763433584875001
0.049345991046458336
0.1573165283052083
0.3276330098322917
0.19216176811208335
0.20040994312479168
0.13376529523874994
1.4796365232739581
0.25072658237458334
0.18084770833770836
0.11743262105333334
0.04939174408645833
0.15731658413937497
0.36617879319687496
0.22891983789916667
0.20772472875062503
0.0793606289025
0.17072669156916662
0.37772079413104165
0.22458711647375
0.19935668322812503
0.07839922486833335
0.16645717161583332
0.31712923611375005
0.1852754328210417
0.07917359906874998
0.04123028934145832
0.135486716885625
0.24986206892208332
0.18669549877895839
0.09836221806145831
0.05424042833625
0.16514129046124998
[INFO][smbo.py:327] Finished 50 trials.
0.29976574971437503
0.18536495990833338
0.07886801972208334
0.041121308533958324
0.13553379896416665
[INFO][abstract_intensifier.py:596] Added config 621937 and rejected config 64d114 as incumbent because it is not better than the incumbents on 1 instances: 
0.3719834271608334
0.23127913222645835
0.19762943727479168
0.07959086041708333
0.15048903041166667
0.3179961962239583
0.18544824441750005
0.07645917272416665
0.04119732168541666
0.13553438207979163
0.24985693151833333
0.18727289427166668
0.09937690561562498
0.05482508515833333
0.15713453625104162
0.3767841652460417
0.22418603180020835
0.20559869124312502
0.07816949123354165
0.15531600804812498
0.3592631100514583
0.23106594895583335
0.20660929899124997
0.07880292037375
0.16726553402083333
0.37151787815583337
0.22279109970791666
0.218649001340625
0.07997345660979165
0.18067862755020833
0.269870302824375
0.32038829754416664
0.12047637257229168
0.0429404728975
0.18710249924041664
0.25280763736104167
0.18706168507395834
0.09849159450812499
0.05403573251479167
0.16523581081645833
0.27533745483291666
0.1940941079954167
0.1480800767625
0.10026695131166666
0.14810059745854168
0.37490674391979173
0.22227308120500003
0.20690573453395833
0.07840288020166669
0.17298485482104167
0.3537916772145833
0.22239949144645835
0.20655165318458332
0.07856637997166667
0.167882901821875
0.30895779499645837
0.181370548678125
0.1659632684354167
0.08374223369229167
0.15485912775666666
0.317665866044375
0.3192047182708333
0.07406681304520833
0.04279950992145833
0.18818556209395834
0.31368207080937505
0.3191500692083334
0.07406671605291666
0.04279950992145833
0.18818556843604164
0.3613558889104167
0.22227688291416667
0.20661229332833334
0.07840267022729167
0.167831183196875
0.25091109381375
0.18070143442854167
0.11509633426833334
0.04910947813729167
0.1570256094989583
0.3255776460345833
0.19354883781083335
0.22202942145708332
0.06493636498625
0.18310832956041664
0.41935908330541666
0.2304229487785417
0.208112880686875
0.08241455465916665
0.17097962236354167
0.25089259290625
0.18070144308104166
0.11872584633354169
0.04907138158208334
0.15727319630020828
0.24982640675624998
0.18145405151270833
0.11536707264854167
0.04934549549104166
0.15724485307604164
0.24985016590312498
0.18160793578583334
0.10882266636354168
0.049345739933333334
0.15724491559874998
0.252575325425625
0.18706169147666665
0.10734352458625
0.05418409636291667
0.16523517103729163
0.3362544663372917
0.22380853041354165
0.19973583878541668
0.07862464262208334
0.1735314237933333
0.22455190203395833
0.18554326344583336
0.08584786001999999
0.041261713969791655
0.14751615826333334
[INFO][abstract_intensifier.py:596] Added config 248080 and rejected config 621937 as incumbent because it is not better than the incumbents on 1 instances: 
[INFO][smbo.py:335] Configuration budget is exhausted:
[INFO][smbo.py:336] --- Remaining wallclock time: inf
[INFO][smbo.py:337] --- Remaining cpu time: inf
[INFO][smbo.py:338] --- Remaining trials: 0
