[INFO][abstract_initial_design.py:87] Reducing the number of initial configurations from 50 to 18 (max_ratio == 0.25).
[INFO][abstract_initial_design.py:139] Using 18 initial design configurations and 0 additional configurations.
[INFO][abstract_intensifier.py:307] Using only one seed for deterministic scenario.
1.2563855503027086
1.310104372300625
1.3233282053285416
1.1225204047460415
1.2109882770827083
[INFO][abstract_intensifier.py:517] Added config 6c06af as new incumbent because there are no incumbents yet.
1.0070030287970833
0.9772652609191667
1.0381643602675
0.9248461533168748
0.9189037573908334
[INFO][abstract_intensifier.py:596] Added config d0fce0 and rejected config 6c06af as incumbent because it is not better than the incumbents on 1 instances: 
1.1640103003522917
1.2557159146356252
1.2092412554670835
1.118044467663958
1.1618407263152084
1.0414516637220832
0.9803790463770833
1.0544830397252083
0.7573290927075
0.8747639314060417
[INFO][abstract_intensifier.py:596] Added config f0dc8c and rejected config d0fce0 as incumbent because it is not better than the incumbents on 1 instances: 
1.187086674425833
1.2427533598883334
1.183678489500833
1.1511861195020832
1.2307510801566663
0.9998614485527083
0.9861498860847917
1.0426751008364583
0.9059435094939583
0.9067551468710416
1.4158652758352082
1.3061459784199998
1.3647226677795834
1.1673270815225
1.250493244863125
0.9587029266793751
1.003993082583125
1.0077103811447916
0.9585610300172916
0.8879340283370833
1.1606060681354167
1.2625118005533333
1.1826372808252084
1.1443959889239583
1.230918032416875
1.0637765171052083
1.0069694015314583
1.1552547380408333
0.8179101419818748
0.9354348892802083
1.4139615181341665
1.3032510095122916
1.3725850899591665
1.1719418310354164
1.248963144951875
0.9550863878304167
1.0906471523545833
1.0482079840620835
0.9135037560754166
0.9048421570185415
1.3466963548585416
1.3152508551056248
1.3470131433958332
1.1777552861479166
1.21750456786375
1.0581564479204166
0.9502044175772916
1.0777908224775
0.6903260273970832
0.9520349664035417
1.1508666810689583
1.2686150993179164
1.156950075814583
1.1182471884797915
1.1627431424889585
1.032518026624375
0.9549752684991667
1.009782488495
0.806006189105625
0.8838241624729167
[INFO][abstract_intensifier.py:596] Added config 5d5aa5 and rejected config f0dc8c as incumbent because it is not better than the incumbents on 1 instances: 
1.1500910144731251
1.2656121795833333
1.2091677292360417
1.1070607527752083
1.1791762904622918
0.99531112496375
0.9812899653652084
1.01116707805625
0.7931279395791665
0.8996377037477085
[INFO][abstract_intensifier.py:596] Added config d1434f and rejected config 5d5aa5 as incumbent because it is not better than the incumbents on 1 instances: 
1.00014085318875
0.9464797804208334
1.0386236271672915
0.7325640255577083
0.8848616614529166
[INFO][abstract_intensifier.py:596] Added config 7318d6 and rejected config d1434f as incumbent because it is not better than the incumbents on 1 instances: 
0.9976101195431248
0.9443257086395833
1.0142138766075
0.7618664271408332
0.8825732055554167
[INFO][abstract_intensifier.py:596] Added config 25a70f and rejected config 7318d6 as incumbent because it is not better than the incumbents on 1 instances: 
0.9991471019733332
0.9449391245616666
0.9891919229666665
0.764472867743125
0.884043696621875
[INFO][abstract_intensifier.py:596] Added config 5aeabd and rejected config 25a70f as incumbent because it is not better than the incumbents on 1 instances: 
0.9996541983485414
0.944505407226875
1.0131642897322917
0.7616606339633333
0.8825732182999999
1.0193425920635417
0.9340594446677084
1.0605332424477083
0.9191817123850001
0.9257237534614583
0.9969256606899999
0.9794857869660416
1.1212588047974998
0.6446104506722915
0.8709477484925
0.99573238410875
0.8553733332177083
1.0006641371779166
0.8331226610593749
0.85184301992125
[INFO][abstract_intensifier.py:596] Added config 19cbc7 and rejected config 5aeabd as incumbent because it is not better than the incumbents on 1 instances: 
0.9876730226185416
0.9316609082954167
1.0255464302395834
0.89413321165375
0.8941334628085417
1.2945086193306248
1.2885872779066667
1.3408181310591665
1.1702640239718747
1.2486820653962498
0.995747949666875
0.8553733332177083
1.0006641371779166
0.8331332807549998
0.8414766900852084
[INFO][abstract_intensifier.py:596] Added config 26a225 and rejected config 19cbc7 as incumbent because it is not better than the incumbents on 1 instances: 
1.2471027670708332
1.3114959023270834
1.3229403576533334
1.1216220976741664
1.2076557769985419
1.1563047995152085
1.2396702102633332
1.186278384605
1.1522192966960416
1.1786406490974999
0.9793772645541667
0.8592165900814582
1.00354017080625
0.8491115033781249
0.8450314497745833
0.9891603948422917
0.9655493053014583
1.0442319532579167
0.7179043412189583
0.87332578211125
1.0246437789377083
0.8554921509172917
1.0209925380245832
0.8371871309941666
0.8291745523779167
1.1531682880302083
1.248454323344583
1.1958995436158333
1.112831430166875
1.1901917038322916
0.9913556690964583
0.8126828809697917
1.0007965951039581
0.837187200471875
0.8347699671016667
[INFO][abstract_intensifier.py:596] Added config b389aa and rejected config 26a225 as incumbent because it is not better than the incumbents on 1 instances: 
1.01735375767375
0.9110267659660417
1.0206698966085417
0.9187969102622916
0.9053569616922916
1.0508817314429166
1.0162691081977082
1.0252490853483331
0.9172585369341666
0.9411373530260416
1.4218128648545834
1.3036845953372915
1.3645586937872916
1.1716036757710415
1.2498041361539582
0.9684226055970833
1.0148157614768751
1.0314772768052083
0.7116745220039583
0.8775914492045833
1.4527406613595832
1.29095548544375
1.3720101114585417
1.164932676564583
1.2529555577677083
1.0121296186489583
1.0197804327783333
1.1551615936535418
0.85663380907625
0.9021867642533333
1.0204412453770833
0.8377124369247916
1.0035467848675
0.8376740926570833
0.8450160998810418
1.041046020118125
0.9125721457666667
1.0411594082549998
0.7800256853024999
0.9069515070643751
1.06131011750125
1.0038378150545832
1.02193712451375
0.8970090220445833
0.950955212326875
1.04097928045375
0.9125721457666667
1.0404494027160418
0.77852133111
0.9179496659620834
0.9953073835293751
0.8126516697929167
0.9952859916945833
0.8344447011639583
0.8450034321641666
1.0412269129858334
0.9132524741504167
1.0404494027160418
0.7761827805422917
0.9225248323733335
1.4171588153035415
1.3032510053391666
1.369346424290833
1.1696797345508332
1.25049323571625
1.4132387102964583
1.2910813095316664
1.3816644392612498
1.1753415628777082
1.249303022570625
1.3470082963379169
1.33110774035625
1.354884923755
1.1690134896922912
1.2198960768033333
[INFO][smbo.py:327] Finished 50 trials.
1.0061675346133334
0.9779576011660416
1.1258021948324999
0.8311296057085417
0.90751005015125
1.34872948268
1.311846550015
1.3470131433958332
1.1746454132325
1.21750456786375
1.1562274384156248
1.2530137867277082
1.2073114171525001
1.1331034242220832
1.1761195439639585
1.2941035839295834
1.3118628368195833
1.3178853654574998
1.1445265093514583
1.2278468333929167
0.9989157628591666
0.9700986735831251
0.9885401371141668
0.83397149650125
0.9055093863483333
1.0300489367827081
1.040093134828125
1.0773792656893748
0.8390989555341667
0.9115746039114583
1.162924231315
1.2526857432274998
1.1845929679577083
1.1428164840154167
1.2171715676254167
0.9543748868456251
1.0186495556410415
1.0188397637725
0.8837263783175
0.8974113397089584
1.0402362062870834
0.946318578765625
1.0564919171110416
0.7024330382337499
0.8833649191191668
1.0209790751079166
0.8286330950483333
1.0034121545252084
0.83506087147375
0.8450210249593749
1.0209698910770835
0.8562651707379166
1.0222247178841666
0.8339530495139583
0.82970071330875
1.063169315896875
0.9230766061410417
1.0733469806710416
0.8620676253770834
0.8318400337352083
1.41906257940625
1.299537242649375
1.3647227089139582
1.169848747770833
1.2505423322641667
0.9774271140397917
0.9076072232520834
1.0502446237664582
0.7670576241370832
0.9015017935520834
0.9925128499020832
0.9466615539466667
1.0850818015677082
0.7323534095933333
0.9329110379385417
1.4123385548852083
1.290351428008958
1.36883207708
1.1719652235983333
1.2238322339464582
1.1571675194120834
1.2740228176229167
1.2157423182335416
1.1403110113585415
1.1744600067220832
0.9601304663677084
1.023899282731875
1.020843146200625
0.9002820489020832
0.9088580635108333
1.0027346728972915
0.9463126121370834
1.0549282324239582
0.7435444593741667
0.8941023510195834
1.0217742684677082
0.970337919659375
1.0666316395797917
0.7542270435356249
0.8880312589377083
1.0389714660816667
1.00395517125
1.0669391797147916
0.8589266095745833
0.8917661879733334
1.02110939081875
0.96189481983875
1.0374229000933333
0.8535491763487499
0.8877630304629167
0.9991563665254167
0.9394226507041666
1.0100567335941666
0.785434088450625
0.8642263836672917
0.9759439285716667
0.96723338644125
0.98362879901875
0.9018155073624999
0.9143553910825001
1.45763679428
1.3061459249424998
1.3740864341837498
1.1672900080906248
1.2538944771308331
[INFO][smbo.py:335] Configuration budget is exhausted:
[INFO][smbo.py:336] --- Remaining wallclock time: inf
[INFO][smbo.py:337] --- Remaining cpu time: inf
[INFO][smbo.py:338] --- Remaining trials: 0
