[INFO][abstract_initial_design.py:87] Reducing the number of initial configurations from 50 to 18 (max_ratio == 0.25).
[INFO][abstract_initial_design.py:139] Using 18 initial design configurations and 0 additional configurations.
[INFO][abstract_intensifier.py:307] Using only one seed for deterministic scenario.
0.3218548782583333
0.46701238652312493
0.24207986947812496
0.14205136185708334
0.16622943196333334
[INFO][abstract_intensifier.py:517] Added config 6c06af as new incumbent because there are no incumbents yet.
0.17729829885770831
0.42284936856
0.173575565680625
0.06034955366229167
0.12611453249375
[INFO][abstract_intensifier.py:596] Added config d0fce0 and rejected config 6c06af as incumbent because it is not better than the incumbents on 1 instances: 
0.3216769639102084
0.45193548874770834
0.2640842902754167
0.1415092476775
0.15429283749604167
0.20761933041854164
0.40921669487999995
0.18997897689437498
0.07259375469500001
0.10391835913916664
0.32192696996729164
0.4627538564568749
0.26669540718145834
0.1418458435879167
0.14903729584958333
0.18801788106437498
0.37979610348479154
0.18930605591104163
0.08464413753854168
0.06156647495458332
[INFO][abstract_intensifier.py:596] Added config dc3cc2 and rejected config d0fce0 as incumbent because it is not better than the incumbents on 1 instances: 
0.3188202121993749
0.45001026390312493
0.24286321002437497
0.14207638762875
0.16383191809770833
0.21847540051354167
0.41212855955499994
0.19469691006729165
0.08558784531437502
0.13262391618770833
0.32169922921666666
0.4615491426952083
0.26275130992375
0.140617156801875
0.148305585693125
0.18507789243041667
0.4062681277356249
0.17870802421395832
0.10248786396708333
0.09336393752520834
0.3188202713416667
0.45001026389749993
0.2428632100335416
0.14207734805833333
0.1638319181277083
0.17624471306875
0.40471821559604165
0.19715576000979168
0.08690176452458334
0.11081421583833333
0.3218548782583333
0.4671325872237499
0.24207988366374997
0.14205787650229168
0.162933861045625
0.20111853388833326
0.3866720525297917
0.17104479415979162
0.073158520941875
0.09075172784854166
0.32393354171541666
0.4696657630974999
0.2706059007252083
0.13991832746479166
0.15393407819145832
0.18772005610687498
0.3827391799860416
0.123660614954375
0.08267153676062501
0.10287771037208332
[INFO][abstract_intensifier.py:596] Added config 5d5aa5 and rejected config dc3cc2 as incumbent because it is not better than the incumbents on 1 instances: 
0.32202393734500007
0.46024141597249996
0.2700502231845833
0.13874555045854164
0.15593395328895834
0.20714391836187498
0.38205539809104155
0.12325697824833333
0.08267062848958331
0.10389516250125001
0.1877200545658333
0.3769387030466666
0.12331044755125001
0.08267131208395832
0.10274772074166666
[INFO][abstract_intensifier.py:596] Added config 2140fc and rejected config 5d5aa5 as incumbent because it is not better than the incumbents on 1 instances: 
0.1877201381002083
0.3769316383083333
0.12523689896708332
0.08267151051333332
0.10287766628916666
0.24587114340625
0.4150096753622917
0.19072906526687503
0.07624913563145833
0.10853031852041667
0.20779793869333335
0.451328884818125
0.1765280028060417
0.11554066535645836
0.11341892520937498
0.2158042985195833
0.3979854242385416
0.1982241186314583
0.077582481685625
0.10359818332687501
0.19139454975187498
0.39063658882291663
0.13126136938854166
0.086470302958125
0.093142320883125
0.3218548782583333
0.4671325872237499
0.24293289775916665
0.14205799514666667
0.16293386104229166
0.19149902163187496
0.3906365197189583
0.13140222971479165
0.08647031392708332
0.09314228858875001
0.18986203571499996
0.37804195393499995
0.12331126341104165
0.085417014005625
0.10297904150062501
0.3218548782583333
0.46677862271624987
0.2431645686339583
0.14205136185708334
0.16622943196333334
0.31679337475999997
0.47015218361374994
0.26958171677104165
0.1395202625889583
0.15068392498083333
0.23047877116354165
0.4156863576722916
0.18929808303104168
0.075708914219375
0.09376095358208332
0.18734263374187501
0.41097696347375
0.15133568938354167
0.07674663958416668
0.09839697105124999
0.21048374625625002
0.41635858437812495
0.1795994035914583
0.083315448866875
0.08772007804229166
0.23862214392499995
0.41600055233416655
0.17900259330854162
0.07571474177250001
0.08772403335458331
0.20658407686770833
0.39072889600062494
0.21301104507812502
0.086268727130625
0.11126800230083331
0.20126533097541666
0.406297825335
0.17389942440270836
0.09948769452687499
0.10462622762124998
0.3218548782583333
0.4671325872237499
0.242079883905625
0.142058197379375
0.16293386104229166
0.21083429874687498
0.41522571481458326
0.18132597770875
0.08399098543520833
0.10480570325145834
0.20915034977625
0.39885457903187493
0.18195083054104166
0.09946026975479168
0.105235085563125
0.32200997239937496
0.45181809228958325
0.266533604414375
0.14222170293166667
0.15512129746041667
0.20915034888770834
0.3988586667772916
0.17885755921250002
0.09949089381583336
0.10523508559770835
0.19470595463145832
0.41095050252708326
0.1922818523170833
0.09436912124895835
0.09229457178833332
0.18771998998166667
0.38284894102458333
0.12366066464124999
0.082670361830625
0.10018011591083334
0.18771298512749998
0.37693870944604163
0.12331123499520832
0.08267096482604167
0.102979290715
0.20985902657416666
0.4102210810875
0.17454417923645832
0.08310087911625
0.0941895745475
0.19954616507625003
0.39419752856166657
0.19209275306916665
0.08530302305937501
0.09217867809479166
0.1898365490133333
0.37636199915583324
0.12331123247958331
0.08541824832125
0.10297889405874999
0.18984362026270832
0.37803347641666657
0.12330989876916666
0.08541813913166667
0.103075098005
0.31799371520729164
0.4500102716766666
0.2426286214777083
0.14207734804458333
0.16383191808708333
0.19562039946854162
0.38284616167166663
0.12352090920583332
0.08274322885333334
0.10018013432604166
0.18772896574187498
0.38423371217666663
0.12092203590104166
0.0864722069125
0.094461507635
[INFO][smbo.py:327] Finished 50 trials.
0.3240068306260417
0.46034778076312494
0.27059568084416663
0.13959583277770835
0.15486298822791664
0.32172901427520834
0.44182125626270824
0.2671963119060417
0.141642106791875
0.15314530796333334
0.3217005112952083
0.46155067811312495
0.26606987743125
0.1415804499675
0.14798944184062499
0.18774050362437497
0.38429644692166665
0.1319218341795833
0.08647221091874999
0.09446137258687501
0.18772894895937495
0.38427090190937496
0.13157306156020832
0.08647044471104166
0.09550877415166666
0.3218548782583333
0.4487147161197916
0.24711167498687497
0.14205820763333332
0.16714445072666667
0.3218548782583333
0.44871473807604156
0.242079883905625
0.14205125644958336
0.16293386104229166
0.20768512373291664
0.40924105001479155
0.18999555342083335
0.07267279853979168
0.10401929487791665
0.2091479646683333
0.3945018771372916
0.17473866285833334
0.07771652009583335
0.08969689753520835
0.1876943666258333
0.38422847090312495
0.13370369851270833
0.08274088665354166
0.09447872002333334
0.1955949837977083
0.3842285101056249
0.13363383681958332
0.08584411536645833
0.09447851453270834
0.3218548782583333
0.44836077356062487
0.24711167498687497
0.14205820763333332
0.16638374352875
0.32200443035500004
0.4641843652722916
0.26929433936187497
0.14221843353979166
0.155544872651875
0.18773638759229164
0.38423367186874996
0.13143893930749997
0.08584416393666666
0.094461520444375
0.3188203349852083
0.4496562852147916
0.242628621466875
0.14208342633979168
0.16383191812229167
0.18772913783270828
0.38423371217666663
0.12092301773124998
0.085844124015625
0.09446154894333333
[INFO][abstract_intensifier.py:596] Added config de85e7 and rejected config 2140fc as incumbent because it is not better than the incumbents on 1 instances: 
0.20950823274291663
0.3870128191058333
0.17102988275541664
0.07332754893875
0.09188940243291664
0.19039025474979165
0.4151626079666666
0.21001548576229165
0.07797285055208333
0.10500832679187498
0.18984913136916667
0.41445067460499996
0.17179721050479166
0.07243773704729166
0.10028655931395833
0.20723749428604166
0.4090728244702083
0.201922548809375
0.07722641579312502
0.10831053998083334
0.21687033406499998
0.4022892319408333
0.20522915244562498
0.06992526873145834
0.09623186948416665
0.18752072109812498
0.39638791590499994
0.16512482179312502
0.08673961796895834
0.09984131809708334
0.18772894895979161
0.38423371217666663
0.12092298701729165
0.086472206931875
0.09446058429249998
0.3188202121993749
0.4500102840024999
0.24286288275166665
0.14207638762291666
0.1638319181275
0.32448782445874996
0.45186812359166656
0.27018865309208334
0.13935275834666666
0.15425416897729166
[INFO][smbo.py:335] Configuration budget is exhausted:
[INFO][smbo.py:336] --- Remaining wallclock time: inf
[INFO][smbo.py:337] --- Remaining cpu time: inf
[INFO][smbo.py:338] --- Remaining trials: 0
