[INFO][abstract_initial_design.py:87] Reducing the number of initial configurations from 50 to 18 (max_ratio == 0.25).
[INFO][abstract_initial_design.py:139] Using 18 initial design configurations and 0 additional configurations.
[INFO][abstract_intensifier.py:307] Using only one seed for deterministic scenario.
0.4150733532077083
0.290450424604375
0.25946075939645835
0.21562060316458337
0.3697229728860416
[INFO][abstract_intensifier.py:517] Added config 6c06af as new incumbent because there are no incumbents yet.
0.27069312060104167
0.24810083206020836
0.17349629826833335
0.16835935423854168
0.31866269679312503
[INFO][abstract_intensifier.py:596] Added config d0fce0 and rejected config 6c06af as incumbent because it is not better than the incumbents on 1 instances: 
0.41845788228583325
0.3110241271625
0.233100379055625
0.2150563729891667
0.35582357409333343
0.27956408613208333
0.28202024162333333
0.182726760851875
0.17698681073458333
0.3262788411827084
0.42031412180604166
0.31370050255270837
0.26148256431333333
0.2129399133175
0.36452368190187495
0.31669090075041667
0.25202180547458336
0.16086097492187498
0.1702851067552084
0.3148254879016667
0.4185313560058333
0.31297329740874996
0.24973492736895836
0.2121279236566667
0.3697072570125
0.311228058650625
0.2458755762583334
0.19571914278250002
0.17721189431520834
0.30397466445937504
0.4168839697477083
0.27622383761187497
0.26197813191104163
0.21394443902562502
0.37050542874083336
0.303280796284375
0.251669235941875
0.1765263405822917
0.16941424726541668
0.31358484367666667
0.42122186627583336
0.3130521257604167
0.25009473287416667
0.2123067111316667
0.3697072612322917
0.31013518602895834
0.24144967902229167
0.16971308547479166
0.17228837755104168
0.3216325077860417
0.41646110786499996
0.31301355151
0.259769368545625
0.2155444946179167
0.36972438383416667
0.22830456038375
0.21951847073770836
0.16593554282854167
0.16741978358708334
0.331711888575625
[INFO][abstract_intensifier.py:596] Added config d74845 and rejected config d0fce0 as incumbent because it is not better than the incumbents on 1 instances: 
0.41845605431270827
0.2852354016083334
0.23324280443708334
0.21421676860625005
0.36430826348541673
0.30746446495333335
0.178594974151875
0.18183518760541664
0.16785863745625
0.32094530072625
0.38690220296416666
0.29795134176062504
0.2609411558095834
0.21196953489208334
0.36449935266604166
0.2964679282647917
0.16284644583104166
0.18707456783437498
0.16703784727645832
0.32065817110041667
0.27022436983604164
0.2153461166964584
0.15679054274958337
0.16324709275979168
0.3334612273916667
0.27022436983625003
0.22187838217750003
0.15679052009625002
0.163247092755
0.333461563536875
0.2553794791545833
0.22156369002583337
0.15679050871416672
0.163247092755
0.3334604813039584
0.3287503135875
0.24196445900604172
0.1776544937435417
0.16570959717458336
0.32841952453583334
0.29261874622291667
0.2592098701854167
0.1763105008816667
0.1961821892341667
0.3331995588410417
0.24895059432437497
0.24331709232395837
0.16546502332000002
0.16343416838770833
0.32274284138583337
0.41646071420749997
0.3130667910847917
0.2613727824210417
0.21554445042083334
0.36972438383375
0.308813112488125
0.25619962426520837
0.18002583913375003
0.17404169566291666
0.304872293438125
0.3088961364545833
0.25619617369625003
0.18004440012270834
0.17404162827125003
0.30104903604604166
0.270818733490625
0.25068317622645836
0.16411344097458336
0.1599404614575
0.32370385417333336
0.270818791144375
0.2506844326835417
0.16411343290666666
0.16392579306520835
0.3237037599097917
0.3245335970277083
0.24479981307895837
0.16549551907875001
0.1659586038825
0.31080341703541675
0.27216861847458335
0.25068363076375
0.16415548883500003
0.15994069659645835
0.32370381140562504
0.418968762538125
0.2899869482875
0.24972995043020832
0.212180735000625
0.36972477664687503
0.2767171443422916
0.2513416366704167
0.16678099547770833
0.168273602261875
0.31892785852937505
0.26914070233
0.280189016730625
0.16846208781875
0.17278653522083337
0.3075527988802084
0.28547051991875
0.26316602531312505
0.15812456058500002
0.17260791118354168
0.3245285004750001
0.4150733532075
0.2904504246195833
0.25946075811625
0.21562086765437502
0.3697229728860416
0.31380611056020835
0.22860761780958336
0.16673471307895837
0.16711732987479166
0.3106824308806251
0.2715803814310417
0.2626691823354167
0.15811693617895833
0.17310789362249998
0.3210053365722917
0.4227761119975
0.3130522404389583
0.25009056762604165
0.21237260828583335
0.36970725714562497
0.24223873873562501
0.24938837160145835
0.1638364776925
0.15943797306416665
0.3187913634639583
0.24385846461500002
0.2501747177322917
0.17252811281937502
0.17133967261812502
0.31105462506270837
0.2537778367577083
0.22633919474291672
0.14642545699604165
0.16363788311791666
0.31878738128875
[INFO][abstract_intensifier.py:596] Added config 343c91 and rejected config d74845 as incumbent because it is not better than the incumbents on 1 instances: 
0.41896875115166665
0.313052237860625
0.25009339132625
0.2123839887204167
0.36941485453645834
0.25380723739270833
0.22632681692062503
0.14802838204708332
0.163637876100625
0.31878738128895834
0.37672239890270826
0.31582368974125
0.2610949988977083
0.21247473098874997
0.3643421008245833
0.31974452775
0.23544767502333333
0.1691675516204167
0.17209772914937502
0.32635782127479174
0.22433674563187503
0.21933769663187502
0.2506354598775001
0.16344354322312504
0.3316304590904167
0.27273468371000004
0.21665586675187504
0.16843990946895834
0.16355631236604165
0.33380003126145835
0.32095039750604165
0.24340378503125004
0.18527543786583334
0.16510249486437503
0.3206995076052083
0.38682118073479166
0.27832973953062506
0.24900590156583333
0.21186254551916667
0.346559688986875
[INFO][smbo.py:327] Finished 50 trials.
0.31335816381791665
0.2492945923910417
0.1586064802016667
0.16956490088333337
0.32198598631770836
0.3197445499404167
0.25857676657895834
0.17466502630812503
0.17196610524208333
0.3263578450677084
0.2537894481322917
0.21941767389208336
0.16564060814458334
0.16308815967999998
0.32606155995666664
0.32067823342645835
0.23544772092020833
0.17077031341854168
0.172114802718125
0.3263578135289584
0.41892173392312504
0.3130130185710417
0.24973385392854167
0.2123275651635417
0.3697244013258334
0.25341388425916667
0.23131112829958334
0.15664915367020835
0.16352436050354166
0.33326080583854173
0.42182394348812496
0.2750584321339583
0.23346445581541667
0.21295903712875
0.35910166323937504
0.256245474451875
0.2512416051083334
0.15931790570020835
0.16980075652333332
0.31321071293125
0.4168854532697917
0.3121932325989583
0.26096035528166667
0.21261712594166665
0.3699001290864583
0.3208207166245833
0.25930752100854165
0.1626057888647917
0.17151696654625004
0.3263593039347917
0.26885846415729164
0.21665586675187504
0.15664470536062503
0.16355617552499999
0.33378032803833335
0.25377756666062495
0.24244356878937504
0.14642491323458331
0.15965300273604166
0.3189158685504167
0.29383886304812495
0.16284436097604169
0.18679525634729163
0.16887489742229167
0.32440228616666666
0.41892172061729166
0.3130668382041667
0.2501245490366667
0.21238094567291668
0.369707287661875
0.287460257113125
0.24990162349625003
0.14860711795500003
0.172137039091875
0.31086421626854166
0.28471816840416664
0.24988655379208335
0.14841536073979167
0.17222951708125
0.31086419148750005
0.2773121513220833
0.28723390304145835
0.18542357418770833
0.17513285402270834
0.33185053803104175
0.4213424812347916
0.31491972437604165
0.25352447419104174
0.21457086609291667
0.36941485185937495
0.36328753155354165
0.3129280702191667
0.261607118511875
0.21569403251166666
0.36390971440395836
0.24895132809229165
0.22028549068833334
0.14802864162979165
0.16691106322375002
0.32337307530958337
[INFO][abstract_intensifier.py:596] Added config fb0257 and rejected config 343c91 as incumbent because it is not better than the incumbents on 1 instances: 
0.33705689176291664
0.25147716835479167
0.17483460664791667
0.16862024662479166
0.30416792719124996
0.3134693805320833
0.2573061651058334
0.16236208688437503
0.17257360257958337
0.298397180095
0.3191822580066666
0.2654344813804167
0.17937188301916668
0.16820471417770833
0.32288524010291664
0.24689597221895834
0.24330039471854167
0.16551071936395836
0.16417739112625002
0.32656287697270836
0.2616936368520833
0.2429869095304167
0.14797319778958334
0.164173925463125
0.323394707300625
[INFO][smbo.py:335] Configuration budget is exhausted:
[INFO][smbo.py:336] --- Remaining wallclock time: inf
[INFO][smbo.py:337] --- Remaining cpu time: inf
[INFO][smbo.py:338] --- Remaining trials: 0
