[INFO][abstract_initial_design.py:87] Reducing the number of initial configurations from 50 to 18 (max_ratio == 0.25).
[INFO][abstract_initial_design.py:139] Using 18 initial design configurations and 0 additional configurations.
[INFO][abstract_intensifier.py:307] Using only one seed for deterministic scenario.
0.4275174440814583
0.286158160533125
0.29360650121479165
0.25129992898958337
0.23362147634375002
[INFO][abstract_intensifier.py:517] Added config 6c06af as new incumbent because there are no incumbents yet.
0.29106834526145836
0.2191560380775
0.19864250469708333
0.13720837468645836
0.152679132875
[INFO][abstract_intensifier.py:596] Added config d0fce0 and rejected config 6c06af as incumbent because it is not better than the incumbents on 1 instances: 
0.427755216855625
0.28481556508020833
0.3149636923820834
0.253990187483125
0.22843122201604166
0.278338332396875
0.22298438108979163
0.19539843681375
0.20089457335583336
0.14362474924208335
0.4243454355989583
0.28666337640854167
0.2937188891125
0.2558525097385417
0.237358584345625
0.2525738288179167
0.21729362288375
0.18302080974604165
0.18787282966270835
0.162573671045625
0.42785705013708336
0.28615296348354163
0.29463276942979166
0.25162266201020833
0.2336213609191667
0.25762736404000003
0.17583602823
0.19191131720354168
0.16484871508375
0.1550373957304166
[INFO][abstract_intensifier.py:596] Added config 3ea49c and rejected config d0fce0 as incumbent because it is not better than the incumbents on 1 instances: 
0.4243640616716667
0.28699173848625
0.292360452388125
0.25845665620020836
0.23645181048916664
0.2865361795908334
0.24637982256895832
0.18194749951729167
0.2129771169204167
0.14928686742125
0.427857050129375
0.28615296348062497
0.29463056729562503
0.2540360909829167
0.233621236590625
0.2403688080639583
0.22808044309062497
0.14484888400395832
0.1963110132941667
0.1469823464072917
0.4275285299887501
0.286158160533125
0.301372780281875
0.2516226695041667
0.233621360908125
0.24843366410375
0.20944803819770832
0.18923694933375
0.17671535173666666
0.15836921165312498
0.4271177875985417
0.28547400771520837
0.299999284285625
0.25505416167604167
0.234190331984375
0.23347042081958333
0.21032592638229167
0.17204957450770833
0.15309996059416667
0.14675866144312497
[INFO][abstract_intensifier.py:596] Added config 5d5aa5 and rejected config 3ea49c as incumbent because it is not better than the incumbents on 1 instances: 
0.4278581227858334
0.28453855267729167
0.3102356648225
0.25365657260374996
0.23423868760812502
0.22703484205895835
0.18375106150104165
0.17639412949729166
0.19135329831166667
0.152576144893125
0.25298105725625003
0.1989920395639583
0.18021785141604163
0.18557762265729166
0.13506037870270834
0.2513302317427083
0.20426811344145832
0.17639410959645832
0.18547634925958334
0.13538636736624998
0.23068937331395833
0.2123412171179167
0.1777089789725
0.1798995169939583
0.16310749463333335
0.25294618427395826
0.2302684073277083
0.184077932888125
0.17142082020895835
0.14346844924395835
0.26788732308208335
0.18888549171624996
0.16454670250729164
0.18473862711625
0.15844044096541668
0.27588741087979163
0.20327091314270831
0.189068140534375
0.18145137507000003
0.15750674408374998
0.2513302317191667
0.19893953227437497
0.1763939739314583
0.185577786690625
0.1350600340260417
0.23312741505458331
0.21234154712562497
0.17777326216104167
0.1799009334891667
0.16551006077041663
0.2631583866075
0.19925693442749998
0.17288073775791665
0.17570962404666665
0.13385034125229164
0.4275174440814583
0.286158160533125
0.29223047752958325
0.25129992898958337
0.23372575877916668
0.2559826484447917
0.2046109684070833
0.17288067986812497
0.17539517503166666
0.13385108335729165
0.42227174518875
0.2869424219627083
0.29894364812979163
0.253857181803125
0.23741274721166666
0.24810746126020833
0.21187224054187498
0.18607366980729168
0.1747887379447917
0.1710371449325
0.4278586803927083
0.28429009276958334
0.31428733582875
0.253646424095
0.23424121546187499
0.22566151866750003
0.2061078254858333
0.17825916640874997
0.1934613191072917
0.15149185300645834
0.28419552388625
0.229419517836875
0.22024579557395835
0.18095065351
0.16005181198458332
0.23532528002916664
0.21024055532770833
0.17149292766041666
0.15309956283958334
0.14675994367520834
0.29270097544729173
0.23039651143458337
0.17605833276604163
0.140762625909375
0.16706176274770831
0.25729154877
0.21343512302625
0.20201805156083333
0.19276293408729167
0.16121833151395834
0.42785705013708336
0.28615655971125
0.29463276942979166
0.256712931363125
0.2336213609191667
0.2588163228272916
0.21304854227208334
0.17914531384
0.17602148538375
0.159657280028125
0.23385309591979164
0.21220642394166667
0.16839788749749998
0.15310359419895833
0.15229214153395834
0.23058782511666667
0.2001718954254167
0.17381664894916668
0.17763751070000003
0.14681338202625
0.2841940250297917
0.234216530376875
0.22316042646041664
0.18402858424729165
0.16055801702333333
0.27551322695312497
0.2026799001295833
0.17081973185083335
0.1917825500016667
0.15528266431187498
0.42752852200604163
0.286156541003125
0.301372780281875
0.2540051250235417
0.23362136090416669
0.22422777824083334
0.22576252098708333
0.16923151225895833
0.15904438075895833
0.15484364838770834
0.2728081682770833
0.21098963864916667
0.20611896629645834
0.18080485543625
0.17058467601979166
0.2518998780397917
0.222564349970625
0.18393501570583334
0.16645983514062498
0.16446795799041666
0.2517175971697917
0.23587559037291667
0.18393525960208332
0.16645981948041666
0.162060982500625
0.2755132269539583
0.202690298554375
0.17479067012562502
0.19178970164833334
0.15930944528458332
0.27237761917687503
0.23806090659729165
0.18360671566437498
0.18880639805645832
0.14512942674645835
[INFO][smbo.py:327] Finished 50 trials.
0.427857050135625
0.286152970486875
0.2946328440527084
0.25671323460937506
0.23362115333729166
0.42753080490541673
0.2679013273683333
0.3108439550622916
0.25367581629
0.23317796835145835
0.4278585028175
0.2845349420472917
0.3142873354547916
0.25365014195291663
0.23422588337979164
0.4243685280922917
0.2868854585970833
0.29236917656645833
0.2583791031960417
0.23725077112583332
0.23385290887979165
0.21162847585208333
0.17096092735458332
0.15309996055020836
0.15229860326229167
0.23385304052291664
0.21183676299687498
0.16839707384479163
0.15309986839645834
0.14858056856229165
0.42752886151604164
0.286158160533125
0.2999967565956249
0.25368239059645836
0.23362136091166666
0.22411819743708333
0.2014751108895834
0.1738371837075
0.18018648063791667
0.14686017079479166
0.42752886949875
0.286156541003125
0.293606154618125
0.25129992898958337
0.233621360908125
0.27585783281187504
0.220529470815625
0.19835305440479167
0.17665521187854166
0.15993775463312498
0.42950108786270835
0.2866716099022916
0.2930261121479167
0.25344047862208335
0.23733476648125
0.22422808543520834
0.22735667738833332
0.16923151225708333
0.1617816372175
0.15861474566416664
0.29076408889625005
0.22023460475395834
0.1923667282929167
0.17667385598104168
0.1638929293075
0.2776469362708333
0.212736450686875
0.18813723128958332
0.17849834917979165
0.15576683504541666
0.4278561043552084
0.28615297050458327
0.2946328446908334
0.251653381666875
0.23362136091937502
0.42785870538312504
0.28403016734604164
0.28622390421458327
0.25398785615145836
0.22844651066458332
0.22426670009208335
0.20980009915708336
0.1717638040008333
0.16904507577333336
0.14837642518187497
0.2242665684525
0.20962888399895832
0.17011447033208332
0.16971795315666666
0.1505740205075
0.42753080490541673
0.26790132437624997
0.31420373193124995
0.2536761479254167
0.23317796835145835
0.23402722938687498
0.21024671027416664
0.16977342309833332
0.15310358763520834
0.146759084640625
[INFO][abstract_intensifier.py:596] Added config ca1f0a and rejected config 5d5aa5 as incumbent because it is not better than the incumbents on 1 instances: 
0.4278571377841667
0.2846989682033333
0.293797150169375
0.2540584352058334
0.23412161515562502
0.2509196469022916
0.17635681677895837
0.17733528587041664
0.17384450501354165
0.17191990642583332
0.26154775295000005
0.22285557228958333
0.18016866797229167
0.190964992513125
0.14187747400166667
0.2241180659814583
0.1999078749058333
0.17384468332229167
0.17763752804708335
0.15063016814958333
0.23439519143291668
0.20961948928416663
0.167209634560625
0.17159218878708332
0.1468530086239583
[INFO][smbo.py:335] Configuration budget is exhausted:
[INFO][smbo.py:336] --- Remaining wallclock time: inf
[INFO][smbo.py:337] --- Remaining cpu time: inf
[INFO][smbo.py:338] --- Remaining trials: 0
