[INFO][abstract_initial_design.py:87] Reducing the number of initial configurations from 50 to 18 (max_ratio == 0.25).
[INFO][abstract_initial_design.py:139] Using 18 initial design configurations and 0 additional configurations.
[INFO][abstract_intensifier.py:307] Using only one seed for deterministic scenario.
1.3992318714777083
1.3829472390791666
1.380458529137917
1.3554407078447916
1.6917831348397916
[INFO][abstract_intensifier.py:517] Added config 6c06af as new incumbent because there are no incumbents yet.
1.1814541822258335
1.1722625589285416
1.2751762689154167
1.0906464661716666
1.4781061308179166
[INFO][abstract_intensifier.py:596] Added config d0fce0 and rejected config 6c06af as incumbent because it is not better than the incumbents on 1 instances: 
1.2285019647672917
1.2250255967650001
1.3144766735985416
1.3306656083245834
1.5550857656802084
1.168994933433125
1.2198757075562503
1.2874751641475002
1.1709230355527083
1.5459399968289584
1.2854118169235416
1.2373475229325
1.3087343136108334
1.3498806802166667
1.6495978473662498
1.2666869721760416
1.2280893940489583
1.2089052605920831
1.1506429692379168
1.4182924509114585
1.3287549072185416
1.2766226027289582
1.3438532842164583
1.2886986354185417
1.6495318199610416
1.1472218810481252
1.2308293931399996
1.3624831276602085
1.2012446837179165
1.4275004455029168
1.3407216799572916
1.1667325881770834
1.3762670461991666
1.3642589932220834
1.61185709404
1.2711726675327084
1.1413940790812498
1.2542933225927084
1.170253531968333
1.5825543958356252
1.3266820689508332
1.2810594297577083
1.3500717678279168
1.2899497617945832
1.6503861987091668
1.2379559086658332
1.2015368431518747
1.2028834904770835
1.1588836597197916
1.5873832703641668
1.3917748877414584
1.4078211828814584
1.463371015630625
1.339151415506875
1.7043541501716666
1.0920488579483334
1.0380437274754166
1.2268033411085417
1.2504241126377085
1.6367451357010414
1.2759861481425
1.3768188764510418
1.28534830340625
1.2892690893470833
1.5944135878364583
1.1011878681225
1.2896039803018753
1.2064381439435417
1.2057050482297915
1.4007623819991666
1.379196156794375
1.380710962989375
1.2937368099666666
1.2629337760939583
1.562971057959167
1.1322344023608333
1.23242821513375
1.2760109756018752
1.2253230500529166
1.4332439785020834
1.185207260203125
1.2864079722775001
1.1961112539347918
1.103359721640625
1.3296907524904167
[INFO][abstract_intensifier.py:596] Added config 7b3fcc and rejected config d0fce0 as incumbent because it is not better than the incumbents on 1 instances: 
1.244457113104375
1.1789251549641666
1.3194264253172918
1.2163627474620833
1.4327120991254167
1.193315048621458
1.2971291397187499
1.2544008500860417
1.1453493764133333
1.42998381561125
1.1491902638804168
1.2120959679583334
1.2174438417908333
1.1899601428772917
1.566388134094375
1.1922343220441667
1.2988314090945834
1.2023674756839584
1.085033972028125
1.3638413155852083
1.3968482865297915
1.4037509705216666
1.3992168106991665
1.3453697486552083
1.6980534584910416
1.176315843446875
1.28685095261125
1.1757132853016665
1.0851181486325
1.3376070314533335
[INFO][abstract_intensifier.py:596] Added config 168026 and rejected config 7b3fcc as incumbent because it is not better than the incumbents on 1 instances: 
1.1122735225416667
1.187943838234375
1.2345440609362501
1.258737933233125
1.416763807439375
1.11072865955375
1.1879438833545835
1.208472557126875
1.3142573301854166
1.3844342923147914
1.2531814477541667
1.2166418565629167
1.2655710106427085
1.2194816273935416
1.4671984081395835
1.1537955915918752
1.2020606715372917
1.2839950830770832
1.1481911991735416
1.4876745264470832
1.15379560276
1.2088342808645833
1.282674888666875
1.146125068903125
1.4773103738097917
1.3370464293047917
1.2976419968677082
1.3514906890333336
1.2911001119527084
1.6523277813027084
1.2154793882897919
1.17128163744
1.2814365468268751
1.11191216949
1.4770236124672915
1.1391795030902083
1.1578441149933334
1.2207286981916667
1.1555543204225
1.3591071786712499
[INFO][abstract_intensifier.py:596] Added config 6602c9 and rejected config 168026 as incumbent because it is not better than the incumbents on 1 instances: 
1.2711748108810417
1.211535611736875
1.2215166430922915
1.209003039708125
1.5743799347558332
1.3962558901477082
1.3829472445472917
1.3748870935135418
1.35544074382875
1.7000744498297917
1.2124314211654166
1.1066027196800001
1.1930152279645834
1.1661362219985416
1.571045375165625
1.1423395331858333
1.2090889440485417
1.2473457504435417
1.1555397828316667
1.3308073517414585
1.143869242165625
1.2491887044691665
1.2226365323270834
1.155952084853125
1.3598590715533334
1.3237126914177082
1.2955691386866666
1.3620063904929167
1.2878769274983335
1.6503861903514585
1.156595855483125
1.3059789868008334
1.1643219158041667
1.0872794131283332
1.3754948670658331
1.11451931933625
1.2179107231383333
1.2317689016320834
1.191301934059375
1.4288129898589583
1.3287549003172916
1.2828410974656248
1.3500717678279168
1.2899497588641666
1.6525489617381253
1.3652299092612499
1.2400144644883333
1.3277201908854166
1.386737283978125
1.691437100585
1.2394917280843751
1.1484126204420833
1.2337312027733334
1.1700838295133333
1.5318670713241669
1.3648904724912498
1.3970746525697915
1.3050676425002083
1.2967819150552085
1.5663025788904166
1.2914770994675
1.2759541656185418
1.2287337084958334
1.1820438885008333
1.6216855130779166
1.137341765340625
1.1840041950397917
1.2047736806283333
1.1567014606847914
1.3783389152091667
1.120315066621875
1.2640080955722917
1.2997917165422916
1.2130534862652085
1.5391409941156249
1.2063019283854166
1.3362842673904167
1.176930917516875
1.0826007324185416
1.3839825601718752
1.1615442313645834
1.2701863086114582
1.2284317493939583
1.2291100681564584
1.5690084488135416
[INFO][smbo.py:327] Finished 50 trials.
1.336149665535
1.2976419968697916
1.3452722054218749
1.2911001119527084
1.6523277813027084
1.13704234530375
1.1578410746345833
1.2365910636793749
1.1629326247364584
1.441372062902292
1.1491361666120834
1.1145269483685416
1.1950063829710416
1.1930619157656248
1.602702053770625
1.3680299318635416
1.3290470944927084
1.3225951848470834
1.2836231743577082
1.5615958530416667
1.0912501817075
1.2812612085822919
1.1920293865322915
1.20245704978125
1.5553403015129166
1.0933364974675002
1.2895464318756251
1.2885427776114584
1.1834657966022917
1.5390938762141666
1.3287549072185416
1.2976419968697916
1.3514906890333336
1.2911001119527084
1.6523277813027084
1.19711058110375
1.2705464693358333
1.2071774280758334
1.09840741242375
1.3810631412139582
1.2673985690506249
1.281644206355833
1.271685243565625
1.2325187406814584
1.498736842161875
1.250398866404375
1.3346666298689585
1.3161983341491668
1.3097148269952086
1.5554591438031253
1.2030723491941666
1.363741012020625
1.2103373554995833
1.0922210741841667
1.383448509063125
1.205222605466458
1.2601364343620836
1.287006941709375
1.196316855183125
1.5691401851808335
1.1756592000058332
1.3147232275185416
1.2384579394702084
1.0981178647316667
1.3822045025631249
1.3363922178491667
1.3648068133060418
1.3236227149139586
1.270096234594792
1.5534255267514583
1.3245584222945832
1.2973507970779168
1.3324988085929168
1.3112857396304167
1.6503861787612502
1.1391003763672916
1.1500520665791667
1.2043884343864586
1.1570301003718748
1.441372062902292
1.1829237283410416
1.2721362710850002
1.2172240554827083
1.1845878190722916
1.4535883836624999
1.1737461998647916
1.28972000301375
1.225345647594375
1.18458781648125
1.4535883757874999
1.111767974518125
1.2384325515877082
1.3611499437314583
1.0701157264864585
1.4948497138325
1.0983867911195833
1.2064568827604167
1.2713393322820834
1.229523840775
1.38527374833125
1.3917748877447915
1.4078211828814584
1.463371015630625
1.3453697445189583
1.696008892129375
1.1837586490891667
1.2801895373527084
1.2023995647897918
1.0929206541537502
1.3326698386283333
1.304693576553125
1.2938093355420832
1.3232884087433334
1.2766435078772917
1.537893668166875
1.2771799375135415
1.179088174960833
1.3327056954237502
1.1713199297810415
1.5362242819322915
1.401156695894375
1.4016026582964585
1.374887093520625
1.3554407482320834
1.6695798176202084
[INFO][smbo.py:335] Configuration budget is exhausted:
[INFO][smbo.py:336] --- Remaining wallclock time: inf
[INFO][smbo.py:337] --- Remaining cpu time: inf
[INFO][smbo.py:338] --- Remaining trials: 0
