[INFO][abstract_initial_design.py:87] Reducing the number of initial configurations from 60 to 18 (max_ratio == 0.25).
[INFO][abstract_initial_design.py:139] Using 18 initial design configurations and 0 additional configurations.
[INFO][abstract_intensifier.py:307] Using only one seed for deterministic scenario.
1936.5141948841
1610.8121444149
1610.9663392621
1593.9988096585998
1593.8966761159
[INFO][abstract_intensifier.py:517] Added config 26fdc2 as new incumbent because there are no incumbents yet.
1884.7269086363
1607.3982456326999
1681.2124983283998
1609.0425085504
1626.4722048163999
1971.7010252837001
1637.0032400076
1669.8574626497
1597.6953813761997
1614.3656699465
1909.3139495082
1646.7390022834002
1641.6130210995
1616.1635228895
1611.0722776535
1879.6737159061001
1610.6534707452
1642.7722959261
1600.7255149206999
1609.2350721388998
[INFO][abstract_intensifier.py:596] Added config 87cf8a and rejected config 26fdc2 as incumbent because it is not better than the incumbents on 1 instances: 
1923.7899771073
1703.8756753267999
1727.4278719449
1616.3259894644998
1646.0731210079998
1831.4068843927
1730.5807217826
1684.2609636126
1603.7237967623
1604.8219425389
1913.1289367614
1651.3251854537002
1690.1490952277002
1599.9554789206
1606.7195637505001
1861.6532715905
1621.3988690183
1668.9222035783
1591.4981257433
1608.6353043232002
1918.3061993119
1743.1522072052999
1656.8916124918
1624.6094702396
1620.4804739525998
1910.7751627081
1626.5193466145001
1653.0411672863002
1598.3200431456
1614.8876219034
1937.7130148468
1672.4007953375
1689.4746754486
1653.5962489641997
1658.7254431137999
1929.0204164284
1628.8158379645
1657.101207279
1609.0767467003998
1623.665802098
1856.5807580074
1620.8598633587
1676.9102689259
1623.6900877703001
1598.6291975919
1938.0201234841998
1623.6532084106002
1601.1004880389
1620.4086237115998
1619.6338952843
1925.7050038687998
1618.3790179808
1654.8107437473
1601.1331843876999
1618.668037898
1929.2081723536999
1630.0757036836999
1698.3313168713
1608.9570217698
1612.6154991364
1897.188593938
1575.7476047913
1656.1454378186
1589.5738867759
1603.7319768707998
[INFO][abstract_intensifier.py:596] Added config 46b4e3 and rejected config 87cf8a as incumbent because it is not better than the incumbents on 1 instances: 
1823.8093668784
1593.2107404417
1648.8014597181
1589.3135500449
1616.5351962465002
[INFO][abstract_intensifier.py:596] Added config 4257aa and rejected config 46b4e3 as incumbent because it is not better than the incumbents on 1 instances: 
1910.6008452734
1641.8776781730999
1649.2991996478
1602.1380971534
1598.7292956214
1847.1612965837999
1620.1565596571
1641.9568901854
1606.9382996681
1603.3621119986
1889.4456173733001
1642.2546047012997
1661.6470203479998
1597.6643476886998
1603.4557588646999
1927.4508312270998
1624.7974559765998
1688.8990784399
1613.6321679058
1607.6392266758999
1862.032160835
1676.5063955837
1661.6359003296
1624.6401958408
1658.0983152745002
1933.3732776258
1619.6354977124001
1619.3988492761
1603.1585249710001
1607.0488675994
1863.1011025751998
1603.1826979263
1632.4834287086
1596.2139145921
1601.9921431163
1870.2586447196
1610.5364195391
1625.6043324221
1593.8319857675
1596.8203620325
1849.4598089627
1621.2001987842
1657.4945524199998
1586.1144225064
1600.5610288826
1854.3572710899998
1632.1235870472
1653.8589240682
1595.2516389291
1621.0246682796
1877.8529348224997
1601.6080059483002
1655.6488308143998
1600.7748042595
1604.2515995305998
1888.0533757611997
1589.6400421782
1655.4943987809002
1598.1113586539998
1611.4936624896
1888.1456008061
1604.7529251041
1662.3166610691
1597.9512675894998
1611.247286928
1927.3501081351
1602.3729668714
1651.6097747336003
1630.4174626618
1626.5136886905
2017.3609806007
2063.5347112847003
1722.4420051246
1714.9942251721
1750.8281420452
1881.1665546041002
1613.2475954666
1654.7259449805001
1588.9904645808
1604.8654233273999
1844.1658468101
1611.7622882949
1643.1071273183
1590.3504654045
1599.4319071757
1844.2651605792998
1612.1019896015
1648.0863181359
1590.3527185931
1599.431994263
1866.2132339173
1604.8288030441
1648.086666408
1593.6480535903
1589.9005284159998
1839.2135167187998
1578.4244238935
1668.3553615667
1590.7266614688
1591.4202778826
[INFO][abstract_intensifier.py:596] Added config 0a5721 and rejected config 4257aa as incumbent because it is not better than the incumbents on 1 instances: 
1945.1791872661
1598.2600398662003
1668.9098975682
1600.1905340028
1593.9042973509
1852.5483176139999
1611.8476065139
1624.1841823018
1590.3505421474
1599.4299849617
1844.1658468101
1611.7622882949
1643.1071273183
1590.3504654045
1599.4319071757
1832.3558707542998
1578.4240104858
1667.2983014861
1589.7720179822
1591.4202666578003
[INFO][abstract_intensifier.py:596] Added config e146a9 and rejected config 0a5721 as incumbent because it is not better than the incumbents on 1 instances: 
1834.7551338821
1618.4973527093
1641.1157037223998
1590.0479259285
1597.5886452979998
1893.2740915146
1652.3793927394
1657.4804028030999
1600.1711248425
1609.5024883981
1831.7928726167
1610.8660532917997
1657.7360909072
1588.9433169059998
1587.5256989654
1839.2135167187998
1578.4244238935
1668.3553615667
1590.7266614688
1591.4202778826
1947.3390227476
1626.1383609675
1611.8057512957
1595.8466384677
1608.0007589342001
1912.7861943311
1595.037776871
1649.1956781185
1590.8528286728
1608.1672093049
1850.5216520336999
1616.4018024699
1642.953354246
1600.537145711
1615.7451283576002
[INFO][smbo.py:327] Finished 50 trials.
1951.6356734419
1727.4698722863
1750.6999392893
1623.8413236299998
1654.2265261825
1828.8341437432998
1605.3444340255999
1650.5270612963002
1598.1634094211
1610.070758496
1828.8341437432998
1605.3444340255999
1650.5270612963002
1598.1634094211
1610.070758496
1893.7573811401999
1616.9543114564
1661.0593068487
1598.327027636
1588.9725891166
1844.4320876266
1596.3508781122
1652.8141742412
1587.8100152281
1594.454935898
1921.9810432535999
1607.379019277
1639.9757792762998
1607.1093464087999
1609.7722946685
1840.7552949143999
1597.9813495465
1652.8156334645998
1587.5326794896
1593.7133904483
1839.3152343933
1596.5465536283
1652.8149883008998
1588.4401440451
1598.6788182096
1904.217657504
1636.5279873349
1665.7471593373
1591.8683081074
1627.757186937
1872.0814165953002
1609.6513584120999
1653.0150208893
1585.5651846008
1603.319678804
1945.6141300912998
1724.2029770912
1718.8900454472998
1653.2096369269
1666.8541052094
1845.5561961567
1600.4080628302
1643.6036758492
1590.5481739617999
1606.6622938240998
1832.5087234883
1583.5603192489998
1666.7601309309
1590.8439122271998
1590.0920291469997
1834.7033742063
1567.6227783624
1669.5187586272
1590.8013818035
1597.6101759784
1834.7033742063
1567.6227783624
1669.5187586272
1590.8013818035
1597.6101759784
1839.0186251829998
1588.0845291147
1644.7806120009
1587.6323364952
1601.5529950009
1906.5332542876997
1620.5130759803
1647.7514083919
1590.0190620743
1610.0674657139998
1901.0615638596
1698.5153441294
1723.4040942564
1609.0633412987
1616.2472359429999
1853.4828258976
1589.4778188446
1646.696282396
1592.2870290195
1594.2675578413
1838.2103383117
1617.1948665351
1644.9616296508002
1588.6837560118997
1601.4585714186999
1835.4010287779001
1582.8048288926998
1673.6757109330001
1593.2344441220998
1608.3464557790999
1853.529780661
1605.5848799251999
1657.2130983762
1595.8768349808997
1586.198800359
1920.4557153671
1644.8174388139998
1677.2444510149999
1618.9015160005
1639.8571820744999
1912.9591770962
1611.2755971000001
1674.6302153034
1611.2528543914
1635.8377234227
1925.118115439
1609.0685138232
1634.5352433766
1607.7969437554
1609.2069256630998
[INFO][smbo.py:335] Configuration budget is exhausted:
[INFO][smbo.py:336] --- Remaining wallclock time: inf
[INFO][smbo.py:337] --- Remaining cpu time: inf
[INFO][smbo.py:338] --- Remaining trials: 0
