[INFO][abstract_initial_design.py:87] Reducing the number of initial configurations from 50 to 18 (max_ratio == 0.25).
[INFO][abstract_initial_design.py:139] Using 18 initial design configurations and 0 additional configurations.
[INFO][abstract_intensifier.py:307] Using only one seed for deterministic scenario.
1.0908700658233335
1.0501804125566667
1.01487195648875
0.9729484626127084
0.986051435965625
[INFO][abstract_intensifier.py:517] Added config 6c06af as new incumbent because there are no incumbents yet.
0.71404994864125
0.7731877725822917
0.8436313145939583
0.77131582812
0.6104377987372916
[INFO][abstract_intensifier.py:596] Added config d0fce0 and rejected config 6c06af as incumbent because it is not better than the incumbents on 1 instances: 
1.0024320491864585
1.0011838118047918
1.0132213734185416
1.0062177973027082
0.9402383295925
0.7501598712816667
0.7704063120631249
0.8475930107302082
0.6717174093735416
0.617238820079375
[INFO][abstract_intensifier.py:596] Added config f0dc8c and rejected config d0fce0 as incumbent because it is not better than the incumbents on 1 instances: 
1.07446392379375
0.9880026904068749
0.99099012573125
0.9242411190187501
0.9470856204833332
0.7273845089987501
0.8004057482235417
0.854093133684375
0.8099450124833333
0.6972173924774999
1.2821345770916668
1.0505744658497915
1.0729520069941667
1.0311279999435417
1.0121861516941666
0.8310795579075
0.8523538899922917
0.7941386659322919
0.724841249265625
0.7581514494306251
1.01636881835625
1.0011724315637498
0.9951777669408332
0.9793496427347915
0.9858178499108334
0.8093049609604166
0.7779571799816668
0.7838316580064583
0.677047545128125
0.7247873951660416
1.282090904725
1.0459000454879166
1.072952007081875
1.0070333159889582
1.0016001500470832
0.7230225891316666
0.7848386168366666
0.8439209069216667
0.7946850584554165
0.67845607956125
1.1014512018087501
1.05018041273875
0.9989835101460416
0.9663286836072916
1.0016034157858333
0.7427049963925
0.8146042166270834
0.7638068972508335
0.6707826582633333
0.6668307268672916
1.0108432874493751
0.9892808374410417
1.009951528186875
1.004320795849375
0.9417295388416667
0.7681471130854167
0.8175953588522918
0.8021176060135418
0.61518732616375
0.6245188134089583
[INFO][abstract_intensifier.py:596] Added config 5d5aa5 and rejected config f0dc8c as incumbent because it is not better than the incumbents on 1 instances: 
1.0108872494114582
0.99964492272
1.0178345512214584
1.0059203656329168
0.9450975108985415
0.7363631955308333
0.756180634715
0.7952014407972915
0.6625049305297916
0.625738824345625
[INFO][abstract_intensifier.py:596] Added config d1434f and rejected config 5d5aa5 as incumbent because it is not better than the incumbents on 1 instances: 
0.7345530479170833
0.7689486656900001
0.7952014409525
0.6604287531352083
0.6288150473102083
0.7383397720218751
0.7689486656900001
0.7994862093425
0.6768822968166667
0.630319840459375
0.873597505385
0.8297932991220834
0.791793576975625
0.8542387582785416
0.6798554038820834
0.7547251958408334
0.7445927575777084
0.8234478029339585
0.7137328051852082
0.5647929581272917
0.7559022381487499
0.7306825715077083
0.8412146516489585
0.6860602112270833
0.6822709928795834
1.1006200840618747
1.0501804124733334
0.9884795397020834
0.97098570248125
1.0121866734675
0.7320183023187499
0.8179961772114583
0.7997399297291667
0.66866443657375
0.62601007308625
0.7357478387935416
0.8145697572383334
0.8032912296797917
0.6069896118485417
0.6255685894854167
0.7491906288
0.7970635024614583
0.7335399302804168
0.6319221186835416
0.6359257754364582
[INFO][abstract_intensifier.py:596] Added config 21e0d9 and rejected config d1434f as incumbent because it is not better than the incumbents on 1 instances: 
1.0675112451854167
1.0501804124854166
1.0194296741995834
1.0225168816320833
0.972847102656875
1.1041859577818751
0.9960422206620834
1.0140008381770833
0.9338623244889583
0.9525371499968749
0.75147391218875
0.7922192453702084
0.7455173645050001
0.631886468509375
0.6518637855987499
0.7403317946077084
0.7534683076229167
0.7952014407972915
0.6789875013310417
0.6272577858958334
0.77144593869875
0.7550645974047917
0.8572491497481249
0.6725317193822917
0.6621357178495832
0.736621198285
0.7672630269097916
0.8028504743354167
0.6626008722097917
0.6288150473170833
0.7678159483791667
0.8146604571229167
0.8014616149954167
0.6047812509925
0.6255685895858333
0.7406569818218751
0.8287580753745833
0.7841429540910416
0.8082907049841666
0.7128781336808333
1.1084981873160415
1.0688135039864584
1.0675288739404167
0.9975646433027082
0.981584408896875
0.7276724302666667
0.8207376568439583
0.7838522512139583
0.8110431728397917
0.7113464341854168
0.8308584182591666
0.8462030994552082
0.8111621742362499
0.7408805355620832
0.7206898537570833
1.0405603983720833
1.0144087676218752
0.9602065476983331
0.94945676786875
0.9753904253856248
0.7476189085516667
0.82818129181625
0.7923230441949999
0.8071168239152082
0.7069900326458334
0.7726368607814583
0.8201441971062501
0.8744712873785417
0.8416590864285415
0.7216340242512499
0.7366351793435417
0.8339222298166666
0.791057300675625
0.8241344653745833
0.6675737744927084
0.8344137216918751
0.8799747904099999
0.7994929181270833
0.8073747099324999
0.7256152966964583
0.7782250822197916
0.8471479378616668
0.8658249390572917
0.8464031852329167
0.6994882127856248
0.7514739305410417
0.8169011969475001
0.7410684192814583
0.6338083496433332
0.6387119309929167
1.2801416713614584
1.0458966558477083
1.072952007081875
1.0070333159889582
1.0121906918347916
0.7488561375233334
0.8147468189920833
0.7999615971041667
0.5908580608089584
0.5862096769970833
[INFO][abstract_intensifier.py:596] Added config fcb1c5 and rejected config 21e0d9 as incumbent because it is not better than the incumbents on 1 instances: 
0.7701059646212499
0.8302058035050001
0.7944059046168751
0.590006336594375
0.5863131823041667
0.735393804739375
0.8146555365322917
0.7952730354647917
0.609082888863125
0.6265158705525
0.7710437851514583
0.8146555359054166
0.8019315825520833
0.6079532670312501
0.6286448060777083
[INFO][smbo.py:327] Finished 50 trials.
1.0010121931114582
1.000304500046875
0.9753666973247916
1.009028239959375
0.9417588376454167
1.0111746419441667
0.99965277394875
1.018104544768125
1.0253876905583332
0.9339959786441666
1.034505495211875
0.9997982660581249
0.9945320320739583
0.9771381618839584
1.0047998780122918
0.748740796759375
0.8149754800660418
0.8015960569306251
0.58921441912
0.578903546609375
[INFO][abstract_intensifier.py:596] Added config b3610e and rejected config fcb1c5 as incumbent because it is not better than the incumbents on 1 instances: 
1.1923713178739586
1.0473879411816667
1.0806966831183333
0.9873036398420832
0.9627416947129167
0.7457262522197917
0.8172911821562501
0.7944033416266667
0.6056992745010417
0.5863131887766666
1.0859742977377083
1.0501804135654167
1.0547319752995834
1.0225208201835416
0.9801021640199998
0.7368143819258334
0.7642403060456251
0.7961716133216666
0.7148020517920833
0.6319754681137498
0.7710589848589584
0.7643076737485418
0.7897063347547918
0.7159217034760416
0.6462992036449999
1.0121228972504168
0.998725822150625
0.9946729024714583
0.9854081004906251
0.9702145938829166
0.8344153272793752
0.8799720597216667
0.7998499524070833
0.8043431778583333
0.7256152966964583
0.7460427628162499
0.8172911821562501
0.7920805599947918
0.5892364172385417
0.5862096769970833
[INFO][abstract_intensifier.py:596] Added config e699cc and rejected config b3610e as incumbent because it is not better than the incumbents on 1 instances: 
0.7686603225841666
0.7654159856702084
0.7860550999318751
0.7149758032081249
0.6483897299610416
0.734251574975625
0.8417237035285416
0.8531251877410416
0.6948390098272916
0.6934671174897917
1.2821410640495834
1.0491454635270834
1.0715880808660416
1.0061718222116667
1.0121903921177082
1.027477807281875
0.996161516599375
1.0115233450833334
1.0052422809172916
0.9429885615233334
1.0010156847822917
1.000304500046875
0.9753666973247916
1.0065286374416667
0.9417588376475
1.282674034224167
1.0458979258570833
1.0729520068731249
1.0113297678195832
0.993766269543125
0.7904346843079167
0.8111868902702083
0.8056386323985417
0.7321267536435416
0.6411794842964583
0.7529012321429166
0.6939298044366666
0.8337318839789583
0.6861315858547916
0.7109931515383333
0.7720642636175
0.8096615991508335
0.8357974268497916
0.6688727028514582
0.597033589731875
0.7873360566120833
0.7259488281887501
0.8061926888335417
0.8290829605041666
0.6223444725999999
0.74738363596375
0.8569488322285416
0.7931961529658333
0.6722794753904165
0.5838568807079165
1.28016000805875
1.0505744658329166
1.0729520069941667
1.031127998423125
1.0121903918500001
1.0266414804152084
0.9835044833639583
1.0109585563233334
1.02972523619
0.9051855818508333
[INFO][smbo.py:335] Configuration budget is exhausted:
[INFO][smbo.py:336] --- Remaining wallclock time: inf
[INFO][smbo.py:337] --- Remaining cpu time: inf
[INFO][smbo.py:338] --- Remaining trials: 0
