[INFO][abstract_initial_design.py:87] Reducing the number of initial configurations from 50 to 18 (max_ratio == 0.25).
[INFO][abstract_initial_design.py:139] Using 18 initial design configurations and 0 additional configurations.
[INFO][abstract_intensifier.py:307] Using only one seed for deterministic scenario.
1.4897211391135416
1.3046298403285417
1.3791981226520833
1.2393659552883334
1.2430279252358332
[INFO][abstract_intensifier.py:517] Added config 6c06af as new incumbent because there are no incumbents yet.
0.9148894802575
0.9072239604104166
1.0014199510877084
0.7573730920462499
0.8894684549247917
[INFO][abstract_intensifier.py:596] Added config d0fce0 and rejected config 6c06af as incumbent because it is not better than the incumbents on 1 instances: 
1.1446862815122918
1.2187315649687498
1.2501211413347917
1.106688489414375
1.0887445870241665
0.9698220058297917
0.9799637528408333
1.0473656494114583
0.7688982472781251
0.7918299691235416
1.1185561115772917
1.1653390964358332
1.1885021573470833
1.0921561138247917
1.134374775813125
1.0157293469275
0.9807444294464585
1.0986400503758333
0.833527168770625
0.8752546929062499
1.4885885378231252
1.3200772167281252
1.398292612064375
1.2409219302560417
1.2108786734829167
1.0081566187360418
1.0182667804297916
1.0936570551372917
0.9111548161420833
0.8107906627589583
1.1440761258481251
1.169551575634375
1.2068383931750002
1.1439604251358333
1.1144908198158334
1.0051450617454167
1.1136931463735418
1.0633787227789582
0.7648381341672916
0.8982177538664584
1.4676311722810418
1.3074763691322915
1.4033863000268751
1.2341944893237502
1.2349910352460418
1.012169191914375
0.9882331710339584
1.0156004072979168
0.6559750171972918
0.8556275401454165
1.5023854437685418
1.3033390344018752
1.3944767516379166
1.2390943974222917
1.2491496362391667
0.8886555064514584
0.93303912581875
1.0296101549995833
0.7141181992216666
0.8635662201702082
[INFO][abstract_intensifier.py:596] Added config d74845 and rejected config d0fce0 as incumbent because it is not better than the incumbents on 1 instances: 
1.1564997575602083
1.2100766044650002
1.2134144330754166
1.1154895241902083
1.098818086984375
0.9585701105066667
0.9602731310770832
1.0242811851193752
0.7435150291279167
0.7620564264197917
1.1518565770477085
1.2227701448104165
1.1942002257725002
1.1005706285241668
1.1301654507260417
0.9602744923577082
0.9667510552391666
1.0338754133149999
0.7425726698245833
0.7934347303114583
0.9557588186266666
0.9388575084320833
1.012070627002292
0.815887402016875
0.8772042488929166
0.9303301207758333
0.8830028821554167
1.047433187050625
0.8438171877977083
0.9103027055452083
0.9675979715272917
0.9634385800312499
1.0086501080227084
0.7193600380962499
0.7678906041264583
[INFO][abstract_intensifier.py:596] Added config ce4029 and rejected config d74845 as incumbent because it is not better than the incumbents on 1 instances: 
0.9619360934402084
0.94603454946125
1.0396146937689583
0.7053155101720834
0.8135073932764583
0.95414995301
0.94911834266625
1.0314951228704168
0.785997836675625
0.8776100676264583
1.4735457804091667
1.3178800383375
1.394104670179375
1.2254315775295832
1.2418981855010418
0.9537613282889584
1.0181660795525
1.0803019217552083
0.7951826044627083
0.8243073682831249
0.9685239735291666
1.0189855749631251
1.0707135361739584
0.8040006911514583
0.8221184312802083
0.9895045909722918
0.9659049862372916
1.0378140306947916
0.7006074981075
0.8240261598854166
1.0007133306197917
0.963509986025
1.0469432093433333
0.68245191640875
0.8654359015583334
0.9995817185904168
0.9616005905177084
1.0489238734087498
0.6890228175662501
0.8354964076756249
1.0046479336610417
0.9973258401535418
1.0626576428475
0.8250417534402082
0.8886655004327083
0.9806214956189584
0.9658990957558333
1.0437437923900001
0.6897770991933334
0.8666455618777084
1.495323080065625
1.3037925609489585
1.4000446490139586
1.2453877038697916
1.2381065758564584
0.962963021034375
0.9721746635085416
1.0743787983000002
0.7825441985264584
0.8315340583760417
1.1167423653708333
1.1629563257529165
1.2519157041454168
1.1024464195704167
1.17419423483625
1.1214824314185416
1.1683228081656252
1.1873515394037502
1.1176818707983331
1.1695118812191665
0.9469115963410417
0.9205444717585416
1.0460485634016667
0.6700470303414583
0.827141752765625
[INFO][abstract_intensifier.py:596] Added config 14f844 and rejected config ce4029 as incumbent because it is not better than the incumbents on 1 instances: 
0.9516566403854166
0.9199834763189583
1.035591107698125
0.6695690119564583
0.8276119336262499
[INFO][abstract_intensifier.py:596] Added config e99a6e and rejected config 14f844 as incumbent because it is not better than the incumbents on 1 instances: 
0.9792922525691667
0.9312549405677084
1.0501708955866667
0.7294400826872917
0.8135852924483333
0.9652448335970834
0.8864200520872916
1.0478579736425
0.7453462182927083
0.8139421994795835
0.977081331134375
0.95898322226375
1.0373759904902085
0.6675145648585417
0.827141752765625
0.9815142146562501
0.980827503709375
1.0405859459235416
0.7890674502443749
0.7787451608856251
1.14627371506375
1.2197937635129168
1.1939055292814584
1.1005706423947916
1.1545286276558333
0.9834487790349999
0.9590902583433334
1.0356026516679167
0.66340707549125
0.8140701183839583
1.1507351480212502
1.22355253243625
1.2508090326627084
1.1145778894666667
1.123704401699792
0.9832467124818751
1.0314457436960418
1.0631627217835415
0.7557587617414583
0.8588102578552081
1.4831960981766665
1.3138934020210418
1.3957896859733334
1.2433665012827082
1.2440899501558331
0.9489620061006251
0.9709875988043751
1.0521468541397918
0.6846933348679166
0.8136366452579167
0.9493614691939584
0.9729656047220833
1.0437014999839582
0.6843882136341667
0.8284473715597916
0.9463836637922918
0.9258582356975
1.0603294430760417
0.6794642439304167
0.8040562394510417
0.9770915050529166
0.947020362750625
1.0274453712437501
0.7111620378841667
0.7683897164125
[INFO][smbo.py:327] Finished 50 trials.
0.925008778419375
0.9460944444460416
1.04263696801125
0.6727215515768751
0.7800392146404166
[INFO][abstract_intensifier.py:596] Added config edc03c and rejected config e99a6e as incumbent because it is not better than the incumbents on 1 instances: 
1.1305987774972917
1.2340043566370833
1.2262672217239583
1.0787424514664583
1.1692175489635417
1.4895471955881248
1.3091105128756249
1.4020697159304165
1.2393659552883334
1.2260403361491667
0.9994203543068749
0.9998143830202082
1.0474863178447917
0.7553708127547917
0.8005305828939584
0.9930815455377083
0.9564221142802084
1.002446372574375
0.6792534061708333
0.8344285526754166
0.99154329413125
0.9250142593604168
1.0025803828491666
0.6783142829350001
0.8325884601410416
0.993690195625625
0.9421986089914584
0.9912278763460416
0.6793967220291667
0.8355755271364583
1.0103744308935416
0.9517637203266667
1.036138856874375
0.70625058439625
0.8549729326485417
0.9246454987627082
0.949501292775
1.026180035795
0.67211777678125
0.7922338159187502
[INFO][abstract_intensifier.py:596] Added config a201cb and rejected config edc03c as incumbent because it is not better than the incumbents on 1 instances: 
1.48992958866375
1.28333366446
1.398502234038125
1.2508672111927084
1.2591417396166666
1.14160623886625
1.171609599786875
1.2085105747537501
1.0693316419979166
1.188457207425625
1.0341625387779165
0.9950580099660417
1.0242670316381248
0.7199409604760416
0.780545055151875
1.4835044639820834
1.3029056790527085
1.3985900968179166
1.2412420755839582
1.2446994161622915
1.016188131573125
0.9810614284343749
1.0094911516577083
0.7266328272520833
0.7700585370006249
0.9531825905910416
0.9676296055652085
1.0390212035825
0.6837223011766668
0.8077229694035417
0.9659918650366666
0.9514493348408334
1.0274046646829167
0.6907156489214583
0.7935147679308333
0.8725104520429168
0.9299821494118751
1.0151507342685417
0.7217399735897917
0.8663589742508333
0.9691419571312501
0.9517888843935417
1.0516795936064585
0.8404593682072916
0.8373168094049999
0.9786004070189585
0.93059617945875
1.0823096714393752
0.7771702691433333
0.8720694856383333
0.9289584463945834
0.9481800547570832
1.0481090009120833
0.6735728241331249
0.7922603141579166
0.8909162575185418
0.9338771697291667
1.000652855603125
0.7203853878233334
0.87732291077875
0.9252575059516668
0.9747737091639583
1.0613091606456249
0.6923835408608333
0.8468748298647917
0.8846908877808334
0.9191180851833333
1.0629166440679167
0.6941940572060417
0.8443301946297915
0.9467355134035418
0.8874978982510416
0.9933764519487501
0.8451029503820833
0.817103263895
0.8517456045116668
0.9162444505470833
1.0256719387460416
0.6892520870575001
0.8082197418525
[INFO][abstract_intensifier.py:596] Added config 464601 and rejected config a201cb as incumbent because it is not better than the incumbents on 1 instances: 
[INFO][smbo.py:335] Configuration budget is exhausted:
[INFO][smbo.py:336] --- Remaining wallclock time: inf
[INFO][smbo.py:337] --- Remaining cpu time: inf
[INFO][smbo.py:338] --- Remaining trials: 0
