[INFO][abstract_initial_design.py:87] Reducing the number of initial configurations from 50 to 18 (max_ratio == 0.25).
[INFO][abstract_initial_design.py:139] Using 18 initial design configurations and 0 additional configurations.
[INFO][abstract_intensifier.py:307] Using only one seed for deterministic scenario.
1.2468100964447915
1.0205804501616667
1.0896167214889583
0.9231208652122916
1.0063114450191664
[INFO][abstract_intensifier.py:517] Added config 6c06af as new incumbent because there are no incumbents yet.
0.74854344205375
0.81075256835125
0.73704130629125
0.6466555762670834
0.5488576579847916
[INFO][abstract_intensifier.py:596] Added config d0fce0 and rejected config 6c06af as incumbent because it is not better than the incumbents on 1 instances: 
1.0028302890595835
0.99861988661625
1.0335304909425
0.9157189176270834
0.9790382264716667
0.71443201965
0.7473083911945833
0.7697057388352083
0.6718077810033333
0.5621074807679167
[INFO][abstract_intensifier.py:596] Added config f0dc8c and rejected config d0fce0 as incumbent because it is not better than the incumbents on 1 instances: 
1.021131000773125
0.9948777550035416
1.0688080552708332
0.8916105151670835
0.9714472172254166
0.6172105003264583
0.6776626539366666
0.8278236325264584
0.6941169991083334
0.5318217205860416
[INFO][abstract_intensifier.py:596] Added config dc3cc2 and rejected config f0dc8c as incumbent because it is not better than the incumbents on 1 instances: 
1.2455264504895835
1.0201515851385419
1.0900084140243749
0.9528323866904167
1.0054470852864583
0.6916345775158332
0.8051718107191667
0.8434240490820833
0.6801279958066666
0.5686703397499999
1.0340789050081252
0.98045522670625
1.0626810301075
0.9630219758164583
0.9903141342777083
0.7780865173825
0.6495994708885415
0.8314481543362501
0.7490816321658333
0.6787557372237499
1.2828103309581251
1.0201515851375
1.090008414102917
0.9521518365927084
1.005447403791875
0.5947334419527084
0.6958823848270833
0.8605204196522916
0.6517965650502083
0.5867185698216667
1.1996318243977084
1.020152067403125
1.08961668337625
0.9179759446575001
1.0058137091822916
0.6953115029789583
0.7562909610289583
0.798000708496875
0.6111812414725001
0.6104150287114583
1.0289462409702084
0.9967941100625001
1.01746005967
0.9401378567016666
0.9233988622327083
0.63213756910125
0.7511483399920833
0.7362033387954167
0.6932893464118751
0.601258445396875
1.0422719024245835
0.97129406198125
1.04305630182625
0.9162558238683334
0.9953610128649999
0.6241477135900001
0.6900265575804166
0.7635763664233333
0.6395830955881249
0.6011799820372917
[INFO][abstract_intensifier.py:596] Added config d1434f and rejected config dc3cc2 as incumbent because it is not better than the incumbents on 1 instances: 
0.62574182514375
0.70261459588375
0.7634587255829167
0.6386973223716665
0.5895645622570833
0.6257824033033332
0.6900265575804166
0.7635763664233333
0.6386973010518749
0.5877159399520833
[INFO][abstract_intensifier.py:596] Added config 519365 and rejected config d1434f as incumbent because it is not better than the incumbents on 1 instances: 
0.6110351895804167
0.7590735122837501
0.7656206427395832
0.5804571372087499
0.5791527271989583
[INFO][abstract_intensifier.py:596] Added config e4db41 and rejected config 519365 as incumbent because it is not better than the incumbents on 1 instances: 
0.6038364233627083
0.6993641343789584
0.7826533027318751
0.7272988292785417
0.5302632720339583
0.7291848664858332
0.7107290141568751
0.8896421163572917
0.6602237331658334
0.5386726125514584
0.6360725981058335
0.8196449783170834
0.9078619324027083
0.6373235483066666
0.6392279311185417
0.6512795464952085
0.7086580961702083
0.776593608841875
0.7198485325012501
0.5253274617193749
0.650421377125
0.6993641986266667
0.78254532731375
0.7139076380675
0.5300708430422916
0.6736378958518752
0.6852324309766666
0.7704982307477084
0.6586246717647916
0.5451143352481249
0.664455718844375
0.6842992570054167
0.800751538270625
0.613816190393125
0.5614799200929167
1.246810096448125
1.0205804501639584
1.0896167214074999
0.9193970605747916
0.9993057423877083
1.0416458490210416
0.9899142425877083
1.0671925980652082
0.9044281668777084
0.9628034827918749
0.6476358131975
0.7120711721831249
0.8025318883297917
0.5605348860672916
0.6106877353358333
0.6244753351829168
0.7060556638350001
0.736275336963125
0.6384988088987501
0.5874423431883334
[INFO][abstract_intensifier.py:596] Added config 6d3f46 and rejected config e4db41 as incumbent because it is not better than the incumbents on 1 instances: 
0.6154691603195833
0.6875425360699999
0.8010121169225
0.6797734232225
0.4730467528393749
[INFO][abstract_intensifier.py:596] Added config 3b49fe and rejected config 6d3f46 as incumbent because it is not better than the incumbents on 1 instances: 
0.6134863477329167
0.6990780138316666
0.82320232116875
0.6920594801939584
0.5317803104568749
1.0040490466504166
0.9644509444845834
1.0612332665025
0.9190802781152084
0.9943483584520832
0.6672623271916667
0.6621713876160416
0.7718905142868749
0.6560816529008332
0.51050422642875
0.6892053190477084
0.7592585294424999
0.7659027977020834
0.5119985396725001
0.5276334132429166
[INFO][abstract_intensifier.py:596] Added config be25f4 and rejected config 3b49fe as incumbent because it is not better than the incumbents on 1 instances: 
0.6157264015797916
0.7523079357237499
0.79516881715
0.6699103169179167
0.5567265843858332
1.2455239279504167
1.0201515851420835
1.0900084140527084
0.9278895113193749
1.0054470852864583
0.6291712692479166
0.7667756284949999
0.8145789653585417
0.5779552141214583
0.5959220110327084
0.7417281577741668
0.6637222561149999
0.7855541859302083
0.7049267300885416
0.5654882561352083
1.2455786806304168
1.0201515851472918
1.0900084140197916
0.9278493200208333
1.005453370325625
0.688930824339375
0.7883171987047917
0.7778108819504167
0.5088585268114584
0.5371755372999999
0.6731282472008334
0.683008716649375
0.8233537799895833
0.6580549074629166
0.55895766381375
0.68892399269375
0.7882551608302084
0.786501083026875
0.5117011607647917
0.5425964734191666
1.2468100965447917
1.0205804501352085
1.0896166808052081
0.9201832232408333
0.9982278268624999
0.686693454323125
0.7493485474391667
0.7840564240291666
0.49129288687437506
0.5352431659572917
[INFO][abstract_intensifier.py:596] Added config f88747 and rejected config be25f4 as incumbent because it is not better than the incumbents on 1 instances: 
1.0164066056208334
0.9704327121504167
1.0162781216222916
0.9324629216995833
1.0125765799827084
0.615592748728125
0.6922284803647917
0.8116140787010416
0.6934857492866667
0.5227944318225
0.6154691603195833
0.6925576722866666
0.8022717023425
0.6941390331320834
0.5227944318225
[INFO][smbo.py:327] Finished 50 trials.
0.6854903920256251
0.741349648811875
0.8031018881368751
0.5086412876904166
0.5396669422629167
1.01702569906
0.9814428803327085
1.0162550252425
0.9363412511662499
1.0131552177072918
0.9773654450631251
0.9649381667268748
1.0612509698295833
0.9176415929635416
0.9917147829324999
1.0341402649141667
0.9733146333641666
1.062566392936875
0.9630283069672917
0.9816708821654168
0.6867022533554168
0.741600359350625
0.7946569789727084
0.4957154075445834
0.5419954487049999
0.6888413030516667
0.8005754765085417
0.806340654528125
0.5440747013883332
0.5444925839183334
1.2467581777706251
1.020568895071875
1.0896167187727082
0.9201832230535417
0.9982283023091666
0.6764115273058333
0.7752739933845834
0.8359951353839584
0.5236490199614584
0.541100647666875
1.1996840548014585
1.02110194865125
1.089616680869375
0.9341772048172917
0.9973703778702082
0.66985847438375
0.7463387067941666
0.7990134962841666
0.6741181525558333
0.5694983579110418
1.0328095727893751
0.9815291354045833
1.055470205725
0.9256867863239584
0.9911694054495832
0.6541179664847917
0.6993541321900001
0.8409840731218751
0.6140048318454167
0.5284068194352083
0.6247348598954167
0.7452584131860417
0.8221767687289583
0.5960859344716667
0.6156628528377084
0.6833290990368751
0.7826569875904166
0.883884044878125
0.6376187149570833
0.6078663878704167
1.2454380215272918
1.0201515851472918
1.0900084141358335
0.9528054963008332
1.0054470853012498
0.6930905870533334
0.7490359773243749
0.8067090521029168
0.6672936355181249
0.5760488620729167
0.6926638211450001
0.7338365378866667
0.8013130549627083
0.6573957584595834
0.5850453893377083
0.6863893797185416
0.7489351710435417
0.7779953192202084
0.5237087303814583
0.5278956885929166
0.669858442686875
0.7224580152683333
0.7927304807016667
0.6741185397260416
0.5583504310370835
1.282863746036875
1.0341298119139581
1.0900084139593749
0.947132092655625
1.0054473925135416
0.7315595328770834
0.7334428346239583
0.8319011087491667
0.6710503038227084
0.5027743281608335
1.0329078025149998
0.985489467251875
1.0547640986593751
0.9257945244491667
0.9903141340679167
0.6796006241591667
0.7413382659079166
0.8797504669122918
0.664524538281875
0.580418564708125
0.6686824887354167
0.6783214034420834
0.7515561127141666
0.6687890630779166
0.5374043765354166
0.6685793372316666
0.6783214034420834
0.7505931749881251
0.6687909494708334
0.48709240683812494
[INFO][smbo.py:335] Configuration budget is exhausted:
[INFO][smbo.py:336] --- Remaining wallclock time: inf
[INFO][smbo.py:337] --- Remaining cpu time: inf
[INFO][smbo.py:338] --- Remaining trials: 0
