[INFO][abstract_initial_design.py:87] Reducing the number of initial configurations from 60 to 18 (max_ratio == 0.25).
[INFO][abstract_initial_design.py:139] Using 18 initial design configurations and 0 additional configurations.
[INFO][abstract_intensifier.py:307] Using only one seed for deterministic scenario.
1381.4471981164002
1306.9242002803999
1459.6156754429999
1162.1635352203
1357.4521686716998
[INFO][abstract_intensifier.py:517] Added config 26fdc2 as new incumbent because there are no incumbents yet.
1348.2432755948998
1278.2317739073
1355.1424216053001
1165.5481714180999
1363.5878478057998
[INFO][abstract_intensifier.py:596] Added config 8a205f and rejected config 26fdc2 as incumbent because it is not better than the incumbents on 1 instances: 
1376.5086734216998
1256.5564050621
1355.5471047424999
1185.2277638235
1395.3561742999998
1371.3225872565
1212.8251914195998
1356.7857820806
1152.7576467517001
1314.7279276922
[INFO][abstract_intensifier.py:596] Added config 71b0a5 and rejected config 8a205f as incumbent because it is not better than the incumbents on 1 instances: 
1280.8212981475
1250.2822737288
1414.2740393788
1178.0457001063999
1345.5231726820998
1484.8972529103
1215.7285649330997
1407.8554996593998
1238.1615205839998
1366.5075084087
1444.005856589
1437.1773399908
1354.8433377984002
1292.5622447375
1428.1365580877
1449.7396170191998
1311.7345703532
1393.7215889964
1241.2770952613
1344.6843736337
1330.6916808541
1349.4626549514
1344.2219267865
1183.1119833822
1448.1528875364002
1464.2577011696999
1335.0739095765998
1465.3586319684
1239.2363182538002
1347.8917342711
1352.7717801889999
1296.6648819713
1369.0353428404
1248.1586707483
1403.0324598148
1506.4343922116
1337.8858465161002
1466.2730955540999
1206.7852993853999
1415.8936263729001
1319.2319988285
1278.5851944687
1427.9544657492002
1187.6030778104998
1376.7493517844
1391.0322174847
1327.4267129611999
1352.5667913676998
1228.8977989539999
1380.5125385513002
1400.6744273779
1359.2677946847
1409.8633669258
1213.0679138445003
1312.6603745431
1337.6003629236002
1301.8059505810002
1357.9117758236002
1177.950052688
1358.5483608256
1353.3342683912
1308.9923504931
1450.1164415529001
1197.8590692021999
1360.2920141913
1402.6061153703
1293.4486855265
1328.9149938965002
1135.779169889
1324.7348668250002
1264.0777155197
1272.5128901811
1321.3124534013
1179.5379731709
1414.9965471574
1271.2182516432
1277.3985876353
1312.6832796569
1191.3238669184998
1392.8235808389
1283.1271228782998
1297.2601586432002
1347.3907321151
1160.631678903
1367.6727877516
1279.8812670818998
1295.1861696577
1362.6596309755
1167.7990785637999
1392.3941793505
1333.5498148682
1300.2535778402
1361.3881340298
1192.7109840747999
1380.6988394190003
1392.5110747274998
1311.217862065
1428.7846093419998
1311.4460642239
1481.549018724
1296.7421332265
1295.0902218817
1416.5515584257
1209.4744906677001
1281.6009282546001
1258.2758987239
1306.8556534806999
1346.4096055320001
1158.5165481815
1365.6457752744
1372.9048083497999
1235.6479637554
1339.9116935753
1127.7569643448
1321.5226597089
[INFO][abstract_intensifier.py:596] Added config eb05ea and rejected config 71b0a5 as incumbent because it is not better than the incumbents on 1 instances: 
1362.8651557118
1221.3408975061
1373.3287917266998
1195.5824458565
1405.5877544804998
1315.4925785652
1357.4843461326
1340.5063758275
1161.8131677743
1316.5878628034
1325.8732693315999
1237.4833795992
1387.4184252844
1156.8722532303
1365.9240354124
1372.9048083497999
1235.6479637554
1339.9116935753
1127.7569643448
1321.5226597089
1362.8651878784
1232.2934458383
1368.3068662800001
1193.2544662980001
1406.3320960296999
1382.5699051329002
1407.564215377
1421.3575495984
1226.9552060803999
1383.6571460522
1514.0534643525998
1388.6961326177
1391.9235844173
1361.0198497522001
1321.6230382963
1373.2920973250998
1227.8756209449998
1335.1231689974002
1146.3625391448
1320.7007793587
1400.2893117734
1360.0294436789
1357.9032270313
1256.2767757252
1373.1955253818
1373.2920973250998
1227.8756209449998
1335.1231689974002
1146.3625391448
1320.7007793587
1378.5484402094
1225.9204185641
1413.1351242965
1222.9996482389001
1289.4923032247002
1373.2920973250998
1227.8756209449998
1335.1231689974002
1146.3625391448
1320.7007793587
1344.6038833865
1262.5824618764
1381.7199498825
1191.7773894109
1294.140576342
1407.3248301889998
1368.3966534473
1353.5744653805
1274.1082185268
1355.2445476622001
1374.3198845013999
1289.8105858648
1368.7516435341
1190.7846146321
1338.6003473342
1372.9048083497999
1235.6479637554
1339.9116935753
1127.7569643448
1321.5226597089
1372.9048083497999
1235.6479637554
1339.9116935753
1127.7569643448
1321.5226597089
1353.7215464434
1247.4349378462
1415.4925336048
1181.7091940709001
1434.0361850841
1372.9048083497999
1235.6479637554
1339.9116935753
1127.7569643448
1321.5226597089
1372.9048083497999
1235.6479637554
1339.9116935753
1127.7569643448
1321.5226597089
1316.8970448106002
1345.8542223319
1414.4996402569
1180.3174800399
1396.9228180499
1312.5175910970001
1245.5165591523
1335.8693502739998
1163.19168476
1379.6826796562
1424.0134466282998
1256.9704719699
1380.3849343216002
1210.2197493680999
1337.392545585
[INFO][smbo.py:327] Finished 50 trials.
1278.806798281
1261.9487113598
1370.0391176624
1211.0024203968999
1387.5802398187002
1351.4879931475998
1225.8029938587001
1310.1736513957999
1177.7308916414
1308.4318101873
[INFO][abstract_intensifier.py:596] Added config 36d538 and rejected config eb05ea as incumbent because it is not better than the incumbents on 1 instances: 
1410.9931613938
1221.0971279931
1404.2100383533002
1114.4824226977998
1286.5316863485
1310.0234902814002
1296.3232672598
1330.03421264
1168.0376097244998
1314.331018971
1318.951416251
1328.8343028755999
1408.0149572029
1216.0369481781
1378.9433581074
1410.9931613938
1221.0971279931
1404.2100383533002
1114.4824226977998
1286.5316863485
1299.7802354778
1214.906018887
1390.1207479337
1161.3367535227999
1328.989960187
1398.8974427439
1288.5003530193
1370.6270347178001
1224.4992883186
1441.6989693182
1387.7973770192
1242.0037874647
1303.2246270167002
1191.0921317903
1310.1854023009
1453.1651979306998
1317.4919124936
1454.5000140728
1174.2850099348998
1426.303519268
1322.5932991278
1247.4641886867998
1360.1453781316
1156.8077803672
1296.0230740527002
1387.7973770192
1242.0037874647
1303.2246270167002
1191.0921317903
1310.1854023009
1417.3773393231
1245.7441895739
1313.6408352929002
1156.5790559350999
1321.5462941641001
1358.6012809563
1318.6947152931998
1333.6643532786002
1136.3011814139
1320.2232806181
1350.2845496634
1220.3530363744999
1323.0729150438
1177.472828031
1317.434645952
1286.2118173175
1234.1893809276999
1367.1161332447
1149.3409615827
1313.3780904393002
[INFO][abstract_intensifier.py:596] Added config f52ff2 and rejected config 36d538 as incumbent because it is not better than the incumbents on 1 instances: 
1463.0676033293998
1386.9700325479
1435.1717926299
1291.9862514094002
1423.6316819780002
1312.6348718596998
1243.4856961872001
1296.8229359799
1123.817043677
1377.8570593923
1352.4868834693
1281.6706868492001
1338.7698279384
1129.250620107
1348.699112665
1351.4784531902
1237.6095948839
1359.5852833107
1170.3715013925998
1389.6616199884
1346.7817686863
1234.1745518951998
1331.3790130287
1139.4021715175
1354.0328555625
1352.9835847757
1316.3413310061
1361.5199656366
1174.8156965639
1359.6327565820002
1311.8782309050998
1248.3713973302001
1301.3500988359
1148.9426002301998
1375.1264695884001
1344.8700851299
1246.7675931802
1338.5414574511
1246.3816803442
1413.9758317790001
1458.5162676741
1285.3156000184
1345.0754295854
1243.9260583229
1371.9031181038
[INFO][smbo.py:335] Configuration budget is exhausted:
[INFO][smbo.py:336] --- Remaining wallclock time: inf
[INFO][smbo.py:337] --- Remaining cpu time: inf
[INFO][smbo.py:338] --- Remaining trials: 0
