[INFO][abstract_initial_design.py:87] Reducing the number of initial configurations from 60 to 18 (max_ratio == 0.25).
[INFO][abstract_initial_design.py:139] Using 18 initial design configurations and 0 additional configurations.
[INFO][abstract_intensifier.py:307] Using only one seed for deterministic scenario.
1286.7649075082
1355.4596851677998
1301.4593370400999
1188.9580402768
1622.7977552868
[INFO][abstract_intensifier.py:517] Added config 26fdc2 as new incumbent because there are no incumbents yet.
1319.906732667
1446.4100298550998
1331.22156996
1147.4176698045
1521.6181310309003
1351.5081999162
1367.5199999935
1402.221238194
1110.7782913586
1604.5595452742
1241.47424841
1333.6750373823998
1363.7446237581
1124.8843845481001
1532.3277674647998
[INFO][abstract_intensifier.py:596] Added config 71b0a5 and rejected config 26fdc2 as incumbent because it is not better than the incumbents on 1 instances: 
1216.0407584396999
1382.7085696348
1333.5423097107
1120.5555178921
1560.2980065798001
1454.5439115645
1815.3917813839998
1408.8734376317002
1222.1668258661998
1473.0681340728
1412.5624975123
1251.8364773518
1433.7587353037
1213.4697156312
1650.9615395336
1334.2347636732002
1866.0940836816999
1417.8301537243
1168.9685117544
1541.5060586804
1279.7860451879
1130.150462777
1431.0081039199
1156.1632992451
1580.3614431426
[INFO][abstract_intensifier.py:596] Added config b7ad6c and rejected config 71b0a5 as incumbent because it is not better than the incumbents on 1 instances: 
1404.2812455361
1880.0217482377002
1403.8506172019001
1296.1438965029001
1601.8982526638001
1307.1538524808002
1330.0417241543
1388.7713342426
1133.0728226345
1556.8897701306
1388.6916580605
1893.9269746279
1466.5289879219
1331.5466085165
1646.0506958045999
1254.8539187682
1367.0280594615
1289.4637056592
1144.6557873820998
1568.5687580919998
1329.3457959378
1493.5051322610002
1437.9707090877
1124.3590764674
1571.433646936
1296.5455964637
1392.2860057826001
1292.3910337288999
1175.8958254241
1615.7415000444998
1241.9058702378
1386.0031546696
1401.18329916
1059.4283337191
1480.254092994
[INFO][abstract_intensifier.py:596] Added config e66913 and rejected config b7ad6c as incumbent because it is not better than the incumbents on 1 instances: 
1287.7982725709999
1395.0128356385999
1482.3735475675
1107.5980071084
1621.2084429919
1243.3446975957002
1301.9115349583
1301.5320677473
1119.8725796785
1517.4299726793
[INFO][abstract_intensifier.py:596] Added config 46b4e3 and rejected config e66913 as incumbent because it is not better than the incumbents on 1 instances: 
1334.2619997903998
1288.2960982218
1355.8488929465
1132.2393611489
1538.6478293266
1264.7398655673
1233.238448738
1448.246619964
1158.4673006154999
1553.5024749394
1324.1128353653999
1361.5904883688
1360.9171361857
1117.7347211697
1565.7782314615
1329.9058898337998
1279.4985945431
1412.2427385272
1140.3469819783
1598.1210107012998
1269.1971287543001
1430.5087186176002
1472.1416105646
1116.5789786735
1520.9220823059
1387.2492579217
1469.7896725187
1276.8599440037
1258.2698833492
1593.3617600060998
1220.5915834251
1410.5832646109
1358.7551824365999
1182.8412810205
1501.7563317151998
1201.5042969506999
1328.7920656454999
1340.8198520367
1112.9757962391
1551.3029317644
1249.9452651562
1249.9532803996
1352.5458386980001
1117.6711785836
1608.4226084713
1340.6381153478
1246.4920717349
1306.3527512048
1120.2476620152
1547.2781150097
1309.1533447312
1227.6012836872999
1349.4920413379
1095.970405592
1559.1860455903998
1275.5287999381999
1316.4140095368
1406.8253576992001
1117.9642549585
1543.1636011451997
1241.1299326957
1253.3074698817
1313.8446688520999
1136.0821611249999
1573.5256184793002
1270.2507738877998
1260.2315227322001
1288.4368591192
1105.5584816798998
1545.6625827234
[INFO][abstract_intensifier.py:596] Added config 6d7eb2 and rejected config 46b4e3 as incumbent because it is not better than the incumbents on 1 instances: 
1303.7961721355
1363.1385933766999
1313.725425933
1188.4175255251
1689.9346997946
1469.4851204157
1974.5771568774
1510.2680118379
1297.7473588707999
1725.6209819829
1298.0050456002
1359.0541307536
1357.6181907764
1103.3153379026999
1505.3145964633
1239.6517200403
1300.8513133504998
1365.2179339718
1135.4168748586999
1484.6971131073
1303.993900738
1405.3300182434
1300.3203140292
1156.0469292953
1509.6988634412
1310.8551514261999
1360.2377842821998
1371.3240563744
1090.7557207133
1514.798576635
1204.9088717939
1201.1128242091
1316.6889358590001
1094.9180373073
1511.6398386709
[INFO][abstract_intensifier.py:596] Added config 1b0a4e and rejected config 6d7eb2 as incumbent because it is not better than the incumbents on 1 instances: 
1234.9791795318997
1408.1031489427
1322.7689392582001
1114.8567521846999
1550.6464343182
1289.9749005943
1216.0847063795
1347.7250628553
1144.7535185343002
1502.773118567
1204.9327326177
1224.2741780188999
1348.725894597
1096.5083515992999
1514.2039915373998
1322.1005516852
1353.9013593598
1386.4787807141
1119.6766613995
1605.8949319254998
1206.5597774924
1269.7596160422
1413.7770892408998
1137.3971725449999
1549.0310733468998
1315.3986528361
1316.3179853174
1271.2676890461
1160.4621569324
1521.0784748624
1330.065581708
1281.8977953445
1315.4844203002
1127.8796267328999
1697.8409456674
1237.5544971328
1200.6383034554
1305.6835114205
1108.3268970431
1711.4285423357
1275.7980724033
1305.0443698928
1347.0329301501
1169.3780084455
1613.7047802800998
1337.6972738902
1328.6332489053002
1373.3013467429
1149.9975913609
1500.5839421192998
1217.2587927544998
1247.2280947465001
1257.2701593717002
1115.5377305876
1587.2434180558998
[INFO][smbo.py:327] Finished 50 trials.
1439.2435811561
1795.1728357027
1448.4586796882002
1132.8143972873
1461.6858383553
1353.3205299134002
1355.2082644695
1259.0330477912
1115.9669482468998
1530.0056762028
1268.6550654667
1356.1978546024002
1339.1451518650001
1187.5943114883
1449.5263248729
1287.7798137376
1235.7361333671
1297.687220144
1186.2317681958
1637.0360352147
1261.7191628891999
1231.4740531851
1339.4973409148001
1189.8086502392
1610.4587062338996
1251.5213414135999
1318.2570748642001
1342.9337399929
1148.7250877805
1534.1179487269
1361.7473960944
1408.6681777965
1261.2640005962
1158.1385338557998
1592.2759451257
1267.309884215
1227.1306415264999
1298.2167643009
1172.7608549251
1606.6827543077998
1268.7887017673002
1447.765452318
1421.5303058335
1109.7653962756
1489.0109213038997
1206.1762223136
1202.6712245773997
1316.5761954672998
1094.8083956297999
1502.2839121455
[INFO][abstract_intensifier.py:596] Added config ea8ca5 and rejected config 1b0a4e as incumbent because it is not better than the incumbents on 1 instances: 
1487.0311396767001
1893.6838468146002
1452.1109831736
1332.6275754988
1600.3605583838998
1208.8642861622998
1241.6353635913
1332.4232039016001
1099.6896127076
1502.2839118676002
1204.9088717939
1201.1128242091
1316.6889358590001
1094.9180373073
1511.6398386709
1204.9088717939
1201.1128242091
1316.6889358590001
1094.9180373073
1511.6398386709
1206.1762223136
1202.6712245773997
1316.5761954672998
1094.8083956297999
1502.2839121455
1204.9088717939
1201.1128242091
1316.6889358590001
1094.9180373073
1511.6398386709
1319.2087230426
1249.4814431818
1268.6946021514
1112.2896843239998
1640.0576866129998
1328.2714797302
1866.5860414256
1466.5465130244
1169.3072466619
1544.8952104631999
1319.2087230426
1249.4814431818
1268.6946021514
1112.2896843239998
1640.0576866129998
1289.8025542391001
1301.8693842211
1561.0311092921002
1186.3414263375998
1597.0485323546
1289.8025542391001
1301.8693842211
1561.0311092921002
1186.3414263375998
1597.0485323546
1338.7499574117
1289.349021664
1552.5190321118
1253.5419323464
1628.8604112302
1338.7499574117
1289.349021664
1552.5190321118
1253.5419323464
1628.8604112302
1312.9757081138
1302.4574428882001
1498.7965083050003
1227.982969895
1614.5309818704
1276.2793557013
1397.572817705
1293.4648647493
1153.0992310254
1619.3766461461
[INFO][smbo.py:335] Configuration budget is exhausted:
[INFO][smbo.py:336] --- Remaining wallclock time: inf
[INFO][smbo.py:337] --- Remaining cpu time: inf
[INFO][smbo.py:338] --- Remaining trials: 0
