[INFO][abstract_initial_design.py:87] Reducing the number of initial configurations from 50 to 18 (max_ratio == 0.25).
[INFO][abstract_initial_design.py:139] Using 18 initial design configurations and 0 additional configurations.
[INFO][abstract_intensifier.py:307] Using only one seed for deterministic scenario.
2.23853770007875
2.2762554756318756
3.0423446432510417
2.4387359494802086
3.3761558925316666
[INFO][abstract_intensifier.py:517] Added config 6c06af as new incumbent because there are no incumbents yet.
1.09464944195375
1.2646244320412499
1.3723986437960416
0.9777637508206249
1.6943782908052085
[INFO][abstract_intensifier.py:596] Added config d0fce0 and rejected config 6c06af as incumbent because it is not better than the incumbents on 1 instances: 
1.3708507785870834
1.72215656224125
1.9142809028281251
1.2316009605352083
2.413596283007083
1.0630059756585417
1.2737388412920831
1.4177176534785416
1.0084907867147916
1.5837540525270835
[INFO][abstract_intensifier.py:596] Added config f0dc8c and rejected config d0fce0 as incumbent because it is not better than the incumbents on 1 instances: 
1.2246351798600001
1.3021915610095833
1.5382308790397918
0.9602538645014584
2.1101714295050003
1.1894395946910417
1.340029501814375
1.37472310418125
0.9500059491102083
1.8795091492135414
1.910237708695625
2.224582985882917
2.8842776887397914
2.091479983909375
3.230096085168958
1.2336026356620833
1.3279784549902085
1.3025274720289584
0.9988700586133332
1.8137710279802086
1.1562321780533333
1.2963342270235416
1.4293264482616668
0.973705128843125
1.992366240431875
1.1141012874677083
1.2821349778495834
1.2890271742650001
1.052767537769375
1.8804712995985418
1.9319902295827085
2.2276925157379166
2.94822287003875
2.10556665113375
3.2943533941893746
1.0859649632897919
1.3120146212202084
1.339555433289375
0.9840954608427083
1.8249050290916666
2.166829628931875
2.304662032763541
3.0423446432487498
2.432979229125625
3.4258696972360423
1.2104799361945835
1.3361646449066666
1.3038580205566666
0.9972955937639584
1.6688631322535414
1.1844187694177084
1.5663139398420833
1.7779469612102083
1.1540438091858334
2.2908463727035415
1.0529960226750001
1.2477206566235417
1.1710914853283332
0.9890857478089583
1.8401470293154167
[INFO][abstract_intensifier.py:596] Added config 5d5aa5 and rejected config f0dc8c as incumbent because it is not better than the incumbents on 1 instances: 
1.2506274245843751
1.6522989338516667
1.922951057477917
1.12465058152
2.2755312743270837
1.0490236058245834
1.23735652285125
1.1873005476074998
0.9296819855206251
1.7555825827602083
[INFO][abstract_intensifier.py:596] Added config d1434f and rejected config 5d5aa5 as incumbent because it is not better than the incumbents on 1 instances: 
1.18406531857125
1.1303529711920832
1.2069062104354165
0.9786438495275
1.7837419777327084
1.1840653186147916
1.133162030333125
1.2069079659445834
0.9824162080077083
1.7837419777327084
1.18406531857125
1.1252995839504165
1.2069079659445834
0.9786438495275
1.7837419777327084
1.2841693273260417
1.3146710634975
1.4824003304141666
1.0067727500299999
1.7407562829425
1.0499518475670835
1.268738017610208
1.3125277358545833
1.02539753400375
1.6125376113327083
1.1417208871877085
1.1360083079829166
1.2069113015679165
0.9683892058785416
1.6982008942485416
[INFO][abstract_intensifier.py:596] Added config 19cbc7 and rejected config d1434f as incumbent because it is not better than the incumbents on 1 instances: 
2.131591716824375
2.2876558385620833
3.0547814838610416
2.2961734573052084
3.4258696972360423
1.1392694383641666
1.29227249320875
1.410681005536875
0.9562576192975
1.8814016738327084
1.2491059888174998
1.430229916354792
1.4093717004397917
0.9721101233127084
1.8510349171268747
1.2595091329024999
1.4312079214025
1.2926113693164583
0.977314332913125
1.787075458373333
1.1417209252431249
1.1187757031097916
1.2076957367579164
0.9839096187749998
1.823126092135625
1.1417209252431249
1.1187757031097916
1.1760139811929167
0.9763828594614582
1.7982521894614583
1.1417208982366667
1.12136999748625
1.2027638833220835
0.9896716215981249
1.8246427123293751
1.2061337670604166
1.1833897412839585
1.32047621599625
1.0045117273279165
1.928326762203125
1.141720929923125
1.12136999748625
1.196109803616875
0.9912106437466666
1.7997688096554165
1.8323747185314583
2.2121459870883333
2.804774647548542
2.108246986959792
3.10727790483625
1.1567075567789584
1.26003059506875
1.2140678389460418
1.00198392418125
1.7687328344358333
1.8729270929897914
2.224582985882917
2.7926598190210417
2.091479983909375
3.230096085168958
1.0219537915708334
1.2412889047891666
1.3102093545775
1.0386095153510417
1.5408012833197915
2.109395936258542
2.2599880391758336
2.8993209511879163
2.2878822020920833
3.367438966217292
1.1094764571135418
1.2615180933562502
1.2140920453252084
0.9989734756158334
1.81610504325875
1.2246351798600001
1.2867981613254167
1.5638911685627084
0.9712356677735418
2.19722993657375
1.1108180865539585
1.2918964610381252
1.2231710588112499
0.9950511689783333
1.8578574837997917
1.2038578562791666
1.2094282472827085
1.3133751406820833
1.0471984250897917
1.8474444251893751
1.0503709381781252
1.2373565252029166
1.1873014739839582
0.935057126795625
1.831855653885
1.1328876381268749
1.4168602420260414
1.3999527885120833
1.032019653268125
1.9729408760516667
1.0991215500520832
1.2373565252029166
1.1873014739839582
0.935057126795625
1.813200234795
1.919553262365625
2.2276925374152086
2.9043403694293755
2.0999945461237504
3.296426183479375
1.0820738492616668
1.2324647044160417
1.3077916743483333
0.9967541142508334
1.6637930129102083
1.0076229419166667
1.2597669045658335
1.300941307050625
1.0387249881639584
1.5408012833197915
[INFO][abstract_intensifier.py:596] Added config 32ff25 and rejected config 19cbc7 as incumbent because it is not better than the incumbents on 1 instances: 
1.105522112586875
1.2347940540095834
1.2799555600402082
1.0111097895252084
1.6296502320535415
2.0201090053675
2.227692508075833
2.8637391952635416
2.1055666586737503
3.399841239635
[INFO][smbo.py:327] Finished 50 trials.
2.131591716824375
2.2797882249977084
3.0547814838677083
2.4267607456620834
3.4258696972360423
1.158402727128125
1.395724595734375
1.43757245679375
0.9697071489450001
1.9993619695147917
1.0109945936468752
1.2392721508364584
1.34323034631625
1.0386095229410417
1.5408012833197915
1.0077218481689583
1.234862288660208
1.3028564336220834
1.026999446573125
1.6800878334077083
1.1534647606452082
1.2963342270214582
1.4085761015531253
0.9737051274291667
1.9472653316718749
2.3014013451364588
2.2699948360664584
3.001867861064166
2.3690770569537496
3.394308383944167
1.2520725145464584
1.3283444676883334
1.2822086297810418
1.03586712195
1.8429024720056253
2.1798680294672916
2.2599880391758336
3.0423446432487498
2.4226152197006248
3.3802679668289586
1.0637384885075
1.2488649384652082
1.4162857093474996
1.003487298785625
1.6586066100908332
1.0351643068758334
1.2435277895633334
1.19001997944375
0.984365752426875
1.7773456803081251
1.038459507464375
1.1607665219889582
1.2749002616966665
0.9655812064960416
1.823110288967917
1.1295276913047916
1.2935410289895835
1.2522033635893748
1.006938101940625
1.8057615227391666
1.047059513719375
1.2784490441352083
1.2654433289258333
1.0176723875804166
1.5943240732360415
1.947560467130625
2.224582985882917
2.852519837858542
2.087557682297083
3.3220639792443754
1.0076229605477083
1.2615755260570833
1.3028564336220834
1.0291121612258334
1.54534852022875
[INFO][abstract_intensifier.py:596] Added config 11c684 and rejected config 32ff25 as incumbent because it is not better than the incumbents on 1 instances: 
1.0820738492616668
1.2332059636639585
1.2932099466795832
0.9962746807016667
1.663793012904375
1.0077223024795834
1.2257626357106253
1.316353730504375
1.03090772141125
1.6074070954379167
1.0244192108956252
1.2553321805729167
1.3915514195516667
0.9333898548822916
1.6039684179458333
1.1422277868458333
1.1360083629191666
1.2069113015679165
0.9786839413089582
1.716856313533125
1.043821452270625
1.3017314239195836
1.2991917100243748
1.06456045790375
1.630088650727083
1.1194985740179166
1.3151960155010416
1.3635263796597916
1.060940742505
1.7228540356333333
2.0675151746652083
2.0787724818960416
2.9028815614541665
2.0586356764595832
3.297551631738542
1.2032121853591666
1.30790292285375
1.45225062427875
0.9422657292406249
1.895447849449375
1.1106828894883334
1.1888817579520832
1.4315183280960417
0.9957073891570833
1.6644328209164585
1.24582530845625
1.4338114965160418
1.2527801179887499
0.9810487981529168
1.7987697091733332
[INFO][smbo.py:335] Configuration budget is exhausted:
[INFO][smbo.py:336] --- Remaining wallclock time: inf
[INFO][smbo.py:337] --- Remaining cpu time: inf
[INFO][smbo.py:338] --- Remaining trials: 0
