[INFO][abstract_initial_design.py:87] Reducing the number of initial configurations from 50 to 18 (max_ratio == 0.25).
[INFO][abstract_initial_design.py:139] Using 18 initial design configurations and 0 additional configurations.
[INFO][abstract_intensifier.py:307] Using only one seed for deterministic scenario.
1.4511517281029167
1.221944935701875
1.3528164225820833
1.1576266189908333
1.2006973130877083
[INFO][abstract_intensifier.py:517] Added config 6c06af as new incumbent because there are no incumbents yet.
0.9850889244408333
0.87338342213625
1.1104625284335417
0.8872938580385415
0.9746799917127082
[INFO][abstract_intensifier.py:596] Added config d0fce0 and rejected config 6c06af as incumbent because it is not better than the incumbents on 1 instances: 
1.1377806880891668
1.1745016729877085
1.3046169100829166
1.0501679506260415
1.1972984597968752
1.0682741956368749
0.8450547181185418
1.02868352156375
0.9489311858414583
0.9848259473129166
1.1034710649787498
1.1220731456054167
1.2754384619620833
1.0379068056808334
1.166775185274375
1.0501152308285417
0.8783176382945833
1.084276862614375
0.8915110912381249
0.9682545540212499
1.33722895134
1.2140791355695832
1.3902616424072916
1.1572295450241665
1.1885755352339582
1.0530531723547916
0.8604592732191667
1.062841167458125
0.8812339136795835
0.93855277714625
[INFO][abstract_intensifier.py:596] Added config 3ea49c and rejected config d0fce0 as incumbent because it is not better than the incumbents on 1 instances: 
1.097190268855625
1.1246011844297916
1.2522659749729168
1.0184464978060417
1.163535528546875
1.0335413792975
0.8496079068614584
1.0592404852735415
0.9071309660370834
0.9805451225731249
1.3396731179333334
1.2140791355695832
1.3902722612304166
1.1533151842172917
1.17416788813125
0.9710239093595834
0.8668330745929166
1.0670584149825
0.7848944522122916
0.8099049554216665
[INFO][abstract_intensifier.py:596] Added config a94595 and rejected config 3ea49c as incumbent because it is not better than the incumbents on 1 instances: 
1.3347791629929167
1.226650888561875
1.3772217440614583
1.1497046646635416
1.176721970430625
0.9619269225227084
0.8284968756110417
1.031288609999375
0.7442530297277083
0.8051659763272916
[INFO][abstract_intensifier.py:596] Added config d74845 and rejected config a94595 as incumbent because it is not better than the incumbents on 1 instances: 
1.1414487743641668
1.159849067853125
1.2247340453614584
1.0442411642889584
1.1806618170695833
1.0073408909372918
0.7727975079106251
0.9860327081933334
0.8451646488089583
0.8701525645504167
1.1453299872664584
1.1848849065608333
1.2721144750847917
1.0469478381545831
1.1925320964847919
0.9970572051397917
0.7771223133368751
0.9847553959395834
0.9013468359270834
0.8375874956370832
0.9859018249770833
0.8964009351916667
1.04711808783
0.8038139656835417
0.8506417848010417
0.9955372151772917
0.81459156557375
0.983850524726875
0.83847687914125
1.0311186873233333
1.0091036943947918
0.8782574775337502
1.0155388156185416
0.8236158601779167
0.8753059817629167
1.004658700114375
0.8651396726733334
1.0335995341381252
0.8534629133902083
0.8996728827666666
0.9661826989808333
0.9258356915410417
1.0543152392722916
0.8038139656835417
0.8727051197249999
1.3377254966433334
1.2323425326058333
1.3772217440608332
1.1497046646635416
1.1984890010822917
0.9828247563847917
0.9352793096433333
1.067766926301875
0.8030828204352083
0.8201250943977083
0.9765448478872917
0.9258356915410417
1.06771048751875
0.8072197209156251
0.8786957896435417
1.0060782273875002
0.8886753946939584
1.0184049490143752
0.9277015808329165
0.9824136306358333
1.020067406596875
0.8902228854024999
1.0405744007420834
0.9268159311822916
0.9876341422889584
0.9565880657012501
0.8620318918856251
1.026757907510625
0.7427050085583334
0.800738453390625
0.9582158446810415
0.8304227282672917
1.0273829104770833
0.7451588141945833
0.8064082806939583
[INFO][abstract_intensifier.py:596] Added config 07922f and rejected config d74845 as incumbent because it is not better than the incumbents on 1 instances: 
0.9581408694960417
0.8255581655202084
0.9887498801693749
0.7215475696885416
0.8032811293522916
[INFO][abstract_intensifier.py:596] Added config 520403 and rejected config 07922f as incumbent because it is not better than the incumbents on 1 instances: 
0.9631864202027084
0.8220935951908336
1.0876501571147916
0.9753780907839584
0.9398912955437501
0.9554331444247917
0.8246175669614585
0.988968235904375
0.740244032156875
0.852583371983125
0.9865882220172916
0.8547200634816666
0.9854807661183334
0.7402893959354166
0.7827343080906249
0.9707464287270834
0.8243922135191667
0.9996189548302084
0.7217269063227083
0.79037755746875
0.9630839734404167
0.831972113814375
1.059583666796875
0.8181909058910417
0.9525675549181248
0.9532390740968749
0.8282817046233334
0.9785327095014584
0.7443187409072917
0.8008040996868749
1.0441841691352083
0.8480825830522918
1.1074817239797916
1.0161285192427083
0.9809003342445834
0.9572314644625001
0.8242551649072918
0.9890048766902083
0.7375899483916667
0.7937691318879165
1.336278710453125
1.2157182827577084
1.3905535443454164
1.1572295672425
1.1891507760704167
0.9851409540045833
0.8110399800912501
1.0429012615402085
0.716072685575625
0.86786601248625
0.96104903327875
0.8255311581593751
1.0105765980991666
0.7424160307504165
0.8547814210991667
1.0183464118806251
0.8696597325033333
1.0235348128739583
0.7893601015902083
0.879015463345625
1.33477921438625
1.2264790863452082
1.376732090750625
1.1497046646635416
1.1912569951095833
1.0268527427339582
0.8723981181077084
1.00973122773875
0.8170412547847917
0.8784166621827083
0.9646182446983335
0.7886648014108334
1.0915081704297918
0.9210161513908333
0.8908692977833332
0.9453454869714583
0.82817925942625
0.9980957101368749
0.7188491039139584
0.8606231073914583
1.038279593465625
0.8985581236597916
1.087120306433125
0.9858723237770833
0.9440921915360417
1.0123870722004167
0.90297592903125
1.0023847688033334
0.814386338388125
0.8659258301945834
0.9939046375758334
0.8843271851852084
1.093265602896875
0.8500337969070834
0.9794961227820835
[INFO][smbo.py:327] Finished 50 trials.
1.0347029333452082
0.8848688208981251
1.0685688571389582
0.9786674905420832
0.9528663042837501
0.961202448734375
0.8278221902897918
0.99959494859
0.7184274569629168
0.7924093204252084
1.1324799476460419
1.1807139394495834
1.3087283523243751
1.029743025190625
1.210018213233125
1.0124052386066669
0.8816654185041667
1.0896763364310416
1.0176892048468749
0.9867243049329166
1.0508545412458332
0.9810158240495833
1.09555923596
0.9345459157016668
0.9490620253047918
1.1300945854520834
1.1108539979747918
1.2556604394064583
1.0162290482977083
1.1411614850543752
0.96360982424
0.87418066254375
1.0563951789916668
0.8359749243406249
0.8976783267789583
1.1083679265427084
1.1241770081295832
1.2598214474183331
1.0154795137939583
1.1456146218529168
1.15807340285125
1.1984865729935417
1.3105391977402083
1.063084484524375
1.2043430460670834
1.3397905534379169
1.21407913738875
1.3889430692068747
1.1508142821472915
1.1734049010314582
1.0007287949185417
0.83638181602125
1.0066084416716667
0.907243221231875
0.8848422796335417
0.9853287120700001
0.8968960304974999
1.088766402631458
0.8035828391343749
0.9381520284304166
1.337298744156875
1.2140791355695832
1.3902760794906248
1.1508534422704166
1.1731458938125
0.9613698266577084
0.9355229681308334
1.0660864163397916
0.8041593543039584
0.84741110167625
1.0258809950897916
0.8500233519827083
0.99730346865625
0.9905647240675
0.9583893987668749
0.9447243407958333
0.8735069848775
1.060031187771875
0.83350494884375
0.9936995202716666
1.3701900044993751
1.2185524173254165
1.3867107904489582
1.1506566185833331
1.168902915183125
0.935313889415625
0.8718636559725
1.0230552588358333
0.8982433918249999
0.9971850443775001
0.97894450733375
0.896104033914375
1.04649586303625
0.8321295949481249
0.9530316110281251
1.1329163127870834
1.1118974493470832
1.2718180641987502
1.0322259044539583
1.1640990801064584
1.0042255488339584
0.7930901493689583
1.044061144335625
0.9226986350172915
0.9864746638654167
1.1026008002650003
1.1240041666231249
1.2540447557216665
1.0156869546704166
1.1694918271627084
0.9587758470208333
0.8244294355179168
0.9955656203085417
0.7402693114929166
0.8506488885195833
1.3399998053489586
1.2157053204110417
1.3901285694633332
1.1531026952206251
1.1739271711139585
1.3399897516589585
1.2157510075116666
1.3905497260910415
1.162289115285625
1.1665482187889582
[INFO][smbo.py:335] Configuration budget is exhausted:
[INFO][smbo.py:336] --- Remaining wallclock time: inf
[INFO][smbo.py:337] --- Remaining cpu time: inf
[INFO][smbo.py:338] --- Remaining trials: 0
