[INFO][abstract_initial_design.py:87] Reducing the number of initial configurations from 50 to 18 (max_ratio == 0.25).
[INFO][abstract_initial_design.py:139] Using 18 initial design configurations and 0 additional configurations.
[INFO][abstract_intensifier.py:307] Using only one seed for deterministic scenario.
1.438133892175
1.3753120676504165
1.3658357421802083
1.2330870927189583
1.3952092243493752
[INFO][abstract_intensifier.py:517] Added config 6c06af as new incumbent because there are no incumbents yet.
1.1456530224668748
0.9148949927497917
1.0376797458952083
0.8159397444781251
1.0904183703360417
[INFO][abstract_intensifier.py:596] Added config d0fce0 and rejected config 6c06af as incumbent because it is not better than the incumbents on 1 instances: 
1.3129313253883332
1.2702319197695833
1.2022372949816666
1.0369460498954166
1.3273716586664583
1.0380704199200002
0.9038026253089584
0.96953546893
0.9139236615895834
1.1075622742620834
[INFO][abstract_intensifier.py:596] Added config f0dc8c and rejected config d0fce0 as incumbent because it is not better than the incumbents on 1 instances: 
1.2375765100206249
1.2469993485797917
1.1902735078420834
1.0071419977504166
1.2786363605420836
1.1280194357433333
0.9174560375729167
1.02606054742375
0.9214887312712501
1.1084241219475
1.4077475612527084
1.3206421973895834
1.3183360438941667
1.2070076161858334
1.3128666549189585
1.2415706639468749
0.9298129533693749
1.1806984841533334
0.9906069761547918
1.0856618102979165
1.2721562781914584
1.0990702068972915
1.1812599606720833
0.9874311974708333
1.2570091145445834
1.1950587055191666
0.9874809638712498
1.041655291140625
0.98512684636
1.1078694846810417
1.417065972284375
1.3068104716116664
1.3378936602225002
1.1999494077016668
1.3199841957116665
1.067887724013333
0.9108309176229168
1.1459984650716668
0.8393846423889583
1.0703561683306249
1.421660159149375
1.3704000963464582
1.3817375377474999
1.2683105254797917
1.3637536410560418
1.13653387009875
1.00020845126375
1.0776277664972915
0.93771448862875
1.0220064362495833
1.3887189023547917
1.2781598011254165
1.2338874649545835
1.0347242999450001
1.2884198929954167
1.1666356793302084
0.8950257716541666
1.1458301754835418
0.8661047643170832
1.0742441765472917
1.3728885519685414
1.2574621178266667
1.19637064691875
1.1133779067102085
1.3140115890975
1.1353519122122917
0.8902805680397916
1.1384229304929165
0.8569017605383332
1.0568882739741667
1.02848276608375
0.93501788163875
0.9722025288858334
0.9240678797545833
1.1235020265666666
1.1503282593497914
0.99730969058875
1.00574090797125
0.874626531943125
1.1190857402058332
1.260129110236042
0.9874409029239585
1.0721287776979167
0.84782281763
1.071054304341875
1.1307763410060416
0.859895984469375
0.9588102255614585
0.803153694824375
1.105885735494375
[INFO][abstract_intensifier.py:596] Added config 19cbc7 and rejected config f0dc8c as incumbent because it is not better than the incumbents on 1 instances: 
1.0360097377191666
0.8975740381202084
0.9569841626414584
0.9271984322439584
1.126246884604375
1.415441677689583
1.38458294308875
1.3818660113583334
1.2421775446914585
1.3869179192718748
1.2162100087724999
0.9347363086168751
1.019501332780625
0.8986810433072917
1.0736181977437502
1.1961508840766666
0.9407694674550001
1.0194592309245833
0.9057227481120833
1.0937916544877084
1.1737925715391668
0.8700825761625001
0.9648530378250001
0.7479138588775
1.1043407523349997
1.1348279882972918
0.8730359027566668
0.9628770266720834
0.805882212450625
1.0992115402072917
1.163409647384375
0.8730358165654166
0.9703659395602083
0.8058822034443749
1.1045260230472915
1.1014789647589582
0.9042571734997916
1.0810481734543749
0.88198765366
1.1230930716258334
1.4123536570602084
1.3115870013837498
1.3257719032120832
1.2074406006381253
1.2979591227597918
1.1813269880029167
0.8842409895347917
1.0193129586729166
0.7381950198481249
1.087434466258333
1.04754016934
0.8989479480481251
0.9855604495897917
0.9318867151908332
1.0963129426947915
1.1028841508570832
0.8756300632170835
0.9949754925829166
0.8698162785820832
1.0762143774829167
1.2954251475154168
1.226985175759375
1.1914599804002084
0.9776830207172916
1.2776118345291667
1.2776533768579168
1.2223314570506252
1.14031576709625
0.9825264389454167
1.290821221269375
1.1133973112939581
0.8361411122458334
0.9726004596047916
0.8658719147358334
1.1686895815972917
1.1627969690724997
0.9962902684493748
1.1558606931095834
0.9748793714772916
1.1979424163289585
1.1627969690472917
0.9838032331222916
1.1528798480104168
0.9724135122470834
1.1979091027472917
1.26261707853
0.9887667071081249
1.0472226239125
0.788209258426875
1.0889436922916667
1.1412342771702084
0.8803397625483333
1.1374984653072917
0.8898118808177083
1.0733709762202082
1.0511323846977085
0.8960176789708333
0.9358683803364584
0.9135058705302084
1.1405376229491666
1.1682211700293752
0.8619688158389583
0.97387765815875
0.8074780181368749
1.1003448912789582
1.2788314576672917
0.9460694498643749
1.1385201691022917
0.9292816273539584
1.1344837452333334
1.1214176582354165
0.8619688158387501
0.9665130101677083
0.8033100807391667
1.1065787703437497
1.1656963507870832
0.8934357317231251
1.096778843875625
0.85495938573625
1.073652302088125
1.1275594634495834
0.8686756975141667
1.1380102323345833
0.8153372470368748
1.1025491884887502
1.407747561252917
1.3135925446897914
1.3319761945906248
1.2037081330737502
1.3146967796168747
1.1172745547202083
0.9227252420110416
1.1485830064945834
0.8059992932402084
1.052360198938125
1.1217562704793749
1.0409399845127083
0.9674119337487499
0.9110357661072916
0.9962527834712499
[INFO][smbo.py:327] Finished 50 trials.
1.1128833647708332
0.870502128160625
0.9552029838304167
0.7343966556977082
1.1043407523349997
[INFO][abstract_intensifier.py:596] Added config edc03c and rejected config 19cbc7 as incumbent because it is not better than the incumbents on 1 instances: 
1.115137909001875
0.87008266235375
0.97255582243125
0.735408445399375
1.1049437971641667
1.3626110429204166
1.2677864992891665
1.2689704088160416
1.1308280063524998
1.3117935102522915
1.3605859741520834
1.2788657680425
1.21750056847
1.1078432592045833
1.304723373546875
1.3263145525747917
1.125911576500625
1.177301343695625
0.97740744086625
1.2663277377408335
1.1265122369739582
0.8750269015397917
0.9799628617935416
0.8012286736554166
1.1058686155610418
1.4037022138054167
1.4204387903835416
1.3692080968793752
1.2332681189241668
1.4021152700295834
1.4333310004354165
1.4297018032949997
1.3799782465875
1.2425774354277086
1.3661896765233335
1.3254580901004167
1.110220259880625
1.1187278893333332
0.9985101787470833
1.2574826287252086
1.1431627522979164
0.8271886927206251
1.0165857766645834
0.8579622647754166
1.2047284395935416
1.16955819007875
0.8705020931222917
0.9764879290610416
0.7290734691324999
1.09978189122
1.1208165121410416
0.96532365877875
1.1545470482643752
0.8227301864150001
1.0971915939054167
1.407747561252917
1.3156325518033334
1.3245545275135417
1.2053678308860418
1.3146967144950001
1.156043689655625
0.8696120748877083
0.9630012972414583
0.8038709591720834
1.0992242085954165
1.2843315657564582
1.3023864776927083
1.1936841009985417
1.0106826691666668
1.2736157561772918
1.1221920966341665
0.8383450122533334
0.9726005123497916
0.8669274169595833
1.1679526991635418
1.3637629721279165
1.2677865014270835
1.2808584126679168
1.1338610223212497
1.287560405484167
1.1781359630552082
1.0011833490710416
1.0778184449383332
0.9520222127272916
1.189650545178125
1.4113800573991666
1.3046534880956249
1.3481068271520833
1.2008831303708334
1.3177583782606248
1.1717194519460417
0.9175363108702083
1.0493431538843752
0.8815176623445834
1.069817442916875
1.0963545473287502
0.9966776634579166
1.1266402131589581
0.8695875162425
1.1871474562289583
1.1780861472752084
1.00118335243625
1.0778184497645833
0.9613263731629167
1.189883925010625
1.142536831721875
0.880375655064375
1.1423208432735417
0.8838223361814582
1.074059200999375
1.175331864886875
0.962853026845625
1.0393446803993749
0.9046420295147917
1.0998312483477084
1.1551871393445832
0.9089210268068749
1.1789010475479165
0.83505452858625
1.104410805695625
[INFO][smbo.py:335] Configuration budget is exhausted:
[INFO][smbo.py:336] --- Remaining wallclock time: inf
[INFO][smbo.py:337] --- Remaining cpu time: inf
[INFO][smbo.py:338] --- Remaining trials: 0
