[INFO][abstract_initial_design.py:87] Reducing the number of initial configurations from 50 to 18 (max_ratio == 0.25).
[INFO][abstract_initial_design.py:139] Using 18 initial design configurations and 0 additional configurations.
[INFO][abstract_intensifier.py:307] Using only one seed for deterministic scenario.
0.9723521437204167
0.8550313924362499
0.6729085171370833
0.7440763326483333
0.6324615853904166
[INFO][abstract_intensifier.py:517] Added config 6c06af as new incumbent because there are no incumbents yet.
0.5925806504766666
0.6898083550964583
0.5056806805683334
0.525441300934375
0.3663119638839583
[INFO][abstract_intensifier.py:596] Added config d0fce0 and rejected config 6c06af as incumbent because it is not better than the incumbents on 1 instances: 
0.9725936832464583
0.8133711847049999
0.6693254012735417
0.7000609084625
0.5866334124985416
0.6290691567927084
0.6456328369579166
0.5140251430797916
0.44218611313041667
0.3672317622839583
[INFO][abstract_intensifier.py:596] Added config f0dc8c and rejected config d0fce0 as incumbent because it is not better than the incumbents on 1 instances: 
0.9733209725502083
0.8069264787583333
0.6700290413747917
0.7450655948679166
0.6322367262018749
0.594662096399375
0.67356824599625
0.4876648989883333
0.4607424513010417
0.39027044987104165
0.9723713464883332
0.8537759751175
0.6725363047597916
0.74429017921
0.6309817257285417
0.7597757119027084
0.6349256857135417
0.4497443278772917
0.5176142220089583
0.417417098369375
0.9462565697212499
0.8413730248047917
0.6593954276295833
0.7449377723664583
0.6326624111525
0.6491691369072917
0.5777845918004166
0.5348721643527082
0.4779171371247916
0.4408655645729167
0.9722476458993751
0.8537771592420833
0.6725450544983335
0.744267556993125
0.6302189911145833
0.6284963404114584
0.6342140222970833
0.43394499260749997
0.4538452475479166
0.42713546144666664
[INFO][abstract_intensifier.py:596] Added config a94595 and rejected config f0dc8c as incumbent because it is not better than the incumbents on 1 instances: 
0.972364937029375
0.8546757356691667
0.6730674429352084
0.7440751030175
0.6321292131666667
0.5920171273270834
0.6001602009366667
0.471025868529375
0.439549836795
0.39532991722999994
[INFO][abstract_intensifier.py:596] Added config d74845 and rejected config a94595 as incumbent because it is not better than the incumbents on 1 instances: 
0.8877507338945833
0.8452516128864583
0.6179825293456249
0.7668968426199999
0.5900780425397917
0.5619583476597916
0.694518446105
0.45834183373625
0.41206001947812504
0.336072816965
[INFO][abstract_intensifier.py:596] Added config 5d5aa5 and rejected config d74845 as incumbent because it is not better than the incumbents on 1 instances: 
0.9394910013118749
0.8450296452266667
0.6715957973654166
0.7198028694299999
0.6159356686568749
0.564512702230625
0.6589219183835416
0.46042439639937505
0.39943517921541666
0.39769873339541667
0.5704544863033333
0.7067512198593752
0.4695889620633333
0.41467895604874994
0.3464327520320834
0.5712265911895833
0.7136080293097916
0.47247964913708335
0.415049459293125
0.34435993525645825
0.5705131032377083
0.704804379625625
0.4674121176610416
0.41467305532625
0.3464327520320834
0.6353230935568751
0.665768034255625
0.43991189544375
0.43606609218250003
0.4061059253410416
0.6532058262379167
0.674716258344375
0.48226786031249996
0.441005852175625
0.36261179332833327
0.6088534382443751
0.5789516241335417
0.5297354201904166
0.44461976059208336
0.3676743086035416
0.9723649588104166
0.8550301769372918
0.6722006365212501
0.7440744116679167
0.6321292117647916
0.6134648632672917
0.516980748504375
0.4443471645041666
0.3510224354514583
0.35771008949437494
[INFO][abstract_intensifier.py:596] Added config 174f30 and rejected config 5d5aa5 as incumbent because it is not better than the incumbents on 1 instances: 
0.6136683330220833
0.505891281001875
0.4521357838920833
0.37130286182791666
0.3573438754470833
0.6134648630941667
0.5058912831083333
0.45212842699166667
0.3693635333239583
0.3568531574658333
0.6104496963935417
0.674600270580625
0.41244288963729164
0.4409761114277084
0.4095069685425
0.61455548786
0.5198184332970833
0.45193022797062504
0.39453482600520834
0.35178127517104163
0.6139073609945833
0.5073815008195833
0.45191380611979165
0.3927293101783333
0.35190890886104165
0.9726491892774999
0.8541303895520833
0.6725450545329167
0.7442587497212501
0.6217724793327084
0.65858068934125
0.6179192413854167
0.510177687635
0.37014233247729167
0.36334603757041667
0.6095774185164583
0.5536687723927083
0.4519269635397916
0.3909111849710417
0.35191232642833337
0.9706673094989583
0.8319964716256251
0.6694119556043749
0.7443494751814583
0.6331410826964583
0.9727037333512502
0.8318018104735417
0.6700627054895834
0.7450671886233332
0.631996597266875
0.6192847913508335
0.7140709661960417
0.48778789163520836
0.40920074261083333
0.4580838228597916
0.663554110045625
0.6780254835545833
0.47043450835145834
0.4414437167616667
0.3675349269639583
0.6110095410425
0.50704781748875
0.45270639049854167
0.3969664056433333
0.35771126760854166
0.6098853498195834
0.6713533005022917
0.4896414043904167
0.371048783958125
0.3833694299402083
0.5635030110185416
0.6402735116304167
0.47177975209979167
0.4263978319002083
0.3391973379010417
0.611536007036875
0.5061134184464584
0.4553262220516666
0.39696592529437497
0.35771135253874997
0.6228087491614585
0.6551325285797917
0.44891296735291664
0.48041842052125
0.3992984356316666
0.6723685787681251
0.6291257509245833
0.5066470010422917
0.4381794153864583
0.37232327187666664
0.6134626202714583
0.519620494884375
0.45050710183270837
0.3742265507464584
0.35769316245395827
0.6668200546991666
0.629125936555
0.4892002566370834
0.43851003079291667
0.3723463323102083
0.5978589456887501
0.6428051539154166
0.45696855906541667
0.47993723667312504
0.3916593128579167
0.6487871745856251
0.61664006464625
0.44519736992312503
0.510608128198125
0.375611976024375
0.97232433623
0.8537759751172918
0.6725363047787501
0.7442675581570833
0.630218991144375
0.9723245074514583
0.8531772547079167
0.674454418603125
0.7442908945368749
0.63098246388
[INFO][smbo.py:327] Finished 50 trials.
0.9723649588104166
0.8546757356691667
0.6734084931172918
0.7440751030172916
0.6321292131666667
0.6166298410708334
0.633305001488125
0.48998385666645833
0.46201166238354163
0.3681258882470833
0.972364937029375
0.8546757356691667
0.6730674429352084
0.7440751030175
0.6321292131666667
0.6207265748675
0.5381185761497917
0.43284797157291666
0.3675558543839584
0.3637618438372917
0.6191928485710416
0.5404809826956251
0.4328225095216666
0.36742246494
0.36413701286395833
0.8736539177852083
0.8321820090250001
0.6698251843710417
0.6990910682939583
0.6200037372599999
0.972365249993125
0.8550316033174999
0.6729085171370833
0.7440467978672916
0.6321292117647916
0.950630957155625
0.84277806867
0.6617134746735417
0.7451711642670833
0.6327021161091666
0.607987350508125
0.6483628566279168
0.40565258689645833
0.41764288482041667
0.3979936707893749
0.6157211886606251
0.651449385721875
0.474979525976875
0.45837459470125
0.3324385910766666
0.6888423644195835
0.6258334647541666
0.43240473795645834
0.3614881387377083
0.37391017237958335
0.6262961329027085
0.6997856089847917
0.48717237447083334
0.4157692689739584
0.4572268908427083
0.9723993024987501
0.8537759751172918
0.6725363048179166
0.7442669209270834
0.6302189911447916
0.6323616661441667
0.6704217118470833
0.49033388250291665
0.415768865563125
0.45833204588958326
0.6074191474606251
0.6448459932145832
0.5034873091675001
0.47996263350458335
0.3895202488283333
0.6433974102768751
0.6565437736268751
0.5299150152322917
0.4200744606858334
0.3513654539633333
0.9723241436227085
0.8541305691335417
0.6744758380520833
0.7442630284922916
0.6294686674991666
0.9727514004364584
0.8538767226975
0.6617197569481251
0.7491743535104166
0.6328616318977083
0.6049656448272916
0.5587307319447916
0.47863863921624994
0.3678267241314584
0.3646072239854166
0.64941575213375
0.5597562658177082
0.45059493284791663
0.3512441973070833
0.37589532855249996
0.6494905471816668
0.5597562635047917
0.4505949388372917
0.35174854293604163
0.3760230296760417
0.6275437999306251
0.641678835569375
0.5278793050541667
0.38534493165916667
0.3665033165389583
0.61031723472
0.46060679088875
0.4472963270972917
0.3738678705220833
0.411983648189375
0.576401641535
0.6016523442041667
0.4826180931135416
0.33520695737979167
0.3430015085602083
0.6263314992622917
0.5288461977052084
0.43741590249812495
0.38943166085875
0.3649961821827083
[INFO][smbo.py:335] Configuration budget is exhausted:
[INFO][smbo.py:336] --- Remaining wallclock time: inf
[INFO][smbo.py:337] --- Remaining cpu time: inf
[INFO][smbo.py:338] --- Remaining trials: 0
