[INFO][abstract_initial_design.py:87] Reducing the number of initial configurations from 50 to 18 (max_ratio == 0.25).
[INFO][abstract_initial_design.py:139] Using 18 initial design configurations and 0 additional configurations.
[INFO][abstract_intensifier.py:307] Using only one seed for deterministic scenario.
1.1632749383758332
0.9801020682258332
1.0657561907639586
0.9520659034
0.9947890973183333
[INFO][abstract_intensifier.py:517] Added config 6c06af as new incumbent because there are no incumbents yet.
0.5749203088704167
0.6827410857702084
0.7964992284147916
0.5253649471447915
0.5865422324037499
[INFO][abstract_intensifier.py:596] Added config d0fce0 and rejected config 6c06af as incumbent because it is not better than the incumbents on 1 instances: 
1.0456245164102083
0.941778398703125
1.0448581073077083
0.9756227788224999
0.951046732628125
0.6020810561083333
0.5984220348110417
0.7528077067320832
0.5558916217833333
0.5714979823041666
[INFO][abstract_intensifier.py:596] Added config f0dc8c and rejected config d0fce0 as incumbent because it is not better than the incumbents on 1 instances: 
1.1516789700879166
0.9851218449606249
1.0603587295470833
0.9970964648710416
0.9569842710633334
0.631526921645
0.5665795375829167
0.7303139364022918
0.58656313221875
0.6165061440741667
1.1637466572552084
0.9759818825556248
1.0642897164604166
0.9565988989739583
0.9939179922964583
0.7038162739522916
0.7125827115064584
0.731253597854375
0.5774455654620834
0.459314007826875
1.0946378659289584
1.0020281970977085
1.0603582226960417
0.913527039701875
0.954763021009375
0.6194889915845833
0.6876053804991666
0.7695812178510418
0.6765831257870834
0.568863730351875
1.16375985436125
0.9759814956412499
1.0663140248908334
0.9565988989739583
0.9939179923033333
0.6841506275220833
0.5816529649733333
0.7415884074610417
0.5977697963474999
0.5448264568472917
1.163274938361875
0.97748039162875
1.0663136504075001
0.9514984145739582
0.9939179922858333
0.6472889585327083
0.6387572021439584
0.7398078351760417
0.6009622553808334
0.6162426791964583
1.01470929423875
0.9453672187479167
1.0492331392129168
0.9705638938891668
0.9647861183460417
0.6675953098720835
0.5735680147370833
0.7086739621360417
0.5657793497310416
0.5956950922135417
1.0215566799247917
0.9743273636627082
0.9923015310664584
1.0073875923043751
0.9658608088504167
0.622424112818125
0.6291724989452082
0.7011663769341667
0.557895510225625
0.5902344514302083
0.65585911130875
0.6246149943164583
0.7363870052468751
0.5764317299145834
0.539510668456875
0.6810415457472916
0.70390565242625
0.6986783577772917
0.6429519498472916
0.5843425897904166
0.6658908342406249
0.6762297069300001
0.7186771037320834
0.6271515195037499
0.4602515166129167
0.6017469022389583
0.6550335788210417
0.720875757803125
0.4746961316189583
0.5128404781745833
[INFO][abstract_intensifier.py:596] Added config 19cbc7 and rejected config f0dc8c as incumbent because it is not better than the incumbents on 1 instances: 
0.6052935190562501
0.6230208706177083
0.7529478169435416
0.5770417715475001
0.5662884727795833
1.16327493836625
0.9774803916327083
1.0663136504208335
0.9514984146175001
0.99391799228875
0.6052935190562501
0.6233249267002082
0.7460581129870832
0.5757084804577083
0.5395119038854167
0.6221666085608334
0.670483120883125
0.6728302983195834
0.6870246086404167
0.4479480325995833
0.6354224683320833
0.6704670118179167
0.6705032765262501
0.6880702625077083
0.4479480325995833
0.5942355814520833
0.6296123231452083
0.7205877919339584
0.47470253646187494
0.5128407228862499
[INFO][abstract_intensifier.py:596] Added config 26a225 and rejected config 19cbc7 as incumbent because it is not better than the incumbents on 1 instances: 
0.6047950317597917
0.628356687465
0.72093346672875
0.4733581491070833
0.5097256978114583
0.6390090197216668
0.6303153733179165
0.7133806555945834
0.4755196196879166
0.5085261542408334
0.6728590930791667
0.6212126671920833
0.6910638903595834
0.5648482867029168
0.6120207850974999
0.6372379499016667
0.631013118971875
0.7133806557179168
0.4755381755916666
0.5087777207935417
0.6289351890437499
0.64862816975
0.7050200124479168
0.4847907187085416
0.5061946706964583
0.6261170221179166
0.6752684957856251
0.7093805609181251
0.47212097049374996
0.5082844534589583
1.1637466572527084
0.9759818825564582
1.0642897164610416
0.9513777811514584
0.9939179922895833
0.6488196272306249
0.6016149056187499
0.7110675533956249
0.5451951776672916
0.6227980850868751
1.163759854364375
0.9759818825554165
1.0642897164604166
0.9564373291964583
0.9939179922972916
0.6304394716495832
0.68494399616875
0.718001460555
0.6283974268704167
0.4912710072725
1.163274938370625
0.9783353118008333
1.0657558287614584
0.9514984145541666
0.9939179923045833
0.6582858708193751
0.6016149063397916
0.7142443197820835
0.5473324032429167
0.6332333523768751
0.6584823895518749
0.6016393122025001
0.7142826920577083
0.5487246781910415
0.6332333523768751
1.12415265651
0.9438077758468749
1.0539382053910418
0.96395730561
0.9705854151189584
1.163746657255
0.9759818825552082
1.0642993468127082
0.9564373292
0.9939179922949999
0.6357292759641666
0.61464569153375
0.7197927705952084
0.5920588166083334
0.58896818523375
1.1443435244554165
0.9850855702639584
1.0603587295410417
0.99703732301125
0.9569842710633334
0.6559729383966667
0.6146932884752084
0.703094424025625
0.5920724729120833
0.5889679720058333
0.6469862138670834
0.6567967686847918
0.7173777806091668
0.5920724620458333
0.5912034379902084
0.64703353952625
0.6130695405402083
0.7172894414464585
0.5938929078852084
0.5893412530864582
0.6887116342833333
0.676254554213125
0.711064864623125
0.5979027094006251
0.5906324824604167
0.6941397298579166
0.5658636416093751
0.6832372692952084
0.5706310252377083
0.5913001630129167
[INFO][smbo.py:327] Finished 50 trials.
0.6167936100689583
0.5569288945658334
0.7478150480654168
0.5359580849527084
0.546912748375
1.1632749383802083
0.9779648783560416
1.064298972360625
0.9518139189610416
0.9939179922979167
0.6743793281291666
0.5906861244316667
0.7713778713843751
0.5862513192393751
0.518540890626875
1.163274938361875
0.97748039162875
1.0663136504075001
0.9514984145739582
0.9939179922858333
0.6169426618291667
0.5569288463725
0.7537415138260416
0.5359712997927083
0.5469906595639583
0.6170461785643749
0.5599055389470833
0.7661784802883334
0.5389162641433333
0.5390987016577083
0.6126117575666666
0.64536488691875
0.7147321999847916
0.473044581928125
0.5069699353085416
0.609433929164375
0.5605107136029166
0.7599558014777084
0.5394169079345834
0.5393811346977083
1.0499795141493748
0.9742936966868749
1.0642451484481252
0.9222222454083334
0.9665231662602084
1.0231242261989584
0.9610855199477083
1.048707358259375
0.9284093387660417
0.9559100547322916
0.607335353169375
0.6283563600187502
0.7209326302554168
0.47335796836395827
0.5097358341520832
1.1602310728722918
0.9708706360285416
1.0643077735735418
0.9400451710560417
0.9624764767010416
0.6819296814268749
0.5545284152252083
0.6962104303216667
0.6059151902908333
0.5964297110766666
0.6295109066143749
0.6283520639162501
0.7209142066277084
0.47335796836395827
0.5097358335985416
0.6191248492491667
0.6283522169235417
0.7209399208697918
0.4733783217152083
0.509195141771875
0.637290520368125
0.6303165087741667
0.7047619240306251
0.4752505253385416
0.506004085958125
0.669759742898125
0.5704569323095833
0.6916702652070833
0.5660716559622917
0.6013913813924999
1.1618345570210415
0.9699415781085416
1.0603590351072918
0.948891480859375
0.942074398325625
1.2009804360364584
1.016540163226875
1.0663119232808334
0.9619811455583333
0.9939179923204164
1.1620667074270834
0.96998956196375
1.060358728430625
0.9536839361589583
0.9421730899475
0.6200452891679167
0.69551544248
0.7374788970291667
0.471161552470625
0.5419684377114583
0.5951765874558334
0.6250799885572917
0.70670211760375
0.4833867898060416
0.506200382680625
[INFO][abstract_intensifier.py:596] Added config c816d8 and rejected config 26a225 as incumbent because it is not better than the incumbents on 1 instances: 
0.6184166766841667
0.6250845411745833
0.7017782492539584
0.48524358354062497
0.51679571485125
0.6237678736558333
0.6633035374433334
0.70726185890625
0.4850597488647917
0.5057569014843749
0.6232814761197916
0.7194044579852082
0.7646023159543751
0.7001577251362501
0.579726102779375
[INFO][smbo.py:335] Configuration budget is exhausted:
[INFO][smbo.py:336] --- Remaining wallclock time: inf
[INFO][smbo.py:337] --- Remaining cpu time: inf
[INFO][smbo.py:338] --- Remaining trials: 0
