Loading switching predictor models...
Loaded switching model for budget 16
Loaded switching model for budget 88
Loaded switching model for budget 50
Loaded switching model for budget 56
Loaded switching model for budget 800
Loaded switching model for budget 100
Loaded switching model for budget 96
Loaded switching model for budget 64
Loaded switching model for budget 350
Loaded switching model for budget 650
Loaded switching model for budget 80
Loaded switching model for budget 8
Loaded switching model for budget 750
Loaded switching model for budget 500
Loaded switching model for budget 24
Loaded switching model for budget 400
Loaded switching model for budget 700
Loaded switching model for budget 300
Loaded switching model for budget 600
Loaded switching model for budget 900
Loaded switching model for budget 950
Loaded switching model for budget 850
Loaded switching model for budget 550
Loaded switching model for budget 32
Loaded switching model for budget 200
Loaded switching model for budget 72
Loaded switching model for budget 250
Loaded switching model for budget 450
Loaded switching model for budget 48
Loaded switching model for budget 150
Loaded switching model for budget 40
Loaded performance model for budget 16
Loaded performance model for budget 88
Loaded performance model for budget 50
Loaded performance model for budget 56
Loaded performance model for budget 800
Loaded performance model for budget 100
Loaded performance model for budget 96
Loaded performance model for budget 64
Loaded performance model for budget 350
Loaded performance model for budget 650
Loaded performance model for budget 80
Loaded performance model for budget 8
Loaded performance model for budget 750
Loaded performance model for budget 500
Loaded performance model for budget 24
Loaded performance model for budget 400
Loaded performance model for budget 700
Loaded performance model for budget 300
Loaded performance model for budget 600
Loaded performance model for budget 900
Loaded performance model for budget 950
Loaded performance model for budget 850
Loaded performance model for budget 550
Loaded performance model for budget 32
Loaded performance model for budget 200
Loaded performance model for budget 72
Loaded performance model for budget 250
Loaded performance model for budget 450
Loaded performance model for budget 48
Loaded performance model for budget 150
Loaded performance model for budget 40
Processing (fid=1, iid=1, rep=20)...
Processing (fid=1, iid=1, rep=21)...
Processing (fid=1, iid=1, rep=22)...
Processing (fid=1, iid=1, rep=23)...
Processing (fid=1, iid=1, rep=24)...
Processing (fid=1, iid=1, rep=25)...
Processing (fid=1, iid=1, rep=26)...
Processing (fid=1, iid=1, rep=27)...
Processing (fid=1, iid=1, rep=28)...
Processing (fid=1, iid=1, rep=29)...
Processing (fid=1, iid=2, rep=20)...
Processing (fid=1, iid=2, rep=21)...
Processing (fid=1, iid=2, rep=22)...
Processing (fid=1, iid=2, rep=23)...
Processing (fid=1, iid=2, rep=24)...
Processing (fid=1, iid=2, rep=25)...
Processing (fid=1, iid=2, rep=26)...
Processing (fid=1, iid=2, rep=27)...
Processing (fid=1, iid=2, rep=28)...
Processing (fid=1, iid=2, rep=29)...
Processing (fid=1, iid=3, rep=20)...
Processing (fid=1, iid=3, rep=21)...
Processing (fid=1, iid=3, rep=22)...
Processing (fid=1, iid=3, rep=23)...
Processing (fid=1, iid=3, rep=24)...
Processing (fid=1, iid=3, rep=25)...
Processing (fid=1, iid=3, rep=26)...
Processing (fid=1, iid=3, rep=27)...
Processing (fid=1, iid=3, rep=28)...
Processing (fid=1, iid=3, rep=29)...
Processing (fid=1, iid=4, rep=20)...
Processing (fid=1, iid=4, rep=21)...
Processing (fid=1, iid=4, rep=22)...
Processing (fid=1, iid=4, rep=23)...
Processing (fid=1, iid=4, rep=24)...
Processing (fid=1, iid=4, rep=25)...
Processing (fid=1, iid=4, rep=26)...
Processing (fid=1, iid=4, rep=27)...
Processing (fid=1, iid=4, rep=28)...
Processing (fid=1, iid=4, rep=29)...
Processing (fid=1, iid=5, rep=20)...
Processing (fid=1, iid=5, rep=21)...
Processing (fid=1, iid=5, rep=22)...
Processing (fid=1, iid=5, rep=23)...
Processing (fid=1, iid=5, rep=24)...
Processing (fid=1, iid=5, rep=25)...
Processing (fid=1, iid=5, rep=26)...
Processing (fid=1, iid=5, rep=27)...
Processing (fid=1, iid=5, rep=28)...
Processing (fid=1, iid=5, rep=29)...
Processing (fid=2, iid=1, rep=20)...
Processing (fid=2, iid=1, rep=21)...
Processing (fid=2, iid=1, rep=22)...
Processing (fid=2, iid=1, rep=23)...
Processing (fid=2, iid=1, rep=24)...
Processing (fid=2, iid=1, rep=25)...
Processing (fid=2, iid=1, rep=26)...
Processing (fid=2, iid=1, rep=27)...
Processing (fid=2, iid=1, rep=28)...
Processing (fid=2, iid=1, rep=29)...
Processing (fid=2, iid=2, rep=20)...
Processing (fid=2, iid=2, rep=21)...
Processing (fid=2, iid=2, rep=22)...
Processing (fid=2, iid=2, rep=23)...
Processing (fid=2, iid=2, rep=24)...
Processing (fid=2, iid=2, rep=25)...
Processing (fid=2, iid=2, rep=26)...
Processing (fid=2, iid=2, rep=27)...
Processing (fid=2, iid=2, rep=28)...
Processing (fid=2, iid=2, rep=29)...
Processing (fid=2, iid=3, rep=20)...
Processing (fid=2, iid=3, rep=21)...
Processing (fid=2, iid=3, rep=22)...
Processing (fid=2, iid=3, rep=23)...
Processing (fid=2, iid=3, rep=24)...
Processing (fid=2, iid=3, rep=25)...
Processing (fid=2, iid=3, rep=26)...
Processing (fid=2, iid=3, rep=27)...
Processing (fid=2, iid=3, rep=28)...
Processing (fid=2, iid=3, rep=29)...
Processing (fid=2, iid=4, rep=20)...
Processing (fid=2, iid=4, rep=21)...
Processing (fid=2, iid=4, rep=22)...
Processing (fid=2, iid=4, rep=23)...
Processing (fid=2, iid=4, rep=24)...
Processing (fid=2, iid=4, rep=25)...
Processing (fid=2, iid=4, rep=26)...
Processing (fid=2, iid=4, rep=27)...
Processing (fid=2, iid=4, rep=28)...
Processing (fid=2, iid=4, rep=29)...
Processing (fid=2, iid=5, rep=20)...
Processing (fid=2, iid=5, rep=21)...
Processing (fid=2, iid=5, rep=22)...
Processing (fid=2, iid=5, rep=23)...
Processing (fid=2, iid=5, rep=24)...
Processing (fid=2, iid=5, rep=25)...
Processing (fid=2, iid=5, rep=26)...
Processing (fid=2, iid=5, rep=27)...
Processing (fid=2, iid=5, rep=28)...
Processing (fid=2, iid=5, rep=29)...
Processing (fid=3, iid=1, rep=20)...
Processing (fid=3, iid=1, rep=21)...
Processing (fid=3, iid=1, rep=22)...
Processing (fid=3, iid=1, rep=23)...
Processing (fid=3, iid=1, rep=24)...
Processing (fid=3, iid=1, rep=25)...
Processing (fid=3, iid=1, rep=26)...
Processing (fid=3, iid=1, rep=27)...
Processing (fid=3, iid=1, rep=28)...
Processing (fid=3, iid=1, rep=29)...
Processing (fid=3, iid=2, rep=20)...
Processing (fid=3, iid=2, rep=21)...
Processing (fid=3, iid=2, rep=22)...
Processing (fid=3, iid=2, rep=23)...
Processing (fid=3, iid=2, rep=24)...
Processing (fid=3, iid=2, rep=25)...
Processing (fid=3, iid=2, rep=26)...
Processing (fid=3, iid=2, rep=27)...
Processing (fid=3, iid=2, rep=28)...
Processing (fid=3, iid=2, rep=29)...
Processing (fid=3, iid=3, rep=20)...
Processing (fid=3, iid=3, rep=21)...
Processing (fid=3, iid=3, rep=22)...
Processing (fid=3, iid=3, rep=23)...
Processing (fid=3, iid=3, rep=24)...
Processing (fid=3, iid=3, rep=25)...
Processing (fid=3, iid=3, rep=26)...
Processing (fid=3, iid=3, rep=27)...
Processing (fid=3, iid=3, rep=28)...
Processing (fid=3, iid=3, rep=29)...
Processing (fid=3, iid=4, rep=20)...
Processing (fid=3, iid=4, rep=21)...
Processing (fid=3, iid=4, rep=22)...
Processing (fid=3, iid=4, rep=23)...
Processing (fid=3, iid=4, rep=24)...
Processing (fid=3, iid=4, rep=25)...
Processing (fid=3, iid=4, rep=26)...
Processing (fid=3, iid=4, rep=27)...
Processing (fid=3, iid=4, rep=28)...
Processing (fid=3, iid=4, rep=29)...
Processing (fid=3, iid=5, rep=20)...
Processing (fid=3, iid=5, rep=21)...
Processing (fid=3, iid=5, rep=22)...
Processing (fid=3, iid=5, rep=23)...
Processing (fid=3, iid=5, rep=24)...
Processing (fid=3, iid=5, rep=25)...
Processing (fid=3, iid=5, rep=26)...
Processing (fid=3, iid=5, rep=27)...
Processing (fid=3, iid=5, rep=28)...
Processing (fid=3, iid=5, rep=29)...
Processing (fid=4, iid=1, rep=20)...
Processing (fid=4, iid=1, rep=21)...
Processing (fid=4, iid=1, rep=22)...
Processing (fid=4, iid=1, rep=23)...
Processing (fid=4, iid=1, rep=24)...
Processing (fid=4, iid=1, rep=25)...
Processing (fid=4, iid=1, rep=26)...
Processing (fid=4, iid=1, rep=27)...
Processing (fid=4, iid=1, rep=28)...
Processing (fid=4, iid=1, rep=29)...
Processing (fid=4, iid=2, rep=20)...
Processing (fid=4, iid=2, rep=21)...
Processing (fid=4, iid=2, rep=22)...
Processing (fid=4, iid=2, rep=23)...
Processing (fid=4, iid=2, rep=24)...
Processing (fid=4, iid=2, rep=25)...
Processing (fid=4, iid=2, rep=26)...
Processing (fid=4, iid=2, rep=27)...
Processing (fid=4, iid=2, rep=28)...
Processing (fid=4, iid=2, rep=29)...
Processing (fid=4, iid=3, rep=20)...
Processing (fid=4, iid=3, rep=21)...
Processing (fid=4, iid=3, rep=22)...
Processing (fid=4, iid=3, rep=23)...
Processing (fid=4, iid=3, rep=24)...
Processing (fid=4, iid=3, rep=25)...
Processing (fid=4, iid=3, rep=26)...
Processing (fid=4, iid=3, rep=27)...
Processing (fid=4, iid=3, rep=28)...
Processing (fid=4, iid=3, rep=29)...
Processing (fid=4, iid=4, rep=20)...
Processing (fid=4, iid=4, rep=21)...
Processing (fid=4, iid=4, rep=22)...
Processing (fid=4, iid=4, rep=23)...
Processing (fid=4, iid=4, rep=24)...
Processing (fid=4, iid=4, rep=25)...
Processing (fid=4, iid=4, rep=26)...
Processing (fid=4, iid=4, rep=27)...
Processing (fid=4, iid=4, rep=28)...
Processing (fid=4, iid=4, rep=29)...
Processing (fid=4, iid=5, rep=20)...
Processing (fid=4, iid=5, rep=21)...
Processing (fid=4, iid=5, rep=22)...
Processing (fid=4, iid=5, rep=23)...
Processing (fid=4, iid=5, rep=24)...
Processing (fid=4, iid=5, rep=25)...
Processing (fid=4, iid=5, rep=26)...
Processing (fid=4, iid=5, rep=27)...
Processing (fid=4, iid=5, rep=28)...
Processing (fid=4, iid=5, rep=29)...
Processing (fid=5, iid=1, rep=20)...
Processing (fid=5, iid=1, rep=21)...
Processing (fid=5, iid=1, rep=22)...
Processing (fid=5, iid=1, rep=23)...
Processing (fid=5, iid=1, rep=24)...
Processing (fid=5, iid=1, rep=25)...
Processing (fid=5, iid=1, rep=26)...
Processing (fid=5, iid=1, rep=27)...
Processing (fid=5, iid=1, rep=28)...
Processing (fid=5, iid=1, rep=29)...
Processing (fid=5, iid=2, rep=20)...
Processing (fid=5, iid=2, rep=21)...
Processing (fid=5, iid=2, rep=22)...
Processing (fid=5, iid=2, rep=23)...
Processing (fid=5, iid=2, rep=24)...
Processing (fid=5, iid=2, rep=25)...
Processing (fid=5, iid=2, rep=26)...
Processing (fid=5, iid=2, rep=27)...
Processing (fid=5, iid=2, rep=28)...
Processing (fid=5, iid=2, rep=29)...
Processing (fid=5, iid=3, rep=20)...
Processing (fid=5, iid=3, rep=21)...
Processing (fid=5, iid=3, rep=22)...
Processing (fid=5, iid=3, rep=23)...
Processing (fid=5, iid=3, rep=24)...
Processing (fid=5, iid=3, rep=25)...
Processing (fid=5, iid=3, rep=26)...
Processing (fid=5, iid=3, rep=27)...
Processing (fid=5, iid=3, rep=28)...
Processing (fid=5, iid=3, rep=29)...
Processing (fid=5, iid=4, rep=20)...
Processing (fid=5, iid=4, rep=21)...
Processing (fid=5, iid=4, rep=22)...
Processing (fid=5, iid=4, rep=23)...
Processing (fid=5, iid=4, rep=24)...
Processing (fid=5, iid=4, rep=25)...
Processing (fid=5, iid=4, rep=26)...
Processing (fid=5, iid=4, rep=27)...
Processing (fid=5, iid=4, rep=28)...
Processing (fid=5, iid=4, rep=29)...
Processing (fid=5, iid=5, rep=20)...
Processing (fid=5, iid=5, rep=21)...
Processing (fid=5, iid=5, rep=22)...
Processing (fid=5, iid=5, rep=23)...
Processing (fid=5, iid=5, rep=24)...
Processing (fid=5, iid=5, rep=25)...
Processing (fid=5, iid=5, rep=26)...
Processing (fid=5, iid=5, rep=27)...
Processing (fid=5, iid=5, rep=28)...
Processing (fid=5, iid=5, rep=29)...
Processing (fid=6, iid=1, rep=20)...
Processing (fid=6, iid=1, rep=21)...
Processing (fid=6, iid=1, rep=22)...
Processing (fid=6, iid=1, rep=23)...
Processing (fid=6, iid=1, rep=24)...
Processing (fid=6, iid=1, rep=25)...
Processing (fid=6, iid=1, rep=26)...
Processing (fid=6, iid=1, rep=27)...
Processing (fid=6, iid=1, rep=28)...
Processing (fid=6, iid=1, rep=29)...
Processing (fid=6, iid=2, rep=20)...
Processing (fid=6, iid=2, rep=21)...
Processing (fid=6, iid=2, rep=22)...
Processing (fid=6, iid=2, rep=23)...
Processing (fid=6, iid=2, rep=24)...
Processing (fid=6, iid=2, rep=25)...
Processing (fid=6, iid=2, rep=26)...
Processing (fid=6, iid=2, rep=27)...
Processing (fid=6, iid=2, rep=28)...
Processing (fid=6, iid=2, rep=29)...
Processing (fid=6, iid=3, rep=20)...
Processing (fid=6, iid=3, rep=21)...
Processing (fid=6, iid=3, rep=22)...
Processing (fid=6, iid=3, rep=23)...
Processing (fid=6, iid=3, rep=24)...
Processing (fid=6, iid=3, rep=25)...
Processing (fid=6, iid=3, rep=26)...
Processing (fid=6, iid=3, rep=27)...
Processing (fid=6, iid=3, rep=28)...
Processing (fid=6, iid=3, rep=29)...
Processing (fid=6, iid=4, rep=20)...
Processing (fid=6, iid=4, rep=21)...
Processing (fid=6, iid=4, rep=22)...
Processing (fid=6, iid=4, rep=23)...
Processing (fid=6, iid=4, rep=24)...
Processing (fid=6, iid=4, rep=25)...
Processing (fid=6, iid=4, rep=26)...
Processing (fid=6, iid=4, rep=27)...
Processing (fid=6, iid=4, rep=28)...
Processing (fid=6, iid=4, rep=29)...
Processing (fid=6, iid=5, rep=20)...
Processing (fid=6, iid=5, rep=21)...
Processing (fid=6, iid=5, rep=22)...
Processing (fid=6, iid=5, rep=23)...
Processing (fid=6, iid=5, rep=24)...
Processing (fid=6, iid=5, rep=25)...
Processing (fid=6, iid=5, rep=26)...
Processing (fid=6, iid=5, rep=27)...
Processing (fid=6, iid=5, rep=28)...
Processing (fid=6, iid=5, rep=29)...
Processing (fid=7, iid=1, rep=20)...
Processing (fid=7, iid=1, rep=21)...
Processing (fid=7, iid=1, rep=22)...
Processing (fid=7, iid=1, rep=23)...
Processing (fid=7, iid=1, rep=24)...
Processing (fid=7, iid=1, rep=25)...
Processing (fid=7, iid=1, rep=26)...
Processing (fid=7, iid=1, rep=27)...
Processing (fid=7, iid=1, rep=28)...
Processing (fid=7, iid=1, rep=29)...
Processing (fid=7, iid=2, rep=20)...
Processing (fid=7, iid=2, rep=21)...
Processing (fid=7, iid=2, rep=22)...
Processing (fid=7, iid=2, rep=23)...
Processing (fid=7, iid=2, rep=24)...
Processing (fid=7, iid=2, rep=25)...
Processing (fid=7, iid=2, rep=26)...
Processing (fid=7, iid=2, rep=27)...
Processing (fid=7, iid=2, rep=28)...
Processing (fid=7, iid=2, rep=29)...
Processing (fid=7, iid=3, rep=20)...
Processing (fid=7, iid=3, rep=21)...
Processing (fid=7, iid=3, rep=22)...
Processing (fid=7, iid=3, rep=23)...
Processing (fid=7, iid=3, rep=24)...
Processing (fid=7, iid=3, rep=25)...
Processing (fid=7, iid=3, rep=26)...
Processing (fid=7, iid=3, rep=27)...
Processing (fid=7, iid=3, rep=28)...
Processing (fid=7, iid=3, rep=29)...
Processing (fid=7, iid=4, rep=20)...
Processing (fid=7, iid=4, rep=21)...
Processing (fid=7, iid=4, rep=22)...
Processing (fid=7, iid=4, rep=23)...
Processing (fid=7, iid=4, rep=24)...
Processing (fid=7, iid=4, rep=25)...
Processing (fid=7, iid=4, rep=26)...
Processing (fid=7, iid=4, rep=27)...
Processing (fid=7, iid=4, rep=28)...
Processing (fid=7, iid=4, rep=29)...
Processing (fid=7, iid=5, rep=20)...
Processing (fid=7, iid=5, rep=21)...
Processing (fid=7, iid=5, rep=22)...
Processing (fid=7, iid=5, rep=23)...
Processing (fid=7, iid=5, rep=24)...
Processing (fid=7, iid=5, rep=25)...
Processing (fid=7, iid=5, rep=26)...
Processing (fid=7, iid=5, rep=27)...
Processing (fid=7, iid=5, rep=28)...
Processing (fid=7, iid=5, rep=29)...
Processing (fid=8, iid=1, rep=20)...
Processing (fid=8, iid=1, rep=21)...
Processing (fid=8, iid=1, rep=22)...
Processing (fid=8, iid=1, rep=23)...
Processing (fid=8, iid=1, rep=24)...
Processing (fid=8, iid=1, rep=25)...
Processing (fid=8, iid=1, rep=26)...
Processing (fid=8, iid=1, rep=27)...
Processing (fid=8, iid=1, rep=28)...
Processing (fid=8, iid=1, rep=29)...
Processing (fid=8, iid=2, rep=20)...
Processing (fid=8, iid=2, rep=21)...
Processing (fid=8, iid=2, rep=22)...
Processing (fid=8, iid=2, rep=23)...
Processing (fid=8, iid=2, rep=24)...
Processing (fid=8, iid=2, rep=25)...
Processing (fid=8, iid=2, rep=26)...
Processing (fid=8, iid=2, rep=27)...
Processing (fid=8, iid=2, rep=28)...
Processing (fid=8, iid=2, rep=29)...
Processing (fid=8, iid=3, rep=20)...
Processing (fid=8, iid=3, rep=21)...
Processing (fid=8, iid=3, rep=22)...
Processing (fid=8, iid=3, rep=23)...
Processing (fid=8, iid=3, rep=24)...
Processing (fid=8, iid=3, rep=25)...
Processing (fid=8, iid=3, rep=26)...
Processing (fid=8, iid=3, rep=27)...
Processing (fid=8, iid=3, rep=28)...
Processing (fid=8, iid=3, rep=29)...
Processing (fid=8, iid=4, rep=20)...
Processing (fid=8, iid=4, rep=21)...
Processing (fid=8, iid=4, rep=22)...
Processing (fid=8, iid=4, rep=23)...
Processing (fid=8, iid=4, rep=24)...
Processing (fid=8, iid=4, rep=25)...
Processing (fid=8, iid=4, rep=26)...
Processing (fid=8, iid=4, rep=27)...
Processing (fid=8, iid=4, rep=28)...
Processing (fid=8, iid=4, rep=29)...
Processing (fid=8, iid=5, rep=20)...
Processing (fid=8, iid=5, rep=21)...
Processing (fid=8, iid=5, rep=22)...
Processing (fid=8, iid=5, rep=23)...
Processing (fid=8, iid=5, rep=24)...
Processing (fid=8, iid=5, rep=25)...
Processing (fid=8, iid=5, rep=26)...
Processing (fid=8, iid=5, rep=27)...
Processing (fid=8, iid=5, rep=28)...
Processing (fid=8, iid=5, rep=29)...
Processing (fid=9, iid=1, rep=20)...
Processing (fid=9, iid=1, rep=21)...
Processing (fid=9, iid=1, rep=22)...
Processing (fid=9, iid=1, rep=23)...
Processing (fid=9, iid=1, rep=24)...
Processing (fid=9, iid=1, rep=25)...
Processing (fid=9, iid=1, rep=26)...
Processing (fid=9, iid=1, rep=27)...
Processing (fid=9, iid=1, rep=28)...
Processing (fid=9, iid=1, rep=29)...
Processing (fid=9, iid=2, rep=20)...
Processing (fid=9, iid=2, rep=21)...
Processing (fid=9, iid=2, rep=22)...
Processing (fid=9, iid=2, rep=23)...
Processing (fid=9, iid=2, rep=24)...
Processing (fid=9, iid=2, rep=25)...
Processing (fid=9, iid=2, rep=26)...
Processing (fid=9, iid=2, rep=27)...
Processing (fid=9, iid=2, rep=28)...
Processing (fid=9, iid=2, rep=29)...
Processing (fid=9, iid=3, rep=20)...
Processing (fid=9, iid=3, rep=21)...
Processing (fid=9, iid=3, rep=22)...
Processing (fid=9, iid=3, rep=23)...
Processing (fid=9, iid=3, rep=24)...
Processing (fid=9, iid=3, rep=25)...
Processing (fid=9, iid=3, rep=26)...
Processing (fid=9, iid=3, rep=27)...
Processing (fid=9, iid=3, rep=28)...
Processing (fid=9, iid=3, rep=29)...
Processing (fid=9, iid=4, rep=20)...
Processing (fid=9, iid=4, rep=21)...
Processing (fid=9, iid=4, rep=22)...
Processing (fid=9, iid=4, rep=23)...
Processing (fid=9, iid=4, rep=24)...
Processing (fid=9, iid=4, rep=25)...
Processing (fid=9, iid=4, rep=26)...
Processing (fid=9, iid=4, rep=27)...
Processing (fid=9, iid=4, rep=28)...
Processing (fid=9, iid=4, rep=29)...
Processing (fid=9, iid=5, rep=20)...
Processing (fid=9, iid=5, rep=21)...
Processing (fid=9, iid=5, rep=22)...
Processing (fid=9, iid=5, rep=23)...
Processing (fid=9, iid=5, rep=24)...
Processing (fid=9, iid=5, rep=25)...
Processing (fid=9, iid=5, rep=26)...
Processing (fid=9, iid=5, rep=27)...
Processing (fid=9, iid=5, rep=28)...
Processing (fid=9, iid=5, rep=29)...
Processing (fid=10, iid=1, rep=20)...
Processing (fid=10, iid=1, rep=21)...
Processing (fid=10, iid=1, rep=22)...
Processing (fid=10, iid=1, rep=23)...
Processing (fid=10, iid=1, rep=24)...
Processing (fid=10, iid=1, rep=25)...
Processing (fid=10, iid=1, rep=26)...
Processing (fid=10, iid=1, rep=27)...
Processing (fid=10, iid=1, rep=28)...
Processing (fid=10, iid=1, rep=29)...
Processing (fid=10, iid=2, rep=20)...
Processing (fid=10, iid=2, rep=21)...
Processing (fid=10, iid=2, rep=22)...
Processing (fid=10, iid=2, rep=23)...
Processing (fid=10, iid=2, rep=24)...
Processing (fid=10, iid=2, rep=25)...
Processing (fid=10, iid=2, rep=26)...
Processing (fid=10, iid=2, rep=27)...
Processing (fid=10, iid=2, rep=28)...
Processing (fid=10, iid=2, rep=29)...
Processing (fid=10, iid=3, rep=20)...
Processing (fid=10, iid=3, rep=21)...
Processing (fid=10, iid=3, rep=22)...
Processing (fid=10, iid=3, rep=23)...
Processing (fid=10, iid=3, rep=24)...
Processing (fid=10, iid=3, rep=25)...
Processing (fid=10, iid=3, rep=26)...
Processing (fid=10, iid=3, rep=27)...
Processing (fid=10, iid=3, rep=28)...
Processing (fid=10, iid=3, rep=29)...
Processing (fid=10, iid=4, rep=20)...
Processing (fid=10, iid=4, rep=21)...
Processing (fid=10, iid=4, rep=22)...
Processing (fid=10, iid=4, rep=23)...
Processing (fid=10, iid=4, rep=24)...
Processing (fid=10, iid=4, rep=25)...
Processing (fid=10, iid=4, rep=26)...
Processing (fid=10, iid=4, rep=27)...
Processing (fid=10, iid=4, rep=28)...
Processing (fid=10, iid=4, rep=29)...
Processing (fid=10, iid=5, rep=20)...
Processing (fid=10, iid=5, rep=21)...
Processing (fid=10, iid=5, rep=22)...
Processing (fid=10, iid=5, rep=23)...
Processing (fid=10, iid=5, rep=24)...
Processing (fid=10, iid=5, rep=25)...
Processing (fid=10, iid=5, rep=26)...
Processing (fid=10, iid=5, rep=27)...
Processing (fid=10, iid=5, rep=28)...
Processing (fid=10, iid=5, rep=29)...
Processing (fid=11, iid=1, rep=20)...
Processing (fid=11, iid=1, rep=21)...
Processing (fid=11, iid=1, rep=22)...
Processing (fid=11, iid=1, rep=23)...
Processing (fid=11, iid=1, rep=24)...
Processing (fid=11, iid=1, rep=25)...
Processing (fid=11, iid=1, rep=26)...
Processing (fid=11, iid=1, rep=27)...
Processing (fid=11, iid=1, rep=28)...
Processing (fid=11, iid=1, rep=29)...
Processing (fid=11, iid=2, rep=20)...
Processing (fid=11, iid=2, rep=21)...
Processing (fid=11, iid=2, rep=22)...
Processing (fid=11, iid=2, rep=23)...
Processing (fid=11, iid=2, rep=24)...
Processing (fid=11, iid=2, rep=25)...
Processing (fid=11, iid=2, rep=26)...
Processing (fid=11, iid=2, rep=27)...
Processing (fid=11, iid=2, rep=28)...
Processing (fid=11, iid=2, rep=29)...
Processing (fid=11, iid=3, rep=20)...
Processing (fid=11, iid=3, rep=21)...
Processing (fid=11, iid=3, rep=22)...
Processing (fid=11, iid=3, rep=23)...
Processing (fid=11, iid=3, rep=24)...
Processing (fid=11, iid=3, rep=25)...
Processing (fid=11, iid=3, rep=26)...
Processing (fid=11, iid=3, rep=27)...
Processing (fid=11, iid=3, rep=28)...
Processing (fid=11, iid=3, rep=29)...
Processing (fid=11, iid=4, rep=20)...
Processing (fid=11, iid=4, rep=21)...
Processing (fid=11, iid=4, rep=22)...
Processing (fid=11, iid=4, rep=23)...
Processing (fid=11, iid=4, rep=24)...
Processing (fid=11, iid=4, rep=25)...
Processing (fid=11, iid=4, rep=26)...
Processing (fid=11, iid=4, rep=27)...
Processing (fid=11, iid=4, rep=28)...
Processing (fid=11, iid=4, rep=29)...
Processing (fid=11, iid=5, rep=20)...
Processing (fid=11, iid=5, rep=21)...
Processing (fid=11, iid=5, rep=22)...
Processing (fid=11, iid=5, rep=23)...
Processing (fid=11, iid=5, rep=24)...
Processing (fid=11, iid=5, rep=25)...
Processing (fid=11, iid=5, rep=26)...
Processing (fid=11, iid=5, rep=27)...
Processing (fid=11, iid=5, rep=28)...
Processing (fid=11, iid=5, rep=29)...
Processing (fid=12, iid=1, rep=20)...
Processing (fid=12, iid=1, rep=21)...
Processing (fid=12, iid=1, rep=22)...
Processing (fid=12, iid=1, rep=23)...
Processing (fid=12, iid=1, rep=24)...
Processing (fid=12, iid=1, rep=25)...
Processing (fid=12, iid=1, rep=26)...
Processing (fid=12, iid=1, rep=27)...
Processing (fid=12, iid=1, rep=28)...
Processing (fid=12, iid=1, rep=29)...
Processing (fid=12, iid=2, rep=20)...
Processing (fid=12, iid=2, rep=21)...
Processing (fid=12, iid=2, rep=22)...
Processing (fid=12, iid=2, rep=23)...
Processing (fid=12, iid=2, rep=24)...
Processing (fid=12, iid=2, rep=25)...
Processing (fid=12, iid=2, rep=26)...
Processing (fid=12, iid=2, rep=27)...
Processing (fid=12, iid=2, rep=28)...
Processing (fid=12, iid=2, rep=29)...
Processing (fid=12, iid=3, rep=20)...
Processing (fid=12, iid=3, rep=21)...
Processing (fid=12, iid=3, rep=22)...
Processing (fid=12, iid=3, rep=23)...
Processing (fid=12, iid=3, rep=24)...
Processing (fid=12, iid=3, rep=25)...
Processing (fid=12, iid=3, rep=26)...
Processing (fid=12, iid=3, rep=27)...
Processing (fid=12, iid=3, rep=28)...
Processing (fid=12, iid=3, rep=29)...
Processing (fid=12, iid=4, rep=20)...
Processing (fid=12, iid=4, rep=21)...
Processing (fid=12, iid=4, rep=22)...
Processing (fid=12, iid=4, rep=23)...
Processing (fid=12, iid=4, rep=24)...
Processing (fid=12, iid=4, rep=25)...
Processing (fid=12, iid=4, rep=26)...
Processing (fid=12, iid=4, rep=27)...
Processing (fid=12, iid=4, rep=28)...
Processing (fid=12, iid=4, rep=29)...
Processing (fid=12, iid=5, rep=20)...
Processing (fid=12, iid=5, rep=21)...
Processing (fid=12, iid=5, rep=22)...
Processing (fid=12, iid=5, rep=23)...
Processing (fid=12, iid=5, rep=24)...
Processing (fid=12, iid=5, rep=25)...
Processing (fid=12, iid=5, rep=26)...
Processing (fid=12, iid=5, rep=27)...
Processing (fid=12, iid=5, rep=28)...
Processing (fid=12, iid=5, rep=29)...
Processing (fid=13, iid=1, rep=20)...
Processing (fid=13, iid=1, rep=21)...
Processing (fid=13, iid=1, rep=22)...
Processing (fid=13, iid=1, rep=23)...
Processing (fid=13, iid=1, rep=24)...
Processing (fid=13, iid=1, rep=25)...
Processing (fid=13, iid=1, rep=26)...
Processing (fid=13, iid=1, rep=27)...
Processing (fid=13, iid=1, rep=28)...
Processing (fid=13, iid=1, rep=29)...
Processing (fid=13, iid=2, rep=20)...
Processing (fid=13, iid=2, rep=21)...
Processing (fid=13, iid=2, rep=22)...
Processing (fid=13, iid=2, rep=23)...
Processing (fid=13, iid=2, rep=24)...
Processing (fid=13, iid=2, rep=25)...
Processing (fid=13, iid=2, rep=26)...
Processing (fid=13, iid=2, rep=27)...
Processing (fid=13, iid=2, rep=28)...
Processing (fid=13, iid=2, rep=29)...
Processing (fid=13, iid=3, rep=20)...
Processing (fid=13, iid=3, rep=21)...
Processing (fid=13, iid=3, rep=22)...
Processing (fid=13, iid=3, rep=23)...
Processing (fid=13, iid=3, rep=24)...
Processing (fid=13, iid=3, rep=25)...
Processing (fid=13, iid=3, rep=26)...
Processing (fid=13, iid=3, rep=27)...
Processing (fid=13, iid=3, rep=28)...
Processing (fid=13, iid=3, rep=29)...
Processing (fid=13, iid=4, rep=20)...
Processing (fid=13, iid=4, rep=21)...
Processing (fid=13, iid=4, rep=22)...
Processing (fid=13, iid=4, rep=23)...
Processing (fid=13, iid=4, rep=24)...
Processing (fid=13, iid=4, rep=25)...
Processing (fid=13, iid=4, rep=26)...
Processing (fid=13, iid=4, rep=27)...
Processing (fid=13, iid=4, rep=28)...
Processing (fid=13, iid=4, rep=29)...
Processing (fid=13, iid=5, rep=20)...
Processing (fid=13, iid=5, rep=21)...
Processing (fid=13, iid=5, rep=22)...
Processing (fid=13, iid=5, rep=23)...
Processing (fid=13, iid=5, rep=24)...
Processing (fid=13, iid=5, rep=25)...
Processing (fid=13, iid=5, rep=26)...
Processing (fid=13, iid=5, rep=27)...
Processing (fid=13, iid=5, rep=28)...
Processing (fid=13, iid=5, rep=29)...
Processing (fid=14, iid=1, rep=20)...
Processing (fid=14, iid=1, rep=21)...
Processing (fid=14, iid=1, rep=22)...
Processing (fid=14, iid=1, rep=23)...
Processing (fid=14, iid=1, rep=24)...
Processing (fid=14, iid=1, rep=25)...
Processing (fid=14, iid=1, rep=26)...
Processing (fid=14, iid=1, rep=27)...
Processing (fid=14, iid=1, rep=28)...
Processing (fid=14, iid=1, rep=29)...
Processing (fid=14, iid=2, rep=20)...
Processing (fid=14, iid=2, rep=21)...
Processing (fid=14, iid=2, rep=22)...
Processing (fid=14, iid=2, rep=23)...
Processing (fid=14, iid=2, rep=24)...
Processing (fid=14, iid=2, rep=25)...
Processing (fid=14, iid=2, rep=26)...
Processing (fid=14, iid=2, rep=27)...
Processing (fid=14, iid=2, rep=28)...
Processing (fid=14, iid=2, rep=29)...
Processing (fid=14, iid=3, rep=20)...
Processing (fid=14, iid=3, rep=21)...
Processing (fid=14, iid=3, rep=22)...
Processing (fid=14, iid=3, rep=23)...
Processing (fid=14, iid=3, rep=24)...
Processing (fid=14, iid=3, rep=25)...
Processing (fid=14, iid=3, rep=26)...
Processing (fid=14, iid=3, rep=27)...
Processing (fid=14, iid=3, rep=28)...
Processing (fid=14, iid=3, rep=29)...
Processing (fid=14, iid=4, rep=20)...
Processing (fid=14, iid=4, rep=21)...
Processing (fid=14, iid=4, rep=22)...
Processing (fid=14, iid=4, rep=23)...
Processing (fid=14, iid=4, rep=24)...
Processing (fid=14, iid=4, rep=25)...
Processing (fid=14, iid=4, rep=26)...
Processing (fid=14, iid=4, rep=27)...
Processing (fid=14, iid=4, rep=28)...
Processing (fid=14, iid=4, rep=29)...
Processing (fid=14, iid=5, rep=20)...
Processing (fid=14, iid=5, rep=21)...
Processing (fid=14, iid=5, rep=22)...
Processing (fid=14, iid=5, rep=23)...
Processing (fid=14, iid=5, rep=24)...
Processing (fid=14, iid=5, rep=25)...
Processing (fid=14, iid=5, rep=26)...
Processing (fid=14, iid=5, rep=27)...
Processing (fid=14, iid=5, rep=28)...
Processing (fid=14, iid=5, rep=29)...
Processing (fid=15, iid=1, rep=20)...
Processing (fid=15, iid=1, rep=21)...
Processing (fid=15, iid=1, rep=22)...
Processing (fid=15, iid=1, rep=23)...
Processing (fid=15, iid=1, rep=24)...
Processing (fid=15, iid=1, rep=25)...
Processing (fid=15, iid=1, rep=26)...
Processing (fid=15, iid=1, rep=27)...
Processing (fid=15, iid=1, rep=28)...
Processing (fid=15, iid=1, rep=29)...
Processing (fid=15, iid=2, rep=20)...
Processing (fid=15, iid=2, rep=21)...
Processing (fid=15, iid=2, rep=22)...
Processing (fid=15, iid=2, rep=23)...
Processing (fid=15, iid=2, rep=24)...
Processing (fid=15, iid=2, rep=25)...
Processing (fid=15, iid=2, rep=26)...
Processing (fid=15, iid=2, rep=27)...
Processing (fid=15, iid=2, rep=28)...
Processing (fid=15, iid=2, rep=29)...
Processing (fid=15, iid=3, rep=20)...
Processing (fid=15, iid=3, rep=21)...
Processing (fid=15, iid=3, rep=22)...
Processing (fid=15, iid=3, rep=23)...
Processing (fid=15, iid=3, rep=24)...
Processing (fid=15, iid=3, rep=25)...
Processing (fid=15, iid=3, rep=26)...
Processing (fid=15, iid=3, rep=27)...
Processing (fid=15, iid=3, rep=28)...
Processing (fid=15, iid=3, rep=29)...
Processing (fid=15, iid=4, rep=20)...
Processing (fid=15, iid=4, rep=21)...
Processing (fid=15, iid=4, rep=22)...
Processing (fid=15, iid=4, rep=23)...
Processing (fid=15, iid=4, rep=24)...
Processing (fid=15, iid=4, rep=25)...
Processing (fid=15, iid=4, rep=26)...
Processing (fid=15, iid=4, rep=27)...
Processing (fid=15, iid=4, rep=28)...
Processing (fid=15, iid=4, rep=29)...
Processing (fid=15, iid=5, rep=20)...
Processing (fid=15, iid=5, rep=21)...
Processing (fid=15, iid=5, rep=22)...
Processing (fid=15, iid=5, rep=23)...
Processing (fid=15, iid=5, rep=24)...
Processing (fid=15, iid=5, rep=25)...
Processing (fid=15, iid=5, rep=26)...
Processing (fid=15, iid=5, rep=27)...
Processing (fid=15, iid=5, rep=28)...
Processing (fid=15, iid=5, rep=29)...
Processing (fid=16, iid=1, rep=20)...
Processing (fid=16, iid=1, rep=21)...
Processing (fid=16, iid=1, rep=22)...
Processing (fid=16, iid=1, rep=23)...
Processing (fid=16, iid=1, rep=24)...
Processing (fid=16, iid=1, rep=25)...
Processing (fid=16, iid=1, rep=26)...
Processing (fid=16, iid=1, rep=27)...
Processing (fid=16, iid=1, rep=28)...
Processing (fid=16, iid=1, rep=29)...
Processing (fid=16, iid=2, rep=20)...
Processing (fid=16, iid=2, rep=21)...
Processing (fid=16, iid=2, rep=22)...
Processing (fid=16, iid=2, rep=23)...
Processing (fid=16, iid=2, rep=24)...
Processing (fid=16, iid=2, rep=25)...
Processing (fid=16, iid=2, rep=26)...
Processing (fid=16, iid=2, rep=27)...
Processing (fid=16, iid=2, rep=28)...
Processing (fid=16, iid=2, rep=29)...
Processing (fid=16, iid=3, rep=20)...
Processing (fid=16, iid=3, rep=21)...
Processing (fid=16, iid=3, rep=22)...
Processing (fid=16, iid=3, rep=23)...
Processing (fid=16, iid=3, rep=24)...
Processing (fid=16, iid=3, rep=25)...
Processing (fid=16, iid=3, rep=26)...
Processing (fid=16, iid=3, rep=27)...
Processing (fid=16, iid=3, rep=28)...
Processing (fid=16, iid=3, rep=29)...
Processing (fid=16, iid=4, rep=20)...
Processing (fid=16, iid=4, rep=21)...
Processing (fid=16, iid=4, rep=22)...
Processing (fid=16, iid=4, rep=23)...
Processing (fid=16, iid=4, rep=24)...
Processing (fid=16, iid=4, rep=25)...
Processing (fid=16, iid=4, rep=26)...
Processing (fid=16, iid=4, rep=27)...
Processing (fid=16, iid=4, rep=28)...
Processing (fid=16, iid=4, rep=29)...
Processing (fid=16, iid=5, rep=20)...
Processing (fid=16, iid=5, rep=21)...
Processing (fid=16, iid=5, rep=22)...
Processing (fid=16, iid=5, rep=23)...
Processing (fid=16, iid=5, rep=24)...
Processing (fid=16, iid=5, rep=25)...
Processing (fid=16, iid=5, rep=26)...
Processing (fid=16, iid=5, rep=27)...
Processing (fid=16, iid=5, rep=28)...
Processing (fid=16, iid=5, rep=29)...
Processing (fid=17, iid=1, rep=20)...
Processing (fid=17, iid=1, rep=21)...
Processing (fid=17, iid=1, rep=22)...
Processing (fid=17, iid=1, rep=23)...
Processing (fid=17, iid=1, rep=24)...
Processing (fid=17, iid=1, rep=25)...
Processing (fid=17, iid=1, rep=26)...
Processing (fid=17, iid=1, rep=27)...
Processing (fid=17, iid=1, rep=28)...
Processing (fid=17, iid=1, rep=29)...
Processing (fid=17, iid=2, rep=20)...
Processing (fid=17, iid=2, rep=21)...
Processing (fid=17, iid=2, rep=22)...
Processing (fid=17, iid=2, rep=23)...
Processing (fid=17, iid=2, rep=24)...
Processing (fid=17, iid=2, rep=25)...
Processing (fid=17, iid=2, rep=26)...
Processing (fid=17, iid=2, rep=27)...
Processing (fid=17, iid=2, rep=28)...
Processing (fid=17, iid=2, rep=29)...
Processing (fid=17, iid=3, rep=20)...
Processing (fid=17, iid=3, rep=21)...
Processing (fid=17, iid=3, rep=22)...
Processing (fid=17, iid=3, rep=23)...
Processing (fid=17, iid=3, rep=24)...
Processing (fid=17, iid=3, rep=25)...
Processing (fid=17, iid=3, rep=26)...
Processing (fid=17, iid=3, rep=27)...
Processing (fid=17, iid=3, rep=28)...
Processing (fid=17, iid=3, rep=29)...
Processing (fid=17, iid=4, rep=20)...
Processing (fid=17, iid=4, rep=21)...
Processing (fid=17, iid=4, rep=22)...
Processing (fid=17, iid=4, rep=23)...
Processing (fid=17, iid=4, rep=24)...
Processing (fid=17, iid=4, rep=25)...
Processing (fid=17, iid=4, rep=26)...
Processing (fid=17, iid=4, rep=27)...
Processing (fid=17, iid=4, rep=28)...
Processing (fid=17, iid=4, rep=29)...
Processing (fid=17, iid=5, rep=20)...
Processing (fid=17, iid=5, rep=21)...
Processing (fid=17, iid=5, rep=22)...
Processing (fid=17, iid=5, rep=23)...
Processing (fid=17, iid=5, rep=24)...
Processing (fid=17, iid=5, rep=25)...
Processing (fid=17, iid=5, rep=26)...
Processing (fid=17, iid=5, rep=27)...
Processing (fid=17, iid=5, rep=28)...
Processing (fid=17, iid=5, rep=29)...
Processing (fid=18, iid=1, rep=20)...
Processing (fid=18, iid=1, rep=21)...
Processing (fid=18, iid=1, rep=22)...
Processing (fid=18, iid=1, rep=23)...
Processing (fid=18, iid=1, rep=24)...
Processing (fid=18, iid=1, rep=25)...
Processing (fid=18, iid=1, rep=26)...
Processing (fid=18, iid=1, rep=27)...
Processing (fid=18, iid=1, rep=28)...
Processing (fid=18, iid=1, rep=29)...
Processing (fid=18, iid=2, rep=20)...
Processing (fid=18, iid=2, rep=21)...
Processing (fid=18, iid=2, rep=22)...
Processing (fid=18, iid=2, rep=23)...
Processing (fid=18, iid=2, rep=24)...
Processing (fid=18, iid=2, rep=25)...
Processing (fid=18, iid=2, rep=26)...
Processing (fid=18, iid=2, rep=27)...
Processing (fid=18, iid=2, rep=28)...
Processing (fid=18, iid=2, rep=29)...
Processing (fid=18, iid=3, rep=20)...
Processing (fid=18, iid=3, rep=21)...
Processing (fid=18, iid=3, rep=22)...
Processing (fid=18, iid=3, rep=23)...
Processing (fid=18, iid=3, rep=24)...
Processing (fid=18, iid=3, rep=25)...
Processing (fid=18, iid=3, rep=26)...
Processing (fid=18, iid=3, rep=27)...
Processing (fid=18, iid=3, rep=28)...
Processing (fid=18, iid=3, rep=29)...
Processing (fid=18, iid=4, rep=20)...
Processing (fid=18, iid=4, rep=21)...
Processing (fid=18, iid=4, rep=22)...
Processing (fid=18, iid=4, rep=23)...
Processing (fid=18, iid=4, rep=24)...
Processing (fid=18, iid=4, rep=25)...
Processing (fid=18, iid=4, rep=26)...
Processing (fid=18, iid=4, rep=27)...
Processing (fid=18, iid=4, rep=28)...
Processing (fid=18, iid=4, rep=29)...
Processing (fid=18, iid=5, rep=20)...
Processing (fid=18, iid=5, rep=21)...
Processing (fid=18, iid=5, rep=22)...
Processing (fid=18, iid=5, rep=23)...
Processing (fid=18, iid=5, rep=24)...
Processing (fid=18, iid=5, rep=25)...
Processing (fid=18, iid=5, rep=26)...
Processing (fid=18, iid=5, rep=27)...
Processing (fid=18, iid=5, rep=28)...
Processing (fid=18, iid=5, rep=29)...
Processing (fid=19, iid=1, rep=20)...
Processing (fid=19, iid=1, rep=21)...
Processing (fid=19, iid=1, rep=22)...
Processing (fid=19, iid=1, rep=23)...
Processing (fid=19, iid=1, rep=24)...
Processing (fid=19, iid=1, rep=25)...
Processing (fid=19, iid=1, rep=26)...
Processing (fid=19, iid=1, rep=27)...
Processing (fid=19, iid=1, rep=28)...
Processing (fid=19, iid=1, rep=29)...
Processing (fid=19, iid=2, rep=20)...
Processing (fid=19, iid=2, rep=21)...
Processing (fid=19, iid=2, rep=22)...
Processing (fid=19, iid=2, rep=23)...
Processing (fid=19, iid=2, rep=24)...
Processing (fid=19, iid=2, rep=25)...
Processing (fid=19, iid=2, rep=26)...
Processing (fid=19, iid=2, rep=27)...
Processing (fid=19, iid=2, rep=28)...
Processing (fid=19, iid=2, rep=29)...
Processing (fid=19, iid=3, rep=20)...
Processing (fid=19, iid=3, rep=21)...
Processing (fid=19, iid=3, rep=22)...
Processing (fid=19, iid=3, rep=23)...
Processing (fid=19, iid=3, rep=24)...
Processing (fid=19, iid=3, rep=25)...
Processing (fid=19, iid=3, rep=26)...
Processing (fid=19, iid=3, rep=27)...
Processing (fid=19, iid=3, rep=28)...
Processing (fid=19, iid=3, rep=29)...
Processing (fid=19, iid=4, rep=20)...
Processing (fid=19, iid=4, rep=21)...
Processing (fid=19, iid=4, rep=22)...
Processing (fid=19, iid=4, rep=23)...
Processing (fid=19, iid=4, rep=24)...
Processing (fid=19, iid=4, rep=25)...
Processing (fid=19, iid=4, rep=26)...
Processing (fid=19, iid=4, rep=27)...
Processing (fid=19, iid=4, rep=28)...
Processing (fid=19, iid=4, rep=29)...
Processing (fid=19, iid=5, rep=20)...
Processing (fid=19, iid=5, rep=21)...
Processing (fid=19, iid=5, rep=22)...
Processing (fid=19, iid=5, rep=23)...
Processing (fid=19, iid=5, rep=24)...
Processing (fid=19, iid=5, rep=25)...
Processing (fid=19, iid=5, rep=26)...
Processing (fid=19, iid=5, rep=27)...
Processing (fid=19, iid=5, rep=28)...
Processing (fid=19, iid=5, rep=29)...
Processing (fid=20, iid=1, rep=20)...
Processing (fid=20, iid=1, rep=21)...
Processing (fid=20, iid=1, rep=22)...
Processing (fid=20, iid=1, rep=23)...
Processing (fid=20, iid=1, rep=24)...
Processing (fid=20, iid=1, rep=25)...
Processing (fid=20, iid=1, rep=26)...
Processing (fid=20, iid=1, rep=27)...
Processing (fid=20, iid=1, rep=28)...
Processing (fid=20, iid=1, rep=29)...
Processing (fid=20, iid=2, rep=20)...
Processing (fid=20, iid=2, rep=21)...
Processing (fid=20, iid=2, rep=22)...
Processing (fid=20, iid=2, rep=23)...
Processing (fid=20, iid=2, rep=24)...
Processing (fid=20, iid=2, rep=25)...
Processing (fid=20, iid=2, rep=26)...
Processing (fid=20, iid=2, rep=27)...
Processing (fid=20, iid=2, rep=28)...
Processing (fid=20, iid=2, rep=29)...
Processing (fid=20, iid=3, rep=20)...
Processing (fid=20, iid=3, rep=21)...
Processing (fid=20, iid=3, rep=22)...
Processing (fid=20, iid=3, rep=23)...
Processing (fid=20, iid=3, rep=24)...
Processing (fid=20, iid=3, rep=25)...
Processing (fid=20, iid=3, rep=26)...
Processing (fid=20, iid=3, rep=27)...
Processing (fid=20, iid=3, rep=28)...
Processing (fid=20, iid=3, rep=29)...
Processing (fid=20, iid=4, rep=20)...
Processing (fid=20, iid=4, rep=21)...
Processing (fid=20, iid=4, rep=22)...
Processing (fid=20, iid=4, rep=23)...
Processing (fid=20, iid=4, rep=24)...
Processing (fid=20, iid=4, rep=25)...
Processing (fid=20, iid=4, rep=26)...
Processing (fid=20, iid=4, rep=27)...
Processing (fid=20, iid=4, rep=28)...
Processing (fid=20, iid=4, rep=29)...
Processing (fid=20, iid=5, rep=20)...
Processing (fid=20, iid=5, rep=21)...
Processing (fid=20, iid=5, rep=22)...
Processing (fid=20, iid=5, rep=23)...
Processing (fid=20, iid=5, rep=24)...
Processing (fid=20, iid=5, rep=25)...
Processing (fid=20, iid=5, rep=26)...
Processing (fid=20, iid=5, rep=27)...
Processing (fid=20, iid=5, rep=28)...
Processing (fid=20, iid=5, rep=29)...
Processing (fid=21, iid=1, rep=20)...
Processing (fid=21, iid=1, rep=21)...
Processing (fid=21, iid=1, rep=22)...
Processing (fid=21, iid=1, rep=23)...
Processing (fid=21, iid=1, rep=24)...
Processing (fid=21, iid=1, rep=25)...
Processing (fid=21, iid=1, rep=26)...
Processing (fid=21, iid=1, rep=27)...
Processing (fid=21, iid=1, rep=28)...
Processing (fid=21, iid=1, rep=29)...
Processing (fid=21, iid=2, rep=20)...
Processing (fid=21, iid=2, rep=21)...
Processing (fid=21, iid=2, rep=22)...
Processing (fid=21, iid=2, rep=23)...
Processing (fid=21, iid=2, rep=24)...
Processing (fid=21, iid=2, rep=25)...
Processing (fid=21, iid=2, rep=26)...
Processing (fid=21, iid=2, rep=27)...
Processing (fid=21, iid=2, rep=28)...
Processing (fid=21, iid=2, rep=29)...
Processing (fid=21, iid=3, rep=20)...
Processing (fid=21, iid=3, rep=21)...
Processing (fid=21, iid=3, rep=22)...
Processing (fid=21, iid=3, rep=23)...
Processing (fid=21, iid=3, rep=24)...
Processing (fid=21, iid=3, rep=25)...
Processing (fid=21, iid=3, rep=26)...
Processing (fid=21, iid=3, rep=27)...
Processing (fid=21, iid=3, rep=28)...
Processing (fid=21, iid=3, rep=29)...
Processing (fid=21, iid=4, rep=20)...
Processing (fid=21, iid=4, rep=21)...
Processing (fid=21, iid=4, rep=22)...
Processing (fid=21, iid=4, rep=23)...
Processing (fid=21, iid=4, rep=24)...
Processing (fid=21, iid=4, rep=25)...
Processing (fid=21, iid=4, rep=26)...
Processing (fid=21, iid=4, rep=27)...
Processing (fid=21, iid=4, rep=28)...
Processing (fid=21, iid=4, rep=29)...
Processing (fid=21, iid=5, rep=20)...
Processing (fid=21, iid=5, rep=21)...
Processing (fid=21, iid=5, rep=22)...
Processing (fid=21, iid=5, rep=23)...
Processing (fid=21, iid=5, rep=24)...
Processing (fid=21, iid=5, rep=25)...
Processing (fid=21, iid=5, rep=26)...
Processing (fid=21, iid=5, rep=27)...
Processing (fid=21, iid=5, rep=28)...
Processing (fid=21, iid=5, rep=29)...
Processing (fid=22, iid=1, rep=20)...
Processing (fid=22, iid=1, rep=21)...
Processing (fid=22, iid=1, rep=22)...
Processing (fid=22, iid=1, rep=23)...
Processing (fid=22, iid=1, rep=24)...
Processing (fid=22, iid=1, rep=25)...
Processing (fid=22, iid=1, rep=26)...
Processing (fid=22, iid=1, rep=27)...
Processing (fid=22, iid=1, rep=28)...
Processing (fid=22, iid=1, rep=29)...
Processing (fid=22, iid=2, rep=20)...
Processing (fid=22, iid=2, rep=21)...
Processing (fid=22, iid=2, rep=22)...
Processing (fid=22, iid=2, rep=23)...
Processing (fid=22, iid=2, rep=24)...
Processing (fid=22, iid=2, rep=25)...
Processing (fid=22, iid=2, rep=26)...
Processing (fid=22, iid=2, rep=27)...
Processing (fid=22, iid=2, rep=28)...
Processing (fid=22, iid=2, rep=29)...
Processing (fid=22, iid=3, rep=20)...
Processing (fid=22, iid=3, rep=21)...
Processing (fid=22, iid=3, rep=22)...
Processing (fid=22, iid=3, rep=23)...
Processing (fid=22, iid=3, rep=24)...
Processing (fid=22, iid=3, rep=25)...
Processing (fid=22, iid=3, rep=26)...
Processing (fid=22, iid=3, rep=27)...
Processing (fid=22, iid=3, rep=28)...
Processing (fid=22, iid=3, rep=29)...
Processing (fid=22, iid=4, rep=20)...
Processing (fid=22, iid=4, rep=21)...
Processing (fid=22, iid=4, rep=22)...
Processing (fid=22, iid=4, rep=23)...
Processing (fid=22, iid=4, rep=24)...
Processing (fid=22, iid=4, rep=25)...
Processing (fid=22, iid=4, rep=26)...
Processing (fid=22, iid=4, rep=27)...
Processing (fid=22, iid=4, rep=28)...
Processing (fid=22, iid=4, rep=29)...
Processing (fid=22, iid=5, rep=20)...
Processing (fid=22, iid=5, rep=21)...
Processing (fid=22, iid=5, rep=22)...
Processing (fid=22, iid=5, rep=23)...
Processing (fid=22, iid=5, rep=24)...
Processing (fid=22, iid=5, rep=25)...
Processing (fid=22, iid=5, rep=26)...
Processing (fid=22, iid=5, rep=27)...
Processing (fid=22, iid=5, rep=28)...
Processing (fid=22, iid=5, rep=29)...
Processing (fid=23, iid=1, rep=20)...
Processing (fid=23, iid=1, rep=21)...
Processing (fid=23, iid=1, rep=22)...
Processing (fid=23, iid=1, rep=23)...
Processing (fid=23, iid=1, rep=24)...
Processing (fid=23, iid=1, rep=25)...
Processing (fid=23, iid=1, rep=26)...
Processing (fid=23, iid=1, rep=27)...
Processing (fid=23, iid=1, rep=28)...
Processing (fid=23, iid=1, rep=29)...
Processing (fid=23, iid=2, rep=20)...
Processing (fid=23, iid=2, rep=21)...
Processing (fid=23, iid=2, rep=22)...
Processing (fid=23, iid=2, rep=23)...
Processing (fid=23, iid=2, rep=24)...
Processing (fid=23, iid=2, rep=25)...
Processing (fid=23, iid=2, rep=26)...
Processing (fid=23, iid=2, rep=27)...
Processing (fid=23, iid=2, rep=28)...
Processing (fid=23, iid=2, rep=29)...
Processing (fid=23, iid=3, rep=20)...
Processing (fid=23, iid=3, rep=21)...
Processing (fid=23, iid=3, rep=22)...
Processing (fid=23, iid=3, rep=23)...
Processing (fid=23, iid=3, rep=24)...
Processing (fid=23, iid=3, rep=25)...
Processing (fid=23, iid=3, rep=26)...
Processing (fid=23, iid=3, rep=27)...
Processing (fid=23, iid=3, rep=28)...
Processing (fid=23, iid=3, rep=29)...
Processing (fid=23, iid=4, rep=20)...
Processing (fid=23, iid=4, rep=21)...
Processing (fid=23, iid=4, rep=22)...
Processing (fid=23, iid=4, rep=23)...
Processing (fid=23, iid=4, rep=24)...
Processing (fid=23, iid=4, rep=25)...
Processing (fid=23, iid=4, rep=26)...
Processing (fid=23, iid=4, rep=27)...
Processing (fid=23, iid=4, rep=28)...
Processing (fid=23, iid=4, rep=29)...
Processing (fid=23, iid=5, rep=20)...
Processing (fid=23, iid=5, rep=21)...
Processing (fid=23, iid=5, rep=22)...
Processing (fid=23, iid=5, rep=23)...
Processing (fid=23, iid=5, rep=24)...
Processing (fid=23, iid=5, rep=25)...
Processing (fid=23, iid=5, rep=26)...
Processing (fid=23, iid=5, rep=27)...
Processing (fid=23, iid=5, rep=28)...
Processing (fid=23, iid=5, rep=29)...
Processing (fid=24, iid=1, rep=20)...
Processing (fid=24, iid=1, rep=21)...
Processing (fid=24, iid=1, rep=22)...
Processing (fid=24, iid=1, rep=23)...
Processing (fid=24, iid=1, rep=24)...
Processing (fid=24, iid=1, rep=25)...
Processing (fid=24, iid=1, rep=26)...
Processing (fid=24, iid=1, rep=27)...
Processing (fid=24, iid=1, rep=28)...
Processing (fid=24, iid=1, rep=29)...
Processing (fid=24, iid=2, rep=20)...
Processing (fid=24, iid=2, rep=21)...
Processing (fid=24, iid=2, rep=22)...
Processing (fid=24, iid=2, rep=23)...
Processing (fid=24, iid=2, rep=24)...
Processing (fid=24, iid=2, rep=25)...
Processing (fid=24, iid=2, rep=26)...
Processing (fid=24, iid=2, rep=27)...
Processing (fid=24, iid=2, rep=28)...
Processing (fid=24, iid=2, rep=29)...
Processing (fid=24, iid=3, rep=20)...
Processing (fid=24, iid=3, rep=21)...
Processing (fid=24, iid=3, rep=22)...
Processing (fid=24, iid=3, rep=23)...
Processing (fid=24, iid=3, rep=24)...
Processing (fid=24, iid=3, rep=25)...
Processing (fid=24, iid=3, rep=26)...
Processing (fid=24, iid=3, rep=27)...
Processing (fid=24, iid=3, rep=28)...
Processing (fid=24, iid=3, rep=29)...
Processing (fid=24, iid=4, rep=20)...
Processing (fid=24, iid=4, rep=21)...
Processing (fid=24, iid=4, rep=22)...
Processing (fid=24, iid=4, rep=23)...
Processing (fid=24, iid=4, rep=24)...
Processing (fid=24, iid=4, rep=25)...
Processing (fid=24, iid=4, rep=26)...
Processing (fid=24, iid=4, rep=27)...
Processing (fid=24, iid=4, rep=28)...
Processing (fid=24, iid=4, rep=29)...
Processing (fid=24, iid=5, rep=20)...
Processing (fid=24, iid=5, rep=21)...
Processing (fid=24, iid=5, rep=22)...
Processing (fid=24, iid=5, rep=23)...
Processing (fid=24, iid=5, rep=24)...
Processing (fid=24, iid=5, rep=25)...
Processing (fid=24, iid=5, rep=26)...
Processing (fid=24, iid=5, rep=27)...
Processing (fid=24, iid=5, rep=28)...
Processing (fid=24, iid=5, rep=29)...
Incremental results saved to: ../results/new_Reps/late_sp/selector_results_newReps_late.csv
