[INFO][abstract_initial_design.py:87] Reducing the number of initial configurations from 50 to 18 (max_ratio == 0.25).
[INFO][abstract_initial_design.py:139] Using 18 initial design configurations and 0 additional configurations.
[INFO][abstract_intensifier.py:307] Using only one seed for deterministic scenario.
0.39664585738145836
0.2747730500083333
0.3107937204625
0.32995065648916666
0.2490308442402083
[INFO][abstract_intensifier.py:517] Added config 6c06af as new incumbent because there are no incumbents yet.
0.4172927620897917
0.34526600397874996
0.388813624751875
0.2967615514639583
0.3303637644564583
0.38050474967166664
0.32096616963791663
0.31304651957875
0.30993445641750006
0.322565181254375
0.5318446630422916
0.39419694527791665
0.46608543676770836
0.3659912022941667
0.3646192347747917
0.3880426014652084
0.3337625155629167
0.3334789840927083
0.3282856339447917
0.3092376859916667
0.4247660192166666
0.33459608335249996
0.3867326310795834
0.350108288536875
0.35816585432375
0.372089286716875
0.2826370516710417
0.3462932951008334
0.2811986914502083
0.30969749749979164
0.5089985815772916
0.36523981929604166
0.4403058253166667
0.3079408407389583
0.38843250481541663
0.3534033413710417
0.2621113505922917
0.3105376602475
0.339073577730625
0.3157440031372917
0.39751025167500004
0.36462260005583336
0.4514410705085417
0.314423154300625
0.3548937437602084
0.3866101256395833
0.29093718226104165
0.34708939994
0.29658214632124996
0.3376230915025
0.4455344051608333
0.3768262851102084
0.3739549591683333
0.29354480792479165
0.3865656320527083
0.3614129798083333
0.28301839179979166
0.3328830723639583
0.27748040696458337
0.25106728274583334
[INFO][abstract_intensifier.py:596] Added config 433f2a and rejected config 6c06af as incumbent because it is not better than the incumbents on 1 instances: 
0.42962346846625
0.41322702416687496
0.42747349603875
0.340726689894375
0.4072487035935417
0.402372785239375
0.33104586472562497
0.3496119977675
0.308228246069375
0.3907374444304167
0.4565867750645833
0.4219018907545833
0.4153101465854166
0.38515915729354167
0.3979656888010416
0.38513716996312497
0.31389609848312505
0.3629874141589583
0.37696301240625
0.33697795972875
0.42060493796916665
0.3754731101197917
0.3743316712014583
0.34479985770666666
0.3798669202897917
0.34373982067020836
0.2648850718414583
0.33190987469124994
0.277480406964375
0.2570109789997917
[INFO][abstract_intensifier.py:596] Added config 522bbb and rejected config 433f2a as incumbent because it is not better than the incumbents on 1 instances: 
0.34373973670729163
0.26488514888854164
0.330622018383125
0.27748040696458337
0.2569623047985417
[INFO][abstract_intensifier.py:596] Added config 013151 and rejected config 522bbb as incumbent because it is not better than the incumbents on 1 instances: 
0.47306700446770833
0.33412863185708325
0.4170954304795833
0.303972705866875
0.39032688991291664
0.45879458758583336
0.4044428595410417
0.37190601009875
0.38014723983479165
0.397553518899375
0.42368991504916664
0.39184756099145834
0.3995699144804167
0.33624401713041663
0.35378933565791665
0.35097845160666663
0.26133046978041663
0.32432081958750003
0.28040124084875
0.2572199223166667
0.45611610047687506
0.3453094609685417
0.35863133671458336
0.31190339992625
0.34419710061812503
0.46210156921374995
0.3467247790360417
0.3661950820772917
0.31402466567041665
0.3589390844514584
0.3639271738914583
0.27125448772062494
0.33228291894354167
0.27303041749958334
0.24911751581333333
0.3583704836472917
0.29641294789729167
0.33708078290375004
0.30573641227395837
0.3079408458527083
0.449503531689375
0.3987949376264583
0.3682869080560416
0.30626512421166663
0.38854619278145835
0.35097845476437495
0.261326211211875
0.32432081958750003
0.2813855560891667
0.25721993474791666
0.39864884295374997
0.29120995812208333
0.344323833666875
0.3097661465497917
0.28442172931458326
0.3712742216658333
0.26603456680375
0.3320797222670834
0.31291782306562504
0.25763398510749996
0.3702111431833333
0.26657411100354167
0.33121773036041674
0.3234912526616666
0.26248128062104165
0.4905163549060417
0.3540801442435416
0.4042987136079167
0.3800884684289584
0.37125143280124995
0.3964337403491667
0.2621662108925
0.3078482397441667
0.31378996945125004
0.2443091933025
0.3855861928135416
0.377165933740625
0.35012160404687503
0.36059340329374995
0.3093946091497916
0.3394493982745833
0.2654627854160417
0.32821634626375
0.29075207612395837
0.2541404737860417
0.34298251166979166
0.2651148404860416
0.32934944961437496
0.29027481788895837
0.2548018181860417
0.37687368389645837
0.32086364673708334
0.357171815985
0.30053059002166665
0.3560322623829167
0.46018176755395834
0.347335819956875
0.35296796719166673
0.33241222692354166
0.3864691086020834
0.396123505135625
0.3119397304204166
0.3361196732508334
0.29604490236979164
0.32432903811791663
0.34026976750937504
0.26295014175729164
0.32429536268020837
0.29037511815625
0.2643992334475
0.46071398523375
0.3280353840122917
0.3500316561229167
0.338669516020625
0.334734972054375
0.3504382238658333
0.27077497568812503
0.324247762491875
0.28014779718854166
0.2571242427629167
0.352074459173125
0.2590807485533333
0.32477538608020834
0.28366270791645837
0.25947424293979165
0.35620257584125
0.2557238355114583
0.3242559522570833
0.28280779367083336
0.245629156861875
[INFO][abstract_intensifier.py:596] Added config 2c6236 and rejected config 013151 as incumbent because it is not better than the incumbents on 1 instances: 
0.3514302756964583
0.26270273719125
0.3247753082779167
0.2808916534995833
0.2533385666958333
0.43867706789187505
0.3158045954229166
0.40380990988875
0.2620667233822916
0.3874915325341667
0.363779963010625
0.32737319326666664
0.388304322543125
0.3691701834975
0.33383237613479166
0.39323501496645835
0.43013995616166667
0.42720067148854163
0.2946735164839583
0.3372611024977083
[INFO][smbo.py:327] Finished 50 trials.
0.34971342873208333
0.28702809748604163
0.328448717754375
0.27561349005687497
0.24842530301083335
0.34043081637750006
0.27543331857354164
0.32507518488250003
0.28070565787083335
0.24709940014083334
0.42324433926395827
0.36927997926625
0.36232611713875
0.32903377050979166
0.3421840479627083
0.3754202215245833
0.29129453427624996
0.341123085869375
0.306045251460625
0.28851218236500004
0.33691282800145833
0.28795424530833336
0.3290747986704166
0.27561125486770827
0.2484257091225
0.3363673304870833
0.3153510514745833
0.33064629846666665
0.28181912229770834
0.2492970993329167
0.4363539835633334
0.41547913827000005
0.36074499109458336
0.29554492675687505
0.36994010137270833
0.3664164123958333
0.363011233246875
0.35186925340729164
0.33516526781833333
0.2649797150520833
0.3481367366716667
0.278372847226875
0.3007483391702083
0.3179939033989584
0.3047661269322917
0.45396248066875
0.32327863720395833
0.34311018518666664
0.2355868779433333
0.3922804460622917
0.3423021096952083
0.27715028153854165
0.3248772589629167
0.27803891424729166
0.24960298162166666
0.4466536910850001
0.400722951104375
0.3647817750727083
0.32354167445125
0.35465114093208333
0.34043081637750006
0.27636246183041663
0.3248289404739584
0.27803891424729166
0.24969662720666666
0.34206273097
0.29111912127416667
0.31675484973999996
0.28165635008395834
0.2511243739791667
0.3863440602560416
0.29273980182687503
0.3521617613683333
0.3104010438725
0.32914932918333334
0.34453250684270836
0.29365022978666666
0.33570190739937505
0.29640807149875
0.2510318458445833
0.34690374785541667
0.2737288645341666
0.32498562086541666
0.2947078082327083
0.24709939725312502
0.3416777277989584
0.2896641409729167
0.3166821899691667
0.2806720348539583
0.24926231459875
0.534213738934375
0.36674113893374993
0.4795433123164583
0.35647862812041675
0.38434426717791664
0.4019406111960417
0.3461714831410417
0.35576149479020835
0.3239566025714583
0.3412123729302083
0.4276036858929166
0.29902729939541667
0.3401778844016667
0.3234127791077083
0.34314216862979163
0.34206273097
0.29111918260479164
0.3166821899691667
0.28067345892520834
0.251106052519375
0.38656548283416664
0.328973862121875
0.341150809249375
0.3512147280845833
0.35217928394437503
0.4928587673979167
0.39019303980020836
0.41775420514875
0.3542419994085416
0.3362829413795833
0.44272701620604166
0.342193526305625
0.3423231400983333
0.3289098102575
0.3696653306760416
[INFO][smbo.py:335] Configuration budget is exhausted:
[INFO][smbo.py:336] --- Remaining wallclock time: inf
[INFO][smbo.py:337] --- Remaining cpu time: inf
[INFO][smbo.py:338] --- Remaining trials: 0
