[INFO][abstract_initial_design.py:87] Reducing the number of initial configurations from 60 to 18 (max_ratio == 0.25).
[INFO][abstract_initial_design.py:139] Using 18 initial design configurations and 0 additional configurations.
[INFO][abstract_intensifier.py:307] Using only one seed for deterministic scenario.
2200.6980016223
1874.5574751757
1973.1352799333
1888.5410592899
2067.6206939402
[INFO][abstract_intensifier.py:517] Added config 26fdc2 as new incumbent because there are no incumbents yet.
2180.5293254339
2033.7215227514
1933.7534402522
1933.2852351278
2032.4567857176999
2238.2785549211003
2112.1462318581002
1993.6709707834002
1965.1596067152
2047.7656848528
2205.4760935977997
2049.7885015951
1957.7262841210002
1882.9915142326001
2126.5870070045
2216.6059909479
1884.4552560506002
1934.9479589808
1876.3606723618998
2047.9695211227
[INFO][abstract_intensifier.py:596] Added config 87cf8a and rejected config 26fdc2 as incumbent because it is not better than the incumbents on 1 instances: 
2526.6115997024
2239.9933020142
2107.2326142720003
2025.8536217704
2181.4546788212997
2264.6521851161
1942.3920444333
1994.3827427421998
1903.8439669980999
2021.5291233256003
2472.2642730282
1984.8777116149
2024.2584719866
1969.8071160479
2129.4507089149
2197.7093038006
1937.5467791782003
1950.8061823246
1905.3143705
2024.8081165622998
2278.0908619385
2157.9091104655
1962.3144192267
2017.3345837945
2120.3365282819
2264.661609975
2057.8846158599
1975.2799574126002
1912.3827817343
2022.7569312287
2405.6187185079
2182.9302323563998
1977.8668466973
2010.399169651
2151.9855887033
2174.1974510435
1887.9265706253
1935.1974275545
1866.9007845826
2053.3788103350003
[INFO][abstract_intensifier.py:596] Added config aee50b and rejected config 87cf8a as incumbent because it is not better than the incumbents on 1 instances: 
2198.1337121301003
2113.9689051758996
1969.225015651
1920.4775698042
2095.8864233682
2240.4623654894003
2053.6190066067
1961.2940122282998
1896.0671285013
2072.1987660245995
2223.3577227743003
1929.6375666707
1932.5100780798
1939.9758153615
2088.1682768542
2249.0600455182002
1902.550320689
1953.3311518322
1900.8760172656998
2079.9774402478997
2185.7546577901003
1979.4532974254003
1967.2204787752999
1969.5211334425003
2061.7082203886002
2189.5086664507
1890.0423495829
1920.922023731
1863.0843878194
2051.2326343262002
[INFO][abstract_intensifier.py:596] Added config 779b5c and rejected config aee50b as incumbent because it is not better than the incumbents on 1 instances: 
2191.4474921316
1890.6231326070001
1935.2312656046001
1871.6025606334
2059.7764778210003
2222.4500347221
1891.0289998775
1937.602597129
1868.7772461496002
2021.6441055236999
2195.9761194329003
1900.6546406536
1930.8803839476
1862.9209315901999
2035.2034060644
2249.2624361248
2148.6878513069
1954.0530826968002
1973.9099619426001
2083.8623004539
2287.5824141539997
2117.271234179
1981.8712152741
1959.3638308202
2220.0253540818
2236.2740411003997
2080.2854724032
1935.8429333563
1872.3784206405999
2062.2327484736998
2163.2445142367997
1898.7155258793998
1925.8029464136998
1870.533250554
2005.1636032125998
[INFO][abstract_intensifier.py:596] Added config 429513 and rejected config 779b5c as incumbent because it is not better than the incumbents on 1 instances: 
2330.9226440390003
1917.3946654229
1928.3804561949
1989.1024354546
2107.080126049
2225.5473013813
2109.5141608994
1920.5583923106
1976.4928604462998
2092.2997907478
2226.348817031
1912.4191386075001
1979.8544418456001
1908.9859497619
2017.5333750459
2226.8450286129
2076.5847120102
1936.3249466470002
1962.5162680941
2111.9460917437
2223.130018241
2132.0802343607
1924.6100723583
1953.8923527358
2089.458104905
2219.2687136254
2076.5846903420997
1937.6947611971
1962.3689019664998
2112.1976982599
2231.0341561856003
2062.8592630789
1939.5516404457999
1931.8528501253
2076.7543017364
2719.7932891714
2797.8905630615
2338.8354452675
2089.020503026
2200.8666290573
2163.2445142367997
1898.7155258793998
1925.8029464136998
1870.533250554
2005.1636032125998
2163.2445142367997
1898.7155258793998
1925.8029464136998
1870.533250554
2005.1636032125998
2163.2445142367997
1898.7155258793998
1925.8029464136998
1870.533250554
2005.1636032125998
2163.2445142367997
1898.7155258793998
1925.8029464136998
1870.533250554
2005.1636032125998
2163.2445142367997
1898.7155258793998
1925.8029464136998
1870.533250554
2005.1636032125998
2189.6640877251
2037.7557841817
1954.2097934753
1872.049558577
2124.5393415258
2163.2445142367997
1898.7155258793998
1925.8029464136998
1870.533250554
2005.1636032125998
2163.2445142367997
1898.7155258793998
1925.8029464136998
1870.533250554
2005.1636032125998
2163.2445142367997
1898.7155258793998
1925.8029464136998
1870.533250554
2005.1636032125998
2163.2445142367997
1898.7155258793998
1925.8029464136998
1870.533250554
2005.1636032125998
2199.5987483756
1914.5084609546998
1917.5542036852003
1882.2142252960002
2004.9885272591996
2163.2445142367997
1898.7155258793998
1925.8029464136998
1870.533250554
2005.1636032125998
2271.3356847633
2111.1891063533003
1964.2092480301
1982.7816345349001
2047.3950282475002
2183.1612577272
1875.9460168414
1948.7369662777
1873.0759423289999
2015.2799303643
2271.3356847633
2111.1891063533003
1964.2092480301
1982.7816345349001
2047.3950282475002
2176.1705221509
1885.336426845
1933.5571719047002
1860.7347657596997
2025.5849356707
[INFO][smbo.py:327] Finished 50 trials.
2414.6693622059
2064.1163229425
2046.8434436864
2024.7746481765
2468.531906481
2163.2445142367997
1898.7155258793998
1925.8029464136998
1870.533250554
2005.1636032125998
2163.2445142367997
1898.7155258793998
1925.8029464136998
1870.533250554
2005.1636032125998
2163.2445142367997
1898.7155258793998
1925.8029464136998
1870.533250554
2005.1636032125998
2163.2445142367997
1898.7155258793998
1925.8029464136998
1870.533250554
2005.1636032125998
2193.3000270976
1897.0533597184
1936.3241604174
1868.7811861237
2018.6684511988
2163.2445142367997
1898.7155258793998
1925.8029464136998
1870.533250554
2005.1636032125998
2163.2445142367997
1898.7155258793998
1925.8029464136998
1870.533250554
2005.1636032125998
2254.6287747032
1882.9411481043
1972.6199534116
1912.3243135983998
2036.1619033893999
2187.8004701054
1890.5026384854998
1934.2773093555
1865.4742924537
2050.1175103381997
2436.2133005406
2158.8962961067
2023.9684721239
1972.5421164071997
2142.0179041075
2163.2445142367997
1898.7155258793998
1925.8029464136998
1870.533250554
2005.1636032125998
2187.8004701054
1890.5026384854998
1934.2773093555
1865.4742924537
2050.1175103381997
2217.0106232288
1929.4532980925999
1997.8636830816
1884.8345425986001
2015.2743100112998
2190.3058187962997
1919.3448807132
1950.3291449748
1878.1974282019999
2016.5604368208
2225.7757129300003
1897.985624241
1952.2047000531002
1899.5976603635
2020.8908020943
2163.2445142367997
1898.7155258793998
1925.8029464136998
1870.533250554
2005.1636032125998
2301.9074697981996
2155.5373126082
2002.8734892133998
1991.6624210053
2214.4207605786996
2168.7864831455
1892.1954129377
1940.6188295778
1870.0453303897002
2020.4198431753
2196.9166521718
1894.3784750542
1930.8298704563001
1868.1108501622
2021.2207157770001
2196.9166521718
1894.3784750542
1930.8298704563001
1868.1108501622
2021.2207157770001
2196.9166521718
1894.3784750542
1930.8298704563001
1868.1108501622
2021.2207157770001
2196.9166521718
1894.3784750542
1930.8298704563001
1868.1108501622
2021.2207157770001
2197.3957804350002
1904.5755684242
1932.9258451351998
1876.9046418955002
2043.0178339571999
2207.0719081705
2092.9056922915997
1953.3258352126
1875.2489463016
2084.8076461798
[INFO][smbo.py:335] Configuration budget is exhausted:
[INFO][smbo.py:336] --- Remaining wallclock time: inf
[INFO][smbo.py:337] --- Remaining cpu time: inf
[INFO][smbo.py:338] --- Remaining trials: 0
