[INFO][abstract_initial_design.py:87] Reducing the number of initial configurations from 50 to 18 (max_ratio == 0.25).
[INFO][abstract_initial_design.py:139] Using 18 initial design configurations and 0 additional configurations.
[INFO][abstract_intensifier.py:307] Using only one seed for deterministic scenario.
0.2594602836789583
0.26194466316604165
0.25562951371500003
0.254562710706875
0.24614842783937502
[INFO][abstract_intensifier.py:517] Added config 6c06af as new incumbent because there are no incumbents yet.
0.28102360272979166
0.2812082558864583
0.23793576626291665
0.30879818572145834
0.2572009195766667
0.2744218507327083
0.2585860568602083
0.21588320808833336
0.30187410454062497
0.2731521705985417
0.29207832811812495
0.3247896379408333
0.3431182336175
0.273951702385
0.35802455690166674
0.37014851468416665
0.28970304903916666
0.2467322216272917
0.26952004922395834
0.25033551504395835
0.28923942819291665
0.3337460395464583
0.3476397742429167
0.3084442415225
0.30186296686124997
0.253383085316875
0.266048224773125
0.25459220959208334
0.26699733553791666
0.23442119986437504
[INFO][abstract_intensifier.py:596] Added config b86ea0 and rejected config 6c06af as incumbent because it is not better than the incumbents on 1 instances: 
0.33573542786333327
0.37959549496375
0.32426443007958333
0.31610039639041665
0.3133442887420833
0.3665552299227083
0.238570986148125
0.22420701598937498
0.317621945483125
0.2671681184533333
0.2725446155391667
0.32081136580708336
0.32130370014062504
0.27971754529750004
0.3113689377139583
0.2842317489652083
0.266842407648125
0.266450055321875
0.25003290196375
0.24328718268520838
0.30575573159249997
0.2645341339208333
0.39209305805104167
0.28212433756
0.28551287192312497
0.2640248195585416
0.23185422906187503
0.19760940362104168
0.18898550595250002
0.23015667016145833
[INFO][abstract_intensifier.py:596] Added config 433f2a and rejected config b86ea0 as incumbent because it is not better than the incumbents on 1 instances: 
0.294684686115
0.3309399382983333
0.29368230397416667
0.29459323984270835
0.324143114645625
0.32540272297624995
0.2573593188166667
0.32319849868854167
0.2573472600016667
0.28007362995875
0.3010429269091667
0.30641272837562494
0.3646625834131251
0.2716302499445833
0.28368711905625
0.3375833682114583
0.24128496828416665
0.2402559734475
0.2581487573077083
0.31637379550729167
0.325853625721875
0.298201126173125
0.32386308364479166
0.275890846243125
0.28917350879437503
0.2677849988433333
0.22852063485895835
0.202618202949375
0.19501806536770833
0.2290628022377083
0.2658697588602083
0.22779437083354168
0.19760932598375003
0.194973629600625
0.22948198835770833
0.3109601553689583
0.3249503393604167
0.297499004280625
0.2617183319997917
0.3363708897547916
0.3479391164164583
0.28991745882458336
0.3777451214389584
0.3129033890254167
0.31847566941541666
0.23827944362895828
0.2830254216160417
0.338664970674375
0.2980893477779167
0.3072486519516667
0.28393072698479166
0.26057840206854166
0.21725473101520834
0.19627665941479167
0.23291947194479165
0.2677849988133333
0.23533259010541668
0.19760932598375003
0.18881902559458333
0.22903451484291665
0.370622152806875
0.34762562886375004
0.315167493158125
0.31316689541270837
0.24783447810458334
0.375219372055625
0.3487454899012499
0.30986558082000004
0.32076272313166665
0.2781716389922917
0.275068181908125
0.260969817866875
0.2828256949360417
0.29970536326541664
0.24669684147520837
0.27063977446125
0.26139312285375
0.28290797728375
0.29669434273499995
0.24669730705062504
0.31372044439
0.30446833647791666
0.336494454045
0.29147463723083333
0.23440577510041669
0.2712382113883333
0.26517460588812497
0.24828639141500003
0.26348609140937496
0.22250748290062503
0.2739235268177083
0.2580352400595834
0.20304589004104168
0.18508679342874998
0.22849232361708333
0.26565438798
0.26065897665229165
0.1994927309220834
0.18325994783770833
0.23125785371250002
0.33196190799541664
0.25144879813479165
0.35168648785458334
0.27064314191895833
0.29067238665083334
0.2712008413214583
0.23185422906187503
0.20181641542895837
0.18888831798270836
0.23015667016145833
0.27838134965875
0.21862996682354166
0.24831653657208333
0.25480046866395833
0.23269437099
0.27350484382187495
0.28700173174791666
0.3077266445920833
0.289847476348125
0.2774614530208333
0.2724128410070833
0.23185422906187503
0.20147473403145835
0.18540599460083335
0.229595758754375
0.2711998495883333
0.23185422906187503
0.201553327645625
0.18540599460083335
0.229595758754375
0.2810897837527083
0.2698790475595833
0.28213893941916673
0.23619455593041666
0.2443787037079167
0.38217999487916665
0.30183503527104166
0.3419466777927084
0.29709289707375
0.34110398695979166
0.2711785211522917
0.26330600385895836
0.2532740191585417
0.25760909771874996
0.23666827982541666
0.2781540854316667
0.23508748957791667
0.20264246336625
0.19674333798645835
0.22447197458958332
0.273531402873125
0.2354204142510417
0.20232069641437503
0.19548816319833331
0.22361759435375
0.34607447403999997
0.2860999106227083
0.2866810618185417
0.23004944751499998
0.25137854692229167
0.2742094549470833
0.23622426948875
0.21473984163583335
0.19364811432083334
0.226621292616875
0.27376066064375
0.24680922657229168
0.21506998291333332
0.1897439020147917
0.22553266863270832
0.27398862536125
0.235881293408125
0.21506185383520832
0.189743913821875
0.2234202129854167
0.28132097391645833
0.25868456709541665
0.2206623370275
0.199782294359375
0.23049470994708338
0.27943057262729165
0.35197517911458326
0.28993195185729165
0.306840887048125
0.3175470429375
[INFO][smbo.py:327] Finished 50 trials.
0.3181048624285417
0.24203417227479165
0.22643374009937503
0.25110096349583333
0.3246292319645833
0.3009732632566667
0.269453665465
0.32813713701479164
0.3118950287220833
0.30699917150187506
0.2678611932916667
0.2582226364470833
0.20264761965645833
0.22457862857291666
0.2301421030525
0.26809049784395833
0.2615902754775
0.20264764248395833
0.22440023912145832
0.22972394949145833
0.25133026533104164
0.29243852957875
0.38951659881875
0.30477248856458333
0.30759612723125
0.28753874945791663
0.257191778926875
0.30557921205291666
0.3189103983545833
0.24378689725687502
0.26583148718979166
0.2285195611522917
0.20298707693395832
0.19499135516770832
0.22991468811145835
0.31090921429083335
0.3592467793660416
0.328765273073125
0.29835717025374997
0.319182381008125
0.2541542006289583
0.2780501938614583
0.246587944766875
0.25955200491999997
0.30018058938041664
0.3784895442974999
0.24746753751250003
0.24008657038187498
0.3126910464191666
0.27487404923979164
0.28973365153208336
0.2600763957135417
0.27301980689375
0.31459107458937496
0.26383187775604167
0.268844062825625
0.22267616407687504
0.20699843593020834
0.19499160707666666
0.223681182746875
0.27021835720729165
0.22267616415750002
0.20699813478375
0.19499160707666666
0.22283162637062504
0.328109702145
0.33063577666979166
0.34213254733187504
0.2927362296725
0.32361556038583333
0.26935248429270836
0.2520744388333333
0.20611611920083336
0.19134867994104166
0.22653364620875
0.27160850422354166
0.22267616415750002
0.2069977247425
0.194991607076875
0.2243060005533333
0.330738743834375
0.275542167579375
0.3195314839360417
0.27399953731312493
0.2940450330270833
0.2721337896566666
0.22267616415750002
0.20699813478375
0.19499160707666666
0.2236863358216667
0.34035108340479164
0.29215229957458333
0.30275548622895826
0.32176566281812496
0.26037552958812504
0.320111953755
0.27385706423708334
0.3104154642985417
0.2815972720445833
0.3006962183527084
0.32704473755916663
0.2807392359864583
0.31525469282375
0.28082520730291677
0.3393166235204167
0.26935248664562494
0.24439358488458335
0.20613167252645834
0.19134867994083335
0.22653346608437502
0.267062739345625
0.22851955798062504
0.202637901
0.19499136697458333
0.22991484279979169
0.38304296368333335
0.33047815389208335
0.3256330820545833
0.257016904304375
0.27701332003625
0.26009459896166665
0.2591362633391666
0.24436120441833337
0.2950300731979167
0.23777660079000001
[INFO][smbo.py:335] Configuration budget is exhausted:
[INFO][smbo.py:336] --- Remaining wallclock time: inf
[INFO][smbo.py:337] --- Remaining cpu time: inf
[INFO][smbo.py:338] --- Remaining trials: 0
