[INFO][abstract_initial_design.py:87] Reducing the number of initial configurations from 50 to 18 (max_ratio == 0.25).
[INFO][abstract_initial_design.py:139] Using 18 initial design configurations and 0 additional configurations.
[INFO][abstract_intensifier.py:307] Using only one seed for deterministic scenario.
0.0037649046041666684
0.0003977442345833384
0.001446960440416664
0.0007100596929166587
0.0056036559781250045
[INFO][abstract_intensifier.py:517] Added config 6c06af as new incumbent because there are no incumbents yet.
0.004713432020833339
0.0013941811087499977
0.00838781828458334
0.001460331376666664
1.0048310922835415
0.003896366034583336
0.0014475133310416731
0.04771043102229167
0.0010214212012500015
0.006535988603333335
0.082476850455
0.003730014865833325
0.008589130510208341
0.002811953449583339
0.051791634828958336
0.0037727760004166704
0.0011676798624999983
0.00970565925854167
0.0006483028727083382
0.0061008963587500095
0.10985442113479164
0.0009450747791666746
0.04909082331895832
0.0033725037052083277
0.009173572232708335
0.019664304947083336
0.0004793347810416631
0.000798513097916655
0.0006058319472916632
0.006092183008750001
0.035555138657083325
0.02109874013583334
0.06938171435791667
0.06893214224020834
1.0077812835139581
0.010297281869583341
0.0006497657039583421
0.01269525122270832
0.005882874201458331
0.007401209107708338
0.004077782072708332
0.004345305545624998
0.021913786694166673
0.0026297676285416557
0.00711859964979167
0.004113431383958336
0.0002814931652083297
0.0007790190543749888
0.0009426449639583377
0.006087935033750002
0.009663749641041674
0.006947434346041662
0.055153187903125
0.0013604597516666502
0.010865379063333331
0.0033683740002083363
0.0001765417647916673
0.0007791873412499867
0.0006003858824999952
0.00709860056895833
0.05667918277625002
0.0016634355120833286
0.00084566804895834
0.0014757400831249953
1.0049246520968749
0.07651038571416668
0.0018078776416666773
0.004602268061458329
0.0007977552329166616
0.00749423989395833
0.056949738660625
0.0009166976562499951
0.05543390578208332
0.008282714735000005
0.010797771242500006
0.08369965095333336
0.0026650404281249925
0.05113628828104167
0.0028915036389583317
0.006753746846875006
0.05674097463833334
0.005216609709999999
0.05524480149958332
0.008755655879583333
0.009208662278958335
0.00414844474979167
0.0006769984391666754
0.000432907511666652
0.0009812407945833234
0.009159009211458338
0.0067958457637500025
0.0006846009358333424
0.0005677803243749963
0.0009939565864583234
0.008758517230625004
0.004112857861458336
0.0004805220814583421
0.0005677809131249851
0.0009812407945833234
0.008695530670833338
0.019441276169375004
0.009159993950208334
0.06043923331791666
0.0013385638760416677
0.016584814224374987
0.06534610151666667
0.009611327943541673
0.003038789690624997
0.006034288641458331
0.01998020372104167
0.02316129987208334
0.0055279750787499944
0.05747684118416667
0.006926728912708322
0.009393841541874998
0.005256958671666669
0.0006846315166666758
0.0003627687908333295
0.0009812407945833234
0.009209796629583338
0.00414844474979167
0.0006769721562500091
0.0003627706097916628
0.0009812407945833234
0.009180414625625003
0.004190869691875002
0.00046583530666667567
0.00272670810333332
0.0007561035206249914
0.0031760378943750025
[INFO][abstract_intensifier.py:596] Added config 2cd3f8 and rejected config 6c06af as incumbent because it is not better than the incumbents on 1 instances: 
0.0025860150441666696
0.0006791509620833388
0.0014445947058333308
0.0007561033131249927
0.006608600579375003
0.004190935480208335
0.0004804996285416758
0.00272670810333332
0.000756118669374992
0.002507257684583335
[INFO][abstract_intensifier.py:596] Added config 59318b and rejected config 2cd3f8 as incumbent because it is not better than the incumbents on 1 instances: 
0.10266040397291666
0.0005518514443750083
0.010622739216458333
0.002767602921041675
0.008518849023958336
0.011701744997083348
0.0037500112897916587
0.0009167322412499939
0.0017684429266666634
1.0038573141854166
0.004148461349791669
0.0004804996285416758
0.00272670810333332
0.0007100761429166575
0.002040330275416669
[INFO][abstract_intensifier.py:596] Added config 4d9914 and rejected config 59318b as incumbent because it is not better than the incumbents on 1 instances: 
0.04874750298625001
0.002438252151458331
0.05025799348791668
0.0007190756483333404
0.006625841894791674
0.042666408931041684
0.0006735227735416634
0.0007432833468749867
0.002153680203750003
0.00145612911541667
0.019709209727708336
0.01123947723458333
0.003454245847291654
0.002592679493749997
0.0006985840560416685
0.005106732699375004
0.01273670035520833
0.003398399472291653
0.00259268211583333
0.0006965074791666685
0.05916123203291667
0.0018113718802083329
0.05927269885666667
0.0023530365477083216
1.0015184525068748
0.12452733730187499
0.010153004653333346
0.0007365521183333205
0.006236267612083329
1.9112311606154164
0.019709209727708336
0.01123947723458333
0.003454245847291654
0.00239015712833333
0.0006985840560416685
0.019724662474791668
0.0004801349029166624
0.0007983627881249883
0.0005957571299999956
0.006091152296249996
0.011617199243541676
0.014704538329791666
0.0033949469449999913
0.005651896177083327
0.012930019746041658
0.0009014744533333362
0.00046797637333334204
0.047388043774374985
0.0007720466018749903
0.002503719060208339
0.01844922916375
0.0015821624710416658
0.0006023965360416642
0.0006129264458333265
0.006096630996458334
0.05378032437666667
0.0030618585806249958
0.058319711570208335
0.05977482475083331
1.001012177858125
0.0025644234247916703
0.0006824379660416749
0.046808972345208325
0.0009883380031249903
0.008285017290208339
0.004148461349791669
0.0004804996285416758
0.0027082171731249867
0.0007100761429166575
0.002040330275416669
[INFO][abstract_intensifier.py:596] Added config 97d2d0 and rejected config 4d9914 as incumbent because it is not better than the incumbents on 1 instances: 
0.03953938779854167
0.0025924752504166686
0.00686901210375
0.0044170628335416596
0.008047118967708329
0.0023904748581250026
0.0006644527379166751
0.047388043774374985
0.0007560943454166582
0.005651912974791671
0.00352865631104167
0.00017662090416667437
0.0006022119487499987
0.0006003783287499918
0.0061279153045833345
0.004487574180625003
0.011081181994999996
0.003407523899166652
0.0038048912260416675
0.0014561285991666695
[INFO][smbo.py:327] Finished 50 trials.
0.06265020718333335
0.004707376473541668
0.004306503872291668
0.00414479903791666
0.008375179547291663
0.027723007031250007
0.0026238994708333344
0.05020276539333334
0.000719077575625008
0.006503586716666674
0.010089845176041674
0.0016392461441666684
0.0048180395572916535
0.0004356276597916661
0.0074727358256250044
0.00420472564854167
0.0006803312160416757
0.0006027282970833208
0.0009883524912499904
0.008342993484583339
0.003139608711666671
0.00017665853458334068
0.0006001509879166651
0.0006024271622916591
0.0008597616352083369
[INFO][abstract_intensifier.py:596] Added config c5bc47 and rejected config 97d2d0 as incumbent because it is not better than the incumbents on 1 instances: 
0.00419086975104167
0.0004805002520833418
0.00272670810333332
0.0007561035206249914
0.007137996275625001
0.00370838355979167
0.0006769764010416755
0.000958802394791652
0.00796134839187499
0.009072339242291668
0.07497663202208334
0.003867926961458325
0.008625470972500009
0.002330765752291669
0.050778400077708334
0.028844097418125002
0.0042924246108333305
0.014838393983125002
0.006976217209999997
0.003726540630416668
0.003140295641250003
0.0002116612854166757
0.003227609717708331
0.0007536449012499923
0.0008614231193750036
0.003139608711666671
0.00017665853458334068
0.0006001509879166651
0.0006024271622916591
0.0008614232531250036
0.003140295641250003
0.0001766585441666748
0.0032288715258333308
0.0006024254837499923
0.0008516897135416704
0.0025644234247916703
0.0004837879797916752
0.04682059709729166
0.0009812409535416569
0.008285017290208339
0.003140295641250003
0.0002116612854166757
0.003227609717708331
0.0007536449012499923
0.0008614231193750036
0.00907831888875001
0.0002668880397916736
0.016697062849791656
0.0006794399354166683
0.005741678557708338
0.005225851202083338
0.0005276586068749968
0.003321788094166653
0.0025767165799999974
0.0006954172760416692
0.0032724467943750046
0.00017675448666667023
0.002956169806874998
0.0005963942529166604
0.0008561453772916704
0.003265028727916672
0.0001767530541666702
0.0006012530406249986
0.0005963942529166604
0.000856137010833337
0.05700377142187501
0.0016487712116666608
0.0009418087020833398
0.0018090254595833296
1.0048761552493748
0.003139608711666671
0.0001767587683333369
0.0006971679191666655
0.0005964116783333269
0.0008561453772916704
0.003139608711666671
0.00017665853458334068
0.0006001509879166651
0.0006024271622916591
0.0008597616352083369
0.001665745600208336
0.00017665531270834122
0.0033764008160416512
0.0006024264739583253
0.0008502014720833396
0.10269323944083332
0.001207002806250008
0.009580217148125002
0.001153564769375003
0.008788271865208334
0.06650744528854166
0.008846397013125007
0.04971603616375001
0.0011858564006250022
0.011129822757708333
0.004998001638125007
0.002220671656041665
0.04863720018875002
0.0031109320689583406
0.007655549954791665
[INFO][smbo.py:335] Configuration budget is exhausted:
[INFO][smbo.py:336] --- Remaining wallclock time: inf
[INFO][smbo.py:337] --- Remaining cpu time: inf
[INFO][smbo.py:338] --- Remaining trials: 0
