[INFO][abstract_initial_design.py:87] Reducing the number of initial configurations from 50 to 18 (max_ratio == 0.25).
[INFO][abstract_initial_design.py:139] Using 18 initial design configurations and 0 additional configurations.
[INFO][abstract_intensifier.py:307] Using only one seed for deterministic scenario.
0.4459164163083333
0.313594302155625
0.40275016856625
0.29585601090624997
0.2951402464095833
[INFO][abstract_intensifier.py:517] Added config 6c06af as new incumbent because there are no incumbents yet.
0.47791998640604166
0.36851931292333334
0.4609037253029167
0.3552348875402083
0.35590432159208335
0.3652188504660417
0.3023313109875
0.32625750723375
0.29507371108895836
0.310834234895
[INFO][abstract_intensifier.py:596] Added config c05bb8 and rejected config 6c06af as incumbent because it is not better than the incumbents on 1 instances: 
0.4911897315897917
0.3687573478970833
0.47897809595124996
0.3879480829441667
0.32662883198791665
0.3629663171222917
0.3389726625416667
0.40294334824458333
0.34985450845500005
0.3180333352416667
0.456169264343125
0.34792410901020837
0.39511046449791665
0.3308898491733333
0.38402146688166666
0.386466526744375
0.3065642214914583
0.4126022737706249
0.3230747371779167
0.34383586013208334
0.4934781923510416
0.421248320623125
0.5717385326885416
0.45046379746645826
0.36519287413708335
0.35930067521208336
0.3316606558279167
0.35961087931208335
0.33583525369395834
0.32656405667104166
0.45258504896437496
0.35613148596833333
0.4341769763310417
0.3578657464533333
0.3685036134270833
0.3781487620377083
0.30067062437520836
0.43541300835687496
0.2812739351060417
0.28969616449812496
0.4559073998810417
0.3802185628008333
0.46035541807625
0.2837626327602083
0.3316363549139583
0.38546773822312497
0.29771394589208333
0.3859499991577084
0.27504336662374995
0.286270664425
0.4502222270325
0.3405364459020833
0.48094559376583335
0.31707250987812496
0.3609898232197916
0.3903923509764583
0.32392379371666663
0.4526555757720833
0.3112368071852083
0.3010656906027084
0.42632570043499995
0.3275221535479167
0.5494737379995833
0.3738139552602083
0.3873942388920833
0.3835867569852083
0.3231342872927083
0.3320079408579167
0.30999441598875
0.3513155162495833
0.47978642662354165
0.313232104641875
0.5508683785579167
0.3179161201935417
0.40312959181479163
0.378615396183125
0.3124629026995834
0.3798380663964584
0.26214404642125
0.3163636559416666
0.3809432271341667
0.3135271128591667
0.38958388423000007
0.26659474703312497
0.3154189729102083
0.3787297049158333
0.31407057991041665
0.37769512380145837
0.2670301004835417
0.3164790919872917
0.5305509469258333
0.3618692645697916
0.3824994745347917
0.37371126681395833
0.4118357079608333
0.4725650386814583
0.3476911304564584
0.5534380285760416
0.40974442174375
0.40299391361562503
0.43992675791041663
0.34478582308958333
0.5979510903185417
0.33650673047124996
0.3886598330247917
0.401687973845625
0.299309188961875
0.38133858632833334
0.2836873222625
0.29179377631916664
0.4270993251775
0.36975484964187505
0.4738739073414583
0.33461119199437495
0.3382196546502083
0.4293288862339583
0.38032302068645835
0.473271696474375
0.3466287032972917
0.333390618381875
0.3858176769410416
0.29629439899312504
0.4028483129472917
0.334301864398125
0.31545300223312506
0.37350890563875
0.2912947977152083
0.3375137284470834
0.29479635906687496
0.33462255326166657
0.4076435767566667
0.30377287183437496
0.3851619822633333
0.27245459496124996
0.2885587987610416
0.3423835243252083
0.31328780797625
0.36395174449229173
0.35581773004062495
0.30685081121187496
0.3861215906214583
0.29542314716937496
0.4034687741679166
0.3341675661683334
0.3111624817710416
0.44849956911354155
0.335923808396875
0.38196076856875
0.32077181968
0.409983831206875
0.37344674962416663
0.29614559201958335
0.33414314171083337
0.2942978574808333
0.33595948875145826
0.3879587858735417
0.295026079033125
0.3824444757025
0.271198957450625
0.292586084800625
0.4499642110685417
0.3345887094985417
0.49099825101750005
0.3111369010883333
0.36261801284791667
0.39013992950208326
0.295026079033125
0.3811730644822917
0.2630271473108334
0.292586084800625
0.5523543102743749
0.36670923128666666
0.48825053011104164
0.41957898092270834
0.3675908778552083
0.3864655226847917
0.2931838243633333
0.4058965015479167
0.330021723576875
0.3219553972370833
0.5403517965122917
0.31096830448562496
0.521414448468125
0.37134384176770835
0.4152051411958333
0.3905465399539583
0.295026079033125
0.38244447222020833
0.2630271769922917
0.29258590336187495
0.3883025469147917
0.29504580044083334
0.38343323446270833
0.2711989586175
0.289962317363125
0.3755238659525
0.29633587137874995
0.41093208612354165
0.32275395999958334
0.310614423031875
0.3840197070766666
0.311870044551875
0.37838195024875
0.2829027869870834
0.3165493175889583
0.41664597937520836
0.33960643435729165
0.5158936848166668
0.34654250540166665
0.30392889165104164
0.43945509127416665
0.325417628406875
0.402660793688125
0.3055184529460417
0.30735093620125004
0.37109665974479167
0.3317241061625
0.35717420915416664
0.29789260169375
0.36977238716291666
0.38703580103645835
0.3118697052152084
0.38001928959479164
0.2781251855675
0.31197972004979163
0.38293747800458333
0.303537396148125
0.3730593686125
0.27783075895291665
0.3116539973610416
0.36791958438124994
0.302064826295
0.3715254340795833
0.25625781899479166
0.2906861366914583
[INFO][abstract_intensifier.py:596] Added config fcc1f8 and rejected config c05bb8 as incumbent because it is not better than the incumbents on 1 instances: 
[INFO][smbo.py:327] Finished 50 trials.
0.35403204406062494
0.306659100698125
0.38591402219375
0.25894166239
0.292153858305
0.4179763543802083
0.33571750671479167
0.3416449367439583
0.2852003514229167
0.369020335181875
0.3655033530324999
0.31368978563458333
0.3694482985660417
0.3185585546252083
0.36394919944500004
0.36161363692833337
0.32402790989833335
0.355946810786875
0.34421401988208333
0.3084366057104166
0.476204418721875
0.3311423951447916
0.3895119605816666
0.29949504983208336
0.31077048794270834
0.3546155069097916
0.3057022842710416
0.3684876987029167
0.26815620058208334
0.29226140731208333
0.38997520607854164
0.31159749997020836
0.4156330462602084
0.3046142873804166
0.289325720951875
0.37125610747729165
0.30018840468625
0.33589867651041666
0.2947497267960416
0.30955716799874994
0.496151777149375
0.3910654112866668
0.4923171176633333
0.36430468236375
0.32338315216166663
0.41663759867583333
0.3395322501220833
0.5001637676504167
0.3621806082089583
0.38303517322583336
0.3435280482375
0.3440362505489583
0.38571831671104173
0.35096161740979165
0.302738951059375
0.437834949153125
0.32776716767708336
0.4038353411570833
0.3046507310854167
0.3042246649722917
0.3612926846664583
0.31711696141020834
0.37060857323
0.2666287590735416
0.29541074068520834
0.3609493463770833
0.33566743711624997
0.4155464257460417
0.38051829370520834
0.32979480849791665
0.4076768002429167
0.30087136739354164
0.389747965748125
0.29627072586916664
0.2771322126018749
0.3795276101670833
0.3023125291160416
0.4456806843804167
0.320249382715
0.2908378769247916
0.34240961127749997
0.33956428487791673
0.388255654239375
0.34682210166520827
0.31031813240833334
0.4523957745870833
0.34370293963479165
0.457339361925625
0.3075589373566666
0.36898812706125
0.3432240658402083
0.34117064013020837
0.38586059198145833
0.35377896472854165
0.3004553107520833
0.4026174858970833
0.31558434032479166
0.38671965648020834
0.3512915787885416
0.33237026400437497
0.421375430836875
0.3566010513497917
0.4769067996675
0.29550168419083334
0.37171228061124995
0.41692334076874993
0.33639003771541665
0.4574079736516667
0.28194473382875
0.32181765354812497
0.3582696223933333
0.3472136711366666
0.4392779817508334
0.304078093853125
0.39148975897125005
0.3613888435727083
0.3061932235058333
0.37101206971645834
0.2624903362114583
0.2946378603745833
0.39511455263145834
0.3428851303454167
0.45368828570124997
0.339971482354375
0.3242575100939583
[INFO][smbo.py:335] Configuration budget is exhausted:
[INFO][smbo.py:336] --- Remaining wallclock time: inf
[INFO][smbo.py:337] --- Remaining cpu time: inf
[INFO][smbo.py:338] --- Remaining trials: 0
