[INFO][abstract_initial_design.py:87] Reducing the number of initial configurations from 50 to 18 (max_ratio == 0.25).
[INFO][abstract_initial_design.py:139] Using 18 initial design configurations and 0 additional configurations.
[INFO][abstract_intensifier.py:307] Using only one seed for deterministic scenario.
0.3734208057
0.25837827041125
0.30166697212166665
0.24560727665333335
0.25605951935791665
[INFO][abstract_intensifier.py:517] Added config 6c06af as new incumbent because there are no incumbents yet.
0.44232082871187506
0.3408587387835417
0.420133355844375
0.28311083439208334
0.34048599010687497
0.35439917233687496
0.2544304567460417
0.2533737638995833
0.22605985996791667
0.2741570454054167
[INFO][abstract_intensifier.py:596] Added config c05bb8 and rejected config 6c06af as incumbent because it is not better than the incumbents on 1 instances: 
0.3903009711739583
0.36503862662541664
0.33411613255874995
0.2762226161585417
0.3276029265547917
0.3853183558341666
0.27975380206854167
0.27759624648833336
0.25477067168333334
0.31589341403104165
0.40911136689875
0.2927254122066667
0.33028856484916663
0.2854984591875
0.3337346626116666
0.37921953902895833
0.281199693549375
0.31610717552083334
0.2504899810516667
0.29417454822
0.4309188094660417
0.35708006811291665
0.43137874328
0.3255018220458333
0.336235434620625
0.38793185340749997
0.25932481692166665
0.32147683296770835
0.23068934106187503
0.2712083120866666
0.36949076940791664
0.3301174416025
0.370036444861875
0.3330484213304167
0.338278869028125
0.3900530634739583
0.29614616413604167
0.33488559918354166
0.25849887588916665
0.2887585912620833
0.4165484375508334
0.321018914224375
0.39682463721208333
0.27742075982604164
0.3233523031047917
0.35089132688062497
0.25389100026708333
0.2620901773797917
0.23226400857687501
0.22933283664770834
[INFO][abstract_intensifier.py:596] Added config 433f2a and rejected config c05bb8 as incumbent because it is not better than the incumbents on 1 instances: 
0.3733329176595833
0.3008382076272917
0.4178622759037501
0.26081779264416666
0.313723507240625
0.36454440480604167
0.2598721769302083
0.3587565615525
0.272317931088125
0.31262430142291664
0.36330817086541667
0.3511359475027084
0.39465593698875
0.30871439483625
0.33809878570187496
0.3692019148118749
0.2784905031891667
0.3142014336489583
0.23759747125958336
0.27166310020458334
0.3713517296897917
0.3432027166979167
0.40107673064625005
0.30159716747750004
0.31329844760666664
0.3488546252725
0.26609036724833335
0.2637523061908333
0.23151993676354168
0.2293328366475
0.34039169797437496
0.25390612100229165
0.2614666339479167
0.231228116644375
0.2291997884520833
[INFO][abstract_intensifier.py:596] Added config e88200 and rejected config 433f2a as incumbent because it is not better than the incumbents on 1 instances: 
0.34654398581895834
0.25390612100229165
0.2631287615675
0.23151993676354168
0.22557712764895832
0.41871094943375
0.36506476988000003
0.42874404383791664
0.38657280234875
0.26368661244812497
0.4691055338160417
0.3590601109577083
0.424778772769375
0.30995752556208334
0.2879573155514583
0.3566968851639583
0.28323009182083336
0.4463725168597917
0.27454986269875004
0.2934603999754167
0.3506822197985417
0.24820981820770832
0.25637064675729165
0.23251172729874997
0.23194067383437503
0.3449029737291667
0.24833084855895832
0.27246501878
0.23418525044770835
0.2194338706279167
0.36726180168583333
0.2907121565539583
0.29817433022479173
0.23298538144104164
0.29160089238604164
0.3479598616127083
0.25310493051541666
0.3026164601035417
0.24286324926875003
0.240783815164375
0.40684290028
0.25948203853083335
0.34473793922458335
0.2727963401210417
0.35193391345645836
0.3907035600325
0.3286248641395833
0.42659969539229164
0.2623495742202083
0.30849421471354166
0.36726180168583333
0.29168409484291663
0.29817433022479173
0.23315860840874997
0.2927702198154167
0.3670937586935416
0.2744074762541666
0.30014079297374996
0.23423007770854165
0.2996881319497916
0.350747341681875
0.24820982389104165
0.25867508155958335
0.23058502266
0.23291848139208332
0.3487861939847917
0.25329441380708334
0.25464477043854167
0.22677695842520834
0.227381193634375
[INFO][abstract_intensifier.py:596] Added config 4cee97 and rejected config e88200 as incumbent because it is not better than the incumbents on 1 instances: 
0.3449611663760417
0.2595276348204167
0.2575139889575
0.2366140213825
0.23802921508
0.3500716472854167
0.261314023586875
0.27054171188395837
0.2541869582408333
0.24117884601333334
0.3449611663760417
0.2595276286125
0.2570076085214583
0.2366140213825
0.22920478718979165
0.34085162271208336
0.25952568726395836
0.2576529985635416
0.23460510653687502
0.22766620487500003
0.4291494932616666
0.30553671009041666
0.30820204260249995
0.32431325400729166
0.25261867350291667
0.3460440949197917
0.2551281819664583
0.25800881538854165
0.23739052805583333
0.2385293363510417
0.3449611663760417
0.26292129026041666
0.257380114485
0.23739052805583333
0.23852756029874997
0.40409596252812496
0.2768393509410416
0.29668844697354163
0.23396168058604166
0.2991703084210417
0.43007496421958336
0.2946560529583333
0.37241426679708334
0.2943253790779166
0.33061171572041664
0.34255708439250004
0.25417145065104163
0.2545050904577083
0.22625205968812498
0.22574842570354167
[INFO][abstract_intensifier.py:596] Added config dcdc82 and rejected config 4cee97 as incumbent because it is not better than the incumbents on 1 instances: 
0.38451103063354164
0.30058836344874995
0.29472696623645833
0.3303976255735417
0.23431093025104163
0.41840059654458334
0.301027461059375
0.4155654574916667
0.29579858058729164
0.331543498248125
0.3881529113010416
0.2951793973177083
0.33305341867916666
0.255068046166875
0.2893055080152083
0.34716812648687495
0.2517086431289583
0.25547569732125003
0.23377464038812504
0.222509996559375
0.36186073926395834
0.26393088006229165
0.3508711762058334
0.27159224654833325
0.2866527987322917
0.34255708439250004
0.24644570919520833
0.254690875928125
0.22785315475166668
0.23669206433541667
[INFO][smbo.py:327] Finished 50 trials.
0.3458971290716667
0.2469023876741666
0.2703591539933334
0.25921057580937495
0.24046677039979164
0.3834092283975
0.32228148188229166
0.37771422798979165
0.3015472918210417
0.35355046249583333
0.34255708439291666
0.25417145065104163
0.2546920623383333
0.22625205968812498
0.23669206433541667
0.34189345078395833
0.24383516732375002
0.2522792966560417
0.22672901543270835
0.2319302963504167
[INFO][abstract_intensifier.py:596] Added config 974090 and rejected config dcdc82 as incumbent because it is not better than the incumbents on 1 instances: 
0.34941876063875
0.24851731988395834
0.253892857365625
0.22683535601333335
0.21670143092
[INFO][abstract_intensifier.py:596] Added config 0b9514 and rejected config 974090 as incumbent because it is not better than the incumbents on 1 instances: 
0.33992153210833337
0.24710429830916664
0.2596906184654167
0.23311580775083335
0.21625833599520833
0.38079911533749994
0.28715449587354164
0.2727403729939583
0.25284660893625
0.27731931960145834
0.33543174267979164
0.24599503565104167
0.26072150897895835
0.23388480591875002
0.21625833599520833
[INFO][abstract_intensifier.py:596] Added config 6c8faa and rejected config 0b9514 as incumbent because it is not better than the incumbents on 1 instances: 
0.36244438067062495
0.27527539011374996
0.26142858334895835
0.2525330571710417
0.2563446470847916
0.3352834728208333
0.24599503565104167
0.2607215089129167
0.23388480591875002
0.217149337325
0.41850669393770834
0.2625807676752083
0.3172666592497917
0.220161674911875
0.25233308837749996
0.37870567095937496
0.3011988157760417
0.29431458410979167
0.3311378627879166
0.25238798635187504
0.3421495473995833
0.246285624845
0.26955801486812503
0.23640220943291668
0.21992136940895834
0.40450664286854165
0.33679063431187495
0.37833699334666665
0.3295431295814583
0.30314005626770835
0.33599848515604164
0.24599507430854167
0.26059801275229166
0.23431187743229168
0.218778217193125
0.4272408300639583
0.2518207100354166
0.3206574356102083
0.23396769168291665
0.273881781430625
0.45598726389854166
0.29078012648375007
0.366687863155625
0.25329884959000004
0.323515889875
0.34214956589145834
0.2459949685958333
0.25929400981645834
0.23595818083770834
0.221164897149375
0.3407733887360417
0.24599496859541664
0.26060844833270835
0.2356683409779167
0.21877892127083334
0.43691420467645836
0.25553983248
0.32374484697854167
0.26188911377687496
0.2918609774325
0.34214956589145834
0.24599497115770835
0.2708863972710417
0.2377268757272917
0.22116487669083335
0.342149547345625
0.24595732810812496
0.2748486407691667
0.23640221250583335
0.21992138185145835
0.3592485020654167
0.31790815739270833
0.379983877345625
0.26771055082666667
0.34492586038541667
0.3760286891935417
0.3116904149972916
0.35581219618875
0.3080499958283333
0.34995784145166664
0.36442712358208335
0.3661412800135417
0.43062911766479167
0.35799547398125
0.3331494779677084
[INFO][smbo.py:335] Configuration budget is exhausted:
[INFO][smbo.py:336] --- Remaining wallclock time: inf
[INFO][smbo.py:337] --- Remaining cpu time: inf
[INFO][smbo.py:338] --- Remaining trials: 0
