[INFO][abstract_initial_design.py:87] Reducing the number of initial configurations from 50 to 18 (max_ratio == 0.25).
[INFO][abstract_initial_design.py:139] Using 18 initial design configurations and 0 additional configurations.
[INFO][abstract_intensifier.py:307] Using only one seed for deterministic scenario.
0.13880739116
0.21101992253416668
0.11089408670166666
0.06844189365208334
0.11027029976583333
[INFO][abstract_intensifier.py:517] Added config 6c06af as new incumbent because there are no incumbents yet.
0.19000780998249997
0.12412206206270834
0.15373826883249997
0.09777846230958334
0.141110159385
0.12168507932625
0.21082443089520836
0.1395731585275
0.08490003474708334
0.09029685132687501
0.18142733686729162
0.08853721686770832
0.16713107744208333
0.1226654295875
0.10814971481645833
0.13004752272291667
0.19704698900499998
0.17607882595
0.113288610396875
0.11226106247958335
0.17831609939979168
0.11895512914583332
0.13203510805041668
0.09897806986541666
0.127580404146875
0.11439389382
0.13082437310291664
0.123085693804375
0.07358844819458334
0.08937458711895835
[INFO][abstract_intensifier.py:596] Added config b86ea0 and rejected config 6c06af as incumbent because it is not better than the incumbents on 1 instances: 
0.20813409043041667
0.2094888509327083
0.163589815024375
0.09261488594958335
0.12865546000729167
0.14431585716333334
0.20111988561333333
0.14439364181125
0.08775436831729166
0.11480152133458335
0.1921322532495833
0.144530477340625
0.16922348790458333
0.10021120877125002
0.128146745979375
0.12248278895458334
0.11627847457000001
0.12621450300124998
0.06714080881916666
0.09882515987770836
[INFO][abstract_intensifier.py:596] Added config 07982e and rejected config b86ea0 as incumbent because it is not better than the incumbents on 1 instances: 
0.16498973955958335
0.18217272327354167
0.202108248379375
0.10633112818770835
0.10510681266479166
0.134858445106875
0.217936803984375
0.13066293833062498
0.07388382516145833
0.106479778699375
0.17373431927604166
0.15153324798062498
0.16964199461437499
0.08694796186166667
0.12900600943666668
0.12304850806041666
0.12493744067916665
0.15557192050104168
0.07976084019062499
0.08167958058354167
0.191327236980625
0.16697115082791666
0.15387836078729167
0.09890718924375
0.11976198126562501
0.12111749885041667
0.20892320064437495
0.12762215045
0.07069904624249998
0.1101019446675
0.15838138910145833
0.11881374581374997
0.16060776890979167
0.09788861244416666
0.11032907674854169
0.12209494031770833
0.12835632768604166
0.12621712139500002
0.06747718905541665
0.09923980878375002
0.12209490468145832
0.11627847446208334
0.12882443005520833
0.06714080881916666
0.09923989437937501
0.13066719499583332
0.22576473479187503
0.16843682400708332
0.09258459337479168
0.12586717550145834
0.12392447399437499
0.16726363937416666
0.14657892857229168
0.11262959567041667
0.13321713438541666
0.13409529479124999
0.15926656453770832
0.10101696789416668
0.08252439100208334
0.11344533743291668
0.12239475433395833
0.11627847090250001
0.12928752942000002
0.06747718905541665
0.09923989437937501
0.13454232664000002
0.20995982392312498
0.10629268645041666
0.07487760642229166
0.10743537270270834
0.11439389382
0.13136877708833333
0.11060609889416667
0.07358844648333333
0.08688934009104168
[INFO][abstract_intensifier.py:596] Added config a24dea and rejected config 07982e as incumbent because it is not better than the incumbents on 1 instances: 
0.114277582250625
0.11363478889208332
0.11043712797062502
0.0668548844025
0.087590108193125
[INFO][abstract_intensifier.py:596] Added config c2d933 and rejected config a24dea as incumbent because it is not better than the incumbents on 1 instances: 
0.13881107544229165
0.20560144872833333
0.11089414539874999
0.06395693546479166
0.10875728949479167
0.12801684523624998
0.18671751059479166
0.1715445397514583
0.09343539306479168
0.107174268183125
0.11427757392333333
0.11363478889208332
0.11041116124854168
0.06687125483687499
0.08772314700145835
0.18665709980999998
0.15428772727812495
0.17096938358520836
0.08705471650791669
0.14291415385625
0.114408317769375
0.11627713307791666
0.11094866220020833
0.07965181735
0.08771877054229169
0.11869534720062498
0.18217297065062496
0.13616119595479168
0.08529567507375
0.08740762407541666
0.11435029747625
0.14729458242833332
0.12625691663458333
0.08104434441354165
0.09913527661833334
0.18930270737958332
0.18735946951229168
0.18597041915999998
0.101433118213125
0.15812467092437502
0.21522319097166667
0.12151992141437498
0.11914338136375001
0.12685147086208334
0.12731434457395832
0.11616898644374998
0.16148140949541664
0.110606094504375
0.06704515550895833
0.10058594253729168
0.17532806139333335
0.18920370178333332
0.16811497502020836
0.09421222899500002
0.11741727408916665
0.13453058378270832
0.19831553685395836
0.10651034530833334
0.07616066387374999
0.11209219540458334
0.11751773837416665
0.13122020184812497
0.12298635586083333
0.06357859367312499
0.08421308987729167
0.1923343111225
0.19606937366541663
0.179104371440625
0.10182813541791667
0.13249869841958334
0.11605834617062499
0.11720566359500001
0.12318374060250001
0.08104430712229166
0.100814024045
0.12869446095
0.11363478670166668
0.11040245885937501
0.06819955629749999
0.08800547846854169
0.1205873273425
0.113634725390625
0.11040245885937501
0.06720877017729165
0.08759015459125002
0.1205873273425
0.113634725390625
0.11041116124854168
0.067207635073125
0.08759015459125002
0.17488568271999996
0.10854006577312499
0.11931188993812501
0.10218695292354167
0.11352318611916666
0.12065431931312501
0.113634763618125
0.12503623376145834
0.06821032419770832
0.08798045719770835
0.11578512598124997
0.11363479137708334
0.11060797528833333
0.06714078056895832
0.09882489047812501
0.11377711571416667
0.1166512664616667
0.11101927884583333
0.066880946838125
0.09757528494812501
0.134858442819375
0.19998728169020832
0.11974521805437499
0.07488287049479167
0.1064797701675
[INFO][smbo.py:327] Finished 50 trials.
0.11439388933145832
0.11363478897270833
0.11043924961687498
0.06702976112375
0.08772309641812501
0.120703636616875
0.11363478896020833
0.11043924961687498
0.067046131558125
0.08772310560395834
0.114277582250625
0.11363478889208332
0.11043712797062502
0.0668548844025
0.087590108193125
0.107643057479375
0.17327489003770832
0.139709523204375
0.12392069390479166
0.1425312105510417
0.11427758339812498
0.11363478889208332
0.11043712797062502
0.0668548844025
0.08759012260375003
0.134858445106875
0.217936803984375
0.13066293833062498
0.0738785318525
0.106479778699375
0.11616898310270832
0.11352529435916667
0.12828668823854167
0.06687141389187498
0.10058607268750001
0.11578512598124997
0.11363478727354168
0.11060585363979167
0.06747716080520832
0.09812440270479167
0.14819779571729166
0.19239744909249995
0.1329870220575
0.06675452140041666
0.087828027534375
0.13477101455208335
0.1975044803529167
0.10644781073395833
0.07457106659395833
0.09959108210208334
0.134766862798125
0.17536403417208335
0.10674541305416668
0.07452218984041667
0.10756204854375001
0.14529815137541666
0.2000861975241667
0.15445658160229167
0.08446554211041665
0.11480166024979169
0.13485844589166668
0.17536403417208335
0.10674541305416668
0.07452218984041667
0.10756207214020834
0.1645863919272917
0.21668560698520833
0.12034822281687502
0.12042653072375
0.10191434689625
0.134766862798125
0.17530194349833333
0.10674541305416668
0.07452218984041667
0.10756109062354166
0.19773131344625
0.14288462350416664
0.185902996715
0.09772380737583335
0.11840631235729167
0.11439389765875
0.11363479170312502
0.11041092038395833
0.0668548844025
0.08759012421625001
0.11616898309687498
0.13213149707520833
0.12521366181979168
0.06687027878770832
0.09843551713270833
0.13460790313604168
0.20471895473041665
0.141352649814375
0.07936687470354166
0.09077086737875
0.114277582250625
0.11363478814354168
0.11041092038395833
0.0668548844025
0.08759012421625001
[INFO][abstract_intensifier.py:596] Added config 4ae940 and rejected config c2d933 as incumbent because it is not better than the incumbents on 1 instances: 
0.1145098010875
0.11636294199041668
0.11043712797062502
0.067478136854375
0.088419235881875
0.12254987933145833
0.11636294199041668
0.11094866219812502
0.067478136854375
0.08771869006895834
0.11947406123770833
0.11704987175416666
0.12892502046020832
0.08754967543125
0.1009313749775
0.13349478573229162
0.20357922776499998
0.12976172278645834
0.07934809599604167
0.090771202261875
0.16418727241187497
0.07336682275520831
0.11501752769604168
0.10700413194645832
0.12218662146041667
[INFO][smbo.py:335] Configuration budget is exhausted:
[INFO][smbo.py:336] --- Remaining wallclock time: inf
[INFO][smbo.py:337] --- Remaining cpu time: inf
[INFO][smbo.py:338] --- Remaining trials: 0
