[INFO][abstract_initial_design.py:87] Reducing the number of initial configurations from 60 to 18 (max_ratio == 0.25).
[INFO][abstract_initial_design.py:139] Using 18 initial design configurations and 0 additional configurations.
[INFO][abstract_intensifier.py:307] Using only one seed for deterministic scenario.
754.1154243149999
640.3438555442
636.3676475616
604.6631471691001
653.0495067263
[INFO][abstract_intensifier.py:517] Added config 26fdc2 as new incumbent because there are no incumbents yet.
758.1708881773
627.648969352
677.3809056578999
625.3121039834
662.6354901510999
750.359197186
670.3104645953001
698.0939306421001
652.3670974308
672.8111324552999
753.8759104491999
643.5823893984
630.8682154512
636.0622589671
679.0649971904
755.4839121346001
618.9794582307
678.1695376168
627.3898444023
648.5154109354
851.4586768431
690.2570330985
709.7318764280001
740.2653863731999
739.0000139179
756.4616838231
671.9597132828999
621.8703702419
659.6976266194
689.5046569148001
830.1272201758001
655.2229997805
694.4130410959999
691.7791332631
682.5852962478
762.6812239643
644.7960039679999
680.8937556172
639.1533529316999
636.9649672633
784.7396857005
727.1493483129
670.0092711653001
654.7785225796999
705.7436151986001
777.0052081271999
634.8279310061
666.1184361013
682.3090802927
682.3009569579999
799.1011994726999
720.2023197354
677.4066869733999
661.5736138041
692.104897374
747.4555875387999
615.3873743807
642.3589827872
623.5250918139
660.3261847268
803.6065187227
674.0472755851
664.1780678486
613.2185420103001
671.8814862737
740.0066423026999
704.5025700202
690.6258846727999
618.7508427547
675.3821274011
770.8907953886
645.991454347
643.0450715155
632.7768924298999
703.9041139945
717.4015202784001
665.2185230676
636.4748901889
660.8573059697
686.3332696819
740.7791831883
607.0286909783
603.3796603357999
624.9433254953
651.4077925969
[INFO][abstract_intensifier.py:596] Added config 46b4e3 and rejected config 26fdc2 as incumbent because it is not better than the incumbents on 1 instances: 
782.7477450268
658.3681898287
619.0801541220001
612.6675005347
651.7617567508
769.8022069663998
652.7080445979
611.4502086691
645.2099265007
671.8418549643001
746.182967521
597.8620832347
698.3623068278
642.2053118764
687.8997347222
790.1521815488
653.7592598146
614.7682501553
640.6840562434
653.1431931519999
786.6085066578999
673.7474959814
672.7042652169
661.6336593783999
688.2206006092
784.1685964736
637.2018455044001
651.7978516610999
655.2188233375
728.3262038312
727.336732517
668.5866235818
671.6254671946999
646.7853108628
665.032230432
768.2413274265999
633.3593261927999
607.9501398718
635.4707222807001
663.5181145522
764.8681613552
635.6810847735001
690.5095096770999
642.6429160903
663.0820912052
746.4214407574
609.0930187604
589.9552165396
620.4826097232
663.1432099526
753.7109529733
667.217928552
626.4475964017
648.0974257153999
690.2422147411
741.1122258961
615.4216298878
627.2432381021999
663.5790779919
697.2128975722001
740.1530617336
615.9427282967999
599.8163061308001
632.0389415212
677.0963176798
755.5844059361
655.7606140186999
641.7174298659
614.3726234988001
672.9940817426
720.1706167350001
672.7667660067
660.8902013100001
581.8398592927
697.8426052877
791.8804377685999
676.4518162031
750.7196650591
701.0433525056001
762.0183626185999
731.6597260264001
650.1938744124
635.6237773792
624.8426982461
653.3411336256
724.6109277813
652.5764906183
603.8214906798
616.3332460853001
689.7357685103
741.0783194128
656.6379882051999
582.4863253269
630.3743172659001
715.1332852467001
772.2596473654999
637.4097864251
612.3697209241
642.7736441579
664.4887646733999
768.7292792412
602.3444595808
636.6588287268
659.0142722877999
675.0326713096
787.7431112349
638.3628900315
659.9155682593
592.6372095665
651.4832396815
794.0502649427999
620.8396849635
653.8560472946999
613.2174819213
664.94394211
780.2623774736
646.0244761777
637.1512796398
689.2623647166
644.7894896348
770.4168272488
609.0945161976999
637.8970574353
636.4921187216
659.6017125674
765.0337204509999
637.2758915385
650.0665887186999
640.0417045225
678.2860551923001
731.931097023
656.4579063345
644.11224025
631.1917753934
689.2685914451
775.8124578817001
629.3091625983
633.3432217859
634.8905569815
663.755906658
789.9423613945
628.4362761589999
681.0726520598
612.254406064
670.8057098298
732.3498019321
686.0061039633999
610.7499444276
644.3739625581001
692.241542533
775.8124578817001
629.3091625983
633.3432217859
634.8905569815
663.755906658
733.0788535728
618.3647090162999
613.7967444966
677.4707870491
665.697083347
[INFO][smbo.py:327] Finished 50 trials.
782.2094821482001
689.8718619332999
707.990797632
672.7639156396
711.4467595374999
741.1364743161
612.8529966174999
606.5125001269
721.1390258462
651.5281672505
753.7171622972
619.6083843786
650.8262451841999
636.0616151006001
659.0051750646
748.5751254695999
626.6226368867001
656.9284196302999
674.8622340416
634.4480590734
729.6738496456001
623.1422169658999
683.6980551429999
671.3853602343
668.9522800458999
726.3357396306001
650.6572719626001
639.0120166805
651.6438952641
639.2093894121
724.3564097134999
650.1340637828
617.7236942495999
640.6360566421
647.7834789167
753.7171622972
619.6083843786
650.8262451841999
636.0616151006001
659.0051750646
765.4719351651
668.5931641227
680.847625004
642.822593552
652.0728549865
740.7791831883
607.0286909783
603.3796603357999
624.9433254953
651.4077925969
771.3526745103
722.1523601207
711.6431500309
673.1741780891
700.3859521513
740.7791831883
607.0286909783
603.3796603357999
624.9433254953
651.4077925969
798.2670550758
627.6865274109
627.8807427216001
636.6377998354
659.6372869431
740.7791831883
607.0286909783
603.3796603357999
624.9433254953
651.4077925969
800.4334320956999
625.2125967735999
617.2780297122
636.6151231787001
656.9076669763
740.7791831883
607.0286909783
603.3796603357999
624.9433254953
651.4077925969
763.5477105894
693.8141714026999
684.7621066772999
612.9372185500999
703.9983024809001
812.0212487158999
721.3745620894999
702.0871616533
617.265808523
726.2578499910001
692.1319325221
631.2184826705
619.291986089
642.9703228039
683.2585858921
753.3377476782
643.6837564677
701.7851511504
685.2895991716
746.7681616372001
749.3505479488
637.1176453943999
634.1934166942
624.0509168781
691.8540632585
746.0935377019
651.3216159461
661.0832810334
654.5982197487999
712.3882747153001
714.6346039054
629.0537451797
676.1665946461
654.0981321634
682.0987958978
729.2095465087
612.8353966479
647.3591816136
652.5840350207
649.3354506252
728.1093031739001
648.1426412636001
660.8393868705
627.7599309949001
652.3762893746
[INFO][smbo.py:335] Configuration budget is exhausted:
[INFO][smbo.py:336] --- Remaining wallclock time: inf
[INFO][smbo.py:337] --- Remaining cpu time: inf
[INFO][smbo.py:338] --- Remaining trials: 0
