[INFO][abstract_initial_design.py:87] Reducing the number of initial configurations from 50 to 18 (max_ratio == 0.25).
[INFO][abstract_initial_design.py:139] Using 18 initial design configurations and 0 additional configurations.
[INFO][abstract_intensifier.py:307] Using only one seed for deterministic scenario.
0.060260154936874984
0.106327648445
0.07633475279270834
0.07198628227979166
0.25659587428083336
[INFO][abstract_intensifier.py:517] Added config 6c06af as new incumbent because there are no incumbents yet.
0.06808153331395833
0.1285004455302083
0.06558444943895833
0.07712234383312501
0.27946620804520833
0.18673200949479166
0.125086012285
0.05719302563916666
0.07511665254708334
0.2559214853716667
0.06104429867999999
0.15703621635666665
0.11300487452979167
0.06506626085291667
0.27518674085354167
0.08390636290020834
0.12329408252166667
0.0554946151775
0.07679834693604168
0.24993922918770836
0.14989030984729163
0.1292977998489583
0.03985104361375001
0.08124877790375001
0.27334584388312505
0.09117716016104165
0.08908838177666666
0.0763080098975
0.07314004070562502
0.23596046134958334
[INFO][abstract_intensifier.py:596] Added config b86ea0 and rejected config 6c06af as incumbent because it is not better than the incumbents on 1 instances: 
0.253523863815625
0.140438547976875
0.11401012807291669
0.06650222788958333
0.2766539664510417
0.08508522904791667
0.13286198824749998
0.045605621493750005
0.07564194335854166
0.25089133734270835
0.17273916864104166
0.10507146784374997
0.14406779568333333
0.09584425875958333
0.291449700315
0.09094231133979165
0.08589991748
0.07861164101958333
0.07314002530833334
0.23596046139520835
[INFO][abstract_intensifier.py:596] Added config 07982e and rejected config b86ea0 as incumbent because it is not better than the incumbents on 1 instances: 
0.144032593703125
0.12611586448874998
0.11163194435354168
0.08153290307854166
0.2480601749141667
0.06025927951249998
0.12454224207437499
0.07597107977875
0.07214694938770834
0.24324738064416668
0.174675996889375
0.1336052170802083
0.10736279541645831
0.06524513528208334
0.3109399320964583
0.06595445060979165
0.10214290469541666
0.08789233419729169
0.09536495497375001
0.25608424702000004
0.10916108010812499
0.13240451968958333
0.12829498797562502
0.06495085897250001
0.2660095117854167
0.06218857462145832
0.13324411493229166
0.08658383601333333
0.07513946779229166
0.2633584845914584
0.09671661275708332
0.131088378945
0.130216428078125
0.07951300193625001
0.25172688448791664
0.09095001801958331
0.12275820874958332
0.07863447218583333
0.07314002609104167
0.23596047890520835
0.09094231425916664
0.08592427850666667
0.047602427417291676
0.073140025615625
0.23596046134937504
[INFO][abstract_intensifier.py:596] Added config 3f5a36 and rejected config 07982e as incumbent because it is not better than the incumbents on 1 instances: 
0.09094231425916664
0.08592427848812499
0.07829111351916666
0.07314092987625
0.23596046134937504
0.09095001509999999
0.12275816118166664
0.07842619288958333
0.07314002609104167
0.23596047890520835
0.13955620067083332
0.17584108112375
0.14381818741875
0.07809211637708333
0.277293529490625
0.10439258804312498
0.13679761838458332
0.180545931290625
0.06621431052604167
0.2754441007002083
0.12813332028791666
0.12873780659270834
0.05455830293583334
0.06385354460395834
0.2827062888433334
0.09094238669395831
0.08592427848812499
0.04741522296125
0.07314002758166668
0.23596046134937504
[INFO][abstract_intensifier.py:596] Added config d6a55b and rejected config 3f5a36 as incumbent because it is not better than the incumbents on 1 instances: 
0.06026015483437499
0.10141590919770833
0.07633475279270834
0.07254668974624999
0.25659587428083336
0.09094238669395831
0.08678896533333333
0.04741522296125
0.073140028325625
0.23596046134937504
0.13311745619999998
0.13261792880645834
0.10354161444979167
0.07530778274979166
0.24992195903020833
0.17525415235229164
0.1438925482789583
0.10481413091666666
0.06524062787979167
0.29097203296625
0.09093620578666665
0.12188629675958332
0.048396193227916676
0.07257961685270835
0.23613400974083337
0.09366180648479165
0.12188629182687499
0.04740851061916667
0.07257961605833335
0.2359604082141667
0.09366180648479165
0.12275097869062498
0.049314861295208345
0.07257961606083334
0.2367223952360417
0.06218944777937499
0.133391244489375
0.08736601062104168
0.07523585754895833
0.27203347761749996
0.06026015491687498
0.10103494862229168
0.07599855552854168
0.07196849205416665
0.24324559849395835
0.11543606249208332
0.12496293096104165
0.1801441768925
0.092771718200625
0.2966288328891667
0.16949336293187495
0.13011152943624998
0.05573585591437501
0.086640286156875
0.246986150889375
0.09117716016104165
0.08678896618791666
0.07635411172541667
0.07313935904145834
0.23596046139520835
0.09586028816708331
0.08904236317999997
0.10520243374145832
0.07538905254270835
0.3147521169483333
0.06026015491708332
0.10103494862333333
0.07599855552854168
0.07196849205416665
0.24324559849395835
0.060985874960624985
0.09123372471499999
0.07639875255145832
0.07314001948625
0.2365639430504167
0.09094238669395831
0.08592427732437499
0.047415263875416676
0.073140006311875
0.23596046134937504
0.15849933623999998
0.12445189366249997
0.090990178323125
0.06097126697937501
0.27642974061125003
0.06025927942979165
0.1014159091975
0.07597116108625
0.07255194658916667
0.2565958918366667
0.09094238669395831
0.08592427850666667
0.04760237594229167
0.07314002758166668
0.23596046134937504
0.09094231425916664
0.08678895709
0.047415133580000005
0.07567819874083333
0.23596046134937504
0.09094231425916664
0.08678895709
0.047415133580000005
0.07313934395145834
0.23596046134937504
0.062188456757916656
0.11040626727416666
0.056854420065625
0.075139510119375
0.2592465912814584
0.09094231425916664
0.08678896618791666
0.04741527164750001
0.07313934474583333
0.23596046134937504
0.09094231425916664
0.08678896416958333
0.047392421163125004
0.07567887848937499
0.23596046134937504
[INFO][smbo.py:327] Finished 50 trials.
0.06219173295083332
0.11031275943562499
0.05719040513770833
0.07522878241854167
0.2584341088825
0.06218940599624999
0.13343893128124998
0.08736600952375001
0.07513928960187499
0.27519092216208335
0.09196802402374998
0.13290974000104164
0.04600391464395834
0.06287735258437502
0.250891367906875
0.09094238669395831
0.08592427732437499
0.04741531535041667
0.073140006311875
0.23596046134937504
0.06025927942979165
0.10141589855104166
0.06419554137687501
0.07255194717666667
0.2565958918366667
0.06025927951249998
0.10103494844625001
0.07599829604520834
0.0719685087625
0.24370349809625
0.09064497881854165
0.08716256802312498
0.04739253927916667
0.07567819699229167
0.23596046134937504
0.09064497882458332
0.08725858358083333
0.047392487183750005
0.07567819699229167
0.23596046134937504
0.05647530419333333
0.15689623077395834
0.10892707039895834
0.066593225
0.27516945499854173
0.16880212681812498
0.163488466989375
0.10908384725791667
0.09268689121729166
0.39477675919812505
0.09094238376708332
0.08589992570479167
0.04741542284041667
0.073140006311875
0.23596046134937504
[INFO][abstract_intensifier.py:596] Added config 05096e and rejected config d6a55b as incumbent because it is not better than the incumbents on 1 instances: 
0.06025927942979165
0.1014159091975
0.075971165130625
0.07255194658916667
0.2565958918366667
0.08791894280708332
0.12322605703625
0.056382881440625
0.060802505676666674
0.25106580817375
0.09094238376104166
0.08592427848812499
0.04741542284041667
0.073140006311875
0.23596046134937504
0.09063727505812498
0.08716256802312498
0.04739266786083334
0.07313934491291668
0.23596047890562502
0.09094231425916664
0.08678895825374999
0.047600750560416676
0.07313934474583333
0.23596046134937504
0.17470025714520832
0.13452931551125
0.10794797587520834
0.06506666411916666
0.3109399756085417
0.06026015491687498
0.10103494862229168
0.07599855486708335
0.07198628169229165
0.24370349809625
0.09063118080916666
0.08716396245145833
0.04739266778791667
0.07314002657708334
0.23613400974083337
0.09094238669395831
0.08589992570479167
0.04741527509750001
0.073140028325625
0.23596046134937504
[INFO][abstract_intensifier.py:596] Added config a61519 and rejected config 05096e as incumbent because it is not better than the incumbents on 1 instances: 
0.07120642254791666
0.089279175041875
0.10368747343666666
0.07713106709020835
0.27698042199604167
0.126204489193125
0.10634729798520832
0.06798491400604169
0.07724976274145834
0.27635685021125
0.10661755793875001
0.13258421771854165
0.10313384031145834
0.07923109097479167
0.250831613988125
0.06061525792999998
0.1236179706475
0.07597108603729168
0.07216920537041667
0.24324738064333334
0.09095001509395832
0.12275820874958332
0.04791453628291668
0.07314002609104167
0.23596046134937504
[INFO][smbo.py:335] Configuration budget is exhausted:
[INFO][smbo.py:336] --- Remaining wallclock time: inf
[INFO][smbo.py:337] --- Remaining cpu time: inf
[INFO][smbo.py:338] --- Remaining trials: 0
