[INFO][abstract_initial_design.py:87] Reducing the number of initial configurations from 50 to 18 (max_ratio == 0.25).
[INFO][abstract_initial_design.py:139] Using 18 initial design configurations and 0 additional configurations.
[INFO][abstract_intensifier.py:307] Using only one seed for deterministic scenario.
0.13551230077645832
0.13677241670645832
0.15541973581916668
0.20597101466020837
0.16365942476229164
[INFO][abstract_intensifier.py:517] Added config 6c06af as new incumbent because there are no incumbents yet.
0.2993322523525
0.25270848186687495
0.23248210439645833
0.18073461589541664
0.20115037890208334
0.21244415769395833
0.14283394009249997
0.23525072189937501
0.17916235989875
0.1803330680502083
0.32849319180333336
0.18775189899708333
0.354270423504375
0.20707119171833333
0.21418397352229163
0.18492197555854162
0.1374114889675
0.22614487875000003
0.21393692373520828
0.13936858919791667
0.19031839427354164
0.24884638746541665
0.198267006860625
0.15046419224395835
0.22552392247666664
0.14895078145104168
0.144760209610625
0.168094396959375
0.17976047106687496
0.14121968657187497
[INFO][abstract_intensifier.py:596] Added config b86ea0 and rejected config 6c06af as incumbent because it is not better than the incumbents on 1 instances: 
0.414257670640625
0.3870715640704167
0.22801982919520833
0.30747201447312494
0.23852738532541665
0.20538422281479166
0.16219078865291664
0.17378120988854165
0.2002978977827083
0.13541007068104166
0.2736899626641666
0.2379946748541667
0.3511469157858333
0.18291142596333335
0.21054828890791663
0.15546062036645833
0.14246410710333332
0.14044369210791666
0.17665173714916668
0.1569649802925
[INFO][abstract_intensifier.py:596] Added config 07982e and rejected config b86ea0 as incumbent because it is not better than the incumbents on 1 instances: 
0.22419948530104164
0.21799436591708335
0.2881805060108333
0.183865516616875
0.18476314783729164
0.13514233197041664
0.13915446735291667
0.14227788242375
0.23905784241979167
0.17646032121645833
0.2740833187652083
0.24894719795104167
0.24950568969416667
0.13828001628874997
0.18724576633395834
0.19757014911333334
0.14335271614020834
0.225257877245625
0.21795285690999994
0.1399383495552083
0.3248506371689583
0.26087761189958336
0.26318147201000003
0.19129843551416664
0.18319332355916668
0.162543385051875
0.10885636096416666
0.13502841684166667
0.16261563646562496
0.177255736299375
[INFO][abstract_intensifier.py:596] Added config 9ead39 and rejected config 07982e as incumbent because it is not better than the incumbents on 1 instances: 
0.2633548675820834
0.2064971165216667
0.27720653935895834
0.21194990001125003
0.18253495892666663
0.19575762615812498
0.14615281945479167
0.24472702196
0.15593131832416668
0.1403499016279167
0.19146871842333332
0.1438035178095833
0.24450291519979167
0.15664515403687498
0.14034990162937502
0.30580216464750004
0.2939607188941667
0.3520652491108333
0.28636332381125
0.2820000510095833
0.29955531046291667
0.37303565877645833
0.2978735937225
0.24221113131541663
0.18049802536562495
0.2646483532720833
0.2708745101666667
0.32290492107583335
0.24850540837041668
0.20462048872604166
0.20134988403708334
0.14667493348479166
0.24817646857249998
0.15613186754604164
0.14021218434354168
0.20054535839604165
0.14633593613562498
0.24314927025125
0.15667977853979168
0.13966496145083332
0.13294160536583333
0.13400744316270832
0.13570092930229163
0.2176963130625
0.17492338165999996
0.17313144226604169
0.11519043909291667
0.18476921174458333
0.173402382133125
0.18019884845583334
0.17262317963166668
0.11592794535499999
0.19062926061729166
0.17966610965333332
0.18790918763791667
0.13496332234562497
0.14137464292770832
0.15656720205625
0.20725197638541668
0.15142420042083332
0.23462481516374997
0.14524702898458333
0.1627292709408333
0.18437848955395833
0.14617279782104167
0.17046181486229167
0.11179841832020833
0.19062925760541666
0.17068058948166664
0.18120212997145835
0.285752908500625
0.278603207735
0.318912664659375
0.117865967693125
0.2481110220385417
0.14812550320437498
0.10913945635270833
0.2105066615908333
0.17694656700166667
0.18118749317666666
0.15959703652645835
0.13552223494958332
0.16506393859208332
0.17889830527145836
0.13815407237125
0.15092145169562501
0.13543559256229168
0.16809440055083333
0.180446392164375
0.14174878886520834
0.312764289955625
0.37104567655541665
0.31809342900125
0.22889759758458333
0.17940727899916661
0.17376950136083333
0.1086085694975
0.13512019325854166
0.151258095455625
0.16958857793104168
[INFO][abstract_intensifier.py:596] Added config 4c25b5 and rejected config 9ead39 as incumbent because it is not better than the incumbents on 1 instances: 
0.16089042517979166
0.12537566885812498
0.13923496442604166
0.25191703423895834
0.1869735398752083
0.161702520550625
0.107871061165
0.13512019325854166
0.151127638699375
0.1778766751795833
[INFO][abstract_intensifier.py:596] Added config 7c5532 and rejected config 4c25b5 as incumbent because it is not better than the incumbents on 1 instances: 
0.192896230270625
0.13663111151375
0.24709045315520833
0.20262446383625
0.15991865554562498
0.24816680846541667
0.24562851550750003
0.25996157842520834
0.16926497179187497
0.16061002426583332
0.14844974431729166
0.13552901288979166
0.17116142610916668
0.17112319798979173
0.15524287480791665
0.15770073984729166
0.10293870223854167
0.16884246471166667
0.1781176859725
0.2091745576152083
0.15867444354687502
0.10387484515854167
0.16759419233875
0.17811768662499997
0.20181034792729163
0.2716044805577083
0.2718489130085417
0.23404328733854166
0.22481688157979168
0.218301298841875
0.2341132254014583
0.15003738770895833
0.247720235505625
0.15527639479166666
0.13712150140854165
0.16301946572249998
0.10017479086999999
0.16449816930604166
0.18275117069375
0.21745770941666667
0.19196849985041667
0.12979353666270835
0.15024741276333334
0.17520294553520832
0.16629431777020834
0.158488090295
0.1454736087875
0.16666920921875
0.17572542126208338
0.1901539977033333
0.14149385914333332
0.14080763674562496
0.14922587797270834
0.17396515910291666
0.15710209424541668
[INFO][smbo.py:327] Finished 50 trials.
0.12952982292
0.13572638074875
0.14191539971145833
0.21623323418229168
0.15226438002187498
0.2849301815258333
0.3198635680502084
0.3351793438085417
0.23911710605729164
0.16576338281541664
0.13514233197041664
0.13915446735291667
0.14227788242375
0.23905784387395837
0.17135155718354164
0.16237753702833332
0.10787106623479167
0.15054213365020833
0.148100261638125
0.17785381768979167
0.1631635510964583
0.10855316642770832
0.23666769037020832
0.175116862055
0.1593691464270833
0.193538246309375
0.11809792750041664
0.1480512030077083
0.232508378529375
0.14928157062187497
0.17106693499479167
0.10860124740187498
0.14591837832791665
0.17015896929583332
0.1781964650108333
0.16046557983666662
0.11436260527395833
0.15375542997645833
0.17191124268770833
0.14793876044208332
0.33755540563645836
0.18250126465062497
0.34967971295645833
0.20606982200916668
0.22031887702354166
0.30030591212999996
0.2774166408960417
0.27096314409854166
0.20214413906916667
0.18753596522770835
0.14862545993333331
0.14802897152979166
0.16694906445541666
0.26949682481583337
0.16188778407666665
0.2235364081227083
0.23991836328895833
0.26158490166208337
0.1274539208975
0.20313318987812498
0.14862545993333331
0.14802897152979166
0.16770468901999996
0.26949689048520836
0.19051386505458331
0.15996787419416664
0.11599015103854166
0.15238168370854163
0.16969097130083335
0.16031669735041668
0.16050456238666666
0.114317311778125
0.15374817997041665
0.17373029793500006
0.14963649321479164
0.13355274290916666
0.14114445045291663
0.15001811745145835
0.18054335405666666
0.15710216510104166
0.15708528796145832
0.14127542298791665
0.172747237685
0.1730976166760417
0.15737579946458333
0.16361933882104165
0.10584039645687499
0.139171488285
0.15112745350270834
0.180451680903125
0.31213823090125
0.191145675685
0.3398503851395834
0.21860676579270835
0.17175363058291665
0.14092833195791668
0.16186112414895834
0.15013978614499998
0.19249992713208333
0.127587922931875
0.23179952487812497
0.13978822229895832
0.240625556934375
0.15012211029187497
0.14003751428083333
0.16046557983666662
0.11433806230291665
0.15357808275895832
0.171794200255
0.14797109939999997
0.16496744361625
0.11689407418083331
0.17586735040145832
0.17220565164437499
0.16830028925291662
0.2202401205427083
0.13963091275854164
0.24681342352541666
0.14322143666104167
0.13867641137208334
0.29277132643291665
0.28065183712624997
0.37769629095833335
0.17714612992437495
0.25360482591229166
[INFO][smbo.py:335] Configuration budget is exhausted:
[INFO][smbo.py:336] --- Remaining wallclock time: inf
[INFO][smbo.py:337] --- Remaining cpu time: inf
[INFO][smbo.py:338] --- Remaining trials: 0
