[INFO][abstract_initial_design.py:87] Reducing the number of initial configurations from 50 to 18 (max_ratio == 0.25).
[INFO][abstract_initial_design.py:139] Using 18 initial design configurations and 0 additional configurations.
[INFO][abstract_intensifier.py:307] Using only one seed for deterministic scenario.
0.47814121095833334
0.31960530154333333
0.35506845431166667
0.31477339464416665
0.30442849369874997
[INFO][abstract_intensifier.py:517] Added config 6c06af as new incumbent because there are no incumbents yet.
0.5234016752866667
0.408687793514375
0.5154346604304166
0.360104004826875
0.36568885989895833
0.4792985088981251
0.34821772099354165
0.48312516724291665
0.2850080205285417
0.35205723504583325
0.48338589447104163
0.3900252955839583
0.5728207249418751
0.38255472317
0.303395033729375
0.567867278549375
0.348723251068125
0.5796275996720833
0.2752456066564583
0.3450816069775
0.5029633281908333
0.3541861789670834
0.4895727149283333
0.410583807261875
0.31397299363770836
0.5244037882429167
0.32442167196875
0.5126045512664583
0.344013368110625
0.4214109408760417
0.5113614796952083
0.4744706034527084
0.45326941518333336
0.35793166047229164
0.353718544501875
0.4768364037595833
0.35224907909104164
0.5119615418847918
0.3328661412985417
0.4011569902483334
0.49905958109229165
0.35554398557583333
0.5492953838006251
0.375383069789375
0.3753120076954167
0.527336530304375
0.3486114840070833
0.5153947093814584
0.3377261257189584
0.3588067414564583
0.5205109079149999
0.31533855537354166
0.5118127501412499
0.3640945810572917
0.34119024994062497
0.4885583096283333
0.34189108341874996
0.46491568821041673
0.273673210715625
0.3029092585641667
0.4925812554929167
0.3847526676714583
0.5709749053027083
0.35246805342833337
0.43034859877458337
0.4919624729847917
0.360821736811875
0.5438496523320834
0.32222592970583336
0.32647092712666664
0.5158423729608334
0.28973107039708335
0.5091696166512499
0.32744637851
0.3563309165952083
0.483074807623125
0.3744362522202083
0.527214975619375
0.31839923318624996
0.32743681291604165
0.4886157370816667
0.34140836992250007
0.5290810714335417
0.31011378153166663
0.36715263708249996
0.4812553988322917
0.3415237677439584
0.4059104493877083
0.31781673566104174
0.30175170863354167
0.4726980258241666
0.34622373780104165
0.3851250736364583
0.31732205133145835
0.3025349287352084
0.48083454943583337
0.35126258391562504
0.36638796718
0.31177707526687504
0.297396591743125
0.48032665354270826
0.3513610528785417
0.36720425543395835
0.31173826767583335
0.2962467099929167
0.548930899005
0.33603546305395837
0.4679522689141667
0.397257319751875
0.39663023101375006
0.5480575711102083
0.38556207179270824
0.529747698791875
0.39799667665062505
0.3481990423325
0.5196366085658333
0.359872764256875
0.5902612102764583
0.31233717261604166
0.37389683199249996
0.4808393125335416
0.34517417696916664
0.39473171306666666
0.31760866252104164
0.3031511513358333
0.4891246683075
0.3276050313597917
0.35653481949562504
0.31989847343000005
0.2897320823935417
0.48912473748395835
0.32871083750875
0.3568158172133334
0.32008137596875
0.29031048823604166
0.4809609907885416
0.32764628375166666
0.35428548599479176
0.3267811965860417
0.29047241241
0.48292669579874997
0.32083269096166667
0.35228601867479165
0.3201933886635417
0.29122612914499996
[INFO][abstract_intensifier.py:596] Added config a9a696 and rejected config 6c06af as incumbent because it is not better than the incumbents on 1 instances: 
0.5375810029202083
0.3909022401933333
0.5769569467793751
0.30904410448749997
0.3530551053241667
0.48377449979291665
0.40695560025
0.49876786740812495
0.34189637553083335
0.4166683847929166
0.482893858199375
0.3213268582666667
0.3700847294610417
0.3174640219572917
0.2932922145333333
0.47252990722375
0.3773686327145834
0.4534123710366667
0.3141180573510417
0.3231428028602083
0.531958481445625
0.38231791805104165
0.522171056311875
0.3176259003927084
0.4039285016810416
0.5184412825022916
0.384387809471875
0.558043257635
0.36668918557687497
0.43463358767791666
0.48727051693937506
0.3448359344075
0.5152745700889584
0.4180418303075
0.33441911706541666
0.5343882984172917
0.37388115401125
0.5213675290810417
0.317754821864375
0.4106955790664583
0.5154934563364584
0.3309750444870833
0.50827538212125
0.34344123465666665
0.413517421780625
0.5383854824429167
0.3775013066772917
0.627063063491875
0.32440741556291663
0.4123240707727084
0.5474423242954167
0.3892258098510417
0.5203608377295834
0.3259658701654167
0.40624470097812504
0.5425471173597917
0.3895587071889583
0.5203606403925001
0.34722026673916667
0.4064050051997917
0.47678814333458336
0.334179938568125
0.3514736525010418
0.32906205983208336
0.30134743556979166
0.48284881764083326
0.33504264928791666
0.3416317044675
0.32083137979625
0.3026207913610417
0.4869165744927083
0.3470814744
0.47058518097
0.2673219210025
0.2987023523289583
0.4770445039491667
0.3308218265604167
0.35443876980812505
0.3249617275135417
0.30482153715125004
0.47578472646125
0.356495484398125
0.4506198738125
0.354646612241875
0.359402870903125
0.46482672298625
0.37556565630666666
0.5294241091179167
0.377626088265
0.33334326025083333
0.4716426189783333
0.3207820740616667
0.35421831248833335
0.3235832721758334
0.29723250025833337
[INFO][abstract_intensifier.py:596] Added config 6759f7 and rejected config a9a696 as incumbent because it is not better than the incumbents on 1 instances: 
0.504797058739375
0.35779215568354167
0.5293540186727085
0.3373886992129167
0.410419714168125
[INFO][smbo.py:327] Finished 50 trials.
0.4770119893647916
0.3926448123377083
0.535489178954375
0.32564411146062505
0.3357059974472917
0.47186881273666664
0.37098309355
0.4720200855391667
0.3152618122572917
0.32313952385395833
0.5156272626485416
0.3571873798420833
0.5455406033556252
0.3372533335095833
0.39282872191666673
0.4787424340177083
0.32705437268250004
0.35912353116958334
0.32650180261062495
0.2905363305058334
0.47874243401749994
0.32705437014791666
0.354908723513125
0.32649454628833335
0.28830348449062504
0.4739790026775
0.337415257209375
0.37366947687375
0.314909245459375
0.2903974811404167
0.48289924859854166
0.34714335967979165
0.36633621651270837
0.31173065111875004
0.29804986604770833
0.48699761319833335
0.337656227250625
0.45623164343270844
0.268652416161875
0.33106148831625
0.512525686768125
0.344119468934375
0.5954065638606251
0.31789229423791665
0.3873569013025
0.4840620283239583
0.3559523393289583
0.4477112982308333
0.33873960616104165
0.3420013410941667
0.46784752452875
0.37620177322541665
0.5958522028958334
0.32715466692562495
0.3867981028997916
0.5265457117870833
0.3555021138166667
0.504883050075
0.3363429862341667
0.41402542902437495
0.48279285371375
0.32127624014895834
0.36550737414145834
0.31711320932562503
0.2992930248627083
0.42518403437
0.3579678599020833
0.4986209660641666
0.2914458942714584
0.35930511235020834
0.4736085889858333
0.3362372147285416
0.3692771427370834
0.32721946171
0.2814868234091667
0.47215392477187496
0.3853572406470833
0.4814970496908334
0.3221320407635417
0.33532117147583335
0.47356447994374995
0.33653973129687503
0.36182178811375004
0.31668987290208334
0.2843150478570833
0.47830982915229164
0.34276627297333334
0.3739921822381251
0.31800039256312496
0.2909789986464583
0.4800507874335416
0.335615629683125
0.36497774228395835
0.316054325665
0.2875697935829166
0.48569737552291664
0.3460757215129167
0.3757265455941667
0.31565340130812497
0.289870729840625
0.4991250597416667
0.423980058008125
0.5107094419502084
0.313848247345625
0.37112610238666666
0.5215372760341667
0.31347941893833325
0.5059865001425
0.36383893989625
0.36883439517375
0.529854272545625
0.3524808103441667
0.5467814917279167
0.3798521977016667
0.3746999984929167
0.48905661318875
0.3287221472014583
0.35766217153645835
0.32526251967145836
0.29508096888416663
0.4731299659379167
0.33512880662125005
0.36076380286375004
0.31418260833020834
0.28864327085291663
[INFO][smbo.py:335] Configuration budget is exhausted:
[INFO][smbo.py:336] --- Remaining wallclock time: inf
[INFO][smbo.py:337] --- Remaining cpu time: inf
[INFO][smbo.py:338] --- Remaining trials: 0
