[INFO][abstract_initial_design.py:87] Reducing the number of initial configurations from 50 to 18 (max_ratio == 0.25).
[INFO][abstract_initial_design.py:139] Using 18 initial design configurations and 0 additional configurations.
[INFO][abstract_intensifier.py:307] Using only one seed for deterministic scenario.
0.29187752597083333
0.12450280202083334
0.31529631322499996
0.13638702919895834
0.09744709074562499
[INFO][abstract_intensifier.py:517] Added config 6c06af as new incumbent because there are no incumbents yet.
0.32456929448729166
0.12555861602625
0.2786110688264583
0.18866826628416664
0.15333611407479164
0.27665850324520835
0.16239299935333332
0.31781661981062503
0.12373302185208333
0.10301099019604167
0.34327965261854165
0.16871485643333334
0.28671564658500004
0.19207939821958334
0.1487600177441667
0.29161733235479165
0.14631276844291666
0.3253585310583333
0.13303631333604166
0.12127549034625001
0.37437965302104165
0.22066115386333332
0.35146918984083336
0.2052401197554167
0.13884001504958335
0.3144644692452083
0.16701658233020833
0.2903830194254167
0.15052188776
0.127364067265625
0.40326197433687494
0.23383312569645834
0.346217517879375
0.12521066758125
0.173275345286875
0.3677195553625
0.14344360046708332
0.3391970772735417
0.13389629515770834
0.10821498804645832
0.26570136137291667
0.20725363047166664
0.3237719775004167
0.12300622210854163
0.17321872962812498
0.31551250463958336
0.19624621899708333
0.2945984604052084
0.1501190577008333
0.13195424754312501
0.34108505691583335
0.14154625991291664
0.334327584904375
0.20071545905187502
0.141299627040625
0.29200419169375
0.13245861434833334
0.31345516144916663
0.15109421103979165
0.09975314871854167
0.349515359865625
0.15315985090770834
0.30748033208750003
0.15385925975395834
0.1612065961510417
0.30939692037083333
0.1541826375725
0.365309784835625
0.13547050338124997
0.15838119760229166
0.3434801411275
0.15992185992583335
0.3064963504047917
0.18527890704416666
0.15328582706520832
0.311170859830625
0.16713649757458338
0.37168453451208333
0.12721384895770832
0.13695556530145836
0.34453218141604164
0.17050258063979168
0.26810188154562503
0.19511598035000002
0.15390671921833332
0.2911443266072916
0.131605996424375
0.31542402941312503
0.13929236707916667
0.09784342076875001
0.3114428684927083
0.172317682976875
0.2633816591691666
0.18324239346416665
0.13810227781145834
0.37296989311125
0.15721589562770832
0.26645949597312496
0.20053360465291667
0.20498857081083333
0.33112643702854166
0.14226593129187498
0.2916687216589583
0.15864554198291667
0.1509163044202083
0.283616788746875
0.12412479080666668
0.31520546057875004
0.13457900423791666
0.10111971781395832
[INFO][abstract_intensifier.py:596] Added config ca62f2 and rejected config 6c06af as incumbent because it is not better than the incumbents on 1 instances: 
0.29002831953895836
0.11451782375354166
0.31440485947583335
0.144637612091875
0.09710425541770833
0.29161151486187503
0.12750482214770834
0.31345513041979167
0.15114517893791662
0.099769114400625
0.2912458046764583
0.14134470046375
0.28119726029625
0.14277078494374998
0.09869010931791666
[INFO][abstract_intensifier.py:596] Added config fbe100 and rejected config ca62f2 as incumbent because it is not better than the incumbents on 1 instances: 
0.28858360583166665
0.14158847234145835
0.28119726029625
0.14277078494374998
0.09869010931791666
[INFO][abstract_intensifier.py:596] Added config 14013f and rejected config fbe100 as incumbent because it is not better than the incumbents on 1 instances: 
0.2938406799554167
0.13911559741249999
0.32461414750020834
0.13956452254374999
0.10630431994812499
0.29143563753874996
0.163714569891875
0.2811973480291667
0.14277078494374998
0.09869010931791666
0.29124580470104167
0.13658988094604166
0.31217561090583335
0.14273735113875
0.09633129448375
0.36052773879479166
0.19631461190375
0.27921818617625
0.15756585923645833
0.14297409931229169
0.28843195417124995
0.1283164612275
0.29858222752625
0.142751094545625
0.09534357216458335
0.28651120252374995
0.126538416854375
0.30053183867916666
0.1427164115402083
0.09611762171229167
[INFO][abstract_intensifier.py:596] Added config 9988f5 and rejected config 14013f as incumbent because it is not better than the incumbents on 1 instances: 
0.2909329332025
0.12592578688062503
0.2898741736204167
0.143776423210625
0.10051164311958333
[INFO][abstract_intensifier.py:596] Added config 487772 and rejected config 9988f5 as incumbent because it is not better than the incumbents on 1 instances: 
0.26461261972645833
0.14626056906958335
0.3389835978741667
0.1261643385570833
0.13204169412604166
0.2868551641595833
0.128561062026875
0.30054885506520834
0.1427074878208333
0.09379398160666667
0.32260557929062494
0.1333993052954167
0.3135286921266667
0.20690644905104166
0.14869692010979166
0.38379623573187494
0.1811147330945833
0.3854918339379167
0.19926091588729164
0.1259805707472917
0.31585663604916664
0.1723553186254167
0.30022889677145836
0.15544578574895832
0.12832097039895835
0.35476430924666663
0.17005554576479168
0.31219895569375
0.19342544563604167
0.151858478100625
0.2868551641595833
0.12889488451354167
0.2784202069625
0.1427164115402083
0.09377128721416668
[INFO][abstract_intensifier.py:596] Added config 4bffc2 and rejected config 487772 as incumbent because it is not better than the incumbents on 1 instances: 
0.3170711664075
0.1334912577183333
0.29469772814270834
0.15473458998916667
0.13250292162125002
0.28765198901708333
0.13658988094604166
0.29892324373083334
0.14273021965708332
0.09780435354645833
0.33648559157437496
0.17171635483145833
0.33895160411416664
0.12371589945062499
0.16966755883083334
0.287546539735
0.128315119923125
0.2989232743725
0.14269678585229165
0.09522958275270833
0.28842028438395834
0.12831511992333333
0.29859040874812504
0.14268782658895832
0.09522888025145833
0.29015549554645836
0.13658988094604166
0.3036671109202083
0.14269678585229165
0.09780505050083334
0.28471906522958335
0.12453191221416668
0.32477844987875
0.14661711773562497
0.100086199306875
0.28790352440583333
0.128953708146875
0.3013086283672917
0.14269678578604164
0.09522887230645832
0.28615075993229167
0.13327139794166667
0.3005487673322917
0.1427074187
0.09379398160666667
[INFO][smbo.py:327] Finished 50 trials.
0.321177520056875
0.19328645165854166
0.28493982644
0.123143318214375
0.12388589836583333
0.343990735129375
0.12739081616291664
0.2657939887089583
0.1473131633685417
0.17587556883041666
0.34673507916687496
0.16532076026624998
0.28078585639625
0.16294656025874998
0.13885581053020832
0.35929990959354163
0.14170491358208331
0.3325680391479166
0.13101816579229164
0.12076506334854167
0.28685517209916667
0.12891047547812504
0.3005487673322917
0.14271638227875
0.09561758290791668
0.2921835376670833
0.12561342196062503
0.32666065814583334
0.1485474776352083
0.09947852413229166
0.3335434746960416
0.16681415132020833
0.3358470678110417
0.13342633691999997
0.12312037519708333
0.28752686676166667
0.13239343011041668
0.306382349698125
0.14271640712958333
0.09377134060979167
0.34921415585375
0.16853779732083332
0.286665195981875
0.16465669220479168
0.1559555671075
0.32228696757687497
0.1675755500608333
0.28544073347479165
0.12328980268333334
0.12454297655499999
0.34033901776645836
0.15273527744062498
0.31111324444999994
0.15049627798541668
0.15477318565395834
0.31516459011458337
0.18942015414375
0.29044765243458337
0.15050708078395833
0.12955394241895835
0.28737309184979165
0.12223214228395833
0.28237594700916674
0.14223580619874998
0.09377142814
[INFO][abstract_intensifier.py:596] Added config 6b1d73 and rejected config 4bffc2 as incumbent because it is not better than the incumbents on 1 instances: 
0.30104963683062497
0.147212039821875
0.3368320547366667
0.12266705440979164
0.13663630263145835
0.29710949170395834
0.1661649520683333
0.328656942385625
0.130028878863125
0.12125443492020832
0.28996422988916665
0.12198445327729167
0.2835328480783333
0.14233693835270833
0.09538203561354167
0.3439502791225
0.16412845934604164
0.28580245135166665
0.14556326422895832
0.18308739371291666
0.29031313523041663
0.12198476850645833
0.28245022283875
0.14223799380166666
0.09756104832375
0.29031313523041663
0.12198445327729167
0.30566145814645834
0.14223799377666665
0.09756104832375
0.3094474898445833
0.17489881700083335
0.29936989861687496
0.1530223526125
0.134182885385625
0.33885873317854165
0.13818478042708332
0.301415502489375
0.14019722959645833
0.11779120392874999
0.32368817273520833
0.15538513191562497
0.3226581476547917
0.191203752809375
0.13963277643791666
0.2832508761633334
0.12373117858625002
0.3042168044852084
0.14402363265333334
0.09974563275375
0.28715347140624997
0.12133289335375003
0.28900371752479165
0.14147337019187498
0.09776740749395833
0.35092884888
0.19677317795645832
0.32436780021229167
0.12870978217791668
0.18167973523854167
[INFO][smbo.py:335] Configuration budget is exhausted:
[INFO][smbo.py:336] --- Remaining wallclock time: inf
[INFO][smbo.py:337] --- Remaining cpu time: inf
[INFO][smbo.py:338] --- Remaining trials: 0
