[INFO][abstract_initial_design.py:87] Reducing the number of initial configurations from 60 to 18 (max_ratio == 0.25).
[INFO][abstract_initial_design.py:139] Using 18 initial design configurations and 0 additional configurations.
[INFO][abstract_intensifier.py:307] Using only one seed for deterministic scenario.
845.0729755034
720.6436834952
724.7326877709
666.8640699368999
736.4128205032
[INFO][abstract_intensifier.py:517] Added config 26fdc2 as new incumbent because there are no incumbents yet.
796.7443614680999
730.2784772837999
699.8647711939
686.9298460980999
736.114858246
[INFO][abstract_intensifier.py:596] Added config 8a205f and rejected config 26fdc2 as incumbent because it is not better than the incumbents on 1 instances: 
843.7919296649
705.1338035381
742.6578793181
700.2501222458
762.8729059069
799.8894224784
673.6706674237998
742.7990971521
667.4009807745
664.358157725
[INFO][abstract_intensifier.py:596] Added config 71b0a5 and rejected config 8a205f as incumbent because it is not better than the incumbents on 1 instances: 
844.4251263205999
702.9096378816
751.2158385876
718.1922100823
736.9989739860999
897.355243403
1206.8014797968
822.3516022364
764.9051708157999
768.5987546034
778.2373120343
681.155946408
741.1410204851
671.2488985102
700.7848590284001
882.8925519758
821.0496563869001
764.4819150696
718.2483887399001
734.3103756764999
745.3140700498
671.9384657902999
749.3022253076
712.040564867
717.8259010262
859.5298485773001
1239.891071348
753.800052562
684.2365899055001
726.7337311109
789.5300295789999
725.1173877077
731.4152397800999
740.9712669933
734.4630975088999
886.7518125201001
894.2544326873999
801.648127033
765.2572814673999
756.8945265216
832.4958250724001
696.2015345381001
732.1040090582
657.7169294118
727.5342887255
825.5348450275
737.5868055399001
745.2894688217001
693.1635253796001
749.9910015889
848.7067150665
737.6997026424
736.4910852097
675.6092471658001
767.4326687142
809.2472391815
711.3640703883
708.5650660305
699.2018731771
740.3511322586999
842.7198739189
728.3370673480001
757.9711658084
685.1505943744
753.111702366
785.2002906908999
687.2095180974
704.5063699395
719.0665576491999
735.8944994216
754.8123648498
665.9937968273999
730.8673767432
679.1077798254
736.6882441948001
731.6480010153999
696.7874468222001
726.3306489974999
727.6536280198
717.1022768905
745.1673144468
659.3512715900999
707.5809362845
679.8567057337001
714.002387473
[INFO][abstract_intensifier.py:596] Added config 983ebb and rejected config 71b0a5 as incumbent because it is not better than the incumbents on 1 instances: 
750.0727884851
669.2338326102999
728.2585043143999
688.746350459
721.3791818742
896.6503156512
721.8552165352
735.9076980842999
680.6323110565
739.5570994244
805.5956684277
707.3597862269
706.4736680929
714.5255922347001
756.6134039207
813.1188626886
710.0408193737
720.775684849
662.7791933881
763.5610993452
743.0744692431999
710.5202807797
708.4484638536001
723.6932656642999
748.3894356518
816.2135913068
730.6303249335
727.9802585376
713.0178478116
736.6853486837
859.0730865785999
685.2670983703999
708.5524099609
669.5991458620999
704.8831160796001
832.9136483159
669.0252427154
663.9326957352
669.7698388837
694.1031821869
798.4400352603
719.8941847860999
718.2653183785
705.4121712537001
722.233863711
749.810241483
675.4038022538
699.5687921255001
679.1070956986999
721.9870643057001
763.1614897943
668.5168231971
713.8312040019
698.671058185
727.3928901734
857.6207902298999
733.4604397242
757.9631094842
684.0435458469001
722.0095828304001
888.2540803275999
865.5363841619001
879.2129946221
870.5782088189
833.1584561367
744.3336851965
659.7666602283
714.9586138359
695.8631353116
720.8145507917
768.8176893463999
655.3863963894
711.1538720793999
681.4594813451
747.450505474
752.5598767724
652.4455506278999
705.2809953944
687.0770960635
725.9477639358
793.873588426
677.7573359464
697.4745980248
711.4847537047001
692.4377778585999
778.5483977010999
656.2398826909999
696.3575817658
690.6271416348
718.4455207656
832.7236337353
696.6713208642
704.6441687617
681.9877137978999
757.3597412135
788.8389521327
672.0992662039
706.3655014066999
687.4526821063
723.7300962060999
789.7834229313
674.5637974479
700.1266726471
705.6086993816
685.8839596733
742.2438775123999
673.2670806177
688.8875181157
689.9713909684999
713.2415175757
742.2438775123999
673.2670806177
688.8875181157
689.9713909684999
713.2415175757
830.1107845902
677.0705662478
720.1672614864
647.1305023909
721.5112534944
782.2215514566001
697.6021705135001
700.7970677756999
697.5859256724
713.3492687363
734.5556711841
657.108967875
711.0901542684
664.1878539677
716.2354505992
[INFO][abstract_intensifier.py:596] Added config 685460 and rejected config 983ebb as incumbent because it is not better than the incumbents on 1 instances: 
831.1607907062
682.6367590477
721.1721253241999
675.7564179418
712.3428565087
750.60366874
676.5480518377001
694.3831665338
693.7688436264
712.6829266940999
734.2938952156
667.2131826534999
699.3038997015001
706.7941813851
674.9582890866
[INFO][abstract_intensifier.py:596] Added config f6e95d and rejected config 685460 as incumbent because it is not better than the incumbents on 1 instances: 
[INFO][smbo.py:327] Finished 50 trials.
883.4295658721
879.6686468821
821.7988058
729.713067092
761.0607500928
828.9168406199
662.5260120598
664.0435895733
658.826918054
710.5986694876
773.4336057164
664.090655015
690.317446092
694.7797698131001
700.9988042044
794.4171361761
675.149188657
717.6703082376
677.7905628456001
715.6543979547
803.2775526793
701.8637213618
697.1981178627
653.86119417
722.4148470327
850.0846909448999
722.6148248552
715.9484297608001
673.3584388116999
724.671766577
760.9325788745
694.8336336528
669.2269678681
671.5390071956
705.1725348748
792.9032716568
687.2876051401
691.0203988705
695.9014826936
710.7665368314
815.0792968516
753.2103142759
732.9690348001
637.5285043748
735.4544646951999
910.1843389212
1275.9393372758
782.6037900052
692.5147100441
742.3795706063
734.5556711841
657.108967875
711.0901542684
664.1878539677
716.2354505992
825.4118651875
693.8851460183
662.8665043241
673.0645484714
704.1835768482
797.5145940575001
683.3181287805999
704.8987213703999
663.3176735813
735.9373233432
825.3628836808
688.6660031915999
672.7387299072
651.1867868767999
718.1117911767999
731.2944744053
655.7620108553999
718.3771215488
686.1834461952999
654.2045791993
[INFO][abstract_intensifier.py:596] Added config b6f0a6 and rejected config f6e95d as incumbent because it is not better than the incumbents on 1 instances: 
716.5499417991999
653.1568468371
726.0393188555
684.6927849894
689.4292386493
875.1508995731
934.8216078573
784.9190061643
815.4298431794001
831.150330634
726.5082005647998
657.9763157379999
714.2188788041001
699.0134875546
669.8355759767
710.9057627799
670.9606520574
707.0931497824
695.6348524560001
706.1930992109
792.5996245795
689.7530598719
741.4267017268
668.1408391606001
726.1803877349
766.9167084029
673.862290408
694.7785251056999
661.5048791257
716.2013463605999
791.9326705316
683.7760469140001
696.2062432121
687.3052237505
701.5539437512
736.8608459307
656.3807637311
715.130798397
696.1261637472
661.7371973613999
753.9289184965
687.5492415660999
722.8626683682
680.6433550049001
719.1571258038
841.2949136396999
703.9305407385999
788.6588209809001
627.8421135377
741.4078998054999
[INFO][smbo.py:335] Configuration budget is exhausted:
[INFO][smbo.py:336] --- Remaining wallclock time: inf
[INFO][smbo.py:337] --- Remaining cpu time: inf
[INFO][smbo.py:338] --- Remaining trials: 0
