[INFO][abstract_initial_design.py:87] Reducing the number of initial configurations from 60 to 18 (max_ratio == 0.25).
[INFO][abstract_initial_design.py:139] Using 18 initial design configurations and 0 additional configurations.
[INFO][abstract_intensifier.py:307] Using only one seed for deterministic scenario.
887.8948563506999
825.6755054775
800.1227833623
732.3558672839999
825.4328993281
[INFO][abstract_intensifier.py:517] Added config 26fdc2 as new incumbent because there are no incumbents yet.
878.3004627107
760.3811140015999
801.7969824472
718.289151566
808.9444003047
[INFO][abstract_intensifier.py:596] Added config 8a205f and rejected config 26fdc2 as incumbent because it is not better than the incumbents on 1 instances: 
930.7247183355998
781.075162085
859.4942986337999
748.5180620721001
809.2045144354
856.0338826912
727.4296571624
791.1630132557
721.6490737802
750.592154834
[INFO][abstract_intensifier.py:596] Added config 71b0a5 and rejected config 8a205f as incumbent because it is not better than the incumbents on 1 instances: 
856.1737891994999
773.8045992902
779.4324122769
717.2940071377
765.2666181187001
968.5029014667
949.8731563641999
915.3115459759
856.445293948
921.4484381532
880.2872513123
790.9228874435
803.2129157914
719.7193875964999
778.7567743136
943.6028375321001
948.8604376356
833.9203654728999
815.4462219716
845.7501137022
856.2711520513
717.3050760494
802.0508121728
688.5734761972999
800.3252104329999
941.9652046333999
912.6944301189001
850.7322713223
752.6988238563999
824.1288797265998
892.4103007805002
790.1356388856
834.7041155433
735.8527769953
799.1600310972
946.0996197203999
942.1486633590001
838.5488334933999
886.6938505040001
865.9202178884999
881.8652073576
805.0185686929999
794.731592807
745.3574860506001
808.7538838232001
916.0656041643999
734.3987105919999
824.5445806468001
718.9201203813
839.8310760040001
880.5140509843
844.4806027008
799.1576785915
762.7224836966
769.7276131837
861.2096975956001
765.2604319505
790.5941899582999
731.469533879
836.404563801
891.5445269365
786.1480257103
817.9190984208
742.3267014648
853.6389957991
857.7402135520999
721.1311971596999
801.8003284618001
701.5946902533001
771.2269127906
896.6158860001001
729.3874360682
789.1214833324
666.7707044044
817.3627391508
832.0423023994999
724.6195986307999
789.8028743629
714.1246756488999
775.801576435
[INFO][abstract_intensifier.py:596] Added config 463e07 and rejected config 71b0a5 as incumbent because it is not better than the incumbents on 1 instances: 
855.0547813580001
760.1739900033
763.796019938
705.008313758
777.3155335765999
863.6959383993
745.743387435
784.3857927691
724.0204914548
763.5573513193
917.5414693703
794.5743646344001
862.3972892994999
766.1309740392
849.6712754353
903.9267625988
785.719219181
827.7889373204
752.5524375212001
839.5847049856
845.4678460143999
767.0298788084999
811.2793982421999
726.5386663771999
869.5111190985999
850.3827216208999
753.7780454593
779.0816106048001
722.1916004692999
778.4047891078999
794.9512319077
705.2907836928
754.1706379375
730.5436436658999
743.2742355029
[INFO][abstract_intensifier.py:596] Added config c3dbfa and rejected config 463e07 as incumbent because it is not better than the incumbents on 1 instances: 
856.5475615757
747.0874047125
775.0211120431
683.5170917799
744.1535661383
854.5192222182
729.7602045839999
774.2767041169
695.874978637
815.9524104147
812.6449460148999
747.7555864737001
782.1621575480001
705.110384975
782.6963637107
787.1211660621
714.7538096396
790.3634412880999
723.2229492178999
771.1041774883
845.9433749509999
702.9105497968001
753.999555772
724.8092327034
790.0845185684001
881.3028803467
850.2722781548
852.8448699599
834.4850177896999
834.1318505785001
1071.2913216539
970.4995271804
943.320042239
910.0222310017
936.5736145883
817.9769531869
742.7621775747999
791.349045944
731.2212114989
776.4353406091
825.5098634589
721.9266699775999
777.6164607799
742.9753653337
738.1902932009
873.5375001733
745.5238096906
775.3495056206
711.8643107156
800.4327736476
853.4688166426001
748.918758462
747.0969068408999
682.2302525721
782.2404984727
849.0106382874
713.0054327442999
761.5162826595
712.7514198798999
787.3871686294999
892.6227139074999
740.3993542357
810.5233125942
743.2032856182
802.5805406172999
847.4585374499
732.6740863066
764.5720021125001
675.6032775371
777.5713433633
842.1748015698
760.3158249467999
816.4884218159
691.8384678709001
769.4883808628
813.4018972388
704.6676190878
759.7145070171
708.8778894797
741.8535421153999
832.0092014797999
733.9895073362
771.5326355113
701.3729453169
768.3957597168
808.4286694455
773.4248719495
806.6138421188
744.5225566609
782.5022964031
840.9437522173
761.8158601147001
774.8988719009
723.8787147491
787.3799960728
831.9857872005
762.3276561128
779.5371750263
702.7244059398
778.4653907872
924.2580953365
803.9946334048
844.2445954849
708.6881549882
833.4569358865
832.0092014797999
733.9895073362
771.5326355113
701.3729453169
768.3957597168
811.8226783327
728.3801615252
723.4656795693
692.7184819054
787.3427957729001
[INFO][smbo.py:327] Finished 50 trials.
960.4072572084001
954.0228322924002
884.0412017261999
840.4147403439
848.1662808268
800.9854102950001
704.6128902042999
757.8616067437999
718.3186799633
766.3854464609999
800.9854102950001
704.6128902042999
757.8616067437999
718.3186799633
766.3854464609999
792.8517762575
733.6401180785999
753.1038900814999
714.5732200337
776.4375829388
794.9512319077
705.2907836928
754.1706379375
730.5436436658999
743.2742355029
884.5697217101999
796.8904506621
774.4884637691998
738.6237491750999
808.6129883102999
792.8517762575
733.6401180785999
753.1038900814999
714.5732200337
776.4375829388
800.9854102950001
704.6128902042999
757.8616067437999
718.3186799633
766.3854464609999
902.6809309851
791.5963134495
830.0243498407999
744.4223093896001
839.4417727937
813.249768381
736.2827259754
762.4161159951
698.7762613332
749.6361993838
943.7074418222999
908.3137974628
891.7604023922
864.8086397258
870.4849180553
816.4287160653
734.7379326087
757.6317704754999
711.3814235844
752.3629093382
816.4287160653
734.7379326087
757.6317704754999
711.3814235844
752.3629093382
816.4287160653
734.7379326087
757.6317704754999
711.3814235844
752.3629093382
781.1861850592
706.8308817739
753.8233583331
714.2569552788
740.1693998946
[INFO][abstract_intensifier.py:596] Added config 278102 and rejected config c3dbfa as incumbent because it is not better than the incumbents on 1 instances: 
834.7758186594001
735.645929081
831.686774809
697.0669598971
855.4968496925999
841.015434676
768.0233040454
784.3447082811999
721.5676984822
778.6096365486
975.8704591281
824.3746465766999
841.8191132753
779.7609915125
882.9241151143001
841.015434676
768.0233040454
784.3447082811999
721.5676984822
778.6096365486
838.5953349176
778.1571007742
779.0019411564999
730.3306017169
766.7730578029999
787.6273084282
731.0318643561
756.717315399
732.8785056539
759.5557789061
787.6273084282
731.0318643561
756.717315399
732.8785056539
759.5557789061
787.6273084282
731.0318643561
756.717315399
732.8785056539
759.5557789061
781.1861850592
706.8308817739
753.8233583331
714.2569552788
740.1693998946
858.648884833
820.7799268722999
838.1985931384
734.7503279571999
791.8861396211
[INFO][smbo.py:335] Configuration budget is exhausted:
[INFO][smbo.py:336] --- Remaining wallclock time: inf
[INFO][smbo.py:337] --- Remaining cpu time: inf
[INFO][smbo.py:338] --- Remaining trials: 0
