[INFO][abstract_initial_design.py:87] Reducing the number of initial configurations from 60 to 18 (max_ratio == 0.25).
[INFO][abstract_initial_design.py:139] Using 18 initial design configurations and 0 additional configurations.
[INFO][abstract_intensifier.py:307] Using only one seed for deterministic scenario.
735.4704058419
690.5387746069
695.119304115
665.0751638387999
646.6334404400001
[INFO][abstract_intensifier.py:517] Added config 26fdc2 as new incumbent because there are no incumbents yet.
767.2892981207999
711.3331967286999
657.905929454
652.4480483499001
709.7708556529999
773.8663315824999
694.4920034753
684.3660979654001
692.6168546444001
762.1123428637
753.5543609476999
647.5857382566
677.9841622367001
700.9611644438
713.3378911144
767.9518006607
616.0340773759001
650.4509370367
659.3219422673001
684.9256124818
[INFO][abstract_intensifier.py:596] Added config 87cf8a and rejected config 26fdc2 as incumbent because it is not better than the incumbents on 1 instances: 
818.9392531435
728.9108575143
758.0555539214
713.670497883
753.7774056066
752.0187522986
658.0026380055
642.5232833605
641.9920278125
686.5851194336
763.6625949755
677.9577583178
697.7252417158
689.4074293903
773.4702318608
757.6621190060999
677.8205815222
635.4764066422
656.8232567059999
670.6146360976
785.0998747843
700.3323655303
708.2804003580001
706.4589627706999
771.7473133207
805.1881861158
615.3254332472
651.907253673
692.1459409122999
704.7384015348999
828.6666903779
707.3490703939999
795.4795255509999
762.8327769177001
756.9038164224
750.4126712761001
653.4384869723
629.4191233104
650.6380747988001
681.3046393873
[INFO][abstract_intensifier.py:596] Added config aee50b and rejected config 87cf8a as incumbent because it is not better than the incumbents on 1 instances: 
772.8170009186999
637.1914983703
687.894098282
660.879945545
673.6988367824999
705.6144505182999
662.2072201170001
711.8910126669
638.2048276505001
668.2285717221
751.9707647851001
652.7985318131
668.4818590837001
693.4228567458
696.2923496714
745.1660291041001
691.2250245948
692.231816627
633.276475701
732.6148184625
756.0489157883001
607.9850844286
652.2108887787
668.4205895271
716.9305285294001
757.4883158701999
680.5848162723
643.4435161262
633.8561877362
672.4913204825
764.4212048895
620.7149544711999
636.4318924272
648.0109378448001
698.430984137
727.2460047758
710.041163411
669.0853372899999
645.5661245621
680.6816459496
790.7624386749001
631.3026865976
628.4435924749
665.6318259712
647.1599932574
[INFO][abstract_intensifier.py:596] Added config 587b32 and rejected config aee50b as incumbent because it is not better than the incumbents on 1 instances: 
773.6476000064999
658.0801441346
731.0608268919
670.8453902000999
727.2046927650999
768.0052451587001
674.1701373674999
700.5731079311
698.123213356
736.4480571422
737.3299834965
642.9622195103
685.5651706666999
639.5308085039001
740.9416957231999
738.9738828316
679.1972930046
635.1829264362
669.7284087831999
673.7735604633001
752.6930970118001
652.3204222228
676.1927315646
668.4488255783999
696.4321869911
738.7797241524
673.3984850504
687.3218508468
682.2194377023
665.6017809914001
758.2936594574
659.1634238414001
648.2871540108999
656.2102619505999
701.327160199
735.3186479131
678.3762370418
680.8121978446
675.7190072981
667.1001455482999
738.7797241524
673.3984850504
687.3218508468
682.2194377023
665.6017809914001
731.9786202308001
661.6609932185
662.6929976571
641.8910831864
668.6975701532999
762.8177169111
652.1044630877
702.6586238223999
665.5096204438
694.5462099916
909.1527917791999
760.3608994827999
780.2466760305999
797.2985001836
880.4860902455
752.0162091469999
662.3211756902
631.7443605681
624.6797934665
666.806929669
[INFO][abstract_intensifier.py:596] Added config 55ff9b and rejected config 587b32 as incumbent because it is not better than the incumbents on 1 instances: 
745.6103660038999
613.4947685495
614.6357691288999
639.5707517472001
641.5535638511001
[INFO][abstract_intensifier.py:596] Added config 6b649e and rejected config 55ff9b as incumbent because it is not better than the incumbents on 1 instances: 
737.5768750345
625.7131021325999
643.0272435068999
662.439813322
641.7993593996
752.8968643496
663.6074859319
628.3391985710999
668.6422463279
666.3485543163
697.4508892777001
660.8435772082
636.4226244481
651.8550611789999
671.6593326339
752.9375156736999
656.5876322981
664.2547350333
649.7392169003
692.1147476678
729.9671932035
632.9275337918
632.1710087552999
670.5359447915
642.4766730821001
738.1218735129
628.9756199296999
635.5194660428
645.5714580607
644.3948091706
747.6503758259
632.7141830364001
608.6285869009
615.9049248863
686.1822447497
732.9842535742
606.7247364171
631.3516278262998
659.2058845799
636.2384501186
739.3243483197
677.517701963
658.6544098507
715.2779686128
678.9658575179
737.5912312564001
639.9224996253
638.5750928237001
669.4518315907999
699.2607374312
693.5699426735
589.9646395139
637.0348172153999
643.0807597124
681.2213277768001
[INFO][abstract_intensifier.py:596] Added config 8984e8 and rejected config 6b649e as incumbent because it is not better than the incumbents on 1 instances: 
726.9982974929001
687.2062536249
657.2428859264
681.0781964527
681.5365129706
748.245202869
641.2397179106001
632.7708416865
669.6253420438
680.7399504734001
746.7344993030999
636.8289027237
625.7011639703
647.6457855339
655.1417046757
[INFO][smbo.py:327] Finished 50 trials.
803.3416621174999
684.9140313205
751.3976394241
682.0912942963
746.3844304026001
718.1082439864
625.4871724861
627.6776382849
672.861353098
671.8102538706
751.6975961113
631.9374839746
660.3843742591
662.1304880536
679.1367856077
744.6288823555999
586.819338487
666.3622998747999
716.9935779385999
648.4458459585001
725.8213834205001
609.5719661326
635.3145533807
686.8631839135
670.073668136
722.3724964488
666.0312848972001
649.580903932
664.8468933361
686.7471804418
739.0819845982
641.5424893260999
630.2529331674
673.6753684790001
623.5132569179
731.2347145589
569.4664797398
624.4989788729
681.1925517479001
675.1915872692
767.7466738799001
669.0414541877001
663.7536035969999
671.4760208515
749.7966435794999
737.0106502241
608.2448554517
651.7342087212
680.3441250312999
670.629524019
782.6300693709
678.6363036666
701.1776391472
719.6146438062
773.6583229401001
754.0787978850999
597.8510919401999
626.1613725134
674.7341222427001
656.3893268987
692.1618832900001
586.0690388406999
638.7711649483
641.7518726751
699.6595064251
749.6209427944
596.8586266768
642.7451032622
659.1027862397
652.4005452337
702.6550907481
600.7514543463001
647.6027208206001
631.3237837702001
637.5378337034
[INFO][abstract_intensifier.py:596] Added config 57697a and rejected config 8984e8 as incumbent because it is not better than the incumbents on 1 instances: 
740.3406660293999
659.5458819267
651.3180717363
658.8286457416
732.8838244821001
730.6390064107
648.9761591015999
648.5164010778999
666.5507884209001
651.8073513468
802.6118351727
613.9745043588
748.4329232685
746.2438195104
731.5642504635
719.9935066527
631.5722059214
657.0499054064001
652.0428187273001
661.4882979215
753.5955005842001
614.8502994406
605.0366139449
640.2466036298
646.8174831091
704.0518794438001
652.2264529342
616.7347798561
657.8254207105
656.4239197249
734.0829032229
605.3242266458
698.0453819335
646.9988809315
662.7004710964
706.8212663582
617.8768196886
637.3122454484
655.1543219032001
676.3914241245001
746.7344423221
605.4292374403
648.8714344199
667.3781848553999
646.3326691080999
753.3301483173
684.7741395261
664.0853623303
673.0268034390999
668.7478330278
[INFO][smbo.py:335] Configuration budget is exhausted:
[INFO][smbo.py:336] --- Remaining wallclock time: inf
[INFO][smbo.py:337] --- Remaining cpu time: inf
[INFO][smbo.py:338] --- Remaining trials: 0
