[INFO][abstract_initial_design.py:87] Reducing the number of initial configurations from 50 to 18 (max_ratio == 0.25).
[INFO][abstract_initial_design.py:139] Using 18 initial design configurations and 0 additional configurations.
[INFO][abstract_intensifier.py:307] Using only one seed for deterministic scenario.
0.23992018091375
0.35645359919583336
0.200816036865625
0.14275735733083333
0.12104841797229167
[INFO][abstract_intensifier.py:517] Added config 6c06af as new incumbent because there are no incumbents yet.
0.310609766395625
0.21088864412083333
0.23075819171124998
0.3896137942754167
0.152919067703125
0.23143405831458333
0.261292160550625
0.14981844941583333
0.1732231509914583
0.14082202958125
[INFO][abstract_intensifier.py:596] Added config c05bb8 and rejected config 6c06af as incumbent because it is not better than the incumbents on 1 instances: 
0.26337552837666667
0.33864461120624995
0.21661058111687498
0.465219188833125
0.23694460892833333
0.259166983444375
0.30448616540104173
0.16923761375104168
0.2580362486741667
0.16470129410479165
0.247437309278125
0.4983469348695833
0.203198363696875
0.269320097063125
0.13952159699166664
0.267653262025
0.2304480155089583
0.15375282531999998
0.2694590645454167
0.24466724608895835
0.39345867352166664
0.6123599342608333
0.33747634352770833
0.25552050722249997
0.2852553676633333
0.23675846481583332
0.4130239890975
0.190562113693125
0.31062445036229164
0.17463158387770833
0.3507889426808333
0.29069895812958335
0.2893840027441667
0.24562433861625
0.18643464939583335
0.3105318415079167
0.2429961725752083
0.161789391010625
0.2860895630535417
0.187540141713125
0.3397468679422916
0.3425882252858333
0.24633840983583336
0.21104893331437496
0.158945018935
0.2701121810722917
0.4562946780552084
0.13330440277083333
0.16484459132229165
0.13149940786333333
0.3021254382577084
0.31909648517375
0.2622377309445833
0.18361652771125
0.2674843503247917
0.339607091436875
0.33051038527000004
0.24842172523791667
0.249264422876875
0.12167413436270832
0.30768163089145834
0.3343702412029167
0.17461957542562498
0.3048095181564584
0.20457791243874998
0.279473896078125
0.28413424443562507
0.2668843989370834
0.17513240513729164
0.14478719652666666
0.32129511191999993
0.3125708101804167
0.15628395205833334
0.3121007084808333
0.16579086973458332
0.2741434500475
0.40172362806333334
0.14029331114375002
0.13887436872229167
0.13089213929020835
0.26928415809770834
0.41272429626958335
0.14029331114375002
0.14289026270354166
0.13099705631208333
0.2741434523860417
0.41272429626958335
0.14937194318708333
0.13873297907875
0.130997056291875
0.2741434523860417
0.41275876255812505
0.14937194318708333
0.13873297907875
0.13089213927
0.3305464419777084
0.49292428946249994
0.2826063037877083
0.27690783063729163
0.25834919551270835
0.4614820288204166
0.36549284777354163
0.23241696774875004
0.35321903239916674
0.22689124629083335
0.2959353981110417
0.36786612724020834
0.234401049005625
0.194249191755625
0.17099771527208332
0.279743147699375
0.24149863155562498
0.13897404856166667
0.26108635813625003
0.23515778379083335
0.23143405831458333
0.26131081930104166
0.14882062004333332
0.1695882342322917
0.142068697710625
[INFO][abstract_intensifier.py:596] Added config f068e8 and rejected config c05bb8 as incumbent because it is not better than the incumbents on 1 instances: 
0.2854213529929167
0.2857521749416667
0.19352003173583332
0.14392466633604167
0.12209681616770833
0.25083955928874996
0.1829021051625
0.2198900391497917
0.17674199427645834
0.14440103663729167
0.2508395827814583
0.18588666878458332
0.21892024997020834
0.17670486427187498
0.1381825518875
0.23143020731541666
0.2612848341520833
0.14981829607666666
0.17286045903020833
0.144141514485625
0.2893703859508333
0.39573478728875
0.17366153809416668
0.30083398050812504
0.19473152788333337
0.2613870036602083
0.3303869687402083
0.29802296503104164
0.17828274862895832
0.259736973726875
0.23143405831458333
0.26130217439041664
0.14981829607666666
0.1732231509914583
0.14289484635083335
0.3547824013595833
0.2835516188914583
0.25021266503895834
0.16385791299749997
0.22749810737645831
0.2054420188125
0.315561654483125
0.18454889622354168
0.2887289544154167
0.14644294174312503
0.23170441478041667
0.2636766770204167
0.1487635127866667
0.17464730550541668
0.13832620839291668
0.24937224605395833
0.29529454218770834
0.147443070125625
0.14412686292354165
0.131863780665625
0.36574403367499997
0.2918769954675
0.256464858286875
0.16248420889479165
0.2274020665002083
0.27295284942229164
0.4970356408716667
0.23683674380666667
0.19078922523166664
0.231528614721875
0.26376689753791666
0.44695070635479167
0.19415373335729166
0.22051126505458332
0.12690432137729166
0.25454044958645833
0.26123287799020833
0.23468399957145833
0.3216747118491667
0.129256868681875
0.2370933408202083
0.3283550430016667
0.181190438464375
0.2765738762114583
0.14228295001875
0.27240429141124994
0.38146139128020834
0.1902168691725
0.13868715008395832
0.13187836120833335
0.26928415809770834
0.413440571529375
0.140530435928125
0.13887436872208336
0.13099705631208333
0.3608017830072916
0.35124330889583333
0.215745858666875
0.369501482144375
0.22058458648791662
0.2724369147660416
0.39663611589062503
0.148812487139375
0.35412207496541664
0.20905978870541667
0.20544189797624998
0.30314924702625007
0.18454858396166665
0.28883107661208335
0.14644289362604165
0.37101473224062503
0.5162411928170834
0.305444601554375
0.3245614280377084
0.20909397758041667
0.27321113130687497
0.31116086219833333
0.18743437364749999
0.14660167631479168
0.13191790442625
[INFO][smbo.py:327] Finished 50 trials.
0.29154060509791674
0.3485776543795833
0.255748689784375
0.22508653583416666
0.126227696049375
0.2583133729597916
0.2535122266672917
0.189774533980625
0.20070663834291663
0.13188106162291666
0.24339143993770831
0.353230183504375
0.18958791423604165
0.30729654707062504
0.20961417153833337
0.3172933412479167
0.2804465457575
0.19959598896458333
0.14560677737375
0.12209599716479168
0.23143405831458333
0.2613530184479167
0.14981829607750002
0.17377332256604167
0.13831942331208336
0.23293621152270833
0.176347125505625
0.12869488331520834
0.175621482004375
0.14366104889020834
[INFO][abstract_intensifier.py:596] Added config 18d40f and rejected config f068e8 as incumbent because it is not better than the incumbents on 1 instances: 
0.24014727183166665
0.20089124064708333
0.16935088047479172
0.2229162501789583
0.13371954058291668
0.268803106918125
0.3690362282339584
0.16248536705958336
0.14735124290416665
0.13186256207229166
0.23292695300083335
0.2169215605975
0.12769738602354166
0.1751714395277083
0.13369820248125
0.23757602468083333
0.3662234131197916
0.18434512224583333
0.268993176106875
0.14240964475416668
0.28270593289020834
0.36914915725520836
0.22068410378645834
0.17844896026937498
0.146259911888125
0.29557772766270834
0.2831030837825
0.24364668415895832
0.19569349160041666
0.2614087228027083
0.23293621152270833
0.17632258256041666
0.12769804633479168
0.17772062181291665
0.13369789402958335
[INFO][abstract_intensifier.py:596] Added config 2841c0 and rejected config 18d40f as incumbent because it is not better than the incumbents on 1 instances: 
0.3087203406120833
0.242945727950625
0.15393161090541665
0.25351785637083335
0.23985893736958333
0.24573888160645832
0.26073415177645837
0.13481728346979166
0.21412672916791664
0.14027614257104168
0.23292692877625001
0.213167956643125
0.15064966015604167
0.21599344281083332
0.1344074663120833
0.29281002373520837
0.3555939820866667
0.28074448479875
0.20063638170479164
0.12606654266604167
0.24901947942791666
0.20749197930833332
0.14335809161375
0.17190499327833333
0.133524701350625
0.23912814064958335
0.18824147769708333
0.14335809161375
0.17190499327833333
0.13440780446875003
0.23912814064958335
0.20824436154916667
0.14335800115187503
0.17445417556354167
0.13440780446854164
0.2812916023475
0.30485000124937495
0.16995661904916665
0.25990293862374997
0.18480879461520833
0.30264601971
0.28137930120937504
0.22956511978604166
0.23986083361395835
0.14343617982249998
0.23059526225562502
0.21903370056416668
0.12769736480020832
0.21475244570895835
0.1436241770041667
0.3779328175983333
0.4345188451910416
0.26776271717875005
0.30391483136937497
0.22530491750604167
0.28514619719875
0.3697325704622917
0.1589950725566667
0.4071752477208334
0.18427231414104167
[INFO][smbo.py:335] Configuration budget is exhausted:
[INFO][smbo.py:336] --- Remaining wallclock time: inf
[INFO][smbo.py:337] --- Remaining cpu time: inf
[INFO][smbo.py:338] --- Remaining trials: 0
