[INFO][abstract_initial_design.py:87] Reducing the number of initial configurations from 50 to 18 (max_ratio == 0.25).
[INFO][abstract_initial_design.py:139] Using 18 initial design configurations and 0 additional configurations.
[INFO][abstract_intensifier.py:307] Using only one seed for deterministic scenario.
0.254628191065625
0.18060905074541667
0.1779165868410417
0.20282236334291665
0.2516036356477083
[INFO][abstract_intensifier.py:517] Added config 6c06af as new incumbent because there are no incumbents yet.
0.30913932477124995
0.30458538651708333
0.22935697456374998
0.26992061755312496
0.19005262594791664
0.196606154209375
0.19097083153354166
0.17727760636270834
0.20076464268437502
0.21052834622833333
[INFO][abstract_intensifier.py:596] Added config c05bb8 and rejected config 6c06af as incumbent because it is not better than the incumbents on 1 instances: 
0.2963088079675
0.27773766379604165
0.24635034720645835
0.31016454522041664
0.18796172975749997
0.20509721862666666
0.176818009440625
0.169969118095
0.242989100871875
0.23123065955375
0.23168542745229165
0.17825313736270829
0.174064489715625
0.24132748583875002
0.25159546457604165
0.24367834656624998
0.21942945897666669
0.16367283997124998
0.24644247838687502
0.22264235454062498
0.36750794485833327
0.25213070166125
0.24590403393145835
0.17372744521270833
0.27329844421041666
0.2443474471964583
0.18386768624875
0.19040593172791667
0.21177558006229166
0.22502499828125003
0.26594095130999995
0.25394835468104165
0.2404368048983333
0.33931591020625
0.20136183543333336
0.22480184048729165
0.21576965157645833
0.1885892178916667
0.244900325563125
0.22402260096395835
0.2598423400379167
0.2501747800539583
0.21208906147479165
0.25870255482750004
0.17778420944562504
0.24849745304479168
0.17405538444166666
0.160348704658125
0.1924684780875
0.22577335618833333
0.33974009170291664
0.316107503539375
0.2573919767614583
0.20927219388104168
0.251357690378125
0.19819043132854164
0.19131651139854164
0.20139510278083333
0.21395713265083333
0.24649811470958333
0.2865142089229166
0.207629065999375
0.224909717120625
0.27982845296125
0.2586620491208333
0.22549687022
0.20472499910104164
0.20203975439770835
0.19994070609562498
0.2286119941220833
0.2824953719464583
0.21449388610604164
0.19308929602666666
0.2745120960866666
0.22859717078041666
0.19465778994625
0.19858758498041668
0.17801318373083333
0.200695494455625
0.21334187499208332
0.2078752850477083
0.198856823676875
0.17847443504270835
0.22445661504520828
0.20276406870416666
0.21288492257229166
0.19944989404291666
0.18162907954833335
0.22545094716541664
0.2155382982208333
0.29200589421958334
0.23277336570166668
0.29091061494708337
0.2629269418166666
0.22343862631604164
0.28856110645916666
0.23255412643604167
0.2222592544025
0.32071892223208337
0.23413484568229168
0.276831625475
0.24277132949749997
0.30193202575874994
0.2953261790125
0.2604111337210417
0.194656751154375
0.20145375696875004
0.1783828219275
0.200695494455625
0.21334186462875
0.2131862152122916
0.17151982928041665
0.17119201021791666
0.20021678881875
0.26524713893083335
0.2374377003014583
0.18789918981979167
0.18559564521791666
0.2445509677072917
0.22301395730499998
0.27191102334687495
0.1842644085575
0.2048175987735417
0.2056152029620833
0.24537423731479166
0.27983980675166664
0.1989620965372917
0.19282600801104166
0.19553268996875
0.18837793191583332
0.23621770766124997
0.1878995560785417
0.1855956325397917
0.2423377518279167
0.22309823607416668
0.23743773062749998
0.19428366559791668
0.18558711912145837
0.24190279788083335
0.22310163498187496
0.34631001021812496
0.25957369554520837
0.22127057518729168
0.24041507765624998
0.22953804565979166
0.23650928352874998
0.194062227414375
0.18575559056395835
0.23893002569250002
0.22302483567375
0.23927320183249995
0.19503538688104166
0.18118132474395834
0.20179182400458331
0.21968595256999995
0.2277775846852083
0.19050990155666664
0.18226218130958333
0.2173200874439583
0.23794514865312497
0.222564669653125
0.18992456230499996
0.18563853275854167
0.24018132602708334
0.2369609810985417
0.23666312584854168
0.17031110609770833
0.17191597986458332
0.19491271844937502
0.28220703413020837
0.22702168752104163
0.1899513655375
0.182705305575625
0.24095975396354163
0.23696096662416669
0.21612045991749998
0.20344064214604166
0.2033146483425
0.19322391528500002
0.2023368805683333
0.239639459581875
0.19862054341270832
0.215541274533125
0.20865606026145833
0.22842030478812497
0.19608806024499997
0.196305754456875
0.17803698079291666
0.19555065903979166
0.213341630706875
0.28272507309562495
0.21056514837812496
0.21600477031874998
0.23428511662604168
0.24334008201125
0.24849126755791662
0.15663028344708332
0.16781132093833334
0.19437853868229168
0.21799321898854168
0.25146434591229166
0.16436885714562502
0.17598356137958332
0.22916388074395833
0.21700349517624995
0.19819325397791665
0.18856176735729163
0.1776236865860417
0.19523870882875002
0.22376292283020832
0.2844638204291666
0.22361272845374996
0.19277055219625
0.23685077140583333
0.26595073073979164
0.24848308632270832
0.15663028344708332
0.1678133936560417
0.19437853868166666
0.202339136031875
[INFO][abstract_intensifier.py:596] Added config 703ac5 and rejected config c05bb8 as incumbent because it is not better than the incumbents on 1 instances: 
0.25227160845937496
0.15663028344708332
0.1566353539660417
0.1943785411852083
0.21536625566749998
0.196937867181875
0.19157123165249998
0.17760466438875
0.19523871104854165
0.2105283442195833
0.24384484442312496
0.15663028344708332
0.16787174137958333
0.19437853868166666
0.20388469554562502
[INFO][abstract_intensifier.py:596] Added config 3e4fbc and rejected config 703ac5 as incumbent because it is not better than the incumbents on 1 instances: 
[INFO][smbo.py:327] Finished 50 trials.
0.24385536392479168
0.18211547504729167
0.19365021203583335
0.30305555660166666
0.24353477967125
0.2245181858139583
0.1766949966575
0.2258265586379167
0.21654526154083334
0.22749637855875
0.36187229129104165
0.18288741281083334
0.21038939062666664
0.3067177553722917
0.24166414758687502
0.254543151495625
0.16901029155375
0.16015720556583332
0.23817952063624998
0.1763355458191667
0.27196534196666666
0.18602318853604163
0.19917851400270833
0.21128092177229166
0.2175055151860417
0.26780195760708325
0.234914041925625
0.22051640739145834
0.2556194200433333
0.2331968534375
0.256622241885
0.21951117531749997
0.2387310316120833
0.21396311500854165
0.2400202485858333
0.24255545026374997
0.18260152523583334
0.17571380909229167
0.24542716010562496
0.23623498702708332
0.25078871970625
0.15601545318375
0.15659545918875
0.19731717501520837
0.2179856242066667
0.22494410836604165
0.20352651478791667
0.185060349676875
0.2147960020860417
0.22283795507937498
0.23083530408499994
0.18957376763999997
0.1890811678220833
0.22194721885312502
0.20827588935437502
0.226633935426875
0.1763727181075
0.20382122987874998
0.20743862101145835
0.23715389397395834
0.23788111995229164
0.17040975602708333
0.15490696966062503
0.196411916535625
0.21566909681000002
0.24785342722874995
0.17040975602708333
0.15144209394979166
0.19641191890208332
0.2167965841722917
0.22387379116687497
0.163614484580625
0.16648459226041668
0.23318415329395836
0.21721722478854166
0.32413310150583335
0.30310521102437504
0.2165989971141667
0.34265728343124996
0.26496599260791664
0.2448652616079166
0.2021346282758333
0.21517692485770828
0.212054898385625
0.20833259433333332
0.24261987239854163
0.15663028344708332
0.1695901437125
0.1947191578
0.2179856242066667
0.2911548716927083
0.21158150040437498
0.1945771865616667
0.21131780307125
0.21771675483354164
0.22999176357249998
0.18957376764020833
0.18831395938458334
0.21555457062479164
0.20808309307020834
0.22256421992437497
0.1878939986197916
0.18721775094874998
0.24607160837437497
0.24045770928666668
0.31261458083937493
0.27634455050958334
0.25586553398270834
0.29151733917416667
0.27440829229583336
0.22379179388249995
0.17729677571166666
0.18640815540645836
0.23453279425791665
0.2287550985714584
0.2874235761497916
0.2177814398483333
0.29658868132916666
0.25511404638895835
0.20985286221895832
0.2835432206475
0.246565530334375
0.22240683405208334
0.2545923991020833
0.23580676344375
[INFO][smbo.py:335] Configuration budget is exhausted:
[INFO][smbo.py:336] --- Remaining wallclock time: inf
[INFO][smbo.py:337] --- Remaining cpu time: inf
[INFO][smbo.py:338] --- Remaining trials: 0
