[INFO][abstract_initial_design.py:87] Reducing the number of initial configurations from 50 to 18 (max_ratio == 0.25).
[INFO][abstract_initial_design.py:139] Using 18 initial design configurations and 0 additional configurations.
[INFO][abstract_intensifier.py:307] Using only one seed for deterministic scenario.
0.31142026962291663
0.19462990522375
0.18087214750041664
0.193716290825625
0.2678211866152083
[INFO][abstract_intensifier.py:517] Added config 6c06af as new incumbent because there are no incumbents yet.
0.3204319939285416
0.249155179361875
0.22401626255249998
0.23973025468374998
0.2679820235810417
0.286562220793125
0.22947162114208333
0.21663790581437503
0.22312036042729166
0.25219086536520835
0.3470067010222916
0.292707619634375
0.2144854393614583
0.28347592836999996
0.3164088486410417
0.33808379295166663
0.19373050830145833
0.22191510761458336
0.20407095849770834
0.26303187740562506
0.38900951643875
0.25479906230875
0.27413281430187497
0.2503805195714583
0.28432297020020836
0.34148366954916665
0.20006709023708336
0.237512998410625
0.21402737958124998
0.226234530713125
0.48903406921437503
0.32192356583312504
0.2924138321677083
0.305675647364375
0.19916646971041668
0.33197852677208334
0.19931548131499996
0.21650449725458332
0.253847066989375
0.27724279718166667
0.3578724299591666
0.24030764472854169
0.271240893769375
0.278044876020625
0.2511029124602083
0.35150672745041667
0.21938243922145836
0.24415654971229164
0.20511932138395833
0.248009913216875
0.38064434747458337
0.25065355513541665
0.19820308646166665
0.25529142660604165
0.20586428712791666
0.30122535439291664
0.18687896381833333
0.17736714365791664
0.22022678478541666
0.2544991877660417
[INFO][abstract_intensifier.py:596] Added config 433f2a and rejected config 6c06af as incumbent because it is not better than the incumbents on 1 instances: 
0.436189437038125
0.26585308924708334
0.22758252641979165
0.2726092592658333
0.2609086576283334
0.316016535208125
0.23327408116354167
0.25692719506770834
0.19071283418374999
0.2711773948166666
0.34363117601666665
0.2093374129135417
0.29556914878083335
0.28770778860625
0.281765059728125
0.40250080272437494
0.24619580152666665
0.25575264722770835
0.18893107358687497
0.2724451091302083
0.36256456778187496
0.204315714529375
0.3378839246845834
0.269910326615
0.2719861108160417
0.3163010737364583
0.19520900511812503
0.21405225275041667
0.20363119275729166
0.25315162703437505
0.3179917668135417
0.178602910095
0.20924241104458333
0.21137902238666664
0.2556804254308333
0.31677662323020833
0.19069333878020833
0.2058755918620833
0.20956652008729168
0.25325356097895835
0.4930362545985416
0.24338718999020834
0.22838076387020834
0.30650770541375005
0.2641155307439583
0.3640487544391667
0.24314461507125
0.2831604075302083
0.2624976310160417
0.26329623788145834
0.40368972413770826
0.26117336584270834
0.23590754935
0.224038511860625
0.28947730991729165
0.305778827858125
0.17878261921208333
0.20924241104479163
0.21305499037583334
0.25493011003229166
0.314604236893125
0.1950308942354167
0.21150107915854166
0.20293089377145834
0.25564883005458333
0.29718461839250004
0.18272800245895832
0.17078393290937502
0.22611520204291669
0.27230427080916664
0.30920737971749995
0.2027775592841667
0.21483591088791662
0.18926957890708335
0.26805810551875003
0.290271920495
0.18272800726270833
0.17078595072145833
0.22611520518229167
0.279170337660625
0.31028282474354163
0.21802274470312497
0.22325164210604165
0.24226034990166667
0.25337497574625
0.442307591556875
0.33012581368812505
0.24528406058229166
0.2536750983077083
0.26382947541
0.29009592749437496
0.18272800726270833
0.170585180468125
0.2226972265835417
0.26527476286625
[INFO][abstract_intensifier.py:596] Added config b751b1 and rejected config 433f2a as incumbent because it is not better than the incumbents on 1 instances: 
0.2928464397135417
0.18720829985958334
0.170566422786875
0.22259469676666666
0.25817937584166667
0.38406414827708335
0.2300235423385417
0.24798774630166662
0.198689057208125
0.2753044770170833
0.33493573015979167
0.26787795376000006
0.252257541838125
0.245932655506875
0.3256677444727083
0.2928464397135417
0.18720830165812502
0.17039874374583336
0.2225946913122917
0.25820765131375
[INFO][abstract_intensifier.py:596] Added config 60c227 and rejected config b751b1 as incumbent because it is not better than the incumbents on 1 instances: 
0.3448101954479167
0.24209002657124998
0.25201681829375
0.25092691770854164
0.31300886192874994
0.36561200327541665
0.20928490236041666
0.2151459872754167
0.204216573405
0.2602924174379167
0.3627486639214583
0.20271441245666663
0.23991022998666664
0.20178556468854164
0.24682452408208333
0.4585250661102083
0.30778154603625
0.25068642224125
0.3173881378954167
0.31110587045625
0.33287916923541666
0.18497058301770833
0.18077345765333333
0.22459247972770832
0.2708658645558334
0.31262537927541667
0.196292809048125
0.18408138939354166
0.19532513786354164
0.27213703241645837
0.3634634498514583
0.21984019499895832
0.21292770010229167
0.20415528255354165
0.260652312075625
0.34047349146749994
0.21983898038020833
0.21124692926291663
0.20415528255354165
0.260652312075625
0.29380159460104166
0.18017854863375
0.18638720202729164
0.23101132761145837
0.272509183570625
0.41781885690145837
0.2413047141683333
0.2032747566529167
0.27511977069375
0.250933073938125
0.40345515613916666
0.24621432991395834
0.22813011865270835
0.23345593955166663
0.253461528938125
0.36346344984145834
0.21984019499895832
0.211803760394375
0.20363490425645833
0.2606523124077083
0.36561200326541665
0.20928490236041666
0.2117755603179167
0.204216573405
0.25969486197770836
0.3157463217989583
0.18626354119416663
0.18159877831270832
0.22251447725916665
0.2689188162258333
[INFO][smbo.py:327] Finished 50 trials.
0.3236885652477083
0.2308705261075
0.24388713972645834
0.18859117978041662
0.25652202116979167
0.29377142986625
0.19332314224041666
0.18519247981458337
0.22259468785333336
0.25806448554875
0.29271767451333325
0.193322776860625
0.17069461309895834
0.2225946913122917
0.25805929914583337
0.3796129273352083
0.25296566698208334
0.28987829853666663
0.2155724516427083
0.2723896858254166
0.38642772552541665
0.24350463803833336
0.25341649645041664
0.18529209821729165
0.259086124805
0.3335717301249999
0.20488220502624996
0.22789848563645831
0.21873468195249995
0.3011819657579167
0.3130506533745833
0.19459907134145832
0.180815067495
0.218521748859375
0.26770508036520835
0.3164849695227083
0.19885694076916666
0.19753309676666664
0.18065377919041664
0.26385537836
0.28380367315041666
0.2307342026025
0.19702466861416665
0.2467825446716666
0.24946865026958331
0.28300126157895833
0.22247787726083335
0.18128874546125
0.20723954974833333
0.24422610701770836
0.334240370541875
0.1980556404133333
0.20531179975083333
0.24341041971687502
0.28010894072250003
0.40078064934374996
0.2412697929439583
0.2161539216595834
0.274248341721875
0.2514456582614583
0.30175029025249994
0.17944969015999998
0.19538929846854167
0.22360655087291667
0.26581174549770836
0.3232294585510417
0.1910727967620833
0.18530480436479166
0.22589589382041667
0.2741962926425
0.39171903938208336
0.25698426739208335
0.2234086121025
0.2542232968458333
0.25005566851083333
0.370840117818125
0.20709115946916665
0.23933501671500002
0.2060124411483333
0.2400035081870833
0.30031423781375
0.18465949915
0.18632991028270834
0.2242719054520834
0.27259123875291663
0.32301535997333336
0.42845366713750005
0.23814237440208336
0.2763215943177083
0.28016734282833333
0.30031423781375
0.18465949915
0.18632991028270834
0.22427190545333336
0.2585191322972917
0.3683890296122917
0.21762281170249995
0.2655876510814583
0.24868183587666667
0.24688004022583332
0.28574313830375
0.22186237542583337
0.19164665317208332
0.21128126090395832
0.2435776566927083
0.28930291693416665
0.2030659847070833
0.196361558318125
0.24555836255541666
0.26587156626041664
0.31198008233104163
0.1839972073079167
0.16593636866416667
0.2244075055754167
0.27052796464645834
0.4860537160974999
0.325985821863125
0.26390691877625
0.3024071305960417
0.2244579499825
0.32633248609625004
0.20450062867437496
0.22493492122625
0.2550888572954167
0.276057919896875
[INFO][smbo.py:335] Configuration budget is exhausted:
[INFO][smbo.py:336] --- Remaining wallclock time: inf
[INFO][smbo.py:337] --- Remaining cpu time: inf
[INFO][smbo.py:338] --- Remaining trials: 0
