[INFO][abstract_initial_design.py:87] Reducing the number of initial configurations from 50 to 18 (max_ratio == 0.25).
[INFO][abstract_initial_design.py:139] Using 18 initial design configurations and 0 additional configurations.
[INFO][abstract_intensifier.py:307] Using only one seed for deterministic scenario.
0.4475355924972917
0.3512041965558333
0.44979179356666665
0.3482894430260417
0.3039754022879167
[INFO][abstract_intensifier.py:517] Added config 6c06af as new incumbent because there are no incumbents yet.
0.5053242714329167
0.41596254351083334
0.5265853949233333
0.390351805145
0.2964059396514583
0.427247801388125
0.356842780278125
0.4817643240839583
0.3601387073610417
0.30423298418791667
0.508636522739375
0.3729944817908333
0.5403889654027084
0.4359655191266666
0.36021143826375
0.482697735719375
0.42283462232020835
0.6186278227335417
0.33306063728145835
0.33164222454145836
0.566717899141875
0.3804072731872917
0.511513657090625
0.32458099691541664
0.37632023317333335
0.43685938762250004
0.3276034619733333
0.46267349671354174
0.37927506032624997
0.34496946665333333
0.46639495085791666
0.446377881706875
0.5744557013127083
0.4221528865922916
0.35213539752333334
0.48095577753145835
0.39800146412958337
0.5480127874925
0.43147630734354164
0.34303480855375007
0.53087338679625
0.4351772722014583
0.4806908236127084
0.3786226942597917
0.35661359359916667
0.45624760270375003
0.33811025415499996
0.48150414174166667
0.38076876573958335
0.2960559399291667
0.5047188448345834
0.34601226990895834
0.5034070234264584
0.38965105578625
0.35917575079375
0.42403843217020837
0.3293850332277083
0.4647502273397917
0.3415142208114583
0.28693293952875
[INFO][abstract_intensifier.py:596] Added config 433f2a and rejected config 6c06af as incumbent because it is not better than the incumbents on 1 instances: 
0.5252655973264584
0.4031620119258334
0.6132825660133334
0.36545432301354164
0.35108305334125
0.4566012223497917
0.39186646026104166
0.5042167320537501
0.35867465619625005
0.30149258315375
0.525079118178125
0.38452849616208334
0.5516674105918751
0.38192124975354164
0.3581673616222917
0.42403240051395835
0.4080329641304167
0.5199482450558334
0.363011208375625
0.3185335429625
0.5168577025058333
0.35474233138354166
0.5303730496581249
0.38902733647416665
0.35467454473312504
0.43143677262624996
0.3307149918977083
0.46466122638375007
0.3424995278389583
0.29722340475104164
0.4314366165658333
0.3307149918977083
0.4646611943508333
0.3424995278389583
0.297429991609375
0.6182291754079167
0.39654644737020833
0.6108944480997918
0.3829028003422917
0.36384667006791666
0.5687158846420833
0.41106958952229167
0.5225074979291667
0.4182862703945833
0.3894301969139583
0.48212745876395835
0.3878712207279166
0.46417293083020833
0.40648748187854167
0.3273367179570833
0.42488681317916666
0.33711770266125
0.45075284216333333
0.34520861424750005
0.2859189836139583
[INFO][abstract_intensifier.py:596] Added config fbe100 and rejected config 433f2a as incumbent because it is not better than the incumbents on 1 instances: 
0.553147362594375
0.40221156954458337
0.47903662213500003
0.4050986054472917
0.300055148315
0.573650768184375
0.39824023520625
0.4819596121033334
0.398390383404375
0.30892006938499994
0.43850616746354165
0.32990271570499996
0.46835101023937503
0.378440026151875
0.34663713264333335
0.438215210605625
0.35578208046375
0.46835101023937503
0.3796788226227083
0.33842019192104167
0.4361895232702083
0.35578208046375
0.46835101023937503
0.3796788226227083
0.33842019192104167
0.5497182991693751
0.4417271230947917
0.548544031815
0.37150387367000004
0.350830444836875
0.4332027274047917
0.35309780574291666
0.4580300117981251
0.3679253718883333
0.31994761811395833
0.48413172003083343
0.3848379712929167
0.5077283416043751
0.38945316827354165
0.39022323073375
0.47981711132854166
0.42895633604458333
0.6285434976400001
0.37020671157583335
0.3283947275335416
0.46912505383041664
0.36704619924458337
0.5134466746914584
0.311348893146875
0.34463951171124996
0.4252926714520833
0.3371176593875
0.45075284216333333
0.34520861424750005
0.28485031846375
[INFO][abstract_intensifier.py:596] Added config 85c372 and rejected config fbe100 as incumbent because it is not better than the incumbents on 1 instances: 
0.564218565996875
0.37352131867083327
0.55652107804375
0.3863880545370833
0.34852725771875004
0.4746328065002084
0.38038929680770833
0.4700692168581251
0.3848337374189583
0.3196385701125
0.5026860751704167
0.35132137534499996
0.5668534964235417
0.38993720454562497
0.37095024236708335
0.42774228832250005
0.3304912873016666
0.4507527619977083
0.34520862909687505
0.2843384367672917
[INFO][abstract_intensifier.py:596] Added config fd93cd and rejected config 85c372 as incumbent because it is not better than the incumbents on 1 instances: 
0.421583399435625
0.3304912873016666
0.4507528582785417
0.34520862909687505
0.2843384367672917
[INFO][abstract_intensifier.py:596] Added config b8b6c3 and rejected config fd93cd as incumbent because it is not better than the incumbents on 1 instances: 
0.43479923202875004
0.33152559848625
0.4507528582785417
0.34520884427875004
0.2848503184641667
0.41826849086770834
0.415278798686875
0.5149311723647917
0.357335899870625
0.32766306412208335
0.4253350566583333
0.392877247955625
0.4429726994175
0.37395487107458336
0.30141285486687497
0.52882543856
0.394229324093125
0.5211294856145833
0.33559389656291666
0.350376513626875
0.4459969732935417
0.3713396555914584
0.5072494549225001
0.3839235525841667
0.28961925080645834
0.45760477567895835
0.33108102222958335
0.45155236557208334
0.3569541516314583
0.2859830284525
0.45577014635395835
0.33108102222958335
0.45155236557208334
0.35695415163125
0.2869654251864583
0.44360606518708334
0.35113137444354164
0.4766971867020834
0.35249571730687496
0.31131753345125
0.4817827350445833
0.3817975215772917
0.45191866077229176
0.3986220391152083
0.31011211139270833
0.44630039958041673
0.3741708877660417
0.5066752438177083
0.3701030221179167
0.322053339061875
[INFO][smbo.py:327] Finished 50 trials.
0.45271488880000005
0.33504343434229167
0.45254964834770833
0.35916233796375
0.2922311804322916
0.4880646611462501
0.3741658089770833
0.5397968456822916
0.4414618487954166
0.34870280382375
0.4189636824252084
0.3308928332197916
0.451518047608125
0.3408639828622917
0.28536419757541664
[INFO][abstract_intensifier.py:596] Added config 2d6ee2 and rejected config b8b6c3 as incumbent because it is not better than the incumbents on 1 instances: 
0.4451239170600001
0.4369274543989583
0.4169907504166666
0.43259361407604163
0.36414573252375
0.41896368242125004
0.3282978776035417
0.4506601402085417
0.3408639298495834
0.28557078443395834
[INFO][abstract_intensifier.py:596] Added config 49df61 and rejected config 2d6ee2 as incumbent because it is not better than the incumbents on 1 instances: 
0.44033988778354166
0.3478605478289583
0.4517700336264584
0.3519065052327084
0.3021749712145833
0.4238601036627083
0.326474137705625
0.4501372518125
0.340864202586875
0.28778296671416664
0.4238601036627083
0.3285469680745833
0.45013725273437505
0.340864202586875
0.28778296671416664
0.4580481469514583
0.40176712559145833
0.48105522987229166
0.3346229382095834
0.32318761724645834
0.4234542453897917
0.32882226700083333
0.45013725273437505
0.340864202586875
0.2867143015641666
0.49433239761937503
0.3776599991677083
0.6506450372879168
0.390724353304375
0.36713565790416663
0.42234769120854165
0.33261982603145834
0.4517608304670833
0.3408420049995833
0.28682045927354166
0.4527148884462501
0.3348341106060416
0.4474477474960417
0.3618192818175
0.2945015736447916
0.49645911734812503
0.3918726471191667
0.6783801047070833
0.3882795433777083
0.38072086940458333
0.4569535556027084
0.3822077647516667
0.4905539703235417
0.32669208894395835
0.28858746728749995
0.571922148138125
0.400860348863125
0.4766859055941667
0.3668241905202084
0.3165605201397917
0.41896368242125004
0.33192289587937496
0.4506601402085417
0.3408639298495834
0.286716105408125
0.4245652921002083
0.37661930152479167
0.49975794503187504
0.33738694684062503
0.2830543497925
0.419984598161875
0.3294740296235416
0.46169736699104175
0.3424589282720833
0.28822150976833333
0.43755276589083336
0.32862429022291667
0.4493471029247917
0.3423773004245833
0.29235121696104166
0.44703223245833335
0.32891719968666666
0.449058572765625
0.343013510898125
0.29167482421791663
0.525066076534375
0.39922364730812504
0.5244228122985416
0.3842723654620833
0.37617491635145833
0.4189636824254167
0.3308928221135416
0.451518047608125
0.34086396801291663
0.2853641975752083
0.4238601040900001
0.3261625646802083
0.4493471029250001
0.34237729741666667
0.2890335329304166
0.4342392462227084
0.38400817973479173
0.5060664725772916
0.36536778002729164
0.32767938396812496
[INFO][smbo.py:335] Configuration budget is exhausted:
[INFO][smbo.py:336] --- Remaining wallclock time: inf
[INFO][smbo.py:337] --- Remaining cpu time: inf
[INFO][smbo.py:338] --- Remaining trials: 0
