[INFO][abstract_initial_design.py:87] Reducing the number of initial configurations from 60 to 18 (max_ratio == 0.25).
[INFO][abstract_initial_design.py:139] Using 18 initial design configurations and 0 additional configurations.
[INFO][smbo.py:509] Continuing from previous run.
[INFO][abstract_intensifier.py:289] Added existing seed 1608637542 from runhistory to the intensifier.
[INFO][abstract_intensifier.py:307] Using only one seed for deterministic scenario.
873.6645777722
696.1144457969001
800.4831801525
700.9855266574
817.8815939643999
[INFO][abstract_intensifier.py:596] Added config da9136 and rejected config 9e610d as incumbent because it is not better than the incumbents on 1 instances: 
848.9944968793
724.8593361395999
806.453492114
732.6621918944002
813.0736030912001
873.5406351352999
699.9548424331999
798.0707515901
699.6849808845001
818.0709506986001
863.0575510126
723.4789261625999
801.8665416588001
735.4440661590002
811.8604817574999
846.2327018420999
726.6473761310999
798.3892719168
727.9708988038001
810.3022709168
853.8231294718
724.8001128545
805.5641291977001
735.7109937723001
811.3804845413999
863.0575510126
723.4789261625999
801.8665416588001
735.4440661590002
811.8604817574999
863.2237286203001
727.7342699207
801.7754879598
723.5111281051
827.0268080668
873.5406351352999
699.9548424331999
798.0707515901
699.6849808845001
818.0709506986001
873.5406351352999
699.9548424331999
798.0707515901
699.6849808845001
818.0709506986001
873.5406351352999
699.9548424331999
798.0707515901
699.6849808845001
818.0709506986001
873.5406351352999
699.9548424331999
798.0707515901
699.6849808845001
818.0709506986001
873.5406351352999
699.9548424331999
798.0707515901
699.6849808845001
818.0709506986001
888.1441485780999
757.2702465811999
819.5689214907
736.0055064269
858.5013003304
1103.3922528993999
965.9485072441998
990.0838330366
963.4598680232999
1106.5677566576
873.4028472508
733.5706333901
844.2580946592001
668.3599951491999
841.0197149417
872.2447159714
691.7259398297
803.1202316698001
705.8692240403
817.0486326775001
864.7465209462
690.1682351867
793.6502009697001
703.4757715375999
821.9346981341
[INFO][abstract_intensifier.py:596] Added config 0fd252 and rejected config da9136 as incumbent because it is not better than the incumbents on 1 instances: 
[INFO][smbo.py:335] Configuration budget is exhausted:
[INFO][smbo.py:336] --- Remaining wallclock time: inf
[INFO][smbo.py:337] --- Remaining cpu time: inf
[INFO][smbo.py:338] --- Remaining trials: 0
