[INFO][abstract_initial_design.py:87] Reducing the number of initial configurations from 50 to 18 (max_ratio == 0.25).
[INFO][abstract_initial_design.py:139] Using 18 initial design configurations and 0 additional configurations.
[INFO][abstract_intensifier.py:307] Using only one seed for deterministic scenario.
0.20552089677395832
0.12127973656395834
0.20998833682708332
0.19295644622020836
0.10393463322374999
[INFO][abstract_intensifier.py:517] Added config 6c06af as new incumbent because there are no incumbents yet.
0.256469969023125
0.21631793661625
0.3483142896275
0.25880533624999996
0.24196451189729165
0.19090109015979165
0.09928273605708335
0.22923905470333333
0.20737842035041662
0.11713543858791665
0.35634446358062505
0.2523491064795833
0.38068017285354167
0.3098386295804166
0.22994645202541666
0.21552825522187502
0.12325389045562501
0.23009872815895835
0.1866242945220833
0.1832993144802083
0.23348024342520837
0.14287895987500002
0.24475667417916666
0.21543878896166666
0.173703045978125
0.19308025408208332
0.12776486583812502
0.13722213886520832
0.150999443265
0.1339524765895833
[INFO][abstract_intensifier.py:596] Added config b86ea0 and rejected config 6c06af as incumbent because it is not better than the incumbents on 1 instances: 
0.2544404832989583
0.2678270092464583
0.37631077088125
0.284165894888125
0.19896161684000002
0.23513821287270834
0.12215974674624999
0.19471675186875
0.14636428630083334
0.180838438979375
0.2983707085420833
0.191196687866875
0.39007911602500006
0.3019763988810417
0.21620710105791666
0.20314890077645834
0.13140895588354168
0.13328265412312498
0.15042589245250002
0.13190137744083333
0.25600017134520836
0.18846784923145835
0.15529155804083333
0.2398327307264583
0.18110182599166666
0.19601215101166666
0.1080345981825
0.131777743469375
0.14323039068791665
0.139521625085
[INFO][abstract_intensifier.py:596] Added config 433f2a and rejected config b86ea0 as incumbent because it is not better than the incumbents on 1 instances: 
0.32713080857354165
0.24244528915708335
0.325632580976875
0.31173814925458326
0.21238151453916665
0.23587121892458335
0.13047057650166666
0.25920295482874994
0.14908327393166665
0.16996451820020833
0.26308167379937497
0.2552530371410417
0.26139946648395834
0.22843330815791665
0.20069993134958336
0.25250902168958334
0.17589446790875
0.23160964106291668
0.13325352557354167
0.16032560969416665
0.23130299838895832
0.26962261460166664
0.25689979371666666
0.24515163738541665
0.18660317598249998
0.16181411974770832
0.10774132966375
0.14091570854104166
0.16184292584770835
0.11128682601624999
[INFO][abstract_intensifier.py:596] Added config cb6879 and rejected config 433f2a as incumbent because it is not better than the incumbents on 1 instances: 
0.16181438539229165
0.10102394243916667
0.14091570854104166
0.15133741611645835
0.11128682601624999
[INFO][abstract_intensifier.py:596] Added config 92798c and rejected config cb6879 as incumbent because it is not better than the incumbents on 1 instances: 
0.3734666996170833
0.24496343198666667
0.27922028261437504
0.32636176593187505
0.2455636808545833
0.38430704133520827
0.2593394113725
0.23876500208875
0.3760431479520834
0.23279533515562498
0.27509531279625
0.23501257242791668
0.281969687255625
0.24674161889208332
0.20881163481041665
0.16181411974770832
0.10774132966375
0.14092805833104163
0.15023434207020833
0.11128682601624999
0.21212462103666666
0.10018332227812499
0.12956332977791668
0.147177632974375
0.10193576412812501
0.26133365517083335
0.25324896910395833
0.3067724111664583
0.1991453077577083
0.13934157078520834
0.28206543101125
0.25467086139645834
0.31287097612479164
0.20005532767812498
0.13984547233208333
0.21756336899
0.10018334971708333
0.13208653704624998
0.15765342383458333
0.1459888197514583
0.21753454584437498
0.10267386029583332
0.19012543414520836
0.15866917647958337
0.14574010955729166
0.21753454584437498
0.10267386029583332
0.13208653704624998
0.15866918155916668
0.14574010955729166
0.34544228960520834
0.18844494829270833
0.22929448343333333
0.18878190537958334
0.29645971494479173
0.1854162171414583
0.124891531333125
0.13128381567854167
0.16131472327020838
0.13186282780979167
0.33855611440229166
0.24616842265166664
0.37802759643708334
0.29340622979729164
0.19238088508395831
0.21573328405854167
0.10430838301937499
0.14092805833104163
0.14838841150020834
0.10506834154395833
0.23666276020291666
0.13901829738520835
0.23164918482145833
0.19170465492145833
0.20825971229291665
0.226360398873125
0.11341646375645835
0.2351099008689584
0.14865456058812498
0.16049627255249999
0.40043607632104167
0.30460636626875004
0.24725889936291667
0.373465793095
0.24846508778729165
0.20650411385583334
0.10102394243916667
0.14091570854104166
0.15133741834541667
0.11128682601624999
0.20810900342875
0.11057377721979167
0.21122413442479165
0.1901738518689583
0.10345996842541666
0.36370053037270833
0.25517179918854166
0.36929473629083337
0.245094927448125
0.17838567217666668
0.26967413328583334
0.27737217666458336
0.23971271699770835
0.2213915143470833
0.19346418985999997
0.20827263845458333
0.11057377721979167
0.21122413320458336
0.19216856789229164
0.10440692821687499
0.19308025420770833
0.12747747842041665
0.135377920696875
0.15497483431291667
0.13396302198979168
0.26159114877395834
0.12094392979854168
0.2628533891897917
0.22850403767166666
0.21155153800770832
0.13959014090979166
0.10136582558458332
0.20768280485833332
0.161981714211875
0.10299551187416665
0.19364650689895826
0.126515154478125
0.14027507391312496
0.15053547868395833
0.13399110861041666
0.18691888280333332
0.10554473871
0.12532759713729166
0.14184361882854163
0.13543101399895835
0.2042917880933333
0.102673832856875
0.14997157504395833
0.1432303182379167
0.13722521777229166
0.13959000435
0.10136582558458332
0.20768280485833332
0.16198224333145833
0.11128682601624999
0.17105155936645833
0.10136582558458332
0.20768280485833332
0.16197649586020837
0.11128682601624999
[INFO][smbo.py:327] Finished 50 trials.
0.16583167838708335
0.101023942421875
0.14092805833104163
0.161842928000625
0.10506834154395833
0.3328666596791667
0.18107351818916667
0.1929046257364583
0.33989377851062497
0.2110537220422917
0.20524158685895832
0.10690070952000001
0.131777743469375
0.14213494188958334
0.139521625085
0.16583167838708335
0.101023942421875
0.14092805833104163
0.15125009980166668
0.10506834154395833
[INFO][abstract_intensifier.py:596] Added config c73ee7 and rejected config 92798c as incumbent because it is not better than the incumbents on 1 instances: 
0.29703292807583337
0.19770924829625
0.26787137350499995
0.13959636063395833
0.16809615023166663
0.26587793884
0.10385633616333333
0.17749789051500003
0.16282848052104168
0.13778578290666663
0.1631081928154167
0.10102394243916667
0.19896680033562497
0.15133741825145833
0.11128682601624999
0.16311633314666668
0.10018334714374998
0.19896680033562497
0.16091585354291665
0.10506834154395833
0.24226271297166668
0.1367174175420833
0.17854728925000002
0.13412425514416665
0.15527758542916667
0.28364827866645825
0.22013973912145834
0.21291469991583334
0.2008770259939583
0.19640683565354167
0.310331128953125
0.2508778346997917
0.31377501008750003
0.24930233509854163
0.22893787277249997
0.19356997387229163
0.10205686882354166
0.14902461466104164
0.155021502858125
0.13396311200437502
0.19855613438729164
0.1274774789914583
0.14374925091125
0.155021502858125
0.13396311200437502
0.1905566396502083
0.12776486642291668
0.1405131720820833
0.16113641797479164
0.1318528922589583
0.18607150863791663
0.10205686882354166
0.14462046975999998
0.15601582665541666
0.13396371743354166
0.36330794396875005
0.2580600024258333
0.3442219619541667
0.2526808110360417
0.23122397860541663
0.24309350085104167
0.15501747010791667
0.16886207397208333
0.15040429988354165
0.11978014668395831
0.19133262394395834
0.128615925226875
0.29628320847604167
0.1789517228733333
0.23448202119645833
0.16583167851270833
0.101023942421875
0.19896680033562497
0.16196313653375002
0.10506834154395833
0.19358128358479162
0.1274774789914583
0.13673013577520834
0.15437700019395834
0.13396311200437502
0.2642372008429167
0.10301579469958332
0.19497437997520833
0.16231962877666667
0.12711337641374998
0.2641503574025
0.23525116849520836
0.386398086839375
0.2472654237539583
0.20737159119395834
0.24728764635541667
0.20374193799770832
0.31988457238145834
0.14506507528104165
0.13085483172770834
0.29543220086791666
0.3537949913527083
0.29435182296770834
0.24862375731354167
0.21169460926708333
0.20650414124875
0.10102394499520834
0.19012527905083332
0.16075099329916667
0.13192268787374997
[INFO][smbo.py:335] Configuration budget is exhausted:
[INFO][smbo.py:336] --- Remaining wallclock time: inf
[INFO][smbo.py:337] --- Remaining cpu time: inf
[INFO][smbo.py:338] --- Remaining trials: 0
