[INFO][abstract_initial_design.py:87] Reducing the number of initial configurations from 50 to 18 (max_ratio == 0.25).
[INFO][abstract_initial_design.py:139] Using 18 initial design configurations and 0 additional configurations.
[INFO][abstract_intensifier.py:307] Using only one seed for deterministic scenario.
0.42340066382604163
0.4252978897708333
0.38577647555625005
0.5234626579570834
0.3890708583858333
[INFO][abstract_intensifier.py:517] Added config 6c06af as new incumbent because there are no incumbents yet.
0.5237321433275001
0.42316973753416665
0.38801297318041666
0.5401475644987499
0.5142572982133333
0.42510952879333336
0.41128025582625
0.40046565725749994
0.4628970613035416
0.4119317899258333
[INFO][abstract_intensifier.py:596] Added config c05bb8 and rejected config 6c06af as incumbent because it is not better than the incumbents on 1 instances: 
0.5731778850354168
0.40356656265395835
0.5553871683770834
0.58197794146125
0.4384533793025
0.4168974544820834
0.43992201869374997
0.3975896897408333
0.497964759919375
0.4148080098227084
0.546851499579375
0.4352352590795833
0.43485860824208333
0.54913961818875
0.43380065850041666
0.4320290609414583
0.4326354733816667
0.39012805251125
0.49580088616854173
0.3627546619560416
0.7217072159181249
0.4341561295135417
0.568061769405625
0.5532638309029168
0.5399920423356249
0.4503811051689583
0.42987293104249996
0.42324780104145837
0.48040416661125
0.41147731212624994
0.5481287952429166
0.44613388676375
0.48868786186749996
0.5622305580989584
0.5057260888439583
0.41696414329125
0.438185317790625
0.38734927803083335
0.4992009101208333
0.39338272210229164
0.5496604196129167
0.4509130496729166
0.42502876743583334
0.489734338058125
0.4578320490177083
0.43165589790104164
0.4150464578589583
0.37677913998958334
0.520054416520625
0.38446864164916666
0.47599060735479165
0.3778642916316667
0.5019885667914584
0.5460128334054166
0.5034229467041667
0.44637582940416665
0.44993321193229163
0.38143474889958334
0.4925876075014583
0.4735686575435416
0.577977125681875
0.41653443988812505
0.4536991225541667
0.558407272951875
0.4666390942447916
0.45607206096229164
0.4675952209397917
0.3762270332316667
0.5071282478997916
0.43378097520187503
0.5599379792947917
0.41589429609041667
0.4469406507870833
0.5545650901597916
0.4237002020614583
0.4318993711145833
0.43154382976625
0.3966035028175
0.4931493098510416
0.36891449467916665
0.4318943100947917
0.43065140705687505
0.3979751645939583
0.4924811633583333
0.36203651619458327
0.5771311486710416
0.49862410568874993
0.44999680599145836
0.6250571913091666
0.49874687804833334
0.5877951216908333
0.44004374012249997
0.48795291711125005
0.5723840983445834
0.48511846993354174
0.528101187450625
0.4182304633295833
0.5255870604047918
0.5425006798522917
0.47753844041062504
0.4320290605227083
0.43083994545541665
0.3894099757189584
0.495800828446875
0.3627546455177083
[INFO][abstract_intensifier.py:596] Added config 4c7c73 and rejected config c05bb8 as incumbent because it is not better than the incumbents on 1 instances: 
0.4332802939939583
0.41583134972062497
0.38630158294229167
0.522947031435
0.3812514215177083
0.43202904080708326
0.432635474336875
0.39247930288812505
0.49705130571645834
0.36275456553416663
0.43278688225625
0.4168190139802083
0.38525408059250005
0.5231142757235416
0.37691646287395836
0.4332802718166667
0.41836251771437494
0.38525407122625005
0.523114264233125
0.37691654654270834
0.43193690112645833
0.43164341820145835
0.38016083195979167
0.5217997869839583
0.3851553641541667
0.427003198696875
0.4651570757045833
0.38607838840208336
0.50434267394375
0.3945900435058333
0.4332802718179167
0.4168190139802083
0.385253994783125
0.523114264233125
0.3769164771027083
0.49746794900854163
0.39401139275812497
0.49339628889479165
0.5846952154818751
0.5250548056000001
0.4327818931233333
0.41838077699979165
0.38241221560104166
0.5224012488145833
0.37674774271333333
0.432781893823125
0.41838076822666664
0.38241221560104166
0.5225413685195833
0.37720165807979167
0.4405228458897916
0.46367512819666673
0.3797303561314583
0.503553657205
0.415991655274375
0.4311055242133333
0.43083994546791665
0.38793442625625
0.4986484391783333
0.37519161593083333
0.5791597271029166
0.44265944525291673
0.4518113809804167
0.5961484792570834
0.5077428153958333
0.43110554393062495
0.43083994545541665
0.3878846544141667
0.49864799937979165
0.3751915432522916
0.54663212059375
0.5344898012308333
0.4672314660089584
0.5375277377179166
0.51135592436125
0.4341626508972916
0.44082473641208336
0.39318199707250007
0.4979440161708333
0.36759972971666666
0.4320290605227083
0.43083994545541665
0.3894099757189584
0.49580082844666673
0.3627546455177083
[INFO][abstract_intensifier.py:596] Added config 387abe and rejected config 4c7c73 as incumbent because it is not better than the incumbents on 1 instances: 
0.492899598525625
0.4364027644047916
0.48290868063625003
0.5729297487041668
0.5080182352527083
0.4332800175379167
0.4152612571089583
0.38603645662124997
0.5232486928927084
0.376654193950625
0.5361942685708333
0.4065437461533333
0.4338619730916667
0.4966050289608333
0.4082942276645833
0.5770809773410417
0.4706923568616667
0.48252190658041666
0.5376432194874999
0.5061020149252083
0.43766253175395836
0.4102196148208333
0.3910397373583333
0.45285126359624994
0.416272435435625
[INFO][abstract_intensifier.py:596] Added config e75e1d and rejected config 387abe as incumbent because it is not better than the incumbents on 1 instances: 
0.43061199908854164
0.43263548853375
0.3950344390285417
0.498865072145
0.37057936864208335
0.4282660562349999
0.4292878450639583
0.3899752634891667
0.4982812993970833
0.3716214411302083
0.44390338356729164
0.4172038317679167
0.40102233203166665
0.4531206853589583
0.4177931331525
0.4457759248679166
0.41553602752937496
0.40102233203166665
0.45705584597
0.4177055009141667
[INFO][smbo.py:327] Finished 50 trials.
0.5509020747829166
0.436729449175
0.4865810847091667
0.5552052037252083
0.46573402218875
0.4413316533164584
0.42489948743020833
0.3728242433295833
0.5002730528360416
0.38239104589291667
0.5785281012241666
0.5568782180281249
0.5110350991891667
0.5327056893860417
0.5186532785291667
0.43787153152666664
0.41167120577604166
0.4010223197570833
0.45312105169166667
0.4289290725027083
0.5223704742797917
0.4111812787954167
0.44422879541458327
0.4959261932954167
0.4983641549389583
0.47116613254291667
0.4352677572475
0.4251917768970833
0.47734036294583326
0.4076123568304166
0.4286640905072917
0.4209735754647916
0.353511420853125
0.46752441241687503
0.37954176968125
[INFO][abstract_intensifier.py:596] Added config f63c16 and rejected config e75e1d as incumbent because it is not better than the incumbents on 1 instances: 
0.436560523618125
0.4205428036683333
0.3537591656789584
0.4648659582577083
0.38746399865812503
0.4443972991975
0.4164607842179167
0.36304658155333336
0.4851192355004166
0.40305171215416663
0.418859790024375
0.42100572127749997
0.3672770810172917
0.46468251459749993
0.37982205716875
0.42991595880875
0.41770299304104164
0.3841675426079167
0.5204477496389583
0.3844393413381251
0.4377899726597916
0.4401588044404167
0.41385578567166664
0.49920692119916665
0.4213586663691667
0.4365751473520833
0.42097362734333327
0.3539517869566666
0.4697531866824999
0.3782446150716667
0.5478192894016666
0.39466518169270837
0.416662586256875
0.5248870289364583
0.41879933454437507
0.42100229876708334
0.4673911685889583
0.39271440524999995
0.47734878378395834
0.38426500043687495
0.42008418632625
0.46062084605166664
0.39298553949562504
0.47702532669833336
0.38492524259291666
0.41811958531291665
0.4211779552420833
0.3578039282360416
0.46410089021583334
0.380217726133125
[INFO][abstract_intensifier.py:596] Added config 908fc6 and rejected config f63c16 as incumbent because it is not better than the incumbents on 1 instances: 
0.4146938287597917
0.42868881681625
0.3894763280802084
0.5019013660081251
0.36480997526166664
0.41960898966166665
0.46650127538624997
0.39305324881125
0.47844295339770837
0.384904864325
0.41885974261625
0.4210054873964583
0.36899788040770837
0.46482761857854166
0.3790280839852083
0.4193136137508333
0.4679254065683333
0.39369203989645835
0.4804043595618751
0.38426456421979166
0.4269411327929167
0.4545809454535417
0.4292333386979167
0.5246697580885418
0.4195955337227083
0.4204867583245833
0.4200602264352083
0.3590758901770833
0.46376401771062503
0.37889222751187496
0.43228963684249994
0.4408247363870833
0.39318235068666674
0.49722791866708327
0.36787502481208334
0.5499239296914583
0.478877294765
0.5402847819229166
0.6250555720808334
0.5392393390024999
[INFO][smbo.py:335] Configuration budget is exhausted:
[INFO][smbo.py:336] --- Remaining wallclock time: inf
[INFO][smbo.py:337] --- Remaining cpu time: inf
[INFO][smbo.py:338] --- Remaining trials: 0
