[INFO][abstract_initial_design.py:87] Reducing the number of initial configurations from 50 to 18 (max_ratio == 0.25).
[INFO][abstract_initial_design.py:139] Using 18 initial design configurations and 0 additional configurations.
[INFO][abstract_intensifier.py:307] Using only one seed for deterministic scenario.
0.305218137474375
0.22252724913916666
0.22104468650229164
0.19851441385916668
0.26607700060020834
[INFO][abstract_intensifier.py:517] Added config 6c06af as new incumbent because there are no incumbents yet.
0.4100229226597917
0.3004734694847917
0.32472408126625
0.2986768283002083
0.28904832360791666
0.2915818953329166
0.211477273248125
0.19715697850270833
0.18991917076020837
0.3102067054322916
[INFO][abstract_intensifier.py:596] Added config c05bb8 and rejected config 6c06af as incumbent because it is not better than the incumbents on 1 instances: 
0.3678605813170833
0.28741403184625003
0.31619699169604165
0.25595896118
0.2941906361047916
0.34128810690583333
0.26206272629354166
0.24129612156583333
0.1888592086652083
0.31541776506333336
0.4219110759183333
0.3324770659916666
0.2921521461354166
0.28436622049729166
0.2459171757258333
0.26362384347208334
0.23564536198437497
0.2519777449841667
0.19369676823333334
0.24148274616875
[INFO][abstract_intensifier.py:596] Added config b86ea0 and rejected config c05bb8 as incumbent because it is not better than the incumbents on 1 instances: 
0.4403672811697917
0.2960531983252084
0.3274514873660417
0.34105103052416663
0.3354650523845833
0.426809283208125
0.23913509081333334
0.21942827224020833
0.17911404663687502
0.3145686401410417
0.3887123454235416
0.32152121276499995
0.33006184764458335
0.331813276545
0.2976419176177083
0.3449675573891666
0.24319144547333332
0.25302913572145835
0.17646953636854165
0.23911124806041667
0.3354823939883333
0.318163979436875
0.3245076282660417
0.2717813480745833
0.24174410347833333
0.27908755276208325
0.22650485856187502
0.19587632255354168
0.16321901757291668
0.21643852441729167
[INFO][abstract_intensifier.py:596] Added config 433f2a and rejected config b86ea0 as incumbent because it is not better than the incumbents on 1 instances: 
0.4423845375429167
0.322650782320625
0.2676784649483333
0.2877339719389583
0.306077726273125
0.408436219271875
0.21071285443749999
0.24313804299104166
0.21296606700666665
0.23188181687270829
0.39807667532708335
0.313683707370625
0.3741415155593751
0.220354955556875
0.2861957424472917
0.2779676594889583
0.21352437436145832
0.24915358038875002
0.19968113388874997
0.30511828609562497
0.34662567747833334
0.2703901201802083
0.37065124717312503
0.23885312591083335
0.29433869516062505
0.27677486307812493
0.22432059331020834
0.1944808600179167
0.16958649091333333
0.22012883232895836
0.27385456785874995
0.2242987149514583
0.1944808600179167
0.16958606689229166
0.22012651828437502
0.3082866387772916
0.2442876885429167
0.35752845946187495
0.25263878427312497
0.25482662381875
0.400360943324375
0.29743964334979167
0.29773508860270836
0.275913534295
0.341125590454375
0.35066681443333336
0.25789708960770835
0.35888146177895835
0.37217822506729165
0.27419979684895834
0.26497473653104164
0.22621707269645833
0.2020185096535417
0.151615364915
0.21400035812395837
[INFO][abstract_intensifier.py:596] Added config fbe100 and rejected config 433f2a as incumbent because it is not better than the incumbents on 1 instances: 
0.27677486307833327
0.22436383785479166
0.22280073362791666
0.166445930309375
0.22012651828437502
0.327780195036875
0.20283213309125
0.29566901146645835
0.22060415553520835
0.2755380014504167
0.3515955987170833
0.20273811455395835
0.2911816383104167
0.24765787581250004
0.27650471202124993
0.26615050373916666
0.23733648805500002
0.19826904752333335
0.16905965872375
0.213038059813125
0.27488816942020833
0.23729360889
0.204968975789375
0.1702909109425
0.213038059813125
0.274888173948125
0.23729360889020834
0.198269047179375
0.16861134509916667
0.213038059813125
0.26488797263791664
0.26694046988750003
0.3674228522875
0.27652464039645835
0.23123619162916667
0.26941526107624997
0.22798785874520833
0.25700708638833336
0.19043781276770833
0.2330006985039583
0.3633121087
0.274644036125
0.2858140614833333
0.2906212751008333
0.2900937516691667
0.35107344241395827
0.255432491728125
0.27073073256208335
0.20503809855083333
0.31324437879187506
0.32605681478375
0.23771951001
0.215142154075
0.18744978028229164
0.32447613700083333
0.25973271653624996
0.22285536993520835
0.20297942193645835
0.16446072394479166
0.21352210342125003
0.2599104389789583
0.22412240625416668
0.20297942193645835
0.16446072394479166
0.21450673345833332
0.25973271653624996
0.222855369305
0.20297941444375
0.164460723945
0.21517583237416668
0.3901228923220833
0.3176614492125
0.3485096170429166
0.24193114997229165
0.353047791701875
0.3642112528908334
0.25236672860541665
0.29070945891645833
0.2753341771814583
0.27426145897625
0.3784957144808333
0.28133129631875
0.33214692158729164
0.233529702683125
0.2804184833125
0.2698657776433333
0.22229132769770832
0.24719622565416668
0.20277615379874997
0.30050818284354164
0.2590246858295833
0.23567678821270832
0.25876092889083335
0.19221025103895834
0.25521879942062503
0.2589971822629167
0.2356541864677083
0.2604480910658333
0.19222724586958334
0.25521879942062503
0.23030979265083332
0.203381696835
0.22693030440729167
0.21394010446520834
0.3022651473989584
0.39745300965395836
0.2941241435625
0.31865074141416666
0.29551458243520834
0.29580136681499997
0.35097516317875
0.24183879837541664
0.2712729407491667
0.19874809460374998
0.26886437187145834
0.25981700857333334
0.2356541864677083
0.2715099746333333
0.19222724586958334
0.2541195799327084
0.25887981683791667
0.23565251262937498
0.2633312238116667
0.19222724586958334
0.25411955576145834
0.260492477914375
0.235648076109375
0.26020557496645835
0.19408533274729167
0.23848728013333337
[INFO][smbo.py:327] Finished 50 trials.
0.2629593040247916
0.2253499500170833
0.20225106768354167
0.17411843553229164
0.21466945703979165
0.2844784704397917
0.22604834655145833
0.19587632255354168
0.16487257497354166
0.21643852441729167
0.2670477146370833
0.22621707269645833
0.2020185096535417
0.15161404089395833
0.2151589182972917
0.38024410078562493
0.231183109949375
0.25423076383
0.24041657644958334
0.27964413904520835
0.28177032688000003
0.225274373726875
0.18708874484416668
0.192527717824375
0.2659545245725
0.3733968488110416
0.2870844626327083
0.305962537065
0.2632676763
0.30578652667166667
0.36497977386958336
0.2393792552745833
0.35005632003958337
0.322438645946875
0.3081809646085416
0.2597440446445833
0.22285536993520835
0.20297942193645835
0.16445178578250003
0.21468053114229166
0.30406708623625
0.217362562254375
0.2501625266722917
0.204670594920625
0.2805193233679167
0.26743863566416665
0.22914028454583332
0.19689155448083334
0.14375676050208333
0.22011862965062498
[INFO][abstract_intensifier.py:596] Added config 42bc50 and rejected config fbe100 as incumbent because it is not better than the incumbents on 1 instances: 
0.3038460624560416
0.1961765028979167
0.20303520894895835
0.24180520595395832
0.30788305292499996
0.2670635957041666
0.231938178143125
0.19689155448083334
0.15342151841770832
0.22011862965062498
0.267446094158125
0.22914028454583332
0.19689155448083334
0.14375676050208333
0.22220124963583335
0.3308205724214583
0.246828032646875
0.27210965228791667
0.2267944962008333
0.3026994773422917
0.2941797477958333
0.2193090520785417
0.24356943907291667
0.2349666047383333
0.29657331247354163
0.36794777456645833
0.2879948864477083
0.313241827556875
0.263554885879375
0.32571203477041666
0.42105314014374995
0.23814017213979166
0.25889749114
0.24872946393583337
0.3321168907635416
0.2681483162316667
0.21570312198833333
0.21278938523166666
0.19057137477895833
0.2212341705579167
0.2722693970002083
0.2211099411872917
0.20311857914729164
0.18955042835270836
0.215899694385625
0.27170153701854166
0.2203338347822917
0.20188483751291664
0.19221366210708332
0.21982742550062503
0.26322539738687495
0.22281249077041665
0.20297942193645835
0.17412001482291664
0.21466955308187502
0.42264146444625
0.23763293491208332
0.29583240523104165
0.21369173543166667
0.27743974469979166
0.28549826989562493
0.2190565487345833
0.24429563130208334
0.19051256840770833
0.2716750427720834
0.35956779040854164
0.29446220311854165
0.25320900048708334
0.2834085214647917
0.27363601966
0.2658656618489583
0.2199181607425
0.196016451029375
0.16802893243354167
0.22011854458083333
[INFO][smbo.py:335] Configuration budget is exhausted:
[INFO][smbo.py:336] --- Remaining wallclock time: inf
[INFO][smbo.py:337] --- Remaining cpu time: inf
[INFO][smbo.py:338] --- Remaining trials: 0
