[INFO][abstract_initial_design.py:87] Reducing the number of initial configurations from 60 to 18 (max_ratio == 0.25).
[INFO][abstract_initial_design.py:139] Using 18 initial design configurations and 0 additional configurations.
[INFO][abstract_intensifier.py:307] Using only one seed for deterministic scenario.
788.4279014307999
684.2591553926
635.3422305491999
649.7477994504
661.6496914451
[INFO][abstract_intensifier.py:517] Added config 26fdc2 as new incumbent because there are no incumbents yet.
745.4700120385
633.0919217689
629.4845197788
632.9021653648999
661.6708725601
[INFO][abstract_intensifier.py:596] Added config 8a205f and rejected config 26fdc2 as incumbent because it is not better than the incumbents on 1 instances: 
769.1040460943
717.7254409811999
668.7820897121001
655.0900023212
703.3585006533001
742.9673120818
686.0635046837999
659.2162594711999
600.3459664201
614.3544029699
719.4403981211999
659.0705458629
608.7104534059
631.0336236414
630.2351471492999
[INFO][abstract_intensifier.py:596] Added config 87cf8a and rejected config 8a205f as incumbent because it is not better than the incumbents on 1 instances: 
751.1532919319
784.2664476642999
717.6506494159
676.3060165845
710.4825501912
715.2449327155
638.2462846280999
683.8425728318
675.2277010877001
675.1836068379
796.0353978541
728.045784266
668.2169449477001
671.8030459329
647.2600111421
703.6442356253999
624.0750928259
683.4715576936999
652.5094850160999
650.4970505364
742.6618326887
685.7372353759
705.4518076653999
605.5260978156
667.4285811246
729.9720170213
652.1735624536
678.8966841905999
665.940009492
655.1717467036
827.4980707888
778.7929002036
742.6371306904999
672.3790679064
619.7570970851
728.0526295226
696.4274125152
629.4542117191
649.3141090407
690.296915227
737.1809478017001
670.7294654926
650.8049624895
674.5875734917001
684.1337569877
771.7322429868
683.4376188949001
622.3407651448
694.7613953714999
644.3225171629999
719.6559157496
616.9157389682
652.7889077286
601.3512111138
642.8121733403
[INFO][abstract_intensifier.py:596] Added config e66913 and rejected config 87cf8a as incumbent because it is not better than the incumbents on 1 instances: 
775.1274602045
693.870114582
665.7776426867
628.6058171924001
654.8698506494
717.1983189994
663.9033412664
643.2097693338001
629.6759657558
630.0038334932
796.3295282048
754.3332326326
662.4340178955999
667.6658717203
634.087035915
772.3227768772
682.2601906752
640.9803347
645.1644793360999
639.6273527953
777.164913953
718.2729552527
660.6894746104
670.9778762486999
651.0243141392
766.7466125395
764.2723283642999
728.6656642533001
643.9928939273
658.4636997359
726.023635974
661.101984893
670.5496907294
619.9725844843999
697.120187007
758.3145620859999
631.246073335
730.3611811412
702.3736994023
705.9091384891001
711.465532549
677.9282452896
677.6680403057001
638.8956760415999
646.6825912646
725.5746363046001
679.2752685986
637.7139932908
616.433240347
645.5758681225
718.3241509835
658.6021326601999
641.3112928429
673.2007028886001
631.6319429384
764.0467655611999
645.3426663301
637.2450180771
593.5010050037001
694.7146519725
764.5573729617
662.5016397754
649.2428925615
592.2277485230001
687.7478027769998
693.7491622818
664.1274308785
649.4308227460001
621.0040231512
665.4713233609
715.5578985028999
632.6284326371999
654.7909980935
634.9982314068
680.9983918390001
749.0769198893
622.9781468228
655.1465119152
615.1433143171
656.8112329529
761.4554955164
704.5866567794
604.9562117314
641.8961121284
705.7901454346
810.7817217193
756.5368782477999
689.3567381923
684.067954081
715.6803999609999
740.3226902255
669.4161192775
637.479301368
657.8032949498
644.3841745265
747.1208581989999
663.2619747132001
627.6992428596
665.8109870018
642.6991266221
719.0664556479
654.5340742220999
653.3107693154
638.120863281
683.873330056
725.7954872713999
653.6836194693
623.5475450593
613.345044255
663.2378852528
733.0302980541999
662.1590510637
652.0702423778
635.1151337156
683.9995015791001
707.7568534773001
673.1103879206
633.2553030040999
631.6982083944999
663.591497073
730.5620457536999
651.1505067011
629.4288706607999
623.1648045328
663.9240896965999
740.3226902255
669.4161192775
637.479301368
657.8032949498
644.3841745265
722.5468523760001
616.4767201924999
624.2364443664001
671.9015773507999
669.5190628373
654.6543318486
624.802465478
634.1689377181999
593.7733665128
660.2846099497
[INFO][abstract_intensifier.py:596] Added config cc72fe and rejected config e66913 as incumbent because it is not better than the incumbents on 1 instances: 
708.5537654074999
646.4169243910001
633.3848694264
634.225032697
653.0729504620001
759.2853479708001
677.1403273805
625.8029656665001
632.5829089337999
668.2912513198
684.1325767691001
658.8344929095999
595.9203463087999
647.455526703
654.8489682147
740.9713655675
680.0908682630001
660.5693459693
631.7648272612
666.1639950860999
741.314552185
621.0738355604
623.2220402149001
652.9312852029
657.8143141571
669.7908824346
609.187576913
598.8973780864
681.0474478531999
687.2838662081
[INFO][smbo.py:327] Finished 50 trials.
766.3119999766
737.0869493472001
674.3253817034999
665.2768375126
731.4021414454
754.3660666618999
664.9629956583
639.4442248304999
670.6293424603
662.8668171447999
760.3241013304
677.7988524548
636.4746472464
654.6343925319
636.1871012938
686.0756589997
624.5211504037
624.2612332835
638.6558138023
648.5800753932
723.5749362213
657.160317412
613.9580318065999
673.4765919667
679.730779594
698.792754505
674.2934621797999
680.9108891633
665.7871070204
650.7369455859999
733.246264943
648.5397485169999
662.578284531
672.7582154197
664.5095347201
724.7127120891
656.7212886965
658.5757951469
625.8301594585
674.1690769902
752.2272713438999
679.2192597741
634.2830536072
618.210796478
652.8769290954
654.6543318486
624.802465478
634.1689377181999
593.7733665128
660.2846099497
784.8958078950001
801.4181927168
701.7069132863
659.3426368190001
688.9998074072
748.1839873186999
593.2973924629
664.862805106
654.7245412395
656.5320856618
748.1839873186999
593.2973924629
664.862805106
654.7245412395
656.5320856618
654.6543318486
624.802465478
634.1689377181999
593.7733665128
660.2846099497
748.1839873186999
593.2973924629
664.862805106
654.7245412395
656.5320856618
748.1839873186999
593.2973924629
664.862805106
654.7245412395
656.5320856618
720.4499240717
629.9743502588001
628.1531080067
648.3865796904
660.3935386684
728.4261199545001
660.5332496202
681.7196867228
648.5597959535
687.5427104669
674.9846488174001
629.4582727828999
661.7927022807999
587.4672000369
643.799796572
695.7511767404001
690.8867608144001
663.7001744556
615.7762030679
652.0235355105999
739.2967652319
655.8244373596001
629.5316533879
651.3700428688
620.8775105187
703.2384082187999
637.1526020295
644.6969794214
630.6193259306
695.4208891695
711.8786508682001
640.1192702747999
644.0350600479001
638.2148045203
701.3793309028999
756.3900480588
616.7666536672
664.5224376122001
607.2000846334
669.7283626785
768.698938084
696.8401331482
619.3575395607
650.0286636287999
688.2165702986999
[INFO][smbo.py:335] Configuration budget is exhausted:
[INFO][smbo.py:336] --- Remaining wallclock time: inf
[INFO][smbo.py:337] --- Remaining cpu time: inf
[INFO][smbo.py:338] --- Remaining trials: 0
