[INFO][abstract_initial_design.py:87] Reducing the number of initial configurations from 60 to 18 (max_ratio == 0.25).
[INFO][abstract_initial_design.py:139] Using 18 initial design configurations and 0 additional configurations.
[INFO][abstract_intensifier.py:307] Using only one seed for deterministic scenario.
2379.6218962405
2073.3167061713
1992.9216179477999
1889.4734081309
2041.2623058061001
[INFO][abstract_intensifier.py:517] Added config 26fdc2 as new incumbent because there are no incumbents yet.
2355.2274140515
2070.9604058669997
2019.5348838318
1905.9034041921
2043.8604034697998
2328.6478762344
2081.5659971342
1995.3674040789
1904.0916745369
2068.1206736061
2294.5881544093
2071.2777749391
2034.0937759532999
1901.9603410651002
2050.8251615786003
[INFO][abstract_intensifier.py:596] Added config 71b0a5 and rejected config 26fdc2 as incumbent because it is not better than the incumbents on 1 instances: 
2386.0756555677
2065.4732672892
2006.3927639026
1897.0615109671
2039.8756889638
4133.6416322116
2414.2535298493
2094.3999244144998
1933.3524380943002
3371.8203840214
2303.7404366241
2072.7612835287
2024.95357878
1925.0775106981
2060.3432356129
2382.6106141881
2110.8976425844003
2034.1295568301998
1889.0777181601998
2943.9522992526
2296.6751717143998
2072.0640137311
1986.3268412615
1890.2969494617
2026.3665157663
[INFO][abstract_intensifier.py:596] Added config b7ad6c and rejected config 71b0a5 as incumbent because it is not better than the incumbents on 1 instances: 
2382.8910441496
2079.5907232081
2015.1646355907
1894.7882683696
2052.2042074215997
2343.0975547323997
2067.2887653145
2004.3537350326
1891.5194379408
2043.0420673417
2384.4490585943004
2116.2110202028
2012.9893251178999
1894.4593918542
2096.4932065123
2364.1489368430002
2066.8369017422
1993.2500079059
1909.2686649501002
2041.6784672110998
2298.7790588339003
2072.8365472769
2047.0586535484
1891.0937658141997
2063.4089362121
2381.1024372021
2072.8965102564
2024.039563883
1909.9343772261
2060.7431162358
2383.8593410682997
2074.9577895704997
2012.6499152135998
1896.3467675477
2043.7374767217002
2366.4787491214
2074.7039847449
2023.7905160902
1919.5507934536001
2054.1681281286
2276.3260524757998
2076.4596594359
2020.8279419593
1898.9699651287
2061.3881602586
2314.6120102198
2068.8470149681
1999.8510667735
1899.4594376999
2060.9532004081
2286.4749253499
2096.4387168455
2013.6853588637
1887.7161110963998
2309.2200098298
2307.1648042682
2075.5827070717996
2024.2503457471998
1898.2496247297
2052.5352951190002
2313.856974461
2068.0930136338
1995.4057735136
1890.0294713143
2032.3680913021
2389.9748653786
2092.8050882828
2000.5818600056
1902.2169912301
2048.316324523
2369.5320334629
2108.848307064
2022.2006487448
1929.253839027
2057.0756676586
2392.0482726984
2090.3412528502
2003.9013830578
1888.8316486749
2046.5408481542
2294.8786348850003
2059.8100273189
2025.5222410761
1886.6247173827999
2045.2986883016997
2285.8751480843002
2070.8809939424
2008.328566486
1901.4426514035001
2039.5562342971
2322.9250232035
2078.384433435
2011.7963525755001
1925.8231892863
2043.9666825861
2326.6594196982005
2071.4351379689997
2017.9020438572998
1906.1214991182
2070.1705800237996
2312.2566796466
2073.3116851499
2005.3998161355998
1897.5792634282998
2047.4107834457002
2322.9250232035
2078.384433435
2011.7963525755001
1925.8231892863
2043.9666825861
2311.7210222306003
2068.8699560748
2003.7418527482
1897.7346990075002
2044.5625122533002
2346.7797064005
2089.5003306829003
2006.1112361296
1904.3771008631
2043.5362815321
2975.6223520948997
2687.5660821404
2160.1760384608
2094.8669452491004
2504.7487272513
2320.0187810637
2075.0632569538
2010.9877885937
1887.9382886311
2041.4866603024002
2319.0889468285995
2098.0123989618996
2009.1353030471
1893.3185236468998
2046.3212716394
2299.487916153
2069.3736691064
2039.988552737
1895.7778951316
2038.5129794578
2299.487916153
2069.3736691064
2039.988552737
1895.7778951316
2038.5129794578
2314.0322513155998
2067.8182149997
2020.4299782267
1887.2649647137
2030.5274439544999
2372.7842974469
2052.6058246101998
2015.5830329476998
1891.1820081535
2046.9370586461
2321.2863134593
2079.8963971323
2017.6740644143
1883.5556222513
2038.5337916470999
2311.7709814977998
2067.318465501
2040.6735029655001
1888.4759690203
2052.9723587965
2281.1100489676
2077.8314151438
1996.1131682961
1891.9669078846998
2041.1969764909
2280.3696487161997
2084.682032057
1997.7635358338
1892.2617571324
2040.7607952495002
2343.8752265189996
2066.4285579035
2018.6891652073
1912.2057689166998
2045.5284530220001
2278.6827813108002
2073.0377862747
2005.3692187358
1891.9668192025001
2041.2836687798
2305.43122671
2065.1369179594003
2003.9412520758
1901.5094663286
2040.0082434185997
2384.0897788927996
2071.6341910336
1993.379582217
1907.6462306798999
2041.0216278652001
2287.0218149674
2073.3368130291
2002.3199035193
1889.3566066224998
2052.9448501244
2278.8985021857998
2062.4613952582995
2001.0236821827998
1897.4668302468003
2044.8307824282
[INFO][smbo.py:327] Finished 50 trials.
2458.4804642599
2196.5173392502
2072.1573645556
1922.5779706032
2476.9410090477
2296.3314984984
2082.2810516243
2021.5061355775001
1893.0774677704
2042.5109069330001
2302.7314967757998
2071.6988174658
2013.6046864553
1894.4693344656
2050.8577852026
2322.9936383612003
2069.0256278286997
1992.5052046517999
1891.5561993421
2038.7341128493001
2286.4589438822
2085.0718646402
2013.9444862412
1889.2470699200999
2020.5253266174
2365.3072908421
2063.8421167338
2008.3608975522002
1903.09805147
2037.9867357648
2316.3173772165
2058.0769188164
2007.5432878795
1896.278421663
2031.5633590835
2303.1519289287
2083.4697063543
2012.6209042215
1894.5469574573
2020.4967891707
2375.6908495914
2049.4790524155997
2020.8171602266002
1904.598815532
2052.3311015802
2318.3625080174
2068.2177144788
2010.3321855358
1901.2440623850998
2039.7033654043003
2396.3941522940004
2122.9051850496
2043.4567129664001
1906.2223652409
2101.7209270116
2327.8708253852
2083.2738215275
2003.0054073333
1902.2297413725
2035.4640105615
2314.7381769947
2068.8225070722
2001.9339654576
1899.8600489277999
2039.7034262825998
2338.4985722366
2082.7263345131
2001.7219289816
1897.8325725789
2035.4633361124002
2337.0881048644
2076.5443440083
2003.0415279447
1904.2801684624
2036.0042758516001
2297.3302394793
2074.3339695179
2035.955737842
1890.0056714112998
2046.8817029371999
2332.4268828186
2094.9019450845
2003.2442406086998
1890.7541415521
2035.3825406748
2403.9686847629
2103.7991159338
2037.0427292580998
1910.9535454952002
2092.9476973213
2321.1940763637
2090.3944904192
1980.4805930922998
1887.7342701122
2040.6685044818
2296.7967769249
2067.3579086512
2014.9850247253999
1895.1516582609
2043.9588203684998
2316.790662767
2066.4596517925
1995.9544368395002
1891.0348994117999
2043.6543577712998
2311.249119654
2071.4504122156995
1988.4047060793
1911.6249974243
2032.9066147079998
2279.6811532458
2057.2195423402
1991.608616899
1898.2437592724
2045.703150764
2311.249119654
2071.4504122156995
1988.4047060793
1911.6249974243
2032.9066147079998
2359.1919053522
2074.5170335653
1995.1053365473
1898.2434956683
2055.5859676521995
[INFO][smbo.py:335] Configuration budget is exhausted:
[INFO][smbo.py:336] --- Remaining wallclock time: inf
[INFO][smbo.py:337] --- Remaining cpu time: inf
[INFO][smbo.py:338] --- Remaining trials: 0
