[INFO][abstract_initial_design.py:87] Reducing the number of initial configurations from 60 to 18 (max_ratio == 0.25).
[INFO][abstract_initial_design.py:139] Using 18 initial design configurations and 0 additional configurations.
[INFO][abstract_intensifier.py:307] Using only one seed for deterministic scenario.
1488.4361305147
1223.3464940152
1316.4399035225
1152.354421498
1382.1817501971
[INFO][abstract_intensifier.py:517] Added config 26fdc2 as new incumbent because there are no incumbents yet.
1468.0891456647
1193.4393478851998
1483.4037578423
1202.0282883445
1335.5364098799
1427.6998856612
1203.6033573537
1367.0914631621
1216.9621035884002
1380.3259238894
1393.4978511919999
1193.0997521448
1397.2839375405001
1175.035415299
1375.0413342448
[INFO][abstract_intensifier.py:596] Added config 71b0a5 and rejected config 26fdc2 as incumbent because it is not better than the incumbents on 1 instances: 
1488.4133177966
1193.0685721498999
1400.2773657000998
1182.7526628392002
1409.8396295205998
1475.7491865973
1284.6032881987999
1419.5173965765998
1209.7663425841
1285.7844299478
1548.7294748577
1198.1588909174002
1431.0550014263
1194.1106203014
1455.8080409115
1410.5577704664001
1224.6527468452
1383.7653525534
1205.0146607918
1333.1974439986998
1459.8481564994
1210.3931855151
1364.3486276479
1192.6212212417001
1390.2478663588
1431.2908382732999
1207.101783387
1406.8761895314
1212.7913485967
1345.7079639282001
1436.4858444395
1199.2958242524
1388.0266876601
1158.5373990062
1398.7467714065
1494.9372348621
1226.3551955906
1357.9809976708
1274.3926282399998
1387.3222131542
1512.2785149633
1209.7402291115
1364.57313385
1195.1409468017
1397.0289223121
1485.821049715
1233.1911591512999
1443.4290993753998
1173.5809263144001
1350.5522718538
1483.0988166054
1239.2772734199
1347.575076061
1169.5872389662
1437.7455844611
1352.6382660427998
1159.7911060944002
1356.5468856251
1154.5881145135
1286.7009109486
[INFO][abstract_intensifier.py:596] Added config e66913 and rejected config 71b0a5 as incumbent because it is not better than the incumbents on 1 instances: 
1523.2730326863
1206.9593897892
1341.8027465705
1177.0099945821999
1448.9194629762
1394.8480927798
1168.8341818867
1258.0535253481
1196.9002564312
1328.1559108733
1473.7750565284
1207.043226449
1375.4702070673
1208.3879790084
1381.6931782663
1395.4626724995
1180.1818952186
1338.5249801265
1190.1203953921
1377.7555243164
1414.195803697
1199.4599724058
1413.6803776256
1197.7979878787
1370.2191257549
1474.9637583776
1184.8142033895
1472.5917863176
1203.9840691667
1398.3476407755
1396.3736922947
1200.4501396857
1386.0637181831999
1179.6832131909
1350.3330257387001
1570.6920960892999
1213.9077948017
1429.9297199791001
1241.9830692061
1417.1542946533
1482.8727286665999
1231.5979521622
1346.0759885490002
1152.9654608271999
1371.7536987416001
1487.8395380144998
1198.5536966727
1414.1080015833
1232.8133928874
1388.7061666236
1419.4632483596001
1150.6994112524999
1402.845890975
1130.0378431837999
1302.8701308378
1412.6160471841
1181.0443704345998
1333.041863768
1133.7342256355
1320.5979271428
1421.0831787064
1216.5335802879
1361.3719472501
1189.0649508288
1384.5374669754
1413.6956927452998
1190.4814198662002
1325.1962587964
1133.7346239099002
1320.2049291182002
1358.9996513864999
1149.2833220385
1404.2700115651
1178.6048199953
1341.4603676696001
1390.5835418914999
1160.6520917126
1368.6907153871
1139.4502522148
1316.774605444
1565.1330705861997
1227.2115861165998
1347.8208495307
1160.1078598166
1445.5495675092
1457.0327664165998
1226.0891164277
1393.4598743419
1229.8281331826
1421.6005382365997
1373.1990487825997
1160.3334555380002
1373.1181563517
1153.5800167639
1318.9475608996
1379.9939662054999
1160.2054050988
1377.9126510827
1177.8877721326
1330.5434039163001
1373.1990487825997
1160.3334555380002
1373.1181563517
1153.5800167639
1318.9475608996
1379.9939662054999
1160.2054050988
1377.9126510827
1177.8877721326
1330.5434039163001
1379.9939662054999
1160.2054050988
1377.9126510827
1177.8877721326
1330.5434039163001
1434.3596370184
1208.2790474042001
1362.5151865356002
1106.8783104463
1374.4140697734001
1373.1990487825997
1160.3334555380002
1373.1181563517
1153.5800167639
1318.9475608996
1373.1990487825997
1160.3334555380002
1373.1181563517
1153.5800167639
1318.9475608996
1375.5347383563
1151.4455750427
1336.5788786944
1163.7165628767
1322.2647879564
1422.1189494023
1176.897304189
1388.3986323026
1121.3580776646
1320.8934585711
1493.3864311745
1266.3232037241
1428.1606071807
1184.1458372855
1403.618823056
1392.3163384233999
1153.6475610563
1352.3281518510998
1164.2939919957
1317.6214263434
1453.2124500552
1179.7892817252
1373.7968905458001
1196.5381851656
1308.7254638783002
1524.0621378428
1243.7327972962
1391.2925316141
1202.8169075701
1398.9602330243001
1437.8489814073
1155.1045813735
1406.3695222824
1150.7391070516999
1331.8307848076001
1471.3656164605
1204.2101797685
1323.6656589023
1211.6259934772002
1414.234028191
[INFO][smbo.py:327] Finished 50 trials.
1492.1044999873
1249.1986928227002
1384.6941119223
1243.2778927012
1312.9416575274
1448.7784791788001
1169.8608630592
1382.5281099704
1183.6133131263
1291.2564395067
1392.8793119178
1166.5722295366
1357.5717178424998
1139.021335992
1290.5638826462
1416.1168472381
1163.0110323883
1340.9924005400999
1171.1539333276
1350.8145022037
1352.3903329363
1143.8943769666998
1349.5217845380998
1177.6196963918
1329.4223665072
1536.9908732666
1234.6296329358001
1392.1229379535998
1189.6542936684
1469.4875159092
1372.1428503325
1190.1122426014
1354.5484778165999
1185.9383278448001
1327.5464127957
1422.4280605287
1128.774348486
1354.5089029081
1169.1116665760999
1351.9236706931001
1546.9050016816
1238.1187830814001
1428.0469125014
1199.9388906064
1396.1173486093
1462.1789727227
1211.8849888313998
1385.6383238868998
1217.1659794096001
1366.6716569762998
1360.5641096907
1156.0904698308
1349.8751185146
1173.8699363541
1293.5870047432
1450.3883568036
1153.120684259
1303.271914139
1154.0393298372
1356.826108364
1429.0371254837
1152.5230960244
1342.1062191107
1163.2491653012999
1307.2991049297002
1442.6625128892001
1177.3019318701
1360.8745257516
1130.6587846663
1338.5407284679
1381.8969826059001
1167.0749195938
1351.4732053715002
1140.2425014811
1311.8087551254
1456.0668878819001
1171.8394405749
1374.4549424321
1159.292018547
1316.541517296
1434.4825243943
1237.9565421440998
1381.9798876010998
1289.4629290169999
1347.1418569218
1373.3194858016
1136.6154431289
1312.357414199
1193.8294663183
1341.8890075303
1431.9686165287
1120.7326785546
1318.6092566068999
1172.9099087709
1330.6383951930998
1376.9501661944
1144.203366452
1393.1020150537001
1157.1633285828002
1353.4115200324
1378.1807809052998
1157.1114759697
1288.8953138494999
1167.2054651722
1346.0452284558999
1449.50701135
1164.8154217129
1408.6101781986
1221.3675200914
1329.9382822651
1411.4505019596
1136.0894722932999
1339.0004407983001
1198.7769858088
1343.3193029588
1491.91620042
1236.1142273384999
1407.7192580012002
1191.2749134409
1421.8112691341
1525.0042986404997
1223.7709217156
1352.6408113644
1262.8134171739998
1368.4518213868
[INFO][smbo.py:335] Configuration budget is exhausted:
[INFO][smbo.py:336] --- Remaining wallclock time: inf
[INFO][smbo.py:337] --- Remaining cpu time: inf
[INFO][smbo.py:338] --- Remaining trials: 0
