[INFO][abstract_initial_design.py:87] Reducing the number of initial configurations from 60 to 18 (max_ratio == 0.25).
[INFO][abstract_initial_design.py:139] Using 18 initial design configurations and 0 additional configurations.
[INFO][abstract_intensifier.py:307] Using only one seed for deterministic scenario.
1267.7315019498
1786.3816874709
1933.5322005362
1222.9221130486
1463.3349922854
[INFO][abstract_intensifier.py:517] Added config 26fdc2 as new incumbent because there are no incumbents yet.
1370.7640834323001
1767.310524822
2544.4692898517
1243.4777391433
1398.2966828923002
1464.5878070602002
2158.3542372982
2121.2079742202
1284.3541310368
1345.1142352918
1348.9436177038
1765.2235078453
2301.8228304073
1272.0604054378
1247.1371157467001
1327.0810486565001
1745.60366305
2074.7599898617
1218.8298867018998
1323.3877598815
1560.7006663615
1972.0961857795
2322.0108005555
1717.3351716407
1657.3582625839001
1452.0639307056
1381.7864580196
2341.2154446686
1616.0355067797
1773.6774892388999
1522.8315181215999
1841.6796359145
2149.4766142999997
1522.1373947918
1495.1245250319998
1327.9333630174
1299.2075327986
1764.4768678661
1144.9401359675
1346.7555141836
[INFO][abstract_intensifier.py:596] Added config b7ad6c and rejected config 26fdc2 as incumbent because it is not better than the incumbents on 1 instances: 
1567.8149589985999
1774.9153451774
2221.4075858993
1312.6617492685
1514.6664734357
1358.4193601301
1709.0173072884
2084.2670935961996
1198.2418767181
1266.4102253309
1531.1498838091
1798.0920675707002
2150.8594687434997
1454.776082461
1650.8600881223
1347.1235833678
1729.1467422773
2219.0724923924
1224.7583957677998
1300.6563115637
1411.9843642965
1806.8264936003002
2065.8125467493
1454.0764315207
1367.2756956865999
1268.0368234367002
2241.4613203598
1855.7764777234997
1254.6925593380001
1416.7662280219001
1402.6599074332
1718.4331395614
2030.1597140693002
1356.8850695439
1269.0918348643
1341.2015115169
1774.9770421693001
1983.7026226767998
1363.7188559199
1442.7941312693001
1362.184316881
1705.4661465655
2069.1047449119997
1282.5626725561
1243.9098636004
1244.4491582881
1634.1939561598
1365.489227113
1281.9754420687
1265.6411400652
[INFO][abstract_intensifier.py:596] Added config b813f8 and rejected config b7ad6c as incumbent because it is not better than the incumbents on 1 instances: 
1338.054710039
1462.0143727498
1458.2156776589
1464.306546858
1325.0604324877
1369.9406802267
1603.388688542
1502.7668644312998
1136.9165869462001
1413.5947325435
1333.3458140137
1698.1602988372001
1330.2705545492
1271.4546207913
1396.4403933952
1523.9343188694997
1830.7990428242001
2434.2450452426997
1324.9219776166
1524.36780021
1587.6614230691
1303.4233333579
2274.7197116038
1613.2288543094
1620.9417513694
1294.2522834177003
1738.5556995764002
2165.5157045203
1220.6738346838001
1338.7217483213
1254.5013014607
1609.9281131368
1433.2201753622
1200.343683569
1380.7267140488
1292.0316609691
1527.7775080198
1849.0357951127999
1244.2565942159
1280.6106906318998
1292.0316609691
1527.7775080198
1849.0357951127999
1244.2565942159
1280.6106906318998
1437.6231201484
1585.1049217854
1755.466262127
1198.2700932343
1446.0448693598003
1389.5121236238997
1620.8771964590999
1695.7206375877
1316.6240336352998
1257.2498561554
1335.1295985768
1542.422863069
1691.7098937576002
1307.8760563736
1341.3347572281
1307.9747928947
1605.6061347259001
1447.8482182204998
1291.5177192411002
1246.6350841132999
1326.9582641974998
2223.6906380782
1922.9641675384
1340.0472009177
1550.2700399592
1753.1153914769002
1934.6900753051
2108.1686374634
1821.5760908029
1654.6188167173
1285.8442080879
1602.0753497802
1478.0223021860002
1205.6758133439
1328.9535041129002
1306.5653507238999
1615.4613979712
1487.0028791558998
1146.952211254
1294.2903869427
1379.5345237756
1429.9415958555999
1476.3488321142
1213.6356645662
1378.263866675
1304.9191120415
1576.831820409
1680.7622501052
1232.1162901400999
1293.3068717407
1387.6403231844001
1525.0760622325
1485.7821671059
1249.5619986743
1300.5115384678
1371.6917131506998
1757.461694826
1901.9700471201
1234.7662348536
1269.3225151266001
1354.0165120831
1571.9605612281998
1454.6890973553
1356.3843724225
1404.8058733440998
1309.4923193952
1490.8661640527998
1809.4480386497
1272.4897842942
1498.2880609341
1258.7627849381
1582.7393918591001
1338.0693028727
1248.9133158287
1268.4329813149998
[INFO][abstract_intensifier.py:596] Added config e8537e and rejected config b813f8 as incumbent because it is not better than the incumbents on 1 instances: 
1243.9947570033
1568.9658223208999
1386.8349650369
1242.1684530608
1296.9882364086002
1289.3539470073
1781.7214662741
2126.3548598114003
1260.5004320347998
1302.5844939024
1275.795607256
1690.0209562708
1453.2443820501003
1232.7686226957999
1346.5708011053002
1288.4100472665
1584.4027070918
1418.4001163784
1242.6638287338
1303.9674530402
1286.2521884794
1728.9607089354001
2029.8309718178002
1251.9297197387
1350.9844345955
1274.9658040262
1690.5925499447
1452.8634162622002
1232.7686221092
1347.9527040404
1326.2258806319
1717.2717908528
1882.9317315034
1231.2612944853
1285.6426238362
[INFO][smbo.py:327] Finished 50 trials.
1576.1419051327
1955.9786949081001
2310.0346178946
1620.1822315327001
1630.6887263465999
1271.5412684122998
1657.0705730211
1381.8461385647001
1196.7120081976
1359.5577923650999
1271.5412684122998
1657.0705730211
1381.8461385647001
1196.7120081976
1359.5577923650999
1271.5412684122998
1657.0705730211
1381.8461385647001
1196.7120081976
1359.5577923650999
1314.0412559382999
1560.1521155718
1775.7724721457998
1197.7128969642
1350.3310911183
1326.6437593453002
1751.8222110519
2153.5319176692
1228.4776823527
1420.2366158525
1344.2488810610998
1470.05229523
1718.1007410185998
1117.7104741814
1306.2735947791998
1251.78635237
1624.6054370373
1439.0767920203
1299.0249626225
1366.9535103153
1370.200833582
1754.8727525022
2497.4183017767
1348.314219121
1416.1337630081
1459.0941838325
1752.8552932647
2307.9858204764996
1404.3386147369001
1636.5505558022
1258.7627849381
1582.7393918591001
1338.0693028727
1248.9133158287
1268.4329813149998
1258.7627849381
1582.7393918591001
1338.0693028727
1248.9133158287
1268.4329813149998
1264.120779102
1582.7393912418001
1337.5486869071
1250.1261949304003
1268.4329813149998
1264.120779102
1582.7393912418001
1337.5486869071
1250.1261949304003
1268.4329813149998
1258.7627849381
1582.7393918591001
1338.0693028727
1248.9133158287
1268.4329813149998
1264.120779102
1582.7393912418001
1337.5486869071
1250.1261949304003
1268.4329813149998
1753.429297646
1907.5060636271
2318.358656765
1534.8881486374
1559.3917401278
1338.6735959027
1652.0984986042001
1338.1408874644999
1308.1168245495
1326.2373350612
1331.0370583191998
1781.0576840038002
1328.8621930823
1346.2464411106
1355.796735557
1382.5733723955
1438.887661061
1493.0355522602
1213.7041221417003
1373.0770874459
1321.1644741889
1694.6660989366999
1487.9801022186
1323.6560045226001
1403.2573659737
1338.6735959027
1652.0984986042001
1338.1408874644999
1308.1168245495
1326.2373350612
1333.5908184118
1734.0180575468
1451.2271086123
1431.2830910372002
1330.3019981604
1323.9516495878
1590.3252166015
1816.0320217747
1171.5506262933
1385.5458455823
1416.4491683723
1776.1247012477002
1903.7352756729001
1336.1150347671
1360.9119666344
[INFO][smbo.py:335] Configuration budget is exhausted:
[INFO][smbo.py:336] --- Remaining wallclock time: inf
[INFO][smbo.py:337] --- Remaining cpu time: inf
[INFO][smbo.py:338] --- Remaining trials: 0
