[INFO][abstract_initial_design.py:87] Reducing the number of initial configurations from 60 to 18 (max_ratio == 0.25).
[INFO][abstract_initial_design.py:139] Using 18 initial design configurations and 0 additional configurations.
[INFO][abstract_intensifier.py:307] Using only one seed for deterministic scenario.
1447.5649801343002
1340.0095792288
1315.9644481884
1252.0814084622998
1482.0128959961999
[INFO][abstract_intensifier.py:517] Added config 26fdc2 as new incumbent because there are no incumbents yet.
1384.2709847781002
1251.0305780031
1394.7325217128
1284.0545389114
1439.8312619374
[INFO][abstract_intensifier.py:596] Added config 8a205f and rejected config 26fdc2 as incumbent because it is not better than the incumbents on 1 instances: 
1448.0946210538
1296.73844775
1330.4395243183
1275.2502363093
1474.9795961068
1505.4812768234
1355.6820742421
1303.7632687454
1221.9951460538
1473.2167181061
1357.1918989236
1358.0184092178
1387.0604999082
1293.8530804329
1525.4928915665
1405.7221413954999
1347.2009226335
1342.0287614590002
1245.9476925784002
1423.8366701995
1564.4570215128997
1279.03301387
1374.5102818896999
1360.5106208271
1481.2717193306999
1454.5213829355
1274.6059241090002
1294.5953795018
1287.1940907173998
1394.0968642904
[INFO][abstract_intensifier.py:596] Added config 6ea0da and rejected config 8a205f as incumbent because it is not better than the incumbents on 1 instances: 
1346.2816291141
1270.2345871950001
1350.5806907873
1303.2893936193
1512.9788532628
1504.0601807634
1293.1433573443
1367.0576630171
1256.8305427104
1420.3622180362
1389.0343701927002
1348.6506780541
1396.895090634
1239.3732841284
1451.2243940752
1464.9577329929002
1357.0010475888
1333.9647412909999
1255.1785359305002
1431.7051452440999
1427.7425322145
1301.9168971529
1357.4624045527999
1321.4787282308998
1518.3519712884001
1435.7917318640002
1312.8430820168
1415.6675614360001
1275.704859434
1371.1100258401998
1397.6152838764
1347.6168550317
1339.3810577610002
1266.387557984
1482.6425732858002
1403.7781123717
1220.6734771517001
1315.2163622548999
1265.4805135543
1396.0246703683
[INFO][abstract_intensifier.py:596] Added config e66913 and rejected config 6ea0da as incumbent because it is not better than the incumbents on 1 instances: 
1449.3798469823
1336.7034659884
1396.2878163901
1280.1267162269999
1507.3188656875
1444.5481991201
1264.4841549263
1377.2309274248
1195.1296397247
1431.825635296
1479.3639504806
1258.5859730082002
1329.1106522465998
1260.4963587922
1411.2446828869001
1388.2830192384
1308.7221659257
1468.5852223424
1294.6658928407
1427.7191490496998
1426.0731717381
1260.0922067857
1291.7798007002
1269.685979181
1457.9011946486999
1418.0945978414002
1222.5364925036001
1403.5593142722
1234.9381508911001
1367.9102769611998
1413.5552324628002
1254.3526509124
1355.3159666276
1316.9315061994998
1439.3500414349
1514.6661344747004
1285.6935555701
1379.5854920551
1266.4012812594
1451.9601179054998
1421.2721946269999
1309.514903902
1378.1800060205
1224.9219363592001
1484.7555723532998
1395.2712664411001
1264.6467837806
1398.1903805851
1253.8181123403
1428.6735316663999
1384.7535156077001
1183.8839737703001
1356.9696885254998
1265.4938066079999
1408.3854159454
[INFO][abstract_intensifier.py:596] Added config ec6746 and rejected config e66913 as incumbent because it is not better than the incumbents on 1 instances: 
1393.2710751899
1155.8371526652
1335.3248604026
1267.2673609211001
1409.3061483115
[INFO][abstract_intensifier.py:596] Added config 7eee3b and rejected config ec6746 as incumbent because it is not better than the incumbents on 1 instances: 
1372.0281393342002
1326.2186541495998
1338.7214010959
1304.617825455
1460.9802508825
1414.6490065284002
1157.188614823
1287.9591839804
1293.6881551228
1450.6575536484
1431.0501935345
1208.0574142433002
1388.0695980179
1323.4367686735
1403.3836504518
1340.4230784944002
1184.5187747471
1294.3897831018999
1275.0660713871
1421.8913203522998
[INFO][abstract_intensifier.py:596] Added config 592204 and rejected config 7eee3b as incumbent because it is not better than the incumbents on 1 instances: 
1468.5907297301
1385.2099276949998
1407.8597803145
1285.4850213262
1470.3355167512
1566.9426168576001
1376.8182218750999
1304.6424213516998
1312.7556525656
1442.7700793279
1379.0135267067
1189.1449002053
1341.6260832748
1303.1173227488
1352.794650412
1384.1444559253
1188.7962858639999
1340.8139576304002
1302.9944903383
1330.8322124645997
1379.0135267067
1189.1449002053
1341.6260832748
1303.1173227488
1352.794650412
1384.1444559253
1188.7962858639999
1340.8139576304002
1302.9944903383
1330.8322124645997
1384.1444559253
1188.7962858639999
1340.8139576304002
1302.9944903383
1330.8322124645997
1458.8612451623
1288.4322602478
1376.2615494181
1201.7653115510002
1453.7767805857002
1384.1444559253
1188.7962858639999
1340.8139576304002
1302.9944903383
1330.8322124645997
1409.4920066902
1274.1606562112001
1433.4054467279998
1212.4532631962002
1386.7873528111
1434.1814691311001
1311.5803573335002
1369.1638068925
1288.220963941
1477.7667458433002
1397.0684422589
1276.5291359229
1359.0516274825
1258.8397336736
1408.7550061455997
1406.7544617486
1361.8783495906
1365.1972861518
1301.5793060823999
1424.3816276733
1368.449753151
1307.2633510317
1347.427091083
1230.8400219324
1416.0130857852
1371.754746436
1207.6348717037
1338.9085903055002
1308.9598871553
1339.6391085174
1411.8951711883
1343.7858485268
1344.8114063276998
1293.8030268906
1489.9287600098999
1408.3279371826998
1262.1671062189998
1325.6429296945998
1271.5392222329
1432.3232147182
1401.1697114211001
1258.9575638992
1437.2067192644
1213.3414585336
1433.1474099809
[INFO][smbo.py:327] Finished 50 trials.
1470.6538025634
1324.9921822872
1375.0166851438
1267.7718988672
1430.9483801047
1345.2205536446
1171.5877516913
1318.7580216971
1276.2380585413998
1401.4240964286
[INFO][abstract_intensifier.py:596] Added config 45ca9a and rejected config 592204 as incumbent because it is not better than the incumbents on 1 instances: 
1345.2205536446
1171.5877516913
1318.7580216971
1276.2380585413998
1401.4240964286
1345.2205544709
1171.1091531437
1319.5187581704
1275.2409630969
1393.8950546869
[INFO][abstract_intensifier.py:596] Added config 3cee4f and rejected config 45ca9a as incumbent because it is not better than the incumbents on 1 instances: 
1345.2205544709
1171.1091531437
1319.5187581704
1275.2409630969
1393.8950546869
1432.4729986372001
1349.7546861901
1351.0582934944
1287.7864394416997
1532.1466437404001
1340.4230784944002
1184.5187747471
1294.3897831018999
1275.0660713871
1421.8913203522998
1345.2205536446
1171.5877516913
1318.7580216971
1276.2380585413998
1401.4240964286
1415.5432117015
1332.5016226717999
1363.6726846821998
1284.7955305701998
1454.5682262966998
1413.3355500510002
1284.3534268675003
1404.4379673152998
1228.8500070034002
1405.7302918618998
1475.1170252581
1361.9752178451
1324.8836448809002
1253.1525209985
1461.5782302303
1448.2509967052001
1256.0437615644
1295.8155801443
1242.3282517051998
1442.4299269347998
1345.2205544709
1171.1091531437
1319.5187581704
1275.2409630969
1393.8950546869
1345.2205544709
1171.1091531437
1319.5187581704
1275.2409630969
1393.8950546869
1345.2205544709
1171.1091531437
1319.5187581704
1275.2409630969
1393.8950546869
1401.2497581485
1320.8712180974999
1370.3177689783001
1270.5918728012002
1398.1398447502002
1387.7093973357998
1332.1795496388
1397.5669940909
1263.8807700442
1393.6323308905999
1395.1083123613998
1212.1189741150001
1345.2926755264002
1281.9986665935
1438.5246882709
1350.4940955536
1306.2536661865
1378.0320790731998
1273.2808574515998
1392.3455339125
1423.2187460691
1241.6266133161
1368.1289037881002
1352.8124645952
1390.9691650826999
1362.3019418588
1203.0850597904
1393.6780666789
1245.9100473402
1417.1666194037998
1489.3647402815
1257.8030038387
1361.6685457269
1283.9298823951
1414.3249906155
1466.6442306771999
1242.879201547
1302.6907484705998
1279.7188376126
1390.5686929066
1385.8675891724001
1250.4494970368
1394.3194363437
1224.3507565008
1406.6131939532002
1438.5702174573998
1344.0746141113002
1348.6335561547999
1262.242400958
1493.6774042581
[INFO][smbo.py:335] Configuration budget is exhausted:
[INFO][smbo.py:336] --- Remaining wallclock time: inf
[INFO][smbo.py:337] --- Remaining cpu time: inf
[INFO][smbo.py:338] --- Remaining trials: 0
