[INFO][abstract_initial_design.py:87] Reducing the number of initial configurations from 60 to 18 (max_ratio == 0.25).
[INFO][abstract_initial_design.py:139] Using 18 initial design configurations and 0 additional configurations.
[INFO][abstract_intensifier.py:307] Using only one seed for deterministic scenario.
1789.2345612199001
1480.0098035873002
1579.690787838
1442.0051152828
1524.3383677503998
[INFO][abstract_intensifier.py:517] Added config 26fdc2 as new incumbent because there are no incumbents yet.
1789.9187797838
1514.6634834671
1604.5550021293
1455.2729027939
1522.1947304694
1786.7272534095
1493.9250770458998
1612.6541087651
1441.6932951122003
1509.8900085764
1789.4624642016001
1523.9646846331
1599.9213292225
1429.4074857333999
1503.0972455699002
1801.2955132485
1471.4169877342001
1612.3262543586002
1446.5407462433002
1506.7386267975
1836.0885084458
1607.5135303394
1651.4440573058
1479.5283627465
1576.7377850211997
1775.2327743977999
1483.7031702431
1609.6856355014
1467.7297194916998
1550.2102754817
1791.3082624474
1608.2945188993
1593.5858812103002
1443.5014408908
1503.4414135107
1732.6073697000002
1470.3214831496002
1596.6268430611
1442.4429347537
1534.3726236938
[INFO][abstract_intensifier.py:596] Added config b7ad6c and rejected config 26fdc2 as incumbent because it is not better than the incumbents on 1 instances: 
1777.7897455009
1527.6444292786
1635.1815369174
1438.6858316546
1512.0033919046
1770.8964345414001
1487.2837494176001
1621.6552551992
1466.9528726980002
1509.4231703805
1747.9615255176
1531.2291197163
1666.5211987558
1456.5856071452
1548.1502522402
1810.3715583486
1494.5360529216
1609.4025484114
1447.6489604234998
1515.2288710317
1748.9398678793
1506.6930587483
1616.7249265497999
1451.0407763805001
1556.7699438579
1831.208308213
1475.9089307913
1612.4096689986
1461.0858242504
1548.1671991339
1773.7945944389999
1494.6027631697998
1624.0541762189
1427.8787629914002
1507.6195992603
1795.3613805776001
1522.3520232065
1613.4610434536
1458.7743332075001
1529.3522664351
1744.9188721338
1494.6528643028
1601.2613165468
1440.6802287007
1513.7073169638002
1753.3751263161998
1487.0380402658
1643.2484208488
1446.3635864443002
1495.0520386512
1754.1805169966997
1513.1287498707
1604.5980459175
1461.6225563916
1517.5443346033
1730.9614055395
1487.7073135317
1618.6249703359
1448.6029999748
1502.3382553351
1778.4486612086998
1503.9064446967
1637.9523241535999
1455.7432982018001
1506.0365410832
1766.0054298118
1510.0928088309001
1611.5004389916
1450.5592365506
1520.9343015034
1763.1922130652
1499.3840917479
1633.5417715314
1456.6583043441
1534.5623797192
1783.1942876631
1468.0598342395
1614.9938563596002
1450.5426495409997
1508.693452368
1738.019777982
1496.6444697787
1615.4485715124001
1434.1263340045
1527.0965229393
1744.9601812601
1493.9926654103
1601.8505141451
1455.5773008226001
1515.2826746368
1736.8051246141001
1508.5479915530002
1594.2759975818
1442.6236461135
1514.3943975877
1754.4394634851
1525.9974400298
1601.6757672399
1466.760375886
1509.6132542521
1734.172814157
1493.1622583693
1610.0502237302
1437.5016693447
1509.2387697935999
1766.9234418489
1485.586706944
1620.9415268937
1441.4893538866
1517.5979241818
1724.2074345847
1467.5110781100002
1616.7031057969
1436.9949002394999
1515.4986644302999
[INFO][abstract_intensifier.py:596] Added config 35e5f7 and rejected config b7ad6c as incumbent because it is not better than the incumbents on 1 instances: 
1786.9057684215
1499.6357184322
1600.1395469235
1458.0599924939
1559.2159923739
1937.3257293676998
1578.4431750745998
1674.1344294202001
1503.5115477493
1571.134525126
1739.8250261552998
1497.3577943068
1571.8389379853
1441.3441281034002
1507.6998986294
[INFO][abstract_intensifier.py:596] Added config 5e25b4 and rejected config 35e5f7 as incumbent because it is not better than the incumbents on 1 instances: 
1759.0618011266
1495.8300474910002
1595.6064729961001
1433.8539605624
1518.1865359981998
1742.190498509
1493.1582961218999
1587.6943986431002
1439.6248303511002
1511.9726990349
1734.4366281708
1493.0196214916
1588.8884045836
1441.0369924033
1520.1800408784002
1734.4366281708
1493.0196214916
1588.8884045836
1441.0369924033
1520.1800408784002
1795.7404955823001
1478.4698599667
1600.9720244086
1429.6448825992002
1510.2702214303
1735.6627997246
1493.9186248555
1585.5964841166
1441.0359629002
1520.1871600565
1750.3326573268998
1472.5419798326002
1591.00526216
1462.2638349301
1507.2946462664002
1749.815800726
1479.0086994787
1594.3144365855
1438.6808309446
1512.9856894711002
1740.9991849081998
1479.0096953360999
1598.0324724265001
1439.892393777
1512.7800946687
1768.6337832671998
1471.5446896771
1633.3677601188
1439.6983672152
1520.6510364617
1724.8704658927
1475.6150685205002
1613.2820879954002
1444.5209185453
1501.2325516863998
1733.5234856175998
1471.2885233349998
1599.0312718229002
1445.0515617022002
1509.9609848009
1809.9387772842
1489.5639941600002
1605.5231916766002
1446.8939447947998
1521.143511922
1737.1361242272
1468.0784244965
1607.8182329763001
1442.0031088996998
1507.0252265615
1729.2426138946998
1460.2653285309
1606.2725127420001
1432.4269928771
1507.1915652683
[INFO][abstract_intensifier.py:596] Added config f6e95d and rejected config 5e25b4 as incumbent because it is not better than the incumbents on 1 instances: 
[INFO][smbo.py:327] Finished 50 trials.
1827.9793321639
1634.9743864619
1654.7668507921999
1459.1937702628002
1531.3836364166
1750.8019321686
1448.3343959701
1606.5098931598
1448.3235190169999
1524.3411325274
1761.9343010201
1478.7994480466
1617.8214333753
1458.6263703021
1523.1981579479
1722.0346440934
1473.8717899422
1641.3845820088
1453.9910998625
1500.3572914274
1753.2590565471
1459.165229875
1663.0135672248998
1447.7617607511002
1514.5009322295
1803.392036963
1456.9550678516
1619.134547279
1459.6325699725999
1522.0281981675
1718.987591654
1508.9796258573
1626.3571629998
1462.5970793689003
1503.3077089369
1720.9764254484999
1486.1463672482
1603.2239240733002
1445.6960260639999
1509.5877866184
1762.4698006260999
1519.2372377056
1609.409684036
1447.8052699656
1526.2313073794999
1747.2737480106
1473.4078260759
1609.6828908859002
1446.5965696177
1518.4903096126
1783.5760170586
1530.7916806558
1640.275397078
1450.0894908619998
1553.3381616224
1750.2487531759
1474.7454673861
1610.6443469546
1444.6733002785
1522.4040921726
1752.8129916983003
1459.9668183023002
1611.8291496434001
1437.2158623605
1515.8776705889
1731.4141927186001
1474.8894954209
1605.4596539675
1445.3323197956001
1502.2674661628
1740.9473845589
1479.6275531883
1607.8617087503999
1445.3540275301
1504.6438517142
1731.4141605293
1480.2809619153
1605.5058418200001
1444.1689595029
1502.123981469
1763.5528530591998
1471.3625557527
1600.7008299198
1448.0006808443
1509.6217955128
1794.6327682042
1519.1227073315
1616.9571674362999
1447.1577434039
1503.1251951722
1763.5528530591998
1471.3625557527
1600.7008299198
1448.0006808443
1509.6217955128
1768.8995671931
1474.0182306568
1617.5317325760998
1442.9348649587
1514.7359792782
1767.7127937289
1473.9319396170001
1600.7009951029
1446.1946889677001
1511.7996591274
1767.7127937289
1473.9319396170001
1600.7009951029
1446.1946889677001
1511.7996591274
1767.7127937289
1473.9319396170001
1600.7009951029
1446.1946889677001
1511.7996591274
1768.8995671931
1474.0182306568
1617.5317325760998
1442.9348649587
1514.7359792782
1780.8079985447
1500.6097943013
1603.602959718
1445.8022651292
1523.4966446812
[INFO][smbo.py:335] Configuration budget is exhausted:
[INFO][smbo.py:336] --- Remaining wallclock time: inf
[INFO][smbo.py:337] --- Remaining cpu time: inf
[INFO][smbo.py:338] --- Remaining trials: 0
