[INFO][abstract_initial_design.py:87] Reducing the number of initial configurations from 60 to 18 (max_ratio == 0.25).
[INFO][abstract_initial_design.py:139] Using 18 initial design configurations and 0 additional configurations.
[INFO][abstract_intensifier.py:307] Using only one seed for deterministic scenario.
1630.348590789
1420.0620572517
1535.8230136665002
1400.5024215611
1492.8968142388999
[INFO][abstract_intensifier.py:517] Added config 26fdc2 as new incumbent because there are no incumbents yet.
1637.4364345070999
1420.0184198998002
1537.0311745934
1397.6900685515
1448.3701970953
[INFO][abstract_intensifier.py:596] Added config 8a205f and rejected config 26fdc2 as incumbent because it is not better than the incumbents on 1 instances: 
1705.7019386124002
1463.0605557754002
1536.7100096232
1420.3622397066001
1460.4500113043
1640.4158047478
1454.6965495947
1536.9957781509002
1396.9800593047999
1457.0589484603001
1658.0053054655
1429.2942961353
1537.1912986920001
1379.6698529718
1448.4420882993
1650.2026783274
1527.2150992737002
1597.9559358389001
1449.9901025469999
1546.6546074898001
1662.6269394628998
1412.1829324092
1541.7570876962
1382.5360259205
1455.2628456737998
1649.6077278139999
1680.0199206509
1552.3249933526001
1410.3437809606999
1511.6409663764998
1667.8129380944
1420.4090813402
1553.2818917221002
1379.025943047
1467.9579171168998
1662.1041154804
1713.2265164130001
1591.8888579675001
1420.325814279
1485.9959838652999
1665.5503219295001
1429.6835024917
1524.0548899869
1409.9635516893
1468.3774880617
1647.5963853347998
1729.0051032179
1596.2704367878
1454.0816325938
1528.8440705265002
1655.9254082674997
1428.4925213554998
1533.3957754141
1390.5799127891
1480.1247274904
1681.7847466309
1430.8897935262
1533.4963517362
1417.0244391769997
1456.1390033171
1649.9335107908998
1426.5984997339
1544.2495280415
1408.7105954244
1491.5052237208001
1652.1643036538999
1452.2549262452999
1536.3927979136
1381.4517161480999
1478.0214214191
1658.9409797749001
1435.0966982177
1548.566077786
1412.1539647535
1457.6294977325
1654.7375505842
1398.4422193123
1537.9508588648
1386.2884792864002
1465.9678719374
1647.9520961319
1407.8782431236
1536.7154214933998
1378.5023779087999
1453.3914856343
[INFO][abstract_intensifier.py:596] Added config fecd70 and rejected config 8a205f as incumbent because it is not better than the incumbents on 1 instances: 
1677.1247360621
1394.6965086168002
1543.542872119
1398.8999991
1460.8298889531
1648.6340240549998
1401.5396174761
1531.9187143406002
1387.3102617376
1478.518753048
1726.4683587966001
1396.0714007105
1518.2001176672
1418.9220802577997
1480.4279238398
1634.1005337789
1451.4985878526
1552.3190144683
1406.1715688788
1486.859384199
1699.7705558721
1485.946469789
1614.0497979933
1416.0860079275
1475.0665455747999
1641.5700873031
1405.7347575599001
1522.7321257726999
1419.9717154124
1479.4385257256
1675.6648427935002
1433.9206476589
1546.457132673
1403.4319133971999
1466.7787790834
1645.8595707055
1450.2410617631
1531.8015186649
1390.0383232322001
1452.3837261177
1652.4281128410998
1407.9085736217
1532.8058349255
1377.4496243109002
1451.9219450763
[INFO][abstract_intensifier.py:596] Added config 114212 and rejected config fecd70 as incumbent because it is not better than the incumbents on 1 instances: 
1644.2877891096
1437.7541960112999
1544.5282537361
1386.1704115644998
1462.1106307679001
1650.8994139073002
1399.9562242000002
1516.7812564001
1379.4563479534
1439.4986991399
[INFO][abstract_intensifier.py:596] Added config 657ed8 and rejected config 114212 as incumbent because it is not better than the incumbents on 1 instances: 
1637.1869834339
1418.7485172111
1525.3144834569
1369.1046805643
1470.0499372540999
1645.1112410492
1432.7895082222
1535.7640828341
1383.9767646
1477.3872291333
1639.4364227463002
1465.7855828006
1531.3998148241
1416.5003563081
1492.4180779188
1780.6953473714
1550.3074151195
1656.3295029918
1448.8063262222
1599.4552207271
1639.9682664937998
1437.1546192382998
1510.1347664705
1389.7749549256
1448.2157168715
1630.9869582218
1402.4952407317999
1555.9278901605
1381.9619345838
1465.6062464774
1630.9869582218
1402.4952407317999
1555.9278901605
1381.9619345838
1465.6062464774
1630.9869582218
1402.4952407317999
1555.9278901605
1381.9619345838
1465.6062464774
1630.9869582218
1402.4952407317999
1555.9278901605
1381.9619345838
1465.6062464774
1648.2765811059999
1428.6405134399001
1564.1128738729
1395.5544359772
1459.2322294942
1630.9869582218
1402.4952407317999
1555.9278901605
1381.9619345838
1465.6062464774
1630.9869582218
1402.4952407317999
1555.9278901605
1381.9619345838
1465.6062464774
1650.8994139073002
1399.9562242000002
1516.7812564001
1379.4563479534
1439.4986991399
1650.8994139073002
1399.9562242000002
1516.7812564001
1379.4563479534
1439.4986991399
1662.8192105664
1425.4601042137
1539.0174959321
1402.8716194735
1450.4463234795999
1650.8994139073002
1399.9562242000002
1516.7812564001
1379.4563479534
1439.4986991399
1650.8994139073002
1399.9562242000002
1516.7812564001
1379.4563479534
1439.4986991399
1652.7490157234
1454.907034062
1534.3275028624
1386.2927427225
1490.0503763514
1650.8994139073002
1399.9562242000002
1516.7812564001
1379.4563479534
1439.4986991399
1654.5252757718
1397.1437478236
1514.6985943528998
1385.2727795004
1448.7866738561002
[INFO][smbo.py:327] Finished 50 trials.
1664.7288466399
1500.5385601177
1574.4381066874
1432.7243170891998
1495.8115038704
1668.6664084826998
1761.8214469261
1602.5943914907002
1457.5588499499
1536.997213832
1656.5392361638
1738.6727735171003
1611.6377535054003
1445.7345991758002
1537.4472770593002
1672.5561139002998
1691.1363203877
1568.5468988481
1432.3153527522
1482.3024973092001
1648.2508791253
1702.1961547191
1564.9163505054
1429.1247480538
1487.6171305282
1649.8027165895
1420.3476003217002
1527.9488645274
1394.7447903447
1450.6585370625999
1658.5869577976
1701.350523827
1549.0317701367999
1410.9442241465
1492.3269495047998
1661.3318405223
1700.1780768910999
1573.3708836782
1420.9192029143999
1499.2173418317
1679.0979324585
1426.335612223
1528.2718054285
1384.8725327900002
1454.3461157042002
1648.0846176317
1420.7005194335998
1535.3517751020001
1370.6408174828998
1441.5355208314
1648.2542667375
1735.5561885025
1585.2449162804
1459.1628694533001
1504.3396561229001
1649.3808669951
1424.4232513247002
1530.0179355914001
1374.9050990229
1445.1364479794001
1667.9293112288
1441.3950697033
1526.3714808778
1381.5888404837
1460.9776569734
1654.1361843722998
1412.5169192160001
1531.5205562547
1382.2657481443
1440.3972133464
1663.3286080396997
1419.7130724365002
1540.8383516743002
1375.0035806741
1444.7424888056998
1640.7456837696
1393.2126436527
1516.6655503201
1377.0303426358
1445.4662384019998
[INFO][abstract_intensifier.py:596] Added config 800b67 and rejected config 657ed8 as incumbent because it is not better than the incumbents on 1 instances: 
1640.7456837696
1393.2126436527
1516.6655503201
1377.0303426358
1445.4662384019998
1653.7628392165
1445.9272368128
1566.9917189015
1392.9518649934998
1477.9684610151
1640.7456837696
1393.2126436527
1516.6655503201
1377.0303426358
1445.4662384019998
1640.7456837696
1393.2126436527
1516.6655503201
1377.0303426358
1445.4662384019998
1640.7456837696
1393.2126436527
1516.6655503201
1377.0303426358
1445.4662384019998
1640.7456837696
1393.2126436527
1516.6655503201
1377.0303426358
1445.4662384019998
1640.7456837696
1393.2126436527
1516.6655503201
1377.0303426358
1445.4662384019998
1640.7456837696
1393.2126436527
1516.6655503201
1377.0303426358
1445.4662384019998
1679.8109896198998
1426.3186990148001
1534.6267580315002
1414.2732888593
1491.0597498472
[INFO][smbo.py:335] Configuration budget is exhausted:
[INFO][smbo.py:336] --- Remaining wallclock time: inf
[INFO][smbo.py:337] --- Remaining cpu time: inf
[INFO][smbo.py:338] --- Remaining trials: 0
