[INFO][abstract_initial_design.py:87] Reducing the number of initial configurations from 60 to 18 (max_ratio == 0.25).
[INFO][abstract_initial_design.py:139] Using 18 initial design configurations and 0 additional configurations.
[INFO][abstract_intensifier.py:307] Using only one seed for deterministic scenario.
3258.4319602711003
2918.3048749377
2602.2825087748997
2853.5737076142
4485.229930458399
[INFO][abstract_intensifier.py:517] Added config 26fdc2 as new incumbent because there are no incumbents yet.
3280.6836849042998
2917.0630269085
2579.8187556537996
2856.9186834155
4564.8097714788
3290.5192799735005
2965.3060677281
2592.8911011676
2862.5875498044998
4500.9716666774
3261.1716426269004
2914.7973769017
2601.274623451
2865.5850670643
4324.526544967
[INFO][abstract_intensifier.py:596] Added config 71b0a5 and rejected config 26fdc2 as incumbent because it is not better than the incumbents on 1 instances: 
3262.3005726467004
2913.3217223001
2580.9658377983997
2847.98758421
4052.2085063971995
[INFO][abstract_intensifier.py:596] Added config 87cf8a and rejected config 71b0a5 as incumbent because it is not better than the incumbents on 1 instances: 
3355.626181145
2940.4319747571
2603.5416400944005
2903.6907388741
4827.9077198968
3327.6481401396
2979.5374261443
2657.7004712282005
2886.9959352702
4514.7755781232
3313.872026733
2954.7828718779
2587.9857938521
2947.5382141335
4969.2368875091
3256.6723148732
2913.8804123139
2613.9506553063
2855.8582203089
4051.8309486772
3298.0795510218
2936.8180292438
2580.2868650624996
2958.5159324839
4512.4820939099
3282.0079154134996
2964.497646785
2578.2922102643997
2864.9566035181
4219.191833324599
3277.1412357234
2936.8062638003
2597.0819440637997
2986.4424615476
4553.8019894492
3255.4037254675995
2915.1284710077
2576.5677259374997
2849.7186051256
4072.4152365769996
3267.3234123521
2936.9123050348
2629.436089747
2866.637024842
4580.148798615699
3280.5377206768
2935.4021299639
2604.7564404115
2855.0339775191997
4331.4637207980995
3256.7016356227005
2913.7225319621
2597.0191850448
2854.3158583358
4509.073499468799
3259.6609705798
2921.7339088070003
2608.671345781
2856.7053479397
4072.5048911641998
3240.3704587742004
2913.8316327091
2607.4085945756997
2848.043868019
4057.7068851081
3249.500814881
2916.2468729002003
2578.2157530284003
2857.3964371845996
4486.6023150073
3299.489277284
2912.5550105285
2580.6334770051003
2852.5935914467
4048.0028112004
3280.930144995
2917.4595877109005
2598.2412566146004
2848.4313032534
4049.0104355014
3250.2832325322997
2915.512999964
2580.4885912609
2849.0109079139997
4050.0681246434997
[INFO][abstract_intensifier.py:596] Added config da5d94 and rejected config 87cf8a as incumbent because it is not better than the incumbents on 1 instances: 
3328.458792284
2943.2019431929
2592.6284129267
2862.093903029
4572.2261955101
3417.6486359692
3032.9327850588
2645.528204966
2934.4958237141
4086.2281268617
3257.2449783639995
2933.9311060683003
2607.1141845788
2857.7894265471
5067.1485918643
3237.5629288996006
2914.4647407827
2581.8922551284
2850.9355923052
4051.9826156494
[INFO][abstract_intensifier.py:596] Added config 7db248 and rejected config da5d94 as incumbent because it is not better than the incumbents on 1 instances: 
3275.2134899592997
2920.011493594
2603.7576595009
2852.4432952669
4069.6406045873
3237.9144468693
2917.8977071745
2582.0025832675
2854.4975383046
4071.8394710929997
3272.2079157035
3064.64335709
2615.1982552461004
2852.9243315774997
4049.1647637483993
3290.3468620318
2921.1884387178998
2603.7576595009
2852.2123251734
4069.6406045882
3292.0641372175
2913.027831474
2603.5587455756
2850.0315395213997
4051.028809401
3238.1107314589
2916.4938725317
2581.1164683056004
2849.9606707431994
4050.6561262096
[INFO][abstract_intensifier.py:596] Added config e13001 and rejected config 7db248 as incumbent because it is not better than the incumbents on 1 instances: 
3275.9587369788
2928.2574370998
2590.3264710873
2848.0053768694
4510.0829577201
3626.369507325
3333.2051679349
3447.6978991314
2977.9168089974996
4887.9851445293
3238.5920032582
2916.5058593342
2581.1911278947
2849.9862051858
4070.2683238781
3238.5920036466996
2916.5058471217003
2581.1911278947
2850.5733587078
4050.7009983023
3239.1911802598
2913.5383119054
2605.4996236156
2850.6279613507
4330.2835260312
3232.3365065247
2914.7039580763
2593.4254548442
2851.5895472937
4485.796871029799
3317.7204405950997
2917.4893657958
2582.2384048723
2851.8413001503995
4488.3955484905
3268.5105877641
2918.1023486064
2575.0452107083
2850.3372824997
4049.9820959895997
3248.8856270591
2930.443220114
2581.3930783080004
2849.1920865228
4050.4028263434993
3269.2998690019003
2912.3558845114
2603.1189348234
2849.843964513
4049.1794096403
3236.5125618289003
2913.4342135035
2581.8918410542
2850.3476424551
4051.9785585071995
[INFO][abstract_intensifier.py:596] Added config f824de and rejected config e13001 as incumbent because it is not better than the incumbents on 1 instances: 
3257.3476760987996
2929.7335801923
2581.4905804459004
2848.7320242333
4487.0900554444
3236.2102622719
2913.8211271309
2598.5533371416996
2851.4955206687
4055.1618763920997
3290.9674944459002
2920.0390092308
2585.9648929649998
2942.6197394891997
4985.7130149213
3290.9471068633
2920.0899430122
2585.964845102
2942.4174363008997
4985.8918219635
3253.6096713058
2930.923575606
2582.6017284026
2856.1325888722
4486.5535643725
3290.9674944459002
2920.0386897508
2586.5052988561
2942.6197394891997
4985.8918220339
3259.318924337
2913.0639416625
2601.4577446580997
2846.9006786566997
4049.0761700155995
[INFO][smbo.py:327] Finished 50 trials.
3400.1974708180996
3303.425058959
2607.7710410233
2896.3432778061997
4591.3066953993
3238.5920037274
2916.5737476257
2581.1164683056004
2849.1639359714
4050.6659286039994
3236.4373361687
2912.6359823375997
2582.0006784042
2852.2523249098
4052.7789608452003
3237.0899971311
2912.6992163699997
2582.0006786321
2851.2274218845
4052.8416012187
3237.1548359174
2912.6455496996
2582.0006786321
2851.8479169478996
4050.2205672569
[INFO][abstract_intensifier.py:596] Added config aa2fc2 and rejected config f824de as incumbent because it is not better than the incumbents on 1 instances: 
3307.4093723596
2936.1975167801
2584.3135654254
2849.6278111689
4050.0840217355
3237.1548359174
2912.6455496996
2582.0006786321
2851.8479169478996
4050.2205672569
3237.1548359174
2912.6455496996
2582.0006786321
2851.8479169478996
4050.2205672569
3232.4304414934995
2923.0285745890997
2590.2506578517
2853.2373077812
4073.3514745300004
3237.1548359174
2912.6455496996
2582.0006786321
2851.8479169478996
4050.2205672569
3289.5648686473
2919.4447646432
2609.2353905209
2982.1229716557
4102.7619415017
3237.1548359174
2912.6455496996
2582.0006786321
2851.8479169478996
4050.2205672569
3237.1548359174
2912.6455496996
2582.0006786321
2851.8479169478996
4050.2205672569
3237.1548359174
2912.6455496996
2582.0006786321
2851.8479169478996
4050.2205672569
3276.3109578424
2918.3295608846
2602.8995163953
2849.8667051474
4327.605172838
3276.3109578424
2918.3295608846
2602.8995163953
2849.8667051474
4327.605172838
3234.4372470402996
2912.268459543
2580.5518789214
2848.6138065961
4050.4539458574
[INFO][abstract_intensifier.py:596] Added config 6153fb and rejected config aa2fc2 as incumbent because it is not better than the incumbents on 1 instances: 
3322.3366748651
2940.3858597512003
2598.1002160043
2860.9092692319
4506.5579898743
3290.3468620318
2921.3320526795
2603.7576595009
2851.4185217797
4069.6376612623
3296.2024944239
2918.0168936668
2578.2518062953995
2862.6853059181
4050.8884421083
3234.4372470402996
2912.268459543
2580.5518789214
2848.6138065961
4050.4539458574
3284.7327062763998
2919.8220559233
2578.01183167
2853.0500845183997
4054.3266865664
3259.3418028855
2915.6232057449997
2578.5288024714
2858.3961113622
4551.8777890383
3238.5785417951
2916.4965070905
2581.1370043827
2849.9910459723997
4050.6778996
3264.9843611733
2918.0757146933997
2581.5511897459
2847.6972596544
4050.3459966673
[INFO][smbo.py:335] Configuration budget is exhausted:
[INFO][smbo.py:336] --- Remaining wallclock time: inf
[INFO][smbo.py:337] --- Remaining cpu time: inf
[INFO][smbo.py:338] --- Remaining trials: 0
