[INFO][abstract_initial_design.py:87] Reducing the number of initial configurations from 60 to 18 (max_ratio == 0.25).
[INFO][abstract_initial_design.py:139] Using 18 initial design configurations and 0 additional configurations.
[INFO][abstract_intensifier.py:307] Using only one seed for deterministic scenario.
1306.7171738033999
1126.5572720334999
1215.9223633512001
1052.6396879221
1162.7560448771999
[INFO][abstract_intensifier.py:517] Added config 26fdc2 as new incumbent because there are no incumbents yet.
1260.8751481740999
1022.18873132
1148.0016296620001
1051.2671524061
1170.5546814068
[INFO][abstract_intensifier.py:596] Added config 8a205f and rejected config 26fdc2 as incumbent because it is not better than the incumbents on 1 instances: 
1290.7777817759998
1146.0678641595
1231.6116668086
1052.1414776037
1217.8547711201
1278.8794399624999
1031.2013349182998
1221.2423330801998
1080.1637915085003
1164.9305523778
1310.8579379526
1028.2630859383
1147.1224339532
1033.0938648341
1173.3392158279
1410.5767895513
1324.3337848034
1250.3341702724
1157.4907449768
1301.6201789124998
1248.8079515391
1023.9260652262
1180.9411641996999
1088.6872735961
1212.3574870162
1302.2649712600999
1161.0832142983
1215.7504041
1149.0241715884
1259.4128948483
1294.1165500055
1114.9877462973
1239.7763508927
1110.7994017577
1197.9172646334
1307.0585255659
1177.858938373
1227.0954449022
1107.2155384191
1233.0650853322
1303.5289122269
1068.2843044829
1184.8865595055
1056.0936104489
1155.9761018517
1382.8008763579
1197.0887116401
1269.9043231201
1156.946584228
1272.6835971798
1304.0720756670999
1087.0647667434
1177.7724930272002
1070.4314144949
1184.7343522422998
1295.2122395315
1096.7584555235999
1228.744626513
1155.8433283597
1231.0623955577
1334.9055207521
1110.741827225
1164.9688320569999
1122.1802564258999
1205.870529638
1282.0251532821999
1064.1047034136
1181.3510969939
1050.4869642316999
1164.4820588083999
1360.0062190818999
1197.3997026635
1185.0919350709
1072.2667544426001
1174.4202010288
1285.086867511
1081.989710146
1173.2583546714
1022.4557149906
1131.5532104012
1322.5099174737
1075.1009981121001
1213.6653247706
1047.8640712850001
1179.6510812257
1286.7461085779998
1043.3652274812998
1154.1464684899
1062.6632955599
1167.5338719512001
1300.4125646784998
1053.4796929704999
1161.5177184631
1048.7103993024
1167.5415626577
1287.3568762552
1033.1875541373
1204.4416348313998
1081.3156099446
1167.4957495633998
1277.8634868031
1141.3313260009
1183.7763419451999
1122.8182861597
1196.9373310672
1287.3721000962
1148.0230555484
1284.4218023483
1135.1443373500997
1231.0224991762002
1315.3692088535
1077.048201153
1173.6845972088
1110.9915133064
1194.2908083874
1239.9524007851
1034.0600780526
1202.023134384
1061.4194335781
1157.005077148
1262.1454562842
1019.7717598003001
1150.1450601863999
1053.7011400126
1189.5545694636
1262.1454562842
1019.7717598003001
1150.1450601863999
1053.7011400126
1189.5545694636
1300.7077540635
1152.0804772596998
1207.3579825565998
1104.9111390803998
1140.504930518
1255.3989912932
1015.2188057295
1131.6007890826
1041.161530936
1148.5399105427
[INFO][abstract_intensifier.py:596] Added config b97ba5 and rejected config 8a205f as incumbent because it is not better than the incumbents on 1 instances: 
1261.6517355237
1015.8230046041
1175.0252140558
1043.0705382976998
1176.0002227189998
1293.5355013518001
1047.0097505853
1158.8597809215
1065.0519891679
1189.2782528271
1344.210752085
1059.1227229856
1188.7756296158
1084.2133467295998
1190.3194602184
1395.0721102847
1462.2118047205
1275.8027502627
1198.1461127199
1380.7415724642
1249.5575949865
983.1104942351
1153.4626388456
1097.6284757531
1153.0336955367002
1228.0709678667001
994.9043617299
1163.6521098502
1104.1414310896
1132.0481171641
1222.9961259049
975.7057558908
1163.3582095689
1064.9209075313001
1113.0130083016002
[INFO][abstract_intensifier.py:596] Added config 6e7de9 and rejected config b97ba5 as incumbent because it is not better than the incumbents on 1 instances: 
1229.9744772435001
1010.151249665
1183.8361182525
1080.7733279221002
1137.5048562932
1252.3784581927
998.2750211845
1157.6184034877
1069.0143607699
1172.1414458473
1284.261137454
1073.4002851917
1144.4669419494999
1071.9478579323002
1148.5445313658001
1243.7346407961
995.5682609008
1154.115134314
1066.470787884
1159.6665035172
1232.9206351416
998.9555048462
1162.7036690829
1078.826226399
1136.5371724146
1243.3645779013
1033.2858363279001
1147.0121986455001
1080.1567020718
1126.677820856
1243.3645779013
1033.2858363279001
1147.0121986455001
1080.1567020718
1126.677820856
1297.4525357034
1046.9381328517
1183.9553754275998
1065.7662670521
1138.8526155659001
1243.3645779013
1033.2858363279001
1147.0121986455001
1080.1567020718
1126.677820856
1243.3645779013
1033.2858363279001
1147.0121986455001
1080.1567020718
1126.677820856
1274.8997908084
1083.9556463885
1164.6321329083999
1049.4703533336
1173.6975240608
1243.3645779013
1033.2858363279001
1147.0121986455001
1080.1567020718
1126.677820856
1223.0084658964
973.5799656790999
1149.361596015
1106.0492825068
1108.9692487293
[INFO][smbo.py:327] Finished 50 trials.
1388.0183984737
1536.5948264574
1229.8173264417
1162.9475545917
1278.9172227826
1235.6926956789998
1000.9300643792
1155.8225587394
1078.5681114881
1147.6615999048
1228.3555481107999
1008.2951448135999
1197.4531064993
1069.2981321467998
1109.7231977081
1247.949226649
1009.8997899753001
1197.1458915665
1069.4444251574
1125.1290393518
1251.6816692727
1011.8585634455001
1124.7340991198998
1024.0584984377
1167.8011468931
1308.4502395368
1051.4889138364001
1172.7532175006
1037.0051570713
1151.8948487604
1276.4509173423
1042.8313781462
1139.9712105001
1110.9047794901999
1177.0558122784
1281.6720853999
1077.8520759234
1157.8759315259
1032.4151592668
1191.1204611735
1309.5489025364
1049.8564929708
1147.4474547763998
1029.5543208510999
1187.4765124593
1261.9723227182
1027.7112065901001
1191.4891815586002
1080.6054199308
1151.7137950601
1334.8606861361
1181.9272787218001
1291.3551707847
1141.5182205311999
1283.2684929716002
1220.9751380610999
1079.2420385812
1138.7779874821001
1030.6564609688
1155.0397247204
1254.1084522094
1031.118156995
1143.4193759163
1034.9089218497002
1118.5005604665
1214.9019890054
1025.5910472521
1185.1095965343
1024.2596294694
1142.1682930373
1241.9675764827
982.6005551511
1148.5456497383
1013.6136630029
1132.3125613396
[INFO][abstract_intensifier.py:596] Added config 4eb2a8 and rejected config 6e7de9 as incumbent because it is not better than the incumbents on 1 instances: 
1252.3274669539999
1026.655141528
1138.8582942927
1034.0070235923
1121.2347539609
1276.4259920448
1069.3079213677001
1158.661302266
1040.3800677552
1159.8243162849
1313.7309051688999
1165.9504283852
1192.3179618422
1158.6235815144
1239.7887015863002
1279.9568498313
1067.9894902242
1156.608908918
1041.7801025582
1163.8432354048
1222.3783487350001
1029.2532080903002
1138.7857770679
1040.0087155592
1191.6235545356
1260.4764085462
1027.1567090795
1129.4192354364
1043.4466562969
1113.2514396705
1256.1147962220998
1060.5454550749998
1147.7557716661
1018.7663208879001
1150.1162554738
1267.5917197415001
1023.3924226049999
1163.9673045729
1062.9600906279
1159.4621600923
1205.7912073918
1048.7489003777
1163.536428371
993.6782028008
1108.1522441733
1341.7489697838
1099.3393049540998
1200.4375400755
1068.6316896367
1152.7797886169
[INFO][smbo.py:335] Configuration budget is exhausted:
[INFO][smbo.py:336] --- Remaining wallclock time: inf
[INFO][smbo.py:337] --- Remaining cpu time: inf
[INFO][smbo.py:338] --- Remaining trials: 0
