[INFO][abstract_initial_design.py:87] Reducing the number of initial configurations from 60 to 18 (max_ratio == 0.25).
[INFO][abstract_initial_design.py:139] Using 18 initial design configurations and 0 additional configurations.
[INFO][abstract_intensifier.py:307] Using only one seed for deterministic scenario.
1037.4732501433
862.0471686959
937.5381891514999
808.4550583993
979.3396808315999
[INFO][abstract_intensifier.py:517] Added config 26fdc2 as new incumbent because there are no incumbents yet.
995.8916966525001
864.1215476368
923.8686619188001
795.2028556672
917.6312227574
[INFO][abstract_intensifier.py:596] Added config 8a205f and rejected config 26fdc2 as incumbent because it is not better than the incumbents on 1 instances: 
1042.9136056687
879.7730702663998
949.6434406011
812.0088405270999
934.4980007539001
979.3672229095
862.0157189938
896.1074965684
789.243325215
948.6995819922
[INFO][abstract_intensifier.py:596] Added config 71b0a5 and rejected config 8a205f as incumbent because it is not better than the incumbents on 1 instances: 
973.9977303096
819.4127415108001
900.4696044553
792.4253779589999
898.8783195904001
[INFO][abstract_intensifier.py:596] Added config 87cf8a and rejected config 71b0a5 as incumbent because it is not better than the incumbents on 1 instances: 
1068.8501445802
885.3044013617
1004.0354634322
879.5417415233999
1024.955317621
1040.4206810877
822.9783483650001
966.9175806994999
809.059775877
974.6036240705
1045.5568447662
936.2403473628
1013.0822234395999
855.5288971566
987.6353103294
992.8844064341
826.2875028932999
933.8093970126001
815.6920952061
905.993627524
1009.2330889895999
939.8256365297999
915.8315248648998
858.7636281903999
1009.7939761127
1038.2851434681002
828.0604853476
952.2547536983
813.9161979884
963.7329825620002
1059.266918026
1047.5978380376
1062.6605144379998
825.211935241
1050.5831586318
989.8845490269999
876.4718337541
924.219265252
788.3857757175999
930.4601253655001
971.4879145718
830.1013276073
964.8122853403
816.120874701
964.4425637079
1038.7549226101999
905.2724129566
959.7110690275
806.5769263054
982.8965270252
950.8738385283999
877.7990122626001
932.7001559383
771.1942927287
908.1811447253
1027.4347049064
920.5381408273
909.2588775436
805.2654826415
928.6307785229001
954.7676169222999
806.731421899
902.6402835776
780.6528586754
930.7041059037999
[INFO][abstract_intensifier.py:596] Added config 46b4e3 and rejected config 87cf8a as incumbent because it is not better than the incumbents on 1 instances: 
975.8247743144999
807.2887557518
897.2567534072
810.630896745
855.8025794453001
[INFO][abstract_intensifier.py:596] Added config 81b78f and rejected config 46b4e3 as incumbent because it is not better than the incumbents on 1 instances: 
959.111583812
767.1071781329999
881.266483096
806.2561870843999
883.9136608025
[INFO][abstract_intensifier.py:596] Added config 8fc457 and rejected config 81b78f as incumbent because it is not better than the incumbents on 1 instances: 
922.1482374704
808.6516703520001
895.9096194336001
786.8877658486
873.8795336544
[INFO][abstract_intensifier.py:596] Added config 4fe804 and rejected config 8fc457 as incumbent because it is not better than the incumbents on 1 instances: 
921.8518363096
812.0568723005
943.0999796174001
795.98148438
916.9151428109999
963.6940321518
873.9007978597999
910.4014166643999
805.8704515326001
930.9218990960001
1001.1669607546999
864.0818021839999
966.8035050521
855.6094321827
966.0324399594999
1050.8649278558
862.4065928512999
892.7544325762999
789.460233135
896.4141690553
937.4900824648
761.2992418421
910.4748736828999
771.9134325164
920.5526218076001
1001.7958575374
774.0594947725
926.0466053564999
794.7073555755999
913.7320853445001
883.6800486167999
769.2099745149001
879.6057116151
794.8725019142998
897.9897453674
[INFO][abstract_intensifier.py:596] Added config 609d12 and rejected config 4fe804 as incumbent because it is not better than the incumbents on 1 instances: 
987.1023061382
768.337269981
934.6660575178
793.1504742115999
935.9972277830002
922.1482374704
808.6516703520001
895.9096194336001
786.8877658486
873.8795336544
959.0220400306
775.3011565259999
898.2478433631
791.6833102063999
899.6057559590001
927.0929218486
805.0186018316999
892.1314242627
774.0065343094
886.7314524461
1053.6406267104999
922.7777678776
936.6533972368001
811.8303125028001
963.1109626135999
1091.0166007889
974.0624368512
1053.3923624641
940.2303089646999
1084.4462072464
937.5561889102
775.1842515682
889.2788083887001
803.6851081178002
892.4108093867001
948.6183569625001
790.1405518284
883.9938642927999
802.2218240037
891.5618641242002
929.3698771067001
788.4464576593
920.8214888892
834.4656676449999
895.5553001971
940.6036229471999
779.1441889649
920.9970912097001
805.195267505
881.2293548170001
951.4895960859
786.4177177641
924.4341879763999
837.3953851430999
887.9375457901999
1023.8716832341
838.6307040489999
924.4436724482999
800.9144255215001
959.7632354939
983.9339510038001
787.7062877943999
911.5690935435
804.2676447348999
874.2729771657
928.0041290776999
801.6301055688999
930.3248692423
789.8852635462
874.0120773395
888.2105080971
767.5827462633
892.0019727593999
797.5292318842
894.3549909606
888.2105080971
767.5827462633
892.0019727593999
797.5292318842
894.3549909606
980.0242880465
865.9439465968001
936.6413641035
795.7493903376001
903.4900698645
879.7576939672999
770.3799310468
894.0233985103
808.8492421097999
894.1169295169999
913.5941998353001
767.9513982564999
889.7384583527
793.7737043128
899.4942947562001
1007.9365855902
870.0286284619
953.8269235086
808.6456919589
959.8727021442
913.5941998353001
767.9513982564999
889.7384583527
793.7737043128
899.4942947562001
936.7224773444
744.0449212251
892.8184528364
781.8935093016
877.5604170808001
[INFO][smbo.py:327] Finished 50 trials.
1043.6993699207999
905.0003743737
1013.3224251751999
888.5592465098
1032.4438995742
953.6017444834999
770.3153827178
883.3799077107
794.3732894513
874.3496838874
937.4848581478
776.8302038163001
944.3756984449
823.5180650320001
890.7582859956001
902.2393298927
807.5232674219001
865.2655127296
794.6313585820999
880.6721615929
907.9882071493998
797.4951649708
903.1086071875
816.8442904553
874.2720808830001
969.8469605591999
862.9633607267
940.1677855592
798.0818707175001
932.1954727126001
886.666309246
768.5196156258
882.3863200856001
795.2277486779
897.6750144389
907.9882071493998
797.4951649708
903.1086071875
816.8442904553
874.2720808830001
982.1044459923999
897.7223369441999
967.4594632803
797.5498654441001
956.7931424309
956.2593240338001
794.6211855064
870.0342908626999
797.630843517
886.7030094068
1060.0520855726
1016.0434250754
1006.2542483698
878.3986464445001
1011.8314088091001
912.0856473728
787.5090578804
875.5168464748999
785.8354065231
912.7008571746001
946.1986169977
761.9135712451
880.9090250247
778.5695519683
887.9214845771
911.6986051007999
787.9629303362999
873.1566687288
787.3286224746
912.645432911
930.7596218140999
769.4449984685
888.3372225903
815.1753534991
876.6919457306001
883.6800486167999
769.2099745149001
879.6057116151
794.8725019142998
897.9897453674
922.1482374704
808.6516703520001
895.9096194336001
786.8877658486
873.8795336544
994.1343832905
904.756645552
963.1613258323
870.4195608992
1010.0864344750998
937.9142724435001
794.5453811150999
851.7782700681998
794.2018262699
901.7836136817
963.8249020883999
761.6927855101001
861.7992696015001
775.4853864136
882.6966993408
1011.7150914852999
803.2961216745
889.0952060028001
810.8275251626999
920.3226823933999
973.7849984495999
807.9671177519
901.9944140415
808.3281138790999
908.142889207
953.4129709213
792.5635847034
886.2734632738
812.2900838997999
920.1616646328
1003.2364730328
896.2067557404
920.1279006999
790.4565893325
1011.560094318
1033.0584161846
828.1105092276
904.9799306594
836.8755493929
874.8485080753999
[INFO][smbo.py:335] Configuration budget is exhausted:
[INFO][smbo.py:336] --- Remaining wallclock time: inf
[INFO][smbo.py:337] --- Remaining cpu time: inf
[INFO][smbo.py:338] --- Remaining trials: 0
