[INFO][abstract_initial_design.py:87] Reducing the number of initial configurations from 60 to 18 (max_ratio == 0.25).
[INFO][abstract_initial_design.py:139] Using 18 initial design configurations and 0 additional configurations.
[INFO][abstract_intensifier.py:307] Using only one seed for deterministic scenario.
847.9277262936
797.7028043778
770.2886909059
704.719733605
788.8585580496999
[INFO][abstract_intensifier.py:517] Added config 26fdc2 as new incumbent because there are no incumbents yet.
830.8415737492999
742.6762001007
758.4036997856
686.4535540449999
791.8566747361
[INFO][abstract_intensifier.py:596] Added config 8a205f and rejected config 26fdc2 as incumbent because it is not better than the incumbents on 1 instances: 
848.8251800684
776.7386821687
859.5071090716999
721.8072292027
807.4978598502
784.5077605846
697.6886380166
739.1122747935001
699.5396695832001
794.1737727493999
[INFO][abstract_intensifier.py:596] Added config 71b0a5 and rejected config 8a205f as incumbent because it is not better than the incumbents on 1 instances: 
791.8149258121
770.1744275258
720.6709994602
715.8020419588
776.9065152295
878.5422385431
822.2948025409
898.9801836526999
800.6977206505
918.2588636353
827.9027559804999
732.6128054368
788.3712278630999
749.8764219686
782.1462673379
891.3457112374999
792.2345347942
809.5154005423999
745.9657475387
845.9227653644
770.7826575928
685.4723023285999
740.7798223405
710.9326145778
779.1169974229999
[INFO][abstract_intensifier.py:596] Added config b7ad6c and rejected config 71b0a5 as incumbent because it is not better than the incumbents on 1 instances: 
826.3223973093
864.7211062821
815.0507259853998
729.4238243031
807.5214814818
826.9020402479
764.5611415578
787.1444925376
715.2697368146
797.8611540340999
836.9336051333
868.1627999078
914.2087352806
788.7420401447
853.9862893489999
820.9217012493999
777.4147781565
748.4416401684
713.0170649639999
793.2541567789001
889.8472606288
749.7316849699
771.5982607335
724.4864773964
811.78331892
856.2144900461001
808.7284535048
849.3957936364
761.9487770267
804.8583111092
804.4281257915002
744.8467247719
806.0930253982
720.4398427072001
795.1381889616
818.1853112373001
789.6513359165
794.2745952623
728.6516790541
801.3668014474
788.5660748624
695.4068951984
751.1481940555
662.8083683395998
776.6208359425
[INFO][abstract_intensifier.py:596] Added config 46b4e3 and rejected config b7ad6c as incumbent because it is not better than the incumbents on 1 instances: 
809.0994764543
720.5042908858
754.7987451025999
707.885691988
735.1259646282001
820.3771248850001
691.577675116
758.1079940627001
667.4628098034
755.4049589841
817.3648370874
756.8831220969
748.5290494502999
735.6079785275999
785.1598384302999
826.3457984224001
672.3869777348
742.9270855712999
692.6123194057
797.4568462042
830.5137282912999
772.2006566191
838.5039134854
718.8599081171
807.3611248441
914.5822249035
734.9394517019
768.4999035101
792.7667448129
797.4198659161
807.556005632
775.0322574979
772.2232040008
713.4130466889001
793.9276256188
832.7803887924999
723.8196750104
738.6638321631999
734.7958954984999
784.8080951088
788.7382653427001
723.0361747047
705.8443352248
678.3017889328
769.4944800988001
[INFO][abstract_intensifier.py:596] Added config be37e1 and rejected config 46b4e3 as incumbent because it is not better than the incumbents on 1 instances: 
782.6880965713
705.9377443659
706.2149475481001
694.9583129697
757.1909126408
[INFO][abstract_intensifier.py:596] Added config 863390 and rejected config be37e1 as incumbent because it is not better than the incumbents on 1 instances: 
794.9564039295
681.4145112286999
760.2694097654
707.399972309
763.1378217463
788.7382653427001
723.0361747047
705.8443352248
678.3017889328
769.4944800988001
793.2690037693001
717.9815458563
705.8703865919999
676.8186992368001
762.9217449445
802.7030128614
672.4201877767
711.7113647763
718.0741599101
778.4224704974001
814.2188541107
829.0098982463
813.6657938834999
775.7108123952
832.4491917669
932.2579824411
827.6740896663998
962.163789817
848.5957711378
949.4261573932001
791.9596916444
690.0262798911999
684.0439827001001
679.6063530322
778.402594713
[INFO][abstract_intensifier.py:596] Added config bec900 and rejected config 863390 as incumbent because it is not better than the incumbents on 1 instances: 
788.7312754649001
705.1811978326
698.3665919476
695.6826169030999
775.7200335819
760.0586709469001
691.3675226841999
695.4982094297
693.6344666962
770.4087988729
[INFO][abstract_intensifier.py:596] Added config af2aac and rejected config bec900 as incumbent because it is not better than the incumbents on 1 instances: 
768.5062243563
697.8599892515999
711.1883124991
690.7865496806
766.6733770436999
774.3226806972001
686.2395721319999
744.6107872115
677.7644538510999
750.2991961496
798.3284573701999
767.3522999695
759.0107252666
726.1782523245
779.1206984618
779.1928515756999
676.9601484286
753.8827450013
669.5307592096001
746.3423525464
762.3256925008
696.9410069102
707.9446023012
688.0221926946
771.7940214683
801.8491773968001
686.6580998971999
728.7253065558
697.3109659434
760.1883462578
801.8491773968001
686.6580998971999
728.7253065558
697.3109659434
760.1883462578
789.4969360237
744.9381024761999
733.1793253711
700.5798939176
767.1569497232
794.9481838213999
663.4342357144
742.733879766
691.4020010035999
781.0254500731
801.8491773968001
686.6580998971999
728.7253065558
697.3109659434
760.1883462578
826.0985083492001
797.1790267083001
760.4487406315
760.5406138823
811.8363672445
794.9481838213999
663.4342357144
742.733879766
691.4020010035999
781.0254500731
787.4304037003001
723.6206595495
750.2605888121
665.9537721733
765.6728966218
[INFO][smbo.py:327] Finished 50 trials.
831.3611677506999
839.8918343866001
844.4850218392
771.7738007446
878.8620699972
738.0140024927
671.5509476268
704.5757589293
656.4836019190999
750.4349141584
[INFO][abstract_intensifier.py:596] Added config ce9c81 and rejected config af2aac as incumbent because it is not better than the incumbents on 1 instances: 
762.3005242434
689.2832649607999
713.1375661771001
687.4756013591
772.2794176097
756.8054460189
684.3236324617
707.761923781
681.6049063928001
780.0817947252999
738.0140024927
671.5509476268
704.5757589293
656.4836019190999
750.4349141584
790.0903298774999
819.3038718998
744.8266113147
705.573249519
752.4022712736
762.3005242434
689.2832649607999
713.1375661771001
687.4756013591
772.2794176097
738.0140024927
671.5509476268
704.5757589293
656.4836019190999
750.4349141584
795.1014376933001
803.5975501872
793.2993163554999
725.4829362628
774.9006501316
819.745788889
715.0831270705
772.4039494284
744.5172695152
786.7654734621001
879.1176252453
872.9232832801999
885.5973868664
755.5742386452
864.1820436179
834.8759034194
699.4216491942
769.4212146995
724.2155719291
784.4500236552
809.2832535771
725.7683054248
729.7961692032001
680.7187555196999
742.3211318316
809.2832535771
725.7683054248
729.7961692032001
680.7187555196999
742.3211318316
801.4077667630999
727.1371630971
732.2586450123999
683.0640230877
739.3493694676
785.957345723
735.4876748588999
718.0794544555
649.7129973495
802.7756994478
725.2381565582999
701.0326856958
712.4631679147001
683.2900916080999
743.5423571873
832.4892499124
773.8990714693
866.6682799661
733.4643790046998
849.3362668724
763.8721300187
725.4442816454
740.2842603203
656.7720380507999
796.2147078710001
738.0140024927
671.5509476268
704.5757589293
656.4836019190999
750.4349141584
725.2381565582999
701.0326856958
712.4631679147001
683.2900916080999
743.5423571873
725.2381565582999
701.0326856958
712.4631679147001
683.2900916080999
743.5423571873
725.2381565582999
701.0326856958
712.4631679147001
683.2900916080999
743.5423571873
763.8721300187
725.4442816454
740.2842603203
656.7720380507999
796.2147078710001
836.2837389822
779.7967021326999
776.9053799998001
741.7385619704999
821.0733722307
[INFO][smbo.py:335] Configuration budget is exhausted:
[INFO][smbo.py:336] --- Remaining wallclock time: inf
[INFO][smbo.py:337] --- Remaining cpu time: inf
[INFO][smbo.py:338] --- Remaining trials: 0
